This file contains any messages produced by compilers while
running configure, to aid debugging if configure makes a mistake.

It was created by MPFR configure 3.1.2, which was
generated by GNU Autoconf 2.68.  Invocation command line was

  $ ./configure CC=gcc CFLAGS=-O2 -I/home/shizhai/new_zhongwang/trunk/staging_dir/host/include CPPFLAGS=-I/home/shizhai/new_zhongwang/trunk/staging_dir/host/include LDFLAGS=-L/home/shizhai/new_zhongwang/trunk/staging_dir/host/lib SHELL=/bin/bash --target=i686-linux-gnu --host=i686-linux-gnu --build=i686-linux-gnu --program-prefix= --program-suffix= --prefix=/home/shizhai/new_zhongwang/trunk/staging_dir/host --exec-prefix=/home/shizhai/new_zhongwang/trunk/staging_dir/host --sysconfdir=/home/shizhai/new_zhongwang/trunk/staging_dir/host/etc --localstatedir=/home/shizhai/new_zhongwang/trunk/staging_dir/host/var --sbindir=/home/shizhai/new_zhongwang/trunk/staging_dir/host/bin --enable-static --disable-shared --with-gmp=/home/shizhai/new_zhongwang/trunk/staging_dir/host

## --------- ##
## Platform. ##
## --------- ##

hostname = shizhai-Founder-PC
uname -m = i686
uname -r = 3.2.0-67-generic-pae
uname -s = Linux
uname -v = #101-Ubuntu SMP Tue Jul 15 18:04:54 UTC 2014

/usr/bin/uname -p = unknown
/bin/uname -X     = unknown

/bin/arch              = unknown
/usr/bin/arch -k       = unknown
/usr/convex/getsysinfo = unknown
/usr/bin/hostinfo      = unknown
/bin/machine           = unknown
/usr/bin/oslevel       = unknown
/bin/universe          = unknown

PATH: /home/shizhai/new_zhongwang/trunk/staging_dir/toolchain-mips_r2_gcc-4.6-linaro_uClibc-0.9.33.2/bin
PATH: /home/shizhai/new_zhongwang/trunk/staging_dir/host/bin
PATH: /home/shizhai/new_zhongwang/trunk/staging_dir/toolchain-mips_r2_gcc-4.6-linaro_uClibc-0.9.33.2/bin
PATH: /home/shizhai/new_zhongwang/trunk/staging_dir/host/bin
PATH: /home/shizhai/new_zhongwang/trunk/staging_dir/toolchain-mips_r2_gcc-4.6-linaro_uClibc-0.9.33.2/bin
PATH: /home/shizhai/new_zhongwang/trunk/staging_dir/host/bin
PATH: /usr/lib/lightdm/lightdm
PATH: /usr/local/sbin
PATH: /usr/local/bin
PATH: /usr/sbin
PATH: /usr/bin
PATH: /sbin
PATH: /bin
PATH: /usr/games
PATH: /usr/local/mips/OpenWrt-Toolchain-ar71xx-for-mips_r2-gcc-4.6-linaro_uClibc-0.9.33.2/toolchain-mips_r2_gcc-4.6-linaro_uClibc-0.9.33.2/bin


## ----------- ##
## Core tests. ##
## ----------- ##

configure:2535: checking for a BSD-compatible install
configure:2603: result: /usr/bin/install -c
configure:2614: checking whether build environment is sane
configure:2664: result: yes
configure:2805: checking for a thread-safe mkdir -p
configure:2844: result: /bin/mkdir -p
configure:2857: checking for gawk
configure:2873: found /usr/bin/gawk
configure:2884: result: gawk
configure:2895: checking whether make sets $(MAKE)
configure:2917: result: yes
configure:2989: checking whether to enable maintainer-specific portions of Makefiles
configure:2998: result: yes
configure:3021: checking build system type
configure:3035: result: i686-pc-linux-gnu
configure:3055: checking host system type
configure:3068: result: i686-pc-linux-gnu
configure:3089: checking for grep that handles long lines and -e
configure:3147: result: /home/shizhai/new_zhongwang/trunk/staging_dir/host/bin/grep
configure:3152: checking for egrep
configure:3214: result: /home/shizhai/new_zhongwang/trunk/staging_dir/host/bin/grep -E
configure:3219: checking for a sed that does not truncate output
configure:3283: result: /home/shizhai/new_zhongwang/trunk/staging_dir/host/bin/sed
configure:3514: checking for i686-linux-gnu-gcc
configure:3541: result: gcc
configure:3810: checking for C compiler version
configure:3819: gcc --version >&5
gcc (Ubuntu/Linaro 4.6.3-1ubuntu5) 4.6.3
Copyright (C) 2011 Free Software Foundation, Inc.
This is free software; see the source for copying conditions.  There is NO
warranty; not even for MERCHANTABILITY or FITNESS FOR A PARTICULAR PURPOSE.

configure:3830: $? = 0
configure:3819: gcc -v >&5
Using built-in specs.
COLLECT_GCC=gcc
COLLECT_LTO_WRAPPER=/usr/lib/gcc/i686-linux-gnu/4.6/lto-wrapper
Target: i686-linux-gnu
Configured with: ../src/configure -v --with-pkgversion='Ubuntu/Linaro 4.6.3-1ubuntu5' --with-bugurl=file:///usr/share/doc/gcc-4.6/README.Bugs --enable-languages=c,c++,fortran,objc,obj-c++ --prefix=/usr --program-suffix=-4.6 --enable-shared --enable-linker-build-id --with-system-zlib --libexecdir=/usr/lib --without-included-gettext --enable-threads=posix --with-gxx-include-dir=/usr/include/c++/4.6 --libdir=/usr/lib --enable-nls --with-sysroot=/ --enable-clocale=gnu --enable-libstdcxx-debug --enable-libstdcxx-time=yes --enable-gnu-unique-object --enable-plugin --enable-objc-gc --enable-targets=all --disable-werror --with-arch-32=i686 --with-tune=generic --enable-checking=release --build=i686-linux-gnu --host=i686-linux-gnu --target=i686-linux-gnu
Thread model: posix
gcc version 4.6.3 (Ubuntu/Linaro 4.6.3-1ubuntu5) 
configure:3830: $? = 0
configure:3819: gcc -V >&5
gcc: error: unrecognized option '-V'
gcc: fatal error: no input files
compilation terminated.
configure:3830: $? = 4
configure:3819: gcc -qversion >&5
gcc: error: unrecognized option '-qversion'
gcc: fatal error: no input files
compilation terminated.
configure:3830: $? = 4
configure:3850: checking whether the C compiler works
configure:3872: gcc -O2 -I/home/shizhai/new_zhongwang/trunk/staging_dir/host/include -I/home/shizhai/new_zhongwang/trunk/staging_dir/host/include -I/home/shizhai/new_zhongwang/trunk/staging_dir/host/include -L/home/shizhai/new_zhongwang/trunk/staging_dir/host/lib -L/home/shizhai/new_zhongwang/trunk/staging_dir/host/lib conftest.c  >&5
configure:3876: $? = 0
configure:3924: result: yes
configure:3927: checking for C compiler default output file name
configure:3929: result: a.out
configure:3935: checking for suffix of executables
configure:3942: gcc -o conftest -O2 -I/home/shizhai/new_zhongwang/trunk/staging_dir/host/include -I/home/shizhai/new_zhongwang/trunk/staging_dir/host/include -I/home/shizhai/new_zhongwang/trunk/staging_dir/host/include -L/home/shizhai/new_zhongwang/trunk/staging_dir/host/lib -L/home/shizhai/new_zhongwang/trunk/staging_dir/host/lib conftest.c  >&5
configure:3946: $? = 0
configure:3968: result: 
configure:3990: checking whether we are cross compiling
configure:3998: gcc -o conftest -O2 -I/home/shizhai/new_zhongwang/trunk/staging_dir/host/include -I/home/shizhai/new_zhongwang/trunk/staging_dir/host/include -I/home/shizhai/new_zhongwang/trunk/staging_dir/host/include -L/home/shizhai/new_zhongwang/trunk/staging_dir/host/lib -L/home/shizhai/new_zhongwang/trunk/staging_dir/host/lib conftest.c  >&5
configure:4002: $? = 0
configure:4009: ./conftest
configure:4013: $? = 0
configure:4028: result: no
configure:4033: checking for suffix of object files
configure:4055: gcc -c -O2 -I/home/shizhai/new_zhongwang/trunk/staging_dir/host/include -I/home/shizhai/new_zhongwang/trunk/staging_dir/host/include -I/home/shizhai/new_zhongwang/trunk/staging_dir/host/include conftest.c >&5
configure:4059: $? = 0
configure:4080: result: o
configure:4084: checking whether we are using the GNU C compiler
configure:4103: gcc -c -O2 -I/home/shizhai/new_zhongwang/trunk/staging_dir/host/include -I/home/shizhai/new_zhongwang/trunk/staging_dir/host/include -I/home/shizhai/new_zhongwang/trunk/staging_dir/host/include conftest.c >&5
configure:4103: $? = 0
configure:4112: result: yes
configure:4121: checking whether gcc accepts -g
configure:4141: gcc -c -g -I/home/shizhai/new_zhongwang/trunk/staging_dir/host/include -I/home/shizhai/new_zhongwang/trunk/staging_dir/host/include conftest.c >&5
configure:4141: $? = 0
configure:4182: result: yes
configure:4199: checking for gcc option to accept ISO C89
configure:4263: gcc  -c -O2 -I/home/shizhai/new_zhongwang/trunk/staging_dir/host/include -I/home/shizhai/new_zhongwang/trunk/staging_dir/host/include -I/home/shizhai/new_zhongwang/trunk/staging_dir/host/include conftest.c >&5
configure:4263: $? = 0
configure:4276: result: none needed
configure:4307: checking for style of include used by make
configure:4335: result: GNU
configure:4361: checking dependency style of gcc
configure:4472: result: gcc3
configure:4492: checking how to run the C preprocessor
configure:4523: gcc -E -I/home/shizhai/new_zhongwang/trunk/staging_dir/host/include -I/home/shizhai/new_zhongwang/trunk/staging_dir/host/include conftest.c
configure:4523: $? = 0
configure:4537: gcc -E -I/home/shizhai/new_zhongwang/trunk/staging_dir/host/include -I/home/shizhai/new_zhongwang/trunk/staging_dir/host/include conftest.c
conftest.c:9:28: fatal error: ac_nonexistent.h: No such file or directory
compilation terminated.
configure:4537: $? = 1
configure: failed program was:
| /* confdefs.h */
| #define PACKAGE_NAME "MPFR"
| #define PACKAGE_TARNAME "mpfr"
| #define PACKAGE_VERSION "3.1.2"
| #define PACKAGE_STRING "MPFR 3.1.2"
| #define PACKAGE_BUGREPORT ""
| #define PACKAGE_URL ""
| /* end confdefs.h.  */
| #include <ac_nonexistent.h>
configure:4562: result: gcc -E
configure:4582: gcc -E -I/home/shizhai/new_zhongwang/trunk/staging_dir/host/include -I/home/shizhai/new_zhongwang/trunk/staging_dir/host/include conftest.c
configure:4582: $? = 0
configure:4596: gcc -E -I/home/shizhai/new_zhongwang/trunk/staging_dir/host/include -I/home/shizhai/new_zhongwang/trunk/staging_dir/host/include conftest.c
conftest.c:9:28: fatal error: ac_nonexistent.h: No such file or directory
compilation terminated.
configure:4596: $? = 1
configure: failed program was:
| /* confdefs.h */
| #define PACKAGE_NAME "MPFR"
| #define PACKAGE_TARNAME "mpfr"
| #define PACKAGE_VERSION "3.1.2"
| #define PACKAGE_STRING "MPFR 3.1.2"
| #define PACKAGE_BUGREPORT ""
| #define PACKAGE_URL ""
| /* end confdefs.h.  */
| #include <ac_nonexistent.h>
configure:4735: checking for ICC
configure:4753: gcc -c -O2 -I/home/shizhai/new_zhongwang/trunk/staging_dir/host/include -I/home/shizhai/new_zhongwang/trunk/staging_dir/host/include -I/home/shizhai/new_zhongwang/trunk/staging_dir/host/include conftest.c >&5
conftest.c:11:3: error: #error "ICC Not Found"
conftest.c:15:1: error: expected '=', ',', ';', 'asm' or '__attribute__' before 'int'
configure:4753: $? = 1
configure: failed program was:
| /* confdefs.h */
| #define PACKAGE_NAME "MPFR"
| #define PACKAGE_TARNAME "mpfr"
| #define PACKAGE_VERSION "3.1.2"
| #define PACKAGE_STRING "MPFR 3.1.2"
| #define PACKAGE_BUGREPORT ""
| #define PACKAGE_URL ""
| /* end confdefs.h.  */
| 
| #if !defined(__ICC)
| # error "ICC Not Found"
| error
| #endif
| 
| int
| main ()
| {
| 
|   ;
|   return 0;
| }
configure:4760: result: no
configure:4770: checking whether gcc and cc understand -c and -o together
configure:4801: gcc -c conftest.c -o conftest2.o >&5
configure:4805: $? = 0
configure:4811: gcc -c conftest.c -o conftest2.o >&5
configure:4815: $? = 0
configure:4826: cc -c conftest.c >&5
configure:4830: $? = 0
configure:4838: cc -c conftest.c -o conftest2.o >&5
configure:4842: $? = 0
configure:4848: cc -c conftest.c -o conftest2.o >&5
configure:4852: $? = 0
configure:4870: result: yes
configure:4930: checking for an ANSI C-conforming const
configure:4995: gcc -c -O2 -I/home/shizhai/new_zhongwang/trunk/staging_dir/host/include -I/home/shizhai/new_zhongwang/trunk/staging_dir/host/include -I/home/shizhai/new_zhongwang/trunk/staging_dir/host/include conftest.c >&5
configure:4995: $? = 0
configure:5002: result: yes
configure:5010: checking for working volatile
configure:5029: gcc -c -O2 -I/home/shizhai/new_zhongwang/trunk/staging_dir/host/include -I/home/shizhai/new_zhongwang/trunk/staging_dir/host/include -I/home/shizhai/new_zhongwang/trunk/staging_dir/host/include conftest.c >&5
configure:5029: $? = 0
configure:5036: result: yes
configure:5202: checking for main in -lm
configure:5221: gcc -o conftest -O2 -I/home/shizhai/new_zhongwang/trunk/staging_dir/host/include -I/home/shizhai/new_zhongwang/trunk/staging_dir/host/include -I/home/shizhai/new_zhongwang/trunk/staging_dir/host/include -L/home/shizhai/new_zhongwang/trunk/staging_dir/host/lib -L/home/shizhai/new_zhongwang/trunk/staging_dir/host/lib conftest.c -lm   >&5
configure:5221: $? = 0
configure:5230: result: yes
configure:5239: checking whether time.h and sys/time.h may both be included
configure:5259: gcc -c -O2 -I/home/shizhai/new_zhongwang/trunk/staging_dir/host/include -I/home/shizhai/new_zhongwang/trunk/staging_dir/host/include -I/home/shizhai/new_zhongwang/trunk/staging_dir/host/include conftest.c >&5
configure:5259: $? = 0
configure:5266: result: yes
configure:5275: checking for ANSI C header files
configure:5295: gcc -c -O2 -I/home/shizhai/new_zhongwang/trunk/staging_dir/host/include -I/home/shizhai/new_zhongwang/trunk/staging_dir/host/include -I/home/shizhai/new_zhongwang/trunk/staging_dir/host/include conftest.c >&5
configure:5295: $? = 0
configure:5368: gcc -o conftest -O2 -I/home/shizhai/new_zhongwang/trunk/staging_dir/host/include -I/home/shizhai/new_zhongwang/trunk/staging_dir/host/include -I/home/shizhai/new_zhongwang/trunk/staging_dir/host/include -L/home/shizhai/new_zhongwang/trunk/staging_dir/host/lib -L/home/shizhai/new_zhongwang/trunk/staging_dir/host/lib conftest.c  >&5
configure:5368: $? = 0
configure:5368: ./conftest
configure:5368: $? = 0
configure:5379: result: yes
configure:5392: checking for sys/types.h
configure:5392: gcc -c -O2 -I/home/shizhai/new_zhongwang/trunk/staging_dir/host/include -I/home/shizhai/new_zhongwang/trunk/staging_dir/host/include -I/home/shizhai/new_zhongwang/trunk/staging_dir/host/include conftest.c >&5
configure:5392: $? = 0
configure:5392: result: yes
configure:5392: checking for sys/stat.h
configure:5392: gcc -c -O2 -I/home/shizhai/new_zhongwang/trunk/staging_dir/host/include -I/home/shizhai/new_zhongwang/trunk/staging_dir/host/include -I/home/shizhai/new_zhongwang/trunk/staging_dir/host/include conftest.c >&5
configure:5392: $? = 0
configure:5392: result: yes
configure:5392: checking for stdlib.h
configure:5392: gcc -c -O2 -I/home/shizhai/new_zhongwang/trunk/staging_dir/host/include -I/home/shizhai/new_zhongwang/trunk/staging_dir/host/include -I/home/shizhai/new_zhongwang/trunk/staging_dir/host/include conftest.c >&5
configure:5392: $? = 0
configure:5392: result: yes
configure:5392: checking for string.h
configure:5392: gcc -c -O2 -I/home/shizhai/new_zhongwang/trunk/staging_dir/host/include -I/home/shizhai/new_zhongwang/trunk/staging_dir/host/include -I/home/shizhai/new_zhongwang/trunk/staging_dir/host/include conftest.c >&5
configure:5392: $? = 0
configure:5392: result: yes
configure:5392: checking for memory.h
configure:5392: gcc -c -O2 -I/home/shizhai/new_zhongwang/trunk/staging_dir/host/include -I/home/shizhai/new_zhongwang/trunk/staging_dir/host/include -I/home/shizhai/new_zhongwang/trunk/staging_dir/host/include conftest.c >&5
configure:5392: $? = 0
configure:5392: result: yes
configure:5392: checking for strings.h
configure:5392: gcc -c -O2 -I/home/shizhai/new_zhongwang/trunk/staging_dir/host/include -I/home/shizhai/new_zhongwang/trunk/staging_dir/host/include -I/home/shizhai/new_zhongwang/trunk/staging_dir/host/include conftest.c >&5
configure:5392: $? = 0
configure:5392: result: yes
configure:5392: checking for inttypes.h
configure:5392: gcc -c -O2 -I/home/shizhai/new_zhongwang/trunk/staging_dir/host/include -I/home/shizhai/new_zhongwang/trunk/staging_dir/host/include -I/home/shizhai/new_zhongwang/trunk/staging_dir/host/include conftest.c >&5
configure:5392: $? = 0
configure:5392: result: yes
configure:5392: checking for stdint.h
configure:5392: gcc -c -O2 -I/home/shizhai/new_zhongwang/trunk/staging_dir/host/include -I/home/shizhai/new_zhongwang/trunk/staging_dir/host/include -I/home/shizhai/new_zhongwang/trunk/staging_dir/host/include conftest.c >&5
configure:5392: $? = 0
configure:5392: result: yes
configure:5392: checking for unistd.h
configure:5392: gcc -c -O2 -I/home/shizhai/new_zhongwang/trunk/staging_dir/host/include -I/home/shizhai/new_zhongwang/trunk/staging_dir/host/include -I/home/shizhai/new_zhongwang/trunk/staging_dir/host/include conftest.c >&5
configure:5392: $? = 0
configure:5392: result: yes
configure:5404: checking for size_t
configure:5404: gcc -c -O2 -I/home/shizhai/new_zhongwang/trunk/staging_dir/host/include -I/home/shizhai/new_zhongwang/trunk/staging_dir/host/include -I/home/shizhai/new_zhongwang/trunk/staging_dir/host/include conftest.c >&5
configure:5404: $? = 0
configure:5404: gcc -c -O2 -I/home/shizhai/new_zhongwang/trunk/staging_dir/host/include -I/home/shizhai/new_zhongwang/trunk/staging_dir/host/include -I/home/shizhai/new_zhongwang/trunk/staging_dir/host/include conftest.c >&5
conftest.c: In function 'main':
conftest.c:56:21: error: expected expression before ')' token
configure:5404: $? = 1
configure: failed program was:
| /* confdefs.h */
| #define PACKAGE_NAME "MPFR"
| #define PACKAGE_TARNAME "mpfr"
| #define PACKAGE_VERSION "3.1.2"
| #define PACKAGE_STRING "MPFR 3.1.2"
| #define PACKAGE_BUGREPORT ""
| #define PACKAGE_URL ""
| #define TIME_WITH_SYS_TIME 1
| #define STDC_HEADERS 1
| #define HAVE_SYS_TYPES_H 1
| #define HAVE_SYS_STAT_H 1
| #define HAVE_STDLIB_H 1
| #define HAVE_STRING_H 1
| #define HAVE_MEMORY_H 1
| #define HAVE_STRINGS_H 1
| #define HAVE_INTTYPES_H 1
| #define HAVE_STDINT_H 1
| #define HAVE_UNISTD_H 1
| /* end confdefs.h.  */
| #include <stdio.h>
| #ifdef HAVE_SYS_TYPES_H
| # include <sys/types.h>
| #endif
| #ifdef HAVE_SYS_STAT_H
| # include <sys/stat.h>
| #endif
| #ifdef STDC_HEADERS
| # include <stdlib.h>
| # include <stddef.h>
| #else
| # ifdef HAVE_STDLIB_H
| #  include <stdlib.h>
| # endif
| #endif
| #ifdef HAVE_STRING_H
| # if !defined STDC_HEADERS && defined HAVE_MEMORY_H
| #  include <memory.h>
| # endif
| # include <string.h>
| #endif
| #ifdef HAVE_STRINGS_H
| # include <strings.h>
| #endif
| #ifdef HAVE_INTTYPES_H
| # include <inttypes.h>
| #endif
| #ifdef HAVE_STDINT_H
| # include <stdint.h>
| #endif
| #ifdef HAVE_UNISTD_H
| # include <unistd.h>
| #endif
| int
| main ()
| {
| if (sizeof ((size_t)))
| 	    return 0;
|   ;
|   return 0;
| }
configure:5404: result: yes
configure:5421: checking limits.h usability
configure:5421: gcc -c -O2 -I/home/shizhai/new_zhongwang/trunk/staging_dir/host/include -I/home/shizhai/new_zhongwang/trunk/staging_dir/host/include -I/home/shizhai/new_zhongwang/trunk/staging_dir/host/include conftest.c >&5
configure:5421: $? = 0
configure:5421: result: yes
configure:5421: checking limits.h presence
configure:5421: gcc -E -I/home/shizhai/new_zhongwang/trunk/staging_dir/host/include -I/home/shizhai/new_zhongwang/trunk/staging_dir/host/include conftest.c
configure:5421: $? = 0
configure:5421: result: yes
configure:5421: checking for limits.h
configure:5421: result: yes
configure:5429: checking float.h usability
configure:5429: gcc -c -O2 -I/home/shizhai/new_zhongwang/trunk/staging_dir/host/include -I/home/shizhai/new_zhongwang/trunk/staging_dir/host/include -I/home/shizhai/new_zhongwang/trunk/staging_dir/host/include conftest.c >&5
configure:5429: $? = 0
configure:5429: result: yes
configure:5429: checking float.h presence
configure:5429: gcc -E -I/home/shizhai/new_zhongwang/trunk/staging_dir/host/include -I/home/shizhai/new_zhongwang/trunk/staging_dir/host/include conftest.c
configure:5429: $? = 0
configure:5429: result: yes
configure:5429: checking for float.h
configure:5429: result: yes
configure:5437: checking for string.h
configure:5437: result: yes
configure:5448: checking locale.h usability
configure:5448: gcc -c -O2 -I/home/shizhai/new_zhongwang/trunk/staging_dir/host/include -I/home/shizhai/new_zhongwang/trunk/staging_dir/host/include -I/home/shizhai/new_zhongwang/trunk/staging_dir/host/include conftest.c >&5
configure:5448: $? = 0
configure:5448: result: yes
configure:5448: checking locale.h presence
configure:5448: gcc -E -I/home/shizhai/new_zhongwang/trunk/staging_dir/host/include -I/home/shizhai/new_zhongwang/trunk/staging_dir/host/include conftest.c
configure:5448: $? = 0
configure:5448: result: yes
configure:5448: checking for locale.h
configure:5448: result: yes
configure:5461: checking wchar.h usability
configure:5461: gcc -c -O2 -I/home/shizhai/new_zhongwang/trunk/staging_dir/host/include -I/home/shizhai/new_zhongwang/trunk/staging_dir/host/include -I/home/shizhai/new_zhongwang/trunk/staging_dir/host/include conftest.c >&5
configure:5461: $? = 0
configure:5461: result: yes
configure:5461: checking wchar.h presence
configure:5461: gcc -E -I/home/shizhai/new_zhongwang/trunk/staging_dir/host/include -I/home/shizhai/new_zhongwang/trunk/staging_dir/host/include conftest.c
configure:5461: $? = 0
configure:5461: result: yes
configure:5461: checking for wchar.h
configure:5461: result: yes
configure:5472: checking stdarg.h usability
configure:5472: gcc -c -O2 -I/home/shizhai/new_zhongwang/trunk/staging_dir/host/include -I/home/shizhai/new_zhongwang/trunk/staging_dir/host/include -I/home/shizhai/new_zhongwang/trunk/staging_dir/host/include conftest.c >&5
configure:5472: $? = 0
configure:5472: result: yes
configure:5472: checking stdarg.h presence
configure:5472: gcc -E -I/home/shizhai/new_zhongwang/trunk/staging_dir/host/include -I/home/shizhai/new_zhongwang/trunk/staging_dir/host/include conftest.c
configure:5472: $? = 0
configure:5472: result: yes
configure:5472: checking for stdarg.h
configure:5472: result: yes
configure:5493: checking sys/time.h usability
configure:5493: gcc -c -O2 -I/home/shizhai/new_zhongwang/trunk/staging_dir/host/include -I/home/shizhai/new_zhongwang/trunk/staging_dir/host/include -I/home/shizhai/new_zhongwang/trunk/staging_dir/host/include conftest.c >&5
configure:5493: $? = 0
configure:5493: result: yes
configure:5493: checking sys/time.h presence
configure:5493: gcc -E -I/home/shizhai/new_zhongwang/trunk/staging_dir/host/include -I/home/shizhai/new_zhongwang/trunk/staging_dir/host/include conftest.c
configure:5493: $? = 0
configure:5493: result: yes
configure:5493: checking for sys/time.h
configure:5493: result: yes
configure:5493: checking sys/fpu.h usability
configure:5493: gcc -c -O2 -I/home/shizhai/new_zhongwang/trunk/staging_dir/host/include -I/home/shizhai/new_zhongwang/trunk/staging_dir/host/include -I/home/shizhai/new_zhongwang/trunk/staging_dir/host/include conftest.c >&5
conftest.c:57:21: fatal error: sys/fpu.h: No such file or directory
compilation terminated.
configure:5493: $? = 1
configure: failed program was:
| /* confdefs.h */
| #define PACKAGE_NAME "MPFR"
| #define PACKAGE_TARNAME "mpfr"
| #define PACKAGE_VERSION "3.1.2"
| #define PACKAGE_STRING "MPFR 3.1.2"
| #define PACKAGE_BUGREPORT ""
| #define PACKAGE_URL ""
| #define TIME_WITH_SYS_TIME 1
| #define STDC_HEADERS 1
| #define HAVE_SYS_TYPES_H 1
| #define HAVE_SYS_STAT_H 1
| #define HAVE_STDLIB_H 1
| #define HAVE_STRING_H 1
| #define HAVE_MEMORY_H 1
| #define HAVE_STRINGS_H 1
| #define HAVE_INTTYPES_H 1
| #define HAVE_STDINT_H 1
| #define HAVE_UNISTD_H 1
| #define HAVE_LOCALE_H 1
| #define HAVE_WCHAR_H 1
| #define HAVE_STDARG 1
| #define HAVE_SYS_TIME_H 1
| /* end confdefs.h.  */
| #include <stdio.h>
| #ifdef HAVE_SYS_TYPES_H
| # include <sys/types.h>
| #endif
| #ifdef HAVE_SYS_STAT_H
| # include <sys/stat.h>
| #endif
| #ifdef STDC_HEADERS
| # include <stdlib.h>
| # include <stddef.h>
| #else
| # ifdef HAVE_STDLIB_H
| #  include <stdlib.h>
| # endif
| #endif
| #ifdef HAVE_STRING_H
| # if !defined STDC_HEADERS && defined HAVE_MEMORY_H
| #  include <memory.h>
| # endif
| # include <string.h>
| #endif
| #ifdef HAVE_STRINGS_H
| # include <strings.h>
| #endif
| #ifdef HAVE_INTTYPES_H
| # include <inttypes.h>
| #endif
| #ifdef HAVE_STDINT_H
| # include <stdint.h>
| #endif
| #ifdef HAVE_UNISTD_H
| # include <unistd.h>
| #endif
| #include <sys/fpu.h>
configure:5493: result: no
configure:5493: checking sys/fpu.h presence
configure:5493: gcc -E -I/home/shizhai/new_zhongwang/trunk/staging_dir/host/include -I/home/shizhai/new_zhongwang/trunk/staging_dir/host/include conftest.c
conftest.c:24:21: fatal error: sys/fpu.h: No such file or directory
compilation terminated.
configure:5493: $? = 1
configure: failed program was:
| /* confdefs.h */
| #define PACKAGE_NAME "MPFR"
| #define PACKAGE_TARNAME "mpfr"
| #define PACKAGE_VERSION "3.1.2"
| #define PACKAGE_STRING "MPFR 3.1.2"
| #define PACKAGE_BUGREPORT ""
| #define PACKAGE_URL ""
| #define TIME_WITH_SYS_TIME 1
| #define STDC_HEADERS 1
| #define HAVE_SYS_TYPES_H 1
| #define HAVE_SYS_STAT_H 1
| #define HAVE_STDLIB_H 1
| #define HAVE_STRING_H 1
| #define HAVE_MEMORY_H 1
| #define HAVE_STRINGS_H 1
| #define HAVE_INTTYPES_H 1
| #define HAVE_STDINT_H 1
| #define HAVE_UNISTD_H 1
| #define HAVE_LOCALE_H 1
| #define HAVE_WCHAR_H 1
| #define HAVE_STDARG 1
| #define HAVE_SYS_TIME_H 1
| /* end confdefs.h.  */
| #include <sys/fpu.h>
configure:5493: result: no
configure:5493: checking for sys/fpu.h
configure:5493: result: no
configure:5506: checking for working alloca.h
configure:5523: gcc -o conftest -O2 -I/home/shizhai/new_zhongwang/trunk/staging_dir/host/include -I/home/shizhai/new_zhongwang/trunk/staging_dir/host/include -I/home/shizhai/new_zhongwang/trunk/staging_dir/host/include -L/home/shizhai/new_zhongwang/trunk/staging_dir/host/lib -L/home/shizhai/new_zhongwang/trunk/staging_dir/host/lib conftest.c  >&5
configure:5523: $? = 0
configure:5531: result: yes
configure:5539: checking for alloca
configure:5576: gcc -o conftest -O2 -I/home/shizhai/new_zhongwang/trunk/staging_dir/host/include -I/home/shizhai/new_zhongwang/trunk/staging_dir/host/include -I/home/shizhai/new_zhongwang/trunk/staging_dir/host/include -L/home/shizhai/new_zhongwang/trunk/staging_dir/host/lib -L/home/shizhai/new_zhongwang/trunk/staging_dir/host/lib conftest.c  >&5
configure:5576: $? = 0
configure:5584: result: yes
configure:5697: checking for stdint.h
configure:5697: result: yes
configure:5707: checking for SIZE_MAX
configure:5782: result: yes
configure:5793: checking how to copy va_list
configure:5811: gcc -o conftest -O2 -I/home/shizhai/new_zhongwang/trunk/staging_dir/host/include -I/home/shizhai/new_zhongwang/trunk/staging_dir/host/include -I/home/shizhai/new_zhongwang/trunk/staging_dir/host/include -L/home/shizhai/new_zhongwang/trunk/staging_dir/host/lib -L/home/shizhai/new_zhongwang/trunk/staging_dir/host/lib conftest.c  >&5
configure:5811: $? = 0
configure:5813: result: va_copy
configure:5852: checking for memmove
configure:5852: gcc -o conftest -O2 -I/home/shizhai/new_zhongwang/trunk/staging_dir/host/include -I/home/shizhai/new_zhongwang/trunk/staging_dir/host/include -I/home/shizhai/new_zhongwang/trunk/staging_dir/host/include -L/home/shizhai/new_zhongwang/trunk/staging_dir/host/lib -L/home/shizhai/new_zhongwang/trunk/staging_dir/host/lib conftest.c  >&5
conftest.c:51:6: warning: conflicting types for built-in function 'memmove' [enabled by default]
configure:5852: $? = 0
configure:5852: result: yes
configure:5852: checking for memset
configure:5852: gcc -o conftest -O2 -I/home/shizhai/new_zhongwang/trunk/staging_dir/host/include -I/home/shizhai/new_zhongwang/trunk/staging_dir/host/include -I/home/shizhai/new_zhongwang/trunk/staging_dir/host/include -L/home/shizhai/new_zhongwang/trunk/staging_dir/host/lib -L/home/shizhai/new_zhongwang/trunk/staging_dir/host/lib conftest.c  >&5
conftest.c:52:6: warning: conflicting types for built-in function 'memset' [enabled by default]
configure:5852: $? = 0
configure:5852: result: yes
configure:5852: checking for setlocale
configure:5852: gcc -o conftest -O2 -I/home/shizhai/new_zhongwang/trunk/staging_dir/host/include -I/home/shizhai/new_zhongwang/trunk/staging_dir/host/include -I/home/shizhai/new_zhongwang/trunk/staging_dir/host/include -L/home/shizhai/new_zhongwang/trunk/staging_dir/host/lib -L/home/shizhai/new_zhongwang/trunk/staging_dir/host/lib conftest.c  >&5
configure:5852: $? = 0
configure:5852: result: yes
configure:5852: checking for strtol
configure:5852: gcc -o conftest -O2 -I/home/shizhai/new_zhongwang/trunk/staging_dir/host/include -I/home/shizhai/new_zhongwang/trunk/staging_dir/host/include -I/home/shizhai/new_zhongwang/trunk/staging_dir/host/include -L/home/shizhai/new_zhongwang/trunk/staging_dir/host/lib -L/home/shizhai/new_zhongwang/trunk/staging_dir/host/lib conftest.c  >&5
configure:5852: $? = 0
configure:5852: result: yes
configure:5852: checking for gettimeofday
configure:5852: gcc -o conftest -O2 -I/home/shizhai/new_zhongwang/trunk/staging_dir/host/include -I/home/shizhai/new_zhongwang/trunk/staging_dir/host/include -I/home/shizhai/new_zhongwang/trunk/staging_dir/host/include -L/home/shizhai/new_zhongwang/trunk/staging_dir/host/lib -L/home/shizhai/new_zhongwang/trunk/staging_dir/host/lib conftest.c  >&5
configure:5852: $? = 0
configure:5852: result: yes
configure:5905: checking for long long int
configure:5905: gcc -c -O2 -I/home/shizhai/new_zhongwang/trunk/staging_dir/host/include -I/home/shizhai/new_zhongwang/trunk/staging_dir/host/include -I/home/shizhai/new_zhongwang/trunk/staging_dir/host/include conftest.c >&5
configure:5905: $? = 0
configure:5905: gcc -c -O2 -I/home/shizhai/new_zhongwang/trunk/staging_dir/host/include -I/home/shizhai/new_zhongwang/trunk/staging_dir/host/include -I/home/shizhai/new_zhongwang/trunk/staging_dir/host/include conftest.c >&5
conftest.c: In function 'main':
conftest.c:69:28: error: expected expression before ')' token
configure:5905: $? = 1
configure: failed program was:
| /* confdefs.h */
| #define PACKAGE_NAME "MPFR"
| #define PACKAGE_TARNAME "mpfr"
| #define PACKAGE_VERSION "3.1.2"
| #define PACKAGE_STRING "MPFR 3.1.2"
| #define PACKAGE_BUGREPORT ""
| #define PACKAGE_URL ""
| #define TIME_WITH_SYS_TIME 1
| #define STDC_HEADERS 1
| #define HAVE_SYS_TYPES_H 1
| #define HAVE_SYS_STAT_H 1
| #define HAVE_STDLIB_H 1
| #define HAVE_STRING_H 1
| #define HAVE_MEMORY_H 1
| #define HAVE_STRINGS_H 1
| #define HAVE_INTTYPES_H 1
| #define HAVE_STDINT_H 1
| #define HAVE_UNISTD_H 1
| #define HAVE_LOCALE_H 1
| #define HAVE_WCHAR_H 1
| #define HAVE_STDARG 1
| #define HAVE_SYS_TIME_H 1
| #define HAVE_ALLOCA_H 1
| #define HAVE_ALLOCA 1
| #define HAVE_STDINT_H 1
| #define HAVE_VA_COPY 1
| #define HAVE_MEMMOVE 1
| #define HAVE_MEMSET 1
| #define HAVE_SETLOCALE 1
| #define HAVE_STRTOL 1
| #define HAVE_GETTIMEOFDAY 1
| /* end confdefs.h.  */
| #include <stdio.h>
| #ifdef HAVE_SYS_TYPES_H
| # include <sys/types.h>
| #endif
| #ifdef HAVE_SYS_STAT_H
| # include <sys/stat.h>
| #endif
| #ifdef STDC_HEADERS
| # include <stdlib.h>
| # include <stddef.h>
| #else
| # ifdef HAVE_STDLIB_H
| #  include <stdlib.h>
| # endif
| #endif
| #ifdef HAVE_STRING_H
| # if !defined STDC_HEADERS && defined HAVE_MEMORY_H
| #  include <memory.h>
| # endif
| # include <string.h>
| #endif
| #ifdef HAVE_STRINGS_H
| # include <strings.h>
| #endif
| #ifdef HAVE_INTTYPES_H
| # include <inttypes.h>
| #endif
| #ifdef HAVE_STDINT_H
| # include <stdint.h>
| #endif
| #ifdef HAVE_UNISTD_H
| # include <unistd.h>
| #endif
| int
| main ()
| {
| if (sizeof ((long long int)))
| 	    return 0;
|   ;
|   return 0;
| }
configure:5905: result: yes
configure:5913: checking for intmax_t
configure:5913: gcc -c -O2 -I/home/shizhai/new_zhongwang/trunk/staging_dir/host/include -I/home/shizhai/new_zhongwang/trunk/staging_dir/host/include -I/home/shizhai/new_zhongwang/trunk/staging_dir/host/include conftest.c >&5
configure:5913: $? = 0
configure:5913: gcc -c -O2 -I/home/shizhai/new_zhongwang/trunk/staging_dir/host/include -I/home/shizhai/new_zhongwang/trunk/staging_dir/host/include -I/home/shizhai/new_zhongwang/trunk/staging_dir/host/include conftest.c >&5
conftest.c: In function 'main':
conftest.c:70:23: error: expected expression before ')' token
configure:5913: $? = 1
configure: failed program was:
| /* confdefs.h */
| #define PACKAGE_NAME "MPFR"
| #define PACKAGE_TARNAME "mpfr"
| #define PACKAGE_VERSION "3.1.2"
| #define PACKAGE_STRING "MPFR 3.1.2"
| #define PACKAGE_BUGREPORT ""
| #define PACKAGE_URL ""
| #define TIME_WITH_SYS_TIME 1
| #define STDC_HEADERS 1
| #define HAVE_SYS_TYPES_H 1
| #define HAVE_SYS_STAT_H 1
| #define HAVE_STDLIB_H 1
| #define HAVE_STRING_H 1
| #define HAVE_MEMORY_H 1
| #define HAVE_STRINGS_H 1
| #define HAVE_INTTYPES_H 1
| #define HAVE_STDINT_H 1
| #define HAVE_UNISTD_H 1
| #define HAVE_LOCALE_H 1
| #define HAVE_WCHAR_H 1
| #define HAVE_STDARG 1
| #define HAVE_SYS_TIME_H 1
| #define HAVE_ALLOCA_H 1
| #define HAVE_ALLOCA 1
| #define HAVE_STDINT_H 1
| #define HAVE_VA_COPY 1
| #define HAVE_MEMMOVE 1
| #define HAVE_MEMSET 1
| #define HAVE_SETLOCALE 1
| #define HAVE_STRTOL 1
| #define HAVE_GETTIMEOFDAY 1
| #define HAVE_LONG_LONG 1
| /* end confdefs.h.  */
| #include <stdio.h>
| #ifdef HAVE_SYS_TYPES_H
| # include <sys/types.h>
| #endif
| #ifdef HAVE_SYS_STAT_H
| # include <sys/stat.h>
| #endif
| #ifdef STDC_HEADERS
| # include <stdlib.h>
| # include <stddef.h>
| #else
| # ifdef HAVE_STDLIB_H
| #  include <stdlib.h>
| # endif
| #endif
| #ifdef HAVE_STRING_H
| # if !defined STDC_HEADERS && defined HAVE_MEMORY_H
| #  include <memory.h>
| # endif
| # include <string.h>
| #endif
| #ifdef HAVE_STRINGS_H
| # include <strings.h>
| #endif
| #ifdef HAVE_INTTYPES_H
| # include <inttypes.h>
| #endif
| #ifdef HAVE_STDINT_H
| # include <stdint.h>
| #endif
| #ifdef HAVE_UNISTD_H
| # include <unistd.h>
| #endif
| int
| main ()
| {
| if (sizeof ((intmax_t)))
| 	    return 0;
|   ;
|   return 0;
| }
configure:5913: result: yes
configure:5924: checking for working INTMAX_MAX
configure:5943: gcc -c -O2 -I/home/shizhai/new_zhongwang/trunk/staging_dir/host/include -I/home/shizhai/new_zhongwang/trunk/staging_dir/host/include -I/home/shizhai/new_zhongwang/trunk/staging_dir/host/include -I./src conftest.c >&5
configure:5943: $? = 0
configure:5952: result: yes
configure:5961: checking for union fpc_csr
configure:5961: gcc -c -O2 -I/home/shizhai/new_zhongwang/trunk/staging_dir/host/include -I/home/shizhai/new_zhongwang/trunk/staging_dir/host/include -I/home/shizhai/new_zhongwang/trunk/staging_dir/host/include conftest.c >&5
conftest.c: In function 'main':
conftest.c:45:13: error: invalid application of 'sizeof' to incomplete type 'union fpc_csr' 
configure:5961: $? = 1
configure: failed program was:
| /* confdefs.h */
| #define PACKAGE_NAME "MPFR"
| #define PACKAGE_TARNAME "mpfr"
| #define PACKAGE_VERSION "3.1.2"
| #define PACKAGE_STRING "MPFR 3.1.2"
| #define PACKAGE_BUGREPORT ""
| #define PACKAGE_URL ""
| #define TIME_WITH_SYS_TIME 1
| #define STDC_HEADERS 1
| #define HAVE_SYS_TYPES_H 1
| #define HAVE_SYS_STAT_H 1
| #define HAVE_STDLIB_H 1
| #define HAVE_STRING_H 1
| #define HAVE_MEMORY_H 1
| #define HAVE_STRINGS_H 1
| #define HAVE_INTTYPES_H 1
| #define HAVE_STDINT_H 1
| #define HAVE_UNISTD_H 1
| #define HAVE_LOCALE_H 1
| #define HAVE_WCHAR_H 1
| #define HAVE_STDARG 1
| #define HAVE_SYS_TIME_H 1
| #define HAVE_ALLOCA_H 1
| #define HAVE_ALLOCA 1
| #define HAVE_STDINT_H 1
| #define HAVE_VA_COPY 1
| #define HAVE_MEMMOVE 1
| #define HAVE_MEMSET 1
| #define HAVE_SETLOCALE 1
| #define HAVE_STRTOL 1
| #define HAVE_GETTIMEOFDAY 1
| #define HAVE_LONG_LONG 1
| #define HAVE_INTMAX_T 1
| #define MPFR_HAVE_INTMAX_MAX 1
| /* end confdefs.h.  */
| 
| #if HAVE_SYS_FPU_H
| #  include <sys/fpu.h>
| #endif
| 
| 
| int
| main ()
| {
| if (sizeof (union fpc_csr))
| 	 return 0;
|   ;
|   return 0;
| }
configure:5961: result: no
configure:5974: checking for fesetround
configure:5993: gcc -o conftest -O2 -I/home/shizhai/new_zhongwang/trunk/staging_dir/host/include -I/home/shizhai/new_zhongwang/trunk/staging_dir/host/include -I/home/shizhai/new_zhongwang/trunk/staging_dir/host/include -L/home/shizhai/new_zhongwang/trunk/staging_dir/host/lib -L/home/shizhai/new_zhongwang/trunk/staging_dir/host/lib conftest.c  -lm >&5
configure:5993: $? = 0
configure:6003: result: yes
configure:6012: checking for gcc float-conversion bug
configure:6052: gcc -o conftest -O2 -I/home/shizhai/new_zhongwang/trunk/staging_dir/host/include -I/home/shizhai/new_zhongwang/trunk/staging_dir/host/include -I/home/shizhai/new_zhongwang/trunk/staging_dir/host/include -L/home/shizhai/new_zhongwang/trunk/staging_dir/host/lib -L/home/shizhai/new_zhongwang/trunk/staging_dir/host/lib conftest.c  -lm >&5
configure:6052: $? = 0
configure:6052: ./conftest
configure:6052: $? = 1
configure: program exited with status 1
configure: failed program was:
| /* confdefs.h */
| #define PACKAGE_NAME "MPFR"
| #define PACKAGE_TARNAME "mpfr"
| #define PACKAGE_VERSION "3.1.2"
| #define PACKAGE_STRING "MPFR 3.1.2"
| #define PACKAGE_BUGREPORT ""
| #define PACKAGE_URL ""
| #define TIME_WITH_SYS_TIME 1
| #define STDC_HEADERS 1
| #define HAVE_SYS_TYPES_H 1
| #define HAVE_SYS_STAT_H 1
| #define HAVE_STDLIB_H 1
| #define HAVE_STRING_H 1
| #define HAVE_MEMORY_H 1
| #define HAVE_STRINGS_H 1
| #define HAVE_INTTYPES_H 1
| #define HAVE_STDINT_H 1
| #define HAVE_UNISTD_H 1
| #define HAVE_LOCALE_H 1
| #define HAVE_WCHAR_H 1
| #define HAVE_STDARG 1
| #define HAVE_SYS_TIME_H 1
| #define HAVE_ALLOCA_H 1
| #define HAVE_ALLOCA 1
| #define HAVE_STDINT_H 1
| #define HAVE_VA_COPY 1
| #define HAVE_MEMMOVE 1
| #define HAVE_MEMSET 1
| #define HAVE_SETLOCALE 1
| #define HAVE_STRTOL 1
| #define HAVE_GETTIMEOFDAY 1
| #define HAVE_LONG_LONG 1
| #define HAVE_INTMAX_T 1
| #define MPFR_HAVE_INTMAX_MAX 1
| #define MPFR_HAVE_FESETROUND 1
| /* end confdefs.h.  */
| 
| #include <float.h>
| #ifdef MPFR_HAVE_FESETROUND
| #include <fenv.h>
| #endif
| static double get_max (void);
| int main() {
|   double x = 0.5;
|   double y;
|   int i;
|   for (i = 1; i <= 11; i++)
|     x *= x;
|   if (x != 0)
|     return 1;
| #ifdef MPFR_HAVE_FESETROUND
|   /* Useful test for the G4 PowerPC */
|   fesetround(FE_TOWARDZERO);
|   x = y = get_max ();
|   x *= 2.0;
|   if (x != y)
|     return 1;
| #endif
|   return 0;
| }
| static double get_max (void) { static volatile double d = DBL_MAX; return d; }
| 
configure:6064: result: yes, use -ffloat-store
configure:6071: checking for denormalized numbers
configure:6092: gcc -o conftest -O2 -I/home/shizhai/new_zhongwang/trunk/staging_dir/host/include -ffloat-store -I/home/shizhai/new_zhongwang/trunk/staging_dir/host/include -I/home/shizhai/new_zhongwang/trunk/staging_dir/host/include -L/home/shizhai/new_zhongwang/trunk/staging_dir/host/lib -L/home/shizhai/new_zhongwang/trunk/staging_dir/host/lib conftest.c  >&5
configure:6092: $? = 0
configure:6092: ./conftest
1.112537e-308
configure:6092: $? = 0
configure:6103: result: yes
configure:6111: checking if the FP division by 0 fails
configure:6131: gcc -o conftest -O2 -I/home/shizhai/new_zhongwang/trunk/staging_dir/host/include -ffloat-store -I/home/shizhai/new_zhongwang/trunk/staging_dir/host/include -I/home/shizhai/new_zhongwang/trunk/staging_dir/host/include -L/home/shizhai/new_zhongwang/trunk/staging_dir/host/lib -L/home/shizhai/new_zhongwang/trunk/staging_dir/host/lib conftest.c  >&5
configure:6131: $? = 0
configure:6131: ./conftest
configure:6131: $? = 0
configure:6142: result: no
configure:6156: checking if NAN == NAN
configure:6180: gcc -o conftest -O2 -I/home/shizhai/new_zhongwang/trunk/staging_dir/host/include -ffloat-store -I/home/shizhai/new_zhongwang/trunk/staging_dir/host/include -I/home/shizhai/new_zhongwang/trunk/staging_dir/host/include -L/home/shizhai/new_zhongwang/trunk/staging_dir/host/lib -L/home/shizhai/new_zhongwang/trunk/staging_dir/host/lib conftest.c  >&5
configure:6180: $? = 0
configure:6180: ./conftest
configure:6180: $? = 1
configure: program exited with status 1
configure: failed program was:
| /* confdefs.h */
| #define PACKAGE_NAME "MPFR"
| #define PACKAGE_TARNAME "mpfr"
| #define PACKAGE_VERSION "3.1.2"
| #define PACKAGE_STRING "MPFR 3.1.2"
| #define PACKAGE_BUGREPORT ""
| #define PACKAGE_URL ""
| #define TIME_WITH_SYS_TIME 1
| #define STDC_HEADERS 1
| #define HAVE_SYS_TYPES_H 1
| #define HAVE_SYS_STAT_H 1
| #define HAVE_STDLIB_H 1
| #define HAVE_STRING_H 1
| #define HAVE_MEMORY_H 1
| #define HAVE_STRINGS_H 1
| #define HAVE_INTTYPES_H 1
| #define HAVE_STDINT_H 1
| #define HAVE_UNISTD_H 1
| #define HAVE_LOCALE_H 1
| #define HAVE_WCHAR_H 1
| #define HAVE_STDARG 1
| #define HAVE_SYS_TIME_H 1
| #define HAVE_ALLOCA_H 1
| #define HAVE_ALLOCA 1
| #define HAVE_STDINT_H 1
| #define HAVE_VA_COPY 1
| #define HAVE_MEMMOVE 1
| #define HAVE_MEMSET 1
| #define HAVE_SETLOCALE 1
| #define HAVE_STRTOL 1
| #define HAVE_GETTIMEOFDAY 1
| #define HAVE_LONG_LONG 1
| #define HAVE_INTMAX_T 1
| #define MPFR_HAVE_INTMAX_MAX 1
| #define MPFR_HAVE_FESETROUND 1
| #define HAVE_DENORMS 1
| /* end confdefs.h.  */
| 
| #include <stdio.h>
| #include <math.h>
| #ifndef NAN
| # define NAN (0.0/0.0)
| #endif
| int main() {
|   double d;
|   d = NAN;
|   return d != d;
| }
| 
configure:6191: result: no
configure:6219: checking if charset has consecutive values
configure:6249: gcc -o conftest -O2 -I/home/shizhai/new_zhongwang/trunk/staging_dir/host/include -ffloat-store -I/home/shizhai/new_zhongwang/trunk/staging_dir/host/include -I/home/shizhai/new_zhongwang/trunk/staging_dir/host/include -L/home/shizhai/new_zhongwang/trunk/staging_dir/host/lib -L/home/shizhai/new_zhongwang/trunk/staging_dir/host/lib conftest.c  >&5
configure:6249: $? = 0
configure:6249: ./conftest
configure:6249: $? = 0
configure:6250: result: yes
configure:6268: checking for math/round
configure:6288: gcc -o conftest -O2 -I/home/shizhai/new_zhongwang/trunk/staging_dir/host/include -ffloat-store -I/home/shizhai/new_zhongwang/trunk/staging_dir/host/include -I/home/shizhai/new_zhongwang/trunk/staging_dir/host/include -L/home/shizhai/new_zhongwang/trunk/staging_dir/host/lib -L/home/shizhai/new_zhongwang/trunk/staging_dir/host/lib conftest.c  -lm >&5
configure:6288: $? = 0
configure:6290: result: yes
configure:6303: checking for math/trunc
configure:6323: gcc -o conftest -O2 -I/home/shizhai/new_zhongwang/trunk/staging_dir/host/include -ffloat-store -I/home/shizhai/new_zhongwang/trunk/staging_dir/host/include -I/home/shizhai/new_zhongwang/trunk/staging_dir/host/include -L/home/shizhai/new_zhongwang/trunk/staging_dir/host/lib -L/home/shizhai/new_zhongwang/trunk/staging_dir/host/lib conftest.c  -lm >&5
configure:6323: $? = 0
configure:6325: result: yes
configure:6338: checking for math/floor
configure:6358: gcc -o conftest -O2 -I/home/shizhai/new_zhongwang/trunk/staging_dir/host/include -ffloat-store -I/home/shizhai/new_zhongwang/trunk/staging_dir/host/include -I/home/shizhai/new_zhongwang/trunk/staging_dir/host/include -L/home/shizhai/new_zhongwang/trunk/staging_dir/host/lib -L/home/shizhai/new_zhongwang/trunk/staging_dir/host/lib conftest.c  -lm >&5
configure:6358: $? = 0
configure:6360: result: yes
configure:6373: checking for math/ceil
configure:6393: gcc -o conftest -O2 -I/home/shizhai/new_zhongwang/trunk/staging_dir/host/include -ffloat-store -I/home/shizhai/new_zhongwang/trunk/staging_dir/host/include -I/home/shizhai/new_zhongwang/trunk/staging_dir/host/include -L/home/shizhai/new_zhongwang/trunk/staging_dir/host/lib -L/home/shizhai/new_zhongwang/trunk/staging_dir/host/lib conftest.c  -lm >&5
configure:6393: $? = 0
configure:6395: result: yes
configure:6408: checking for math/rint
configure:6428: gcc -o conftest -O2 -I/home/shizhai/new_zhongwang/trunk/staging_dir/host/include -ffloat-store -I/home/shizhai/new_zhongwang/trunk/staging_dir/host/include -I/home/shizhai/new_zhongwang/trunk/staging_dir/host/include -L/home/shizhai/new_zhongwang/trunk/staging_dir/host/lib -L/home/shizhai/new_zhongwang/trunk/staging_dir/host/lib conftest.c  -lm >&5
configure:6428: $? = 0
configure:6430: result: yes
configure:6448: checking for long double
configure:6448: gcc -c -O2 -I/home/shizhai/new_zhongwang/trunk/staging_dir/host/include -ffloat-store -I/home/shizhai/new_zhongwang/trunk/staging_dir/host/include -I/home/shizhai/new_zhongwang/trunk/staging_dir/host/include conftest.c >&5
configure:6448: $? = 0
configure:6448: gcc -c -O2 -I/home/shizhai/new_zhongwang/trunk/staging_dir/host/include -ffloat-store -I/home/shizhai/new_zhongwang/trunk/staging_dir/host/include -I/home/shizhai/new_zhongwang/trunk/staging_dir/host/include conftest.c >&5
conftest.c: In function 'main':
conftest.c:79:26: error: expected expression before ')' token
configure:6448: $? = 1
configure: failed program was:
| /* confdefs.h */
| #define PACKAGE_NAME "MPFR"
| #define PACKAGE_TARNAME "mpfr"
| #define PACKAGE_VERSION "3.1.2"
| #define PACKAGE_STRING "MPFR 3.1.2"
| #define PACKAGE_BUGREPORT ""
| #define PACKAGE_URL ""
| #define TIME_WITH_SYS_TIME 1
| #define STDC_HEADERS 1
| #define HAVE_SYS_TYPES_H 1
| #define HAVE_SYS_STAT_H 1
| #define HAVE_STDLIB_H 1
| #define HAVE_STRING_H 1
| #define HAVE_MEMORY_H 1
| #define HAVE_STRINGS_H 1
| #define HAVE_INTTYPES_H 1
| #define HAVE_STDINT_H 1
| #define HAVE_UNISTD_H 1
| #define HAVE_LOCALE_H 1
| #define HAVE_WCHAR_H 1
| #define HAVE_STDARG 1
| #define HAVE_SYS_TIME_H 1
| #define HAVE_ALLOCA_H 1
| #define HAVE_ALLOCA 1
| #define HAVE_STDINT_H 1
| #define HAVE_VA_COPY 1
| #define HAVE_MEMMOVE 1
| #define HAVE_MEMSET 1
| #define HAVE_SETLOCALE 1
| #define HAVE_STRTOL 1
| #define HAVE_GETTIMEOFDAY 1
| #define HAVE_LONG_LONG 1
| #define HAVE_INTMAX_T 1
| #define MPFR_HAVE_INTMAX_MAX 1
| #define MPFR_HAVE_FESETROUND 1
| #define HAVE_DENORMS 1
| #define HAVE_ROUND 1
| #define HAVE_TRUNC 1
| #define HAVE_FLOOR 1
| #define HAVE_CEIL 1
| #define HAVE_NEARBYINT 1
| /* end confdefs.h.  */
| #include <stdio.h>
| #ifdef HAVE_SYS_TYPES_H
| # include <sys/types.h>
| #endif
| #ifdef HAVE_SYS_STAT_H
| # include <sys/stat.h>
| #endif
| #ifdef STDC_HEADERS
| # include <stdlib.h>
| # include <stddef.h>
| #else
| # ifdef HAVE_STDLIB_H
| #  include <stdlib.h>
| # endif
| #endif
| #ifdef HAVE_STRING_H
| # if !defined STDC_HEADERS && defined HAVE_MEMORY_H
| #  include <memory.h>
| # endif
| # include <string.h>
| #endif
| #ifdef HAVE_STRINGS_H
| # include <strings.h>
| #endif
| #ifdef HAVE_INTTYPES_H
| # include <inttypes.h>
| #endif
| #ifdef HAVE_STDINT_H
| # include <stdint.h>
| #endif
| #ifdef HAVE_UNISTD_H
| # include <unistd.h>
| #endif
| int
| main ()
| {
| if (sizeof ((long double)))
| 	    return 0;
|   ;
|   return 0;
| }
configure:6448: result: yes
configure:6458: checking format of `long double' floating point
configure:6485: gcc -O2 -I/home/shizhai/new_zhongwang/trunk/staging_dir/host/include -ffloat-store -I/home/shizhai/new_zhongwang/trunk/staging_dir/host/include -I/home/shizhai/new_zhongwang/trunk/staging_dir/host/include -c conftest.c >&5 2>&1
configure:6488: $? = 0
configure:6760: result: IEEE extended, little endian
configure:6805: checking for TLS support
configure:6833: gcc -o conftest -O2 -I/home/shizhai/new_zhongwang/trunk/staging_dir/host/include -ffloat-store -I/home/shizhai/new_zhongwang/trunk/staging_dir/host/include -I/home/shizhai/new_zhongwang/trunk/staging_dir/host/include -I./src -L/home/shizhai/new_zhongwang/trunk/staging_dir/host/lib -L/home/shizhai/new_zhongwang/trunk/staging_dir/host/lib conftest.c  >&5
configure:6833: $? = 0
configure:6833: ./conftest
configure:6833: $? = 0
configure:6834: result: yes
configure:6862: checking for library containing clock_gettime
configure:6893: gcc -o conftest -O2 -I/home/shizhai/new_zhongwang/trunk/staging_dir/host/include -ffloat-store -I/home/shizhai/new_zhongwang/trunk/staging_dir/host/include -I/home/shizhai/new_zhongwang/trunk/staging_dir/host/include -L/home/shizhai/new_zhongwang/trunk/staging_dir/host/lib -L/home/shizhai/new_zhongwang/trunk/staging_dir/host/lib conftest.c  >&5
/tmp/ccgaQPEg.o: In function `main':
conftest.c:(.text.startup+0x7): undefined reference to `clock_gettime'
collect2: ld returned 1 exit status
configure:6893: $? = 1
configure: failed program was:
| /* confdefs.h */
| #define PACKAGE_NAME "MPFR"
| #define PACKAGE_TARNAME "mpfr"
| #define PACKAGE_VERSION "3.1.2"
| #define PACKAGE_STRING "MPFR 3.1.2"
| #define PACKAGE_BUGREPORT ""
| #define PACKAGE_URL ""
| #define TIME_WITH_SYS_TIME 1
| #define STDC_HEADERS 1
| #define HAVE_SYS_TYPES_H 1
| #define HAVE_SYS_STAT_H 1
| #define HAVE_STDLIB_H 1
| #define HAVE_STRING_H 1
| #define HAVE_MEMORY_H 1
| #define HAVE_STRINGS_H 1
| #define HAVE_INTTYPES_H 1
| #define HAVE_STDINT_H 1
| #define HAVE_UNISTD_H 1
| #define HAVE_LOCALE_H 1
| #define HAVE_WCHAR_H 1
| #define HAVE_STDARG 1
| #define HAVE_SYS_TIME_H 1
| #define HAVE_ALLOCA_H 1
| #define HAVE_ALLOCA 1
| #define HAVE_STDINT_H 1
| #define HAVE_VA_COPY 1
| #define HAVE_MEMMOVE 1
| #define HAVE_MEMSET 1
| #define HAVE_SETLOCALE 1
| #define HAVE_STRTOL 1
| #define HAVE_GETTIMEOFDAY 1
| #define HAVE_LONG_LONG 1
| #define HAVE_INTMAX_T 1
| #define MPFR_HAVE_INTMAX_MAX 1
| #define MPFR_HAVE_FESETROUND 1
| #define HAVE_DENORMS 1
| #define HAVE_ROUND 1
| #define HAVE_TRUNC 1
| #define HAVE_FLOOR 1
| #define HAVE_CEIL 1
| #define HAVE_NEARBYINT 1
| #define HAVE_LONG_DOUBLE 1
| #define HAVE_LDOUBLE_IEEE_EXT_LITTLE 1
| #define MPFR_USE_THREAD_SAFE 1
| /* end confdefs.h.  */
| 
| /* Override any GCC internal prototype to avoid an error.
|    Use char because int might match the return type of a GCC
|    builtin and then its argument prototype would still apply.  */
| #ifdef __cplusplus
| extern "C"
| #endif
| char clock_gettime ();
| int
| main ()
| {
| return clock_gettime ();
|   ;
|   return 0;
| }
configure:6893: gcc -o conftest -O2 -I/home/shizhai/new_zhongwang/trunk/staging_dir/host/include -ffloat-store -I/home/shizhai/new_zhongwang/trunk/staging_dir/host/include -I/home/shizhai/new_zhongwang/trunk/staging_dir/host/include -L/home/shizhai/new_zhongwang/trunk/staging_dir/host/lib -L/home/shizhai/new_zhongwang/trunk/staging_dir/host/lib conftest.c -lrt   >&5
configure:6893: $? = 0
configure:6910: result: -lrt
configure:6926: checking for gmp.h
configure:6934: gcc -c -O2 -I/home/shizhai/new_zhongwang/trunk/staging_dir/host/include -ffloat-store -I/home/shizhai/new_zhongwang/trunk/staging_dir/host/include -I/home/shizhai/new_zhongwang/trunk/staging_dir/host/include conftest.c >&5
configure:6934: $? = 0
configure:6935: result: yes
configure:7363: checking how to print strings
configure:7390: result: printf
configure:7411: checking for a sed that does not truncate output
configure:7475: result: /home/shizhai/new_zhongwang/trunk/staging_dir/host/bin/sed
configure:7492: checking for fgrep
configure:7554: result: /home/shizhai/new_zhongwang/trunk/staging_dir/host/bin/grep -F
configure:7589: checking for ld used by gcc
configure:7656: result: /usr/bin/ld
configure:7663: checking if the linker (/usr/bin/ld) is GNU ld
configure:7678: result: yes
configure:7690: checking for BSD- or MS-compatible name lister (nm)
configure:7739: result: /usr/bin/nm -B
configure:7869: checking the name lister (/usr/bin/nm -B) interface
configure:7876: gcc -c -O2 -I/home/shizhai/new_zhongwang/trunk/staging_dir/host/include -ffloat-store -I/home/shizhai/new_zhongwang/trunk/staging_dir/host/include -I/home/shizhai/new_zhongwang/trunk/staging_dir/host/include conftest.c >&5
configure:7879: /usr/bin/nm -B "conftest.o"
configure:7882: output
00000000 B some_variable
configure:7889: result: BSD nm
configure:7892: checking whether ln -s works
configure:7896: result: yes
configure:7904: checking the maximum length of command line arguments
configure:8029: result: 805306365
configure:8046: checking whether the shell understands some XSI constructs
configure:8056: result: yes
configure:8060: checking whether the shell understands "+="
configure:8066: result: yes
configure:8101: checking how to convert i686-pc-linux-gnu file names to i686-pc-linux-gnu format
configure:8141: result: func_convert_file_noop
configure:8148: checking how to convert i686-pc-linux-gnu file names to toolchain format
configure:8168: result: func_convert_file_noop
configure:8175: checking for /usr/bin/ld option to reload object files
configure:8182: result: -r
configure:8216: checking for i686-linux-gnu-objdump
configure:8243: result: objdump
configure:8312: checking how to recognize dependent libraries
configure:8514: result: pass_all
configure:8559: checking for i686-linux-gnu-dlltool
configure:8586: result: dlltool
configure:8656: checking how to associate runtime and link libraries
configure:8683: result: printf %s\n
configure:8699: checking for i686-linux-gnu-ar
configure:8729: result: no
configure:8743: checking for ar
configure:8759: found /usr/bin/ar
configure:8770: result: ar
configure:8807: checking for archiver @FILE support
configure:8824: gcc -c -O2 -I/home/shizhai/new_zhongwang/trunk/staging_dir/host/include -ffloat-store -I/home/shizhai/new_zhongwang/trunk/staging_dir/host/include -I/home/shizhai/new_zhongwang/trunk/staging_dir/host/include conftest.c >&5
configure:8824: $? = 0
configure:8827: ar cru libconftest.a @conftest.lst >&5
configure:8830: $? = 0
configure:8835: ar cru libconftest.a @conftest.lst >&5
ar: conftest.o: No such file or directory
configure:8838: $? = 1
configure:8850: result: @
configure:8868: checking for i686-linux-gnu-strip
configure:8898: result: no
configure:8908: checking for strip
configure:8924: found /usr/bin/strip
configure:8935: result: strip
configure:8967: checking for i686-linux-gnu-ranlib
configure:8997: result: no
configure:9007: checking for ranlib
configure:9023: found /usr/bin/ranlib
configure:9034: result: ranlib
configure:9135: checking command to parse /usr/bin/nm -B output from gcc object
configure:9254: gcc -c -O2 -I/home/shizhai/new_zhongwang/trunk/staging_dir/host/include -ffloat-store -I/home/shizhai/new_zhongwang/trunk/staging_dir/host/include -I/home/shizhai/new_zhongwang/trunk/staging_dir/host/include conftest.c >&5
configure:9257: $? = 0
configure:9261: /usr/bin/nm -B conftest.o \| sed -n -e 's/^.*[ ]\([ABCDGIRSTW][ABCDGIRSTW]*\)[ ][ ]*\([_A-Za-z][_A-Za-z0-9]*\)$/\1 \2 \2/p' | sed '/ __gnu_lto/d' \> conftest.nm
configure:9264: $? = 0
configure:9330: gcc -o conftest -O2 -I/home/shizhai/new_zhongwang/trunk/staging_dir/host/include -ffloat-store -I/home/shizhai/new_zhongwang/trunk/staging_dir/host/include -I/home/shizhai/new_zhongwang/trunk/staging_dir/host/include -L/home/shizhai/new_zhongwang/trunk/staging_dir/host/lib -L/home/shizhai/new_zhongwang/trunk/staging_dir/host/lib conftest.c conftstm.o >&5
configure:9333: $? = 0
configure:9371: result: ok
configure:9408: checking for sysroot
configure:9438: result: no
configure:9641: checking for i686-linux-gnu-mt
configure:9671: result: no
configure:9681: checking for mt
configure:9697: found /bin/mt
configure:9708: result: mt
configure:9731: checking if mt is a manifest tool
configure:9737: mt '-?'
configure:9745: result: no
configure:10374: checking for dlfcn.h
configure:10374: gcc -c -O2 -I/home/shizhai/new_zhongwang/trunk/staging_dir/host/include -ffloat-store -I/home/shizhai/new_zhongwang/trunk/staging_dir/host/include -I/home/shizhai/new_zhongwang/trunk/staging_dir/host/include conftest.c >&5
configure:10374: $? = 0
configure:10374: result: yes
configure:10559: checking for objdir
configure:10574: result: .libs
configure:10840: checking if gcc supports -fno-rtti -fno-exceptions
configure:10858: gcc -c -O2 -I/home/shizhai/new_zhongwang/trunk/staging_dir/host/include -ffloat-store -I/home/shizhai/new_zhongwang/trunk/staging_dir/host/include -I/home/shizhai/new_zhongwang/trunk/staging_dir/host/include -fno-rtti -fno-exceptions conftest.c >&5
cc1: warning: command line option '-fno-rtti' is valid for C++/ObjC++ but not for C [enabled by default]
configure:10862: $? = 0
configure:10875: result: no
configure:11185: checking for gcc option to produce PIC
configure:11192: result: -fPIC -DPIC
configure:11200: checking if gcc PIC flag -fPIC -DPIC works
configure:11218: gcc -c -O2 -I/home/shizhai/new_zhongwang/trunk/staging_dir/host/include -ffloat-store -I/home/shizhai/new_zhongwang/trunk/staging_dir/host/include -I/home/shizhai/new_zhongwang/trunk/staging_dir/host/include -fPIC -DPIC -DPIC conftest.c >&5
configure:11222: $? = 0
configure:11235: result: yes
configure:11264: checking if gcc static flag -static works
configure:11292: result: yes
configure:11307: checking if gcc supports -c -o file.o
configure:11328: gcc -c -O2 -I/home/shizhai/new_zhongwang/trunk/staging_dir/host/include -ffloat-store -I/home/shizhai/new_zhongwang/trunk/staging_dir/host/include -I/home/shizhai/new_zhongwang/trunk/staging_dir/host/include -o out/conftest2.o conftest.c >&5
configure:11332: $? = 0
configure:11354: result: yes
configure:11362: checking if gcc supports -c -o file.o
configure:11409: result: yes
configure:11442: checking whether the gcc linker (/usr/bin/ld) supports shared libraries
configure:12600: result: yes
configure:12845: checking dynamic linker characteristics
configure:13359: gcc -o conftest -O2 -I/home/shizhai/new_zhongwang/trunk/staging_dir/host/include -ffloat-store -I/home/shizhai/new_zhongwang/trunk/staging_dir/host/include -I/home/shizhai/new_zhongwang/trunk/staging_dir/host/include -L/home/shizhai/new_zhongwang/trunk/staging_dir/host/lib -L/home/shizhai/new_zhongwang/trunk/staging_dir/host/lib -Wl,-rpath -Wl,/foo conftest.c  >&5
configure:13359: $? = 0
configure:13581: result: GNU/Linux ld.so
configure:13688: checking how to hardcode library paths into programs
configure:13713: result: immediate
configure:14253: checking whether stripping libraries is possible
configure:14258: result: yes
configure:14293: checking if libtool supports shared libraries
configure:14295: result: yes
configure:14298: checking whether to build shared libraries
configure:14319: result: no
configure:14322: checking whether to build static libraries
configure:14326: result: yes
configure:14364: checking whether gcc __attribute__ ((mode (XX))) works
configure:14380: gcc -c -O2 -I/home/shizhai/new_zhongwang/trunk/staging_dir/host/include -ffloat-store -I/home/shizhai/new_zhongwang/trunk/staging_dir/host/include -I/home/shizhai/new_zhongwang/trunk/staging_dir/host/include conftest.c >&5
configure:14380: $? = 0
configure:14388: result: yes
configure:14399: checking for recent GMP
configure:14411: gcc -c -O2 -I/home/shizhai/new_zhongwang/trunk/staging_dir/host/include -ffloat-store -I/home/shizhai/new_zhongwang/trunk/staging_dir/host/include -I/home/shizhai/new_zhongwang/trunk/staging_dir/host/include conftest.c >&5
configure:14411: $? = 0
configure:14412: result: yes
configure:14496: checking for __gmpz_init in -lgmp
configure:14521: gcc -o conftest -O2 -I/home/shizhai/new_zhongwang/trunk/staging_dir/host/include -ffloat-store -I/home/shizhai/new_zhongwang/trunk/staging_dir/host/include -I/home/shizhai/new_zhongwang/trunk/staging_dir/host/include -L/home/shizhai/new_zhongwang/trunk/staging_dir/host/lib -L/home/shizhai/new_zhongwang/trunk/staging_dir/host/lib conftest.c -lgmp   >&5
configure:14521: $? = 0
configure:14530: result: yes
configure:14540: checking if gmp.h version and libgmp version are the same
configure:14576: gcc -o conftest -O2 -I/home/shizhai/new_zhongwang/trunk/staging_dir/host/include -ffloat-store -I/home/shizhai/new_zhongwang/trunk/staging_dir/host/include -I/home/shizhai/new_zhongwang/trunk/staging_dir/host/include -L/home/shizhai/new_zhongwang/trunk/staging_dir/host/lib -L/home/shizhai/new_zhongwang/trunk/staging_dir/host/lib conftest.c -lgmp  >&5
configure:14576: $? = 0
configure:14576: ./conftest
configure:14576: $? = 0
configure:14577: result: yes
configure:14582: checking if gmp_printf supports "%jd"
configure:14618: gcc -o conftest -O2 -I/home/shizhai/new_zhongwang/trunk/staging_dir/host/include -ffloat-store -I/home/shizhai/new_zhongwang/trunk/staging_dir/host/include -I/home/shizhai/new_zhongwang/trunk/staging_dir/host/include -L/home/shizhai/new_zhongwang/trunk/staging_dir/host/lib -L/home/shizhai/new_zhongwang/trunk/staging_dir/host/lib conftest.c -lgmp  >&5
configure:14618: $? = 0
configure:14618: ./conftest
configure:14618: $? = 0
configure:14619: result: yes
configure:14637: checking if gmp_printf supports "%hhd"
configure:14668: gcc -o conftest -O2 -I/home/shizhai/new_zhongwang/trunk/staging_dir/host/include -ffloat-store -I/home/shizhai/new_zhongwang/trunk/staging_dir/host/include -I/home/shizhai/new_zhongwang/trunk/staging_dir/host/include -L/home/shizhai/new_zhongwang/trunk/staging_dir/host/lib -L/home/shizhai/new_zhongwang/trunk/staging_dir/host/lib conftest.c -lgmp  >&5
configure:14668: $? = 0
configure:14668: ./conftest
configure:14668: $? = 0
configure:14669: result: yes
configure:14686: checking if gmp_printf supports "%lld"
configure:14717: gcc -o conftest -O2 -I/home/shizhai/new_zhongwang/trunk/staging_dir/host/include -ffloat-store -I/home/shizhai/new_zhongwang/trunk/staging_dir/host/include -I/home/shizhai/new_zhongwang/trunk/staging_dir/host/include -L/home/shizhai/new_zhongwang/trunk/staging_dir/host/lib -L/home/shizhai/new_zhongwang/trunk/staging_dir/host/lib conftest.c -lgmp  >&5
configure:14717: $? = 0
configure:14717: ./conftest
configure:14717: $? = 0
configure:14718: result: yes
configure:14735: checking if gmp_printf supports "%Lf"
configure:14766: gcc -o conftest -O2 -I/home/shizhai/new_zhongwang/trunk/staging_dir/host/include -ffloat-store -I/home/shizhai/new_zhongwang/trunk/staging_dir/host/include -I/home/shizhai/new_zhongwang/trunk/staging_dir/host/include -L/home/shizhai/new_zhongwang/trunk/staging_dir/host/lib -L/home/shizhai/new_zhongwang/trunk/staging_dir/host/lib conftest.c -lgmp  >&5
configure:14766: $? = 0
configure:14766: ./conftest
configure:14766: $? = 0
configure:14767: result: yes
configure:14784: checking if gmp_printf supports "%td"
configure:14820: gcc -o conftest -O2 -I/home/shizhai/new_zhongwang/trunk/staging_dir/host/include -ffloat-store -I/home/shizhai/new_zhongwang/trunk/staging_dir/host/include -I/home/shizhai/new_zhongwang/trunk/staging_dir/host/include -L/home/shizhai/new_zhongwang/trunk/staging_dir/host/lib -L/home/shizhai/new_zhongwang/trunk/staging_dir/host/lib conftest.c -lgmp  >&5
configure:14820: $? = 0
configure:14820: ./conftest
configure:14820: $? = 0
configure:14821: result: yes
configure:14871: checking for __gmpn_rootrem
configure:14871: gcc -o conftest -O2 -I/home/shizhai/new_zhongwang/trunk/staging_dir/host/include -ffloat-store -I/home/shizhai/new_zhongwang/trunk/staging_dir/host/include -I/home/shizhai/new_zhongwang/trunk/staging_dir/host/include -L/home/shizhai/new_zhongwang/trunk/staging_dir/host/lib -L/home/shizhai/new_zhongwang/trunk/staging_dir/host/lib conftest.c -lgmp  >&5
configure:14871: $? = 0
configure:14871: result: yes
configure:14871: checking for __gmpn_sbpi1_divappr_q
configure:14871: gcc -o conftest -O2 -I/home/shizhai/new_zhongwang/trunk/staging_dir/host/include -ffloat-store -I/home/shizhai/new_zhongwang/trunk/staging_dir/host/include -I/home/shizhai/new_zhongwang/trunk/staging_dir/host/include -L/home/shizhai/new_zhongwang/trunk/staging_dir/host/lib -L/home/shizhai/new_zhongwang/trunk/staging_dir/host/lib conftest.c -lgmp  >&5
configure:14871: $? = 0
configure:14871: result: yes
configure:15081: creating ./config.status

## ---------------------- ##
## Running config.status. ##
## ---------------------- ##

This file was extended by MPFR config.status 3.1.2, which was
generated by GNU Autoconf 2.68.  Invocation command line was

  CONFIG_FILES    = 
  CONFIG_HEADERS  = 
  CONFIG_LINKS    = 
  CONFIG_COMMANDS = 
  $ ./config.status 

on shizhai-Founder-PC

config.status:1027: creating Makefile
config.status:1027: creating doc/Makefile
config.status:1027: creating src/Makefile
config.status:1027: creating tests/Makefile
config.status:1027: creating tune/Makefile
config.status:1027: creating src/mparam.h
config.status:1199: executing depfiles commands
config.status:1199: executing libtool commands

## ---------------- ##
## Cache variables. ##
## ---------------- ##

ac_cv_build=i686-pc-linux-gnu
ac_cv_c_compiler_gnu=yes
ac_cv_c_const=yes
ac_cv_c_volatile=yes
ac_cv_env_CC_set=set
ac_cv_env_CC_value=gcc
ac_cv_env_CFLAGS_set=set
ac_cv_env_CFLAGS_value='-O2 -I/home/shizhai/new_zhongwang/trunk/staging_dir/host/include'
ac_cv_env_CPPFLAGS_set=set
ac_cv_env_CPPFLAGS_value=-I/home/shizhai/new_zhongwang/trunk/staging_dir/host/include
ac_cv_env_CPP_set=
ac_cv_env_CPP_value=
ac_cv_env_LDFLAGS_set=set
ac_cv_env_LDFLAGS_value=-L/home/shizhai/new_zhongwang/trunk/staging_dir/host/lib
ac_cv_env_LIBS_set=
ac_cv_env_LIBS_value=
ac_cv_env_build_alias_set=set
ac_cv_env_build_alias_value=i686-linux-gnu
ac_cv_env_host_alias_set=set
ac_cv_env_host_alias_value=i686-linux-gnu
ac_cv_env_target_alias_set=set
ac_cv_env_target_alias_value=i686-linux-gnu
ac_cv_func___gmpn_rootrem=yes
ac_cv_func___gmpn_sbpi1_divappr_q=yes
ac_cv_func_alloca_works=yes
ac_cv_func_gettimeofday=yes
ac_cv_func_memmove=yes
ac_cv_func_memset=yes
ac_cv_func_setlocale=yes
ac_cv_func_strtol=yes
ac_cv_header_dlfcn_h=yes
ac_cv_header_float_h=yes
ac_cv_header_inttypes_h=yes
ac_cv_header_limits_h=yes
ac_cv_header_locale_h=yes
ac_cv_header_memory_h=yes
ac_cv_header_stdarg_h=yes
ac_cv_header_stdc=yes
ac_cv_header_stdint_h=yes
ac_cv_header_stdlib_h=yes
ac_cv_header_string_h=yes
ac_cv_header_strings_h=yes
ac_cv_header_sys_fpu_h=no
ac_cv_header_sys_stat_h=yes
ac_cv_header_sys_time_h=yes
ac_cv_header_sys_types_h=yes
ac_cv_header_time=yes
ac_cv_header_unistd_h=yes
ac_cv_header_wchar_h=yes
ac_cv_host=i686-pc-linux-gnu
ac_cv_lib_gmp___gmpz_init=yes
ac_cv_lib_m_main=yes
ac_cv_objext=o
ac_cv_path_EGREP='/home/shizhai/new_zhongwang/trunk/staging_dir/host/bin/grep -E'
ac_cv_path_FGREP='/home/shizhai/new_zhongwang/trunk/staging_dir/host/bin/grep -F'
ac_cv_path_GREP=/home/shizhai/new_zhongwang/trunk/staging_dir/host/bin/grep
ac_cv_path_SED=/home/shizhai/new_zhongwang/trunk/staging_dir/host/bin/sed
ac_cv_path_install='/usr/bin/install -c'
ac_cv_path_mkdir=/bin/mkdir
ac_cv_prog_AWK=gawk
ac_cv_prog_CC=gcc
ac_cv_prog_CPP='gcc -E'
ac_cv_prog_DLLTOOL=dlltool
ac_cv_prog_OBJDUMP=objdump
ac_cv_prog_ac_ct_AR=ar
ac_cv_prog_ac_ct_MANIFEST_TOOL=mt
ac_cv_prog_ac_ct_RANLIB=ranlib
ac_cv_prog_ac_ct_STRIP=strip
ac_cv_prog_cc_c89=
ac_cv_prog_cc_g=yes
ac_cv_prog_cc_gcc_c_o=yes
ac_cv_prog_make_make_set=yes
ac_cv_search_clock_gettime=-lrt
ac_cv_type_intmax_t=yes
ac_cv_type_long_double=yes
ac_cv_type_long_long_int=yes
ac_cv_type_size_t=yes
ac_cv_type_union_fpc_csr=no
ac_cv_working_alloca_h=yes
am_cv_CC_dependencies_compiler_type=gcc3
gl_cv_size_max=yes
gmp_cv_c_attribute_mode=yes
lt_cv_ar_at_file=@
lt_cv_deplibs_check_method=pass_all
lt_cv_file_magic_cmd='$MAGIC_CMD'
lt_cv_file_magic_test_file=
lt_cv_ld_reload_flag=-r
lt_cv_nm_interface='BSD nm'
lt_cv_objdir=.libs
lt_cv_path_LD=/usr/bin/ld
lt_cv_path_NM='/usr/bin/nm -B'
lt_cv_path_mainfest_tool=no
lt_cv_prog_compiler_c_o=yes
lt_cv_prog_compiler_pic='-fPIC -DPIC'
lt_cv_prog_compiler_pic_works=yes
lt_cv_prog_compiler_rtti_exceptions=no
lt_cv_prog_compiler_static_works=yes
lt_cv_prog_gnu_ld=yes
lt_cv_sharedlib_from_linklib_cmd='printf %s\n'
lt_cv_shlibpath_overrides_runpath=no
lt_cv_sys_global_symbol_pipe='sed -n -e '\''s/^.*[	 ]\([ABCDGIRSTW][ABCDGIRSTW]*\)[	 ][	 ]*\([_A-Za-z][_A-Za-z0-9]*\)$/\1 \2 \2/p'\'' | sed '\''/ __gnu_lto/d'\'''
lt_cv_sys_global_symbol_to_c_name_address='sed -n -e '\''s/^: \([^ ]*\)[ ]*$/  {\"\1\", (void *) 0},/p'\'' -e '\''s/^[ABCDGIRSTW]* \([^ ]*\) \([^ ]*\)$/  {"\2", (void *) \&\2},/p'\'''
lt_cv_sys_global_symbol_to_c_name_address_lib_prefix='sed -n -e '\''s/^: \([^ ]*\)[ ]*$/  {\"\1\", (void *) 0},/p'\'' -e '\''s/^[ABCDGIRSTW]* \([^ ]*\) \(lib[^ ]*\)$/  {"\2", (void *) \&\2},/p'\'' -e '\''s/^[ABCDGIRSTW]* \([^ ]*\) \([^ ]*\)$/  {"lib\2", (void *) \&\2},/p'\'''
lt_cv_sys_global_symbol_to_cdecl='sed -n -e '\''s/^T .* \(.*\)$/extern int \1();/p'\'' -e '\''s/^[ABCDGIRSTW]* .* \(.*\)$/extern char \1;/p'\'''
lt_cv_sys_max_cmd_len=805306365
lt_cv_to_host_file_cmd=func_convert_file_noop
lt_cv_to_tool_file_cmd=func_convert_file_noop
mpfr_cv_c_long_double_format='IEEE extended, little endian'
mpfr_cv_errdivzero=no
mpfr_cv_gcc_floatconv_bug='yes, use -ffloat-store'
mpfr_cv_have_denorms=yes
mpfr_cv_have_fesetround=yes
mpfr_cv_have_intmax_max=yes
mpfr_cv_nanisnan=no

## ----------------- ##
## Output variables. ##
## ----------------- ##

ACLOCAL='${SHELL} /home/shizhai/new_zhongwang/trunk/build_dir/host/mpfr-3.1.2/missing --run aclocal-1.11'
ALLOCA=''
AMDEPBACKSLASH='\'
AMDEP_FALSE='#'
AMDEP_TRUE=''
AMTAR='$${TAR-tar}'
AR='ar'
AS='as'
AUTOCONF='${SHELL} /home/shizhai/new_zhongwang/trunk/build_dir/host/mpfr-3.1.2/missing --run autoconf'
AUTOHEADER='${SHELL} /home/shizhai/new_zhongwang/trunk/build_dir/host/mpfr-3.1.2/missing --run autoheader'
AUTOMAKE='${SHELL} /home/shizhai/new_zhongwang/trunk/build_dir/host/mpfr-3.1.2/missing --run automake-1.11'
AWK='gawk'
CC='gcc'
CCDEPMODE='depmode=gcc3'
CFLAGS='-O2 -I/home/shizhai/new_zhongwang/trunk/staging_dir/host/include -ffloat-store'
CPP='gcc -E'
CPPFLAGS='-I/home/shizhai/new_zhongwang/trunk/staging_dir/host/include -I/home/shizhai/new_zhongwang/trunk/staging_dir/host/include'
CYGPATH_W='echo'
DATAFILES=''
DEFS='-DTIME_WITH_SYS_TIME=1 -DHAVE_INTTYPES_H=1 -DHAVE_STDINT_H=1 -DHAVE_LOCALE_H=1 -DHAVE_WCHAR_H=1 -DHAVE_STDARG=1 -DHAVE_SYS_TIME_H=1 -DHAVE_ALLOCA_H=1 -DHAVE_STDINT_H=1 -DHAVE_VA_COPY=1 -DHAVE_SETLOCALE=1 -DHAVE_GETTIMEOFDAY=1 -DHAVE_LONG_LONG=1 -DHAVE_INTMAX_T=1 -DMPFR_HAVE_INTMAX_MAX=1 -DMPFR_HAVE_FESETROUND=1 -DHAVE_DENORMS=1 -DHAVE_ROUND=1 -DHAVE_TRUNC=1 -DHAVE_FLOOR=1 -DHAVE_CEIL=1 -DHAVE_NEARBYINT=1 -DHAVE_LDOUBLE_IEEE_EXT_LITTLE=1 -DMPFR_USE_THREAD_SAFE=1 -DHAVE_CLOCK_GETTIME=1 -DLT_OBJDIR=\".libs/\" -DHAVE_ATTRIBUTE_MODE=1 -DHAVE___GMPN_ROOTREM=1 -DHAVE___GMPN_SBPI1_DIVAPPR_Q=1'
DEPDIR='.deps'
DLLTOOL='dlltool'
DSYMUTIL=''
DUMPBIN=''
ECHO_C=''
ECHO_N='-n'
ECHO_T=''
EGREP='/home/shizhai/new_zhongwang/trunk/staging_dir/host/bin/grep -E'
EXEEXT=''
FGREP='/home/shizhai/new_zhongwang/trunk/staging_dir/host/bin/grep -F'
GREP='/home/shizhai/new_zhongwang/trunk/staging_dir/host/bin/grep'
INSTALL_DATA='${INSTALL} -m 644'
INSTALL_PROGRAM='${INSTALL}'
INSTALL_SCRIPT='${INSTALL}'
INSTALL_STRIP_PROGRAM='$(install_sh) -c -s'
LD='/usr/bin/ld'
LDFLAGS='-L/home/shizhai/new_zhongwang/trunk/staging_dir/host/lib -L/home/shizhai/new_zhongwang/trunk/staging_dir/host/lib'
LIBMPFR_LDFLAGS=''
LIBOBJS=''
LIBS='-lgmp '
LIBTOOL='$(SHELL) $(top_builddir)/libtool'
LIPO=''
LN_S='ln -s'
LTLIBOBJS=''
MAINT=''
MAINTAINER_MODE_FALSE='#'
MAINTAINER_MODE_TRUE=''
MAKEINFO='${SHELL} /home/shizhai/new_zhongwang/trunk/build_dir/host/mpfr-3.1.2/missing --run makeinfo'
MANIFEST_TOOL=':'
MKDIR_P='/bin/mkdir -p'
MPFR_LDFLAGS=''
MPFR_LIBM='-lm'
NM='/usr/bin/nm -B'
NMEDIT=''
OBJDUMP='objdump'
OBJEXT='o'
OTOOL64=''
OTOOL=''
PACKAGE='mpfr'
PACKAGE_BUGREPORT=''
PACKAGE_NAME='MPFR'
PACKAGE_STRING='MPFR 3.1.2'
PACKAGE_TARNAME='mpfr'
PACKAGE_URL=''
PACKAGE_VERSION='3.1.2'
PATH_SEPARATOR=':'
RANLIB='ranlib'
SED='/home/shizhai/new_zhongwang/trunk/staging_dir/host/bin/sed'
SET_MAKE=''
SHELL='/bin/bash'
STRIP='strip'
TUNE_LIBS='-lrt '
VERSION='3.1.2'
ac_ct_AR='ar'
ac_ct_CC=''
ac_ct_DUMPBIN=''
am__EXEEXT_FALSE=''
am__EXEEXT_TRUE='#'
am__fastdepCC_FALSE='#'
am__fastdepCC_TRUE=''
am__include='include'
am__isrc=''
am__leading_dot='.'
am__nodep='_no'
am__quote=''
am__tar='$${TAR-tar} chof - "$$tardir"'
am__untar='$${TAR-tar} xf -'
bindir='${exec_prefix}/bin'
build='i686-pc-linux-gnu'
build_alias='i686-linux-gnu'
build_cpu='i686'
build_os='linux-gnu'
build_vendor='pc'
datadir='${datarootdir}'
datarootdir='${prefix}/share'
docdir='${datarootdir}/doc/${PACKAGE_TARNAME}'
dvidir='${docdir}'
exec_prefix='/home/shizhai/new_zhongwang/trunk/staging_dir/host'
host='i686-pc-linux-gnu'
host_alias='i686-linux-gnu'
host_cpu='i686'
host_os='linux-gnu'
host_vendor='pc'
htmldir='${docdir}'
includedir='${prefix}/include'
infodir='${datarootdir}/info'
install_sh='${SHELL} /home/shizhai/new_zhongwang/trunk/build_dir/host/mpfr-3.1.2/install-sh'
libdir='${exec_prefix}/lib'
libexecdir='${exec_prefix}/libexec'
localedir='${datarootdir}/locale'
localstatedir='/home/shizhai/new_zhongwang/trunk/staging_dir/host/var'
mandir='${datarootdir}/man'
mkdir_p='/bin/mkdir -p'
oldincludedir='/usr/include'
pdfdir='${docdir}'
prefix='/home/shizhai/new_zhongwang/trunk/staging_dir/host'
program_transform_name='s&$$&&;s&^&&'
psdir='${docdir}'
sbindir='/home/shizhai/new_zhongwang/trunk/staging_dir/host/bin'
sharedstatedir='${prefix}/com'
sysconfdir='/home/shizhai/new_zhongwang/trunk/staging_dir/host/etc'
target_alias='i686-linux-gnu'

## ----------- ##
## confdefs.h. ##
## ----------- ##

/* confdefs.h */
#define TIME_WITH_SYS_TIME 1
#define HAVE_INTTYPES_H 1
#define HAVE_STDINT_H 1
#define HAVE_LOCALE_H 1
#define HAVE_WCHAR_H 1
#define HAVE_STDARG 1
#define HAVE_SYS_TIME_H 1
#define HAVE_ALLOCA_H 1
#define HAVE_STDINT_H 1
#define HAVE_VA_COPY 1
#define HAVE_SETLOCALE 1
#define HAVE_GETTIMEOFDAY 1
#define HAVE_LONG_LONG 1
#define HAVE_INTMAX_T 1
#define MPFR_HAVE_INTMAX_MAX 1
#define MPFR_HAVE_FESETROUND 1
#define HAVE_DENORMS 1
#define HAVE_ROUND 1
#define HAVE_TRUNC 1
#define HAVE_FLOOR 1
#define HAVE_CEIL 1
#define HAVE_NEARBYINT 1
#define HAVE_LDOUBLE_IEEE_EXT_LITTLE 1
#define MPFR_USE_THREAD_SAFE 1
#define HAVE_CLOCK_GETTIME 1
#define LT_OBJDIR ".libs/"
#define HAVE_ATTRIBUTE_MODE 1
#define HAVE___GMPN_ROOTREM 1
#define HAVE___GMPN_SBPI1_DIVAPPR_Q 1

configure: exit 0
