This file contains any messages produced by compilers while
running configure, to aid debugging if configure makes a mistake.

It was created by the fast lexical analyser generator configure 2.5.37, which was
generated by GNU Autoconf 2.65.  Invocation command line was

  $ ./configure CC=gcc CFLAGS=-O2 -I/home/shizhai/new_zhongwang/trunk/staging_dir/host/include CPPFLAGS=-I/home/shizhai/new_zhongwang/trunk/staging_dir/host/include LDFLAGS=-L/home/shizhai/new_zhongwang/trunk/staging_dir/host/lib  SHELL=/bin/bash --target=i686-linux-gnu --host=i686-linux-gnu --build=i686-linux-gnu --program-prefix= --program-suffix= --prefix=/home/shizhai/new_zhongwang/trunk/staging_dir/host --exec-prefix=/home/shizhai/new_zhongwang/trunk/staging_dir/host --sysconfdir=/home/shizhai/new_zhongwang/trunk/staging_dir/host/etc --localstatedir=/home/shizhai/new_zhongwang/trunk/staging_dir/host/var --sbindir=/home/shizhai/new_zhongwang/trunk/staging_dir/host/bin

## --------- ##
## Platform. ##
## --------- ##

hostname = shizhai-Founder-PC
uname -m = i686
uname -r = 3.2.0-67-generic-pae
uname -s = Linux
uname -v = #101-Ubuntu SMP Tue Jul 15 18:04:54 UTC 2014

/usr/bin/uname -p = unknown
/bin/uname -X     = unknown

/bin/arch              = unknown
/usr/bin/arch -k       = unknown
/usr/convex/getsysinfo = unknown
/usr/bin/hostinfo      = unknown
/bin/machine           = unknown
/usr/bin/oslevel       = unknown
/bin/universe          = unknown

PATH: /home/shizhai/new_zhongwang/trunk/staging_dir/toolchain-mips_r2_gcc-4.6-linaro_uClibc-0.9.33.2/bin
PATH: /home/shizhai/new_zhongwang/trunk/staging_dir/host/bin
PATH: /home/shizhai/new_zhongwang/trunk/staging_dir/toolchain-mips_r2_gcc-4.6-linaro_uClibc-0.9.33.2/bin
PATH: /home/shizhai/new_zhongwang/trunk/staging_dir/host/bin
PATH: /home/shizhai/new_zhongwang/trunk/staging_dir/toolchain-mips_r2_gcc-4.6-linaro_uClibc-0.9.33.2/bin
PATH: /home/shizhai/new_zhongwang/trunk/staging_dir/host/bin
PATH: /usr/lib/lightdm/lightdm
PATH: /usr/local/sbin
PATH: /usr/local/bin
PATH: /usr/sbin
PATH: /usr/bin
PATH: /sbin
PATH: /bin
PATH: /usr/games
PATH: /usr/local/mips/OpenWrt-Toolchain-ar71xx-for-mips_r2-gcc-4.6-linaro_uClibc-0.9.33.2/toolchain-mips_r2_gcc-4.6-linaro_uClibc-0.9.33.2/bin


## ----------- ##
## Core tests. ##
## ----------- ##

configure:2310: checking for a BSD-compatible install
configure:2378: result: /usr/bin/install -c
configure:2389: checking whether build environment is sane
configure:2439: result: yes
configure:2580: checking for a thread-safe mkdir -p
configure:2619: result: /bin/mkdir -p
configure:2632: checking for gawk
configure:2648: found /usr/bin/gawk
configure:2659: result: gawk
configure:2670: checking whether make sets $(MAKE)
configure:2692: result: yes
configure:2792: checking whether NLS is requested
configure:2801: result: yes
configure:2839: checking for msgfmt
configure:2870: result: /usr/bin/msgfmt
configure:2879: checking for gmsgfmt
configure:2910: result: /usr/bin/msgfmt
configure:2950: checking for xgettext
configure:2981: result: /usr/bin/xgettext
configure:3021: checking for msgmerge
configure:3051: result: /usr/bin/msgmerge
configure:3114: checking for style of include used by make
configure:3142: result: GNU
configure:3172: checking for i686-linux-gnu-gcc
configure:3199: result: gcc
configure:3468: checking for C compiler version
configure:3477: gcc --version >&5
gcc (Ubuntu/Linaro 4.6.3-1ubuntu5) 4.6.3
Copyright (C) 2011 Free Software Foundation, Inc.
This is free software; see the source for copying conditions.  There is NO
warranty; not even for MERCHANTABILITY or FITNESS FOR A PARTICULAR PURPOSE.

configure:3488: $? = 0
configure:3477: gcc -v >&5
Using built-in specs.
COLLECT_GCC=gcc
COLLECT_LTO_WRAPPER=/usr/lib/gcc/i686-linux-gnu/4.6/lto-wrapper
Target: i686-linux-gnu
Configured with: ../src/configure -v --with-pkgversion='Ubuntu/Linaro 4.6.3-1ubuntu5' --with-bugurl=file:///usr/share/doc/gcc-4.6/README.Bugs --enable-languages=c,c++,fortran,objc,obj-c++ --prefix=/usr --program-suffix=-4.6 --enable-shared --enable-linker-build-id --with-system-zlib --libexecdir=/usr/lib --without-included-gettext --enable-threads=posix --with-gxx-include-dir=/usr/include/c++/4.6 --libdir=/usr/lib --enable-nls --with-sysroot=/ --enable-clocale=gnu --enable-libstdcxx-debug --enable-libstdcxx-time=yes --enable-gnu-unique-object --enable-plugin --enable-objc-gc --enable-targets=all --disable-werror --with-arch-32=i686 --with-tune=generic --enable-checking=release --build=i686-linux-gnu --host=i686-linux-gnu --target=i686-linux-gnu
Thread model: posix
gcc version 4.6.3 (Ubuntu/Linaro 4.6.3-1ubuntu5) 
configure:3488: $? = 0
configure:3477: gcc -V >&5
gcc: error: unrecognized option '-V'
gcc: fatal error: no input files
compilation terminated.
configure:3488: $? = 4
configure:3477: gcc -qversion >&5
gcc: error: unrecognized option '-qversion'
gcc: fatal error: no input files
compilation terminated.
configure:3488: $? = 4
configure:3508: checking whether the C compiler works
configure:3530: gcc -O2 -I/home/shizhai/new_zhongwang/trunk/staging_dir/host/include -I/home/shizhai/new_zhongwang/trunk/staging_dir/host/include -L/home/shizhai/new_zhongwang/trunk/staging_dir/host/lib  conftest.c  >&5
configure:3534: $? = 0
configure:3583: result: yes
configure:3586: checking for C compiler default output file name
configure:3588: result: a.out
configure:3594: checking for suffix of executables
configure:3601: gcc -o conftest -O2 -I/home/shizhai/new_zhongwang/trunk/staging_dir/host/include -I/home/shizhai/new_zhongwang/trunk/staging_dir/host/include -L/home/shizhai/new_zhongwang/trunk/staging_dir/host/lib  conftest.c  >&5
configure:3605: $? = 0
configure:3627: result: 
configure:3649: checking whether we are cross compiling
configure:3657: gcc -o conftest -O2 -I/home/shizhai/new_zhongwang/trunk/staging_dir/host/include -I/home/shizhai/new_zhongwang/trunk/staging_dir/host/include -L/home/shizhai/new_zhongwang/trunk/staging_dir/host/lib  conftest.c  >&5
configure:3661: $? = 0
configure:3668: ./conftest
configure:3672: $? = 0
configure:3687: result: no
configure:3692: checking for suffix of object files
configure:3714: gcc -c -O2 -I/home/shizhai/new_zhongwang/trunk/staging_dir/host/include -I/home/shizhai/new_zhongwang/trunk/staging_dir/host/include conftest.c >&5
configure:3718: $? = 0
configure:3739: result: o
configure:3743: checking whether we are using the GNU C compiler
configure:3762: gcc -c -O2 -I/home/shizhai/new_zhongwang/trunk/staging_dir/host/include -I/home/shizhai/new_zhongwang/trunk/staging_dir/host/include conftest.c >&5
configure:3762: $? = 0
configure:3771: result: yes
configure:3780: checking whether gcc accepts -g
configure:3800: gcc -c -g -I/home/shizhai/new_zhongwang/trunk/staging_dir/host/include conftest.c >&5
configure:3800: $? = 0
configure:3841: result: yes
configure:3858: checking for gcc option to accept ISO C89
configure:3922: gcc  -c -O2 -I/home/shizhai/new_zhongwang/trunk/staging_dir/host/include -I/home/shizhai/new_zhongwang/trunk/staging_dir/host/include conftest.c >&5
configure:3922: $? = 0
configure:3935: result: none needed
configure:3957: checking dependency style of gcc
configure:4067: result: gcc3
configure:4086: checking build system type
configure:4100: result: i686-pc-linux-gnu
configure:4120: checking host system type
configure:4133: result: i686-pc-linux-gnu
configure:4177: checking for ld used by GCC
configure:4240: result: /usr/bin/ld
configure:4247: checking if the linker (/usr/bin/ld) is GNU ld
GNU ld (GNU Binutils for Ubuntu) 2.22
configure:4259: result: yes
configure:4265: checking for shared library run path origin
configure:4278: result: done
configure:4695: checking whether NLS is requested
configure:4704: result: yes
configure:4722: checking for GNU gettext in libc
configure:4741: gcc -o conftest -O2 -I/home/shizhai/new_zhongwang/trunk/staging_dir/host/include -I/home/shizhai/new_zhongwang/trunk/staging_dir/host/include -L/home/shizhai/new_zhongwang/trunk/staging_dir/host/lib  conftest.c  >&5
configure:4741: $? = 0
configure:4749: result: yes
configure:5329: checking whether to use NLS
configure:5331: result: yes
configure:5334: checking where the gettext function comes from
configure:5345: result: libc
configure:5407: checking for bison
configure:5423: found /usr/bin/bison
configure:5434: result: bison -y
configure:5450: checking for flex
configure:5466: found /usr/bin/flex
configure:5477: result: flex
configure:5514: flex conftest.l
configure:5518: $? = 0
configure:5520: checking lex output file root
configure:5534: result: lex.yy
configure:5539: checking lex library
configure:5553: gcc -o conftest -O2 -I/home/shizhai/new_zhongwang/trunk/staging_dir/host/include -I/home/shizhai/new_zhongwang/trunk/staging_dir/host/include -L/home/shizhai/new_zhongwang/trunk/staging_dir/host/lib  conftest.c   >&5
conftest.l: In function 'yylex':
conftest.l:6:3: warning: comparison between pointer and integer [enabled by default]
conftest.l:6:3: warning: assignment makes pointer from integer without a cast [enabled by default]
/tmp/ccQ9Ubs7.o: In function `yylex':
conftest.c:(.text+0xa6d): undefined reference to `yywrap'
conftest.c:(.text+0xaac): undefined reference to `yywrap'
/tmp/ccQ9Ubs7.o: In function `main':
conftest.c:(.text.startup+0xf): undefined reference to `yywrap'
collect2: ld returned 1 exit status
configure:5553: $? = 1
configure: failed program was:
| /* confdefs.h */
| #define PACKAGE_NAME "the fast lexical analyser generator"
| #define PACKAGE_TARNAME "flex"
| #define PACKAGE_VERSION "2.5.37"
| #define PACKAGE_STRING "the fast lexical analyser generator 2.5.37"
| #define PACKAGE_BUGREPORT "flex-help@lists.sourceforge.net"
| #define PACKAGE_URL ""
| #define PACKAGE "flex"
| #define VERSION "2.5.37"
| #define ENABLE_NLS 1
| #define HAVE_GETTEXT 1
| #define HAVE_DCGETTEXT 1
| /* end confdefs.h.  */
| /* A lexical scanner generated by flex */
| 
| /* Scanner skeleton version:
|  * $Header: /home/daffy/u0/vern/flex/RCS/flex.skl,v 2.91 96/09/10 16:58:48 vern Exp $
|  */
| 
| #define FLEX_SCANNER
| #define YY_FLEX_MAJOR_VERSION 2
| #define YY_FLEX_MINOR_VERSION 5
| 
| #include <stdio.h>
| #include <errno.h>
| 
| /* cfront 1.2 defines "c_plusplus" instead of "__cplusplus" */
| #ifdef c_plusplus
| #ifndef __cplusplus
| #define __cplusplus
| #endif
| #endif
| 
| 
| #ifdef __cplusplus
| 
| #include <stdlib.h>
| #ifndef _WIN32
| #include <unistd.h>
| #endif
| 
| /* Use prototypes in function declarations. */
| #define YY_USE_PROTOS
| 
| /* The "const" storage-class-modifier is valid. */
| #define YY_USE_CONST
| 
| #else	/* ! __cplusplus */
| 
| #if __STDC__
| 
| #define YY_USE_PROTOS
| #define YY_USE_CONST
| 
| #endif	/* __STDC__ */
| #endif	/* ! __cplusplus */
| 
| #ifdef __TURBOC__
|  #pragma warn -rch
|  #pragma warn -use
| #include <io.h>
| #include <stdlib.h>
| #define YY_USE_CONST
| #define YY_USE_PROTOS
| #endif
| 
| #ifdef YY_USE_CONST
| #define yyconst const
| #else
| #define yyconst
| #endif
| 
| 
| #ifdef YY_USE_PROTOS
| #define YY_PROTO(proto) proto
| #else
| #define YY_PROTO(proto) ()
| #endif
| 
| 
| /* Returned upon end-of-file. */
| #define YY_NULL 0
| 
| /* Promotes a possibly negative, possibly signed char to an unsigned
|  * integer for use as an array index.  If the signed char is negative,
|  * we want to instead treat it as an 8-bit unsigned char, hence the
|  * double cast.
|  */
| #define YY_SC_TO_UI(c) ((unsigned int) (unsigned char) c)
| 
| /* Enter a start condition.  This macro really ought to take a parameter,
|  * but we do it the disgusting crufty way forced on us by the ()-less
|  * definition of BEGIN.
|  */
| #define BEGIN yy_start = 1 + 2 *
| 
| /* Translate the current start state into a value that can be later handed
|  * to BEGIN to return to the state.  The YYSTATE alias is for lex
|  * compatibility.
|  */
| #define YY_START ((yy_start - 1) / 2)
| #define YYSTATE YY_START
| 
| /* Action number for EOF rule of a given start state. */
| #define YY_STATE_EOF(state) (YY_END_OF_BUFFER + state + 1)
| 
| /* Special action meaning "start processing a new file". */
| #define YY_NEW_FILE yyrestart( yyin )
| 
| #define YY_END_OF_BUFFER_CHAR 0
| 
| /* Size of default input buffer. */
| #define YY_BUF_SIZE 16384
| 
| typedef struct yy_buffer_state *YY_BUFFER_STATE;
| 
| extern int yyleng;
| extern FILE *yyin, *yyout;
| 
| #define EOB_ACT_CONTINUE_SCAN 0
| #define EOB_ACT_END_OF_FILE 1
| #define EOB_ACT_LAST_MATCH 2
| 
| /* The funky do-while in the following #define is used to turn the definition
|  * int a single C statement (which needs a semi-colon terminator).  This
|  * avoids problems with code like:
|  *
|  * 	if ( condition_holds )
|  *		yyless( 5 );
|  *	else
|  *		do_something_else();
|  *
|  * Prior to using the do-while the compiler would get upset at the
|  * "else" because it interpreted the "if" statement as being all
|  * done when it reached the ';' after the yyless() call.
|  */
| 
| /* Return all but the first 'n' matched characters back to the input stream. */
| 
| #define yyless(n) \
| 	do \
| 		{ \
| 		/* Undo effects of setting up yytext. */ \
| 		*yy_cp = yy_hold_char; \
| 		YY_RESTORE_YY_MORE_OFFSET \
| 		yy_c_buf_p = yy_cp = yy_bp + n - YY_MORE_ADJ; \
| 		YY_DO_BEFORE_ACTION; /* set up yytext again */ \
| 		} \
| 	while ( 0 )
| 
| #define unput(c) yyunput( c, yytext_ptr )
| 
| /* The following is because we cannot portably get our hands on size_t
|  * (without autoconf's help, which isn't available because we want
|  * flex-generated scanners to compile on their own).
|  */
| typedef unsigned int yy_size_t;
| 
| 
| struct yy_buffer_state
| 	{
| 	FILE *yy_input_file;
| 
| 	char *yy_ch_buf;		/* input buffer */
| 	char *yy_buf_pos;		/* current position in input buffer */
| 
| 	/* Size of input buffer in bytes, not including room for EOB
| 	 * characters.
| 	 */
| 	yy_size_t yy_buf_size;
| 
| 	/* Number of characters read into yy_ch_buf, not including EOB
| 	 * characters.
| 	 */
| 	int yy_n_chars;
| 
| 	/* Whether we "own" the buffer - i.e., we know we created it,
| 	 * and can realloc() it to grow it, and should free() it to
| 	 * delete it.
| 	 */
| 	int yy_is_our_buffer;
| 
| 	/* Whether this is an "interactive" input source; if so, and
| 	 * if we're using stdio for input, then we want to use getc()
| 	 * instead of fread(), to make sure we stop fetching input after
| 	 * each newline.
| 	 */
| 	int yy_is_interactive;
| 
| 	/* Whether we're considered to be at the beginning of a line.
| 	 * If so, '^' rules will be active on the next match, otherwise
| 	 * not.
| 	 */
| 	int yy_at_bol;
| 
| 	/* Whether to try to fill the input buffer when we reach the
| 	 * end of it.
| 	 */
| 	int yy_fill_buffer;
| 
| 	int yy_buffer_status;
| #define YY_BUFFER_NEW 0
| #define YY_BUFFER_NORMAL 1
| 	/* When an EOF's been seen but there's still some text to process
| 	 * then we mark the buffer as YY_EOF_PENDING, to indicate that we
| 	 * shouldn't try reading from the input source any more.  We might
| 	 * still have a bunch of tokens to match, though, because of
| 	 * possible backing-up.
| 	 *
| 	 * When we actually see the EOF, we change the status to "new"
| 	 * (via yyrestart()), so that the user can continue scanning by
| 	 * just pointing yyin at a new input file.
| 	 */
| #define YY_BUFFER_EOF_PENDING 2
| 	};
| 
| static YY_BUFFER_STATE yy_current_buffer = 0;
| 
| /* We provide macros for accessing buffer states in case in the
|  * future we want to put the buffer states in a more general
|  * "scanner state".
|  */
| #define YY_CURRENT_BUFFER yy_current_buffer
| 
| 
| /* yy_hold_char holds the character lost when yytext is formed. */
| static char yy_hold_char;
| 
| static int yy_n_chars;		/* number of characters read into yy_ch_buf */
| 
| 
| int yyleng;
| 
| /* Points to current character in buffer. */
| static char *yy_c_buf_p = (char *) 0;
| static int yy_init = 1;		/* whether we need to initialize */
| static int yy_start = 0;	/* start state number */
| 
| /* Flag which is used to allow yywrap()'s to do buffer switches
|  * instead of setting up a fresh yyin.  A bit of a hack ...
|  */
| static int yy_did_buffer_switch_on_eof;
| 
| void yyrestart YY_PROTO(( FILE *input_file ));
| 
| void yy_switch_to_buffer YY_PROTO(( YY_BUFFER_STATE new_buffer ));
| void yy_load_buffer_state YY_PROTO(( void ));
| YY_BUFFER_STATE yy_create_buffer YY_PROTO(( FILE *file, int size ));
| void yy_delete_buffer YY_PROTO(( YY_BUFFER_STATE b ));
| void yy_init_buffer YY_PROTO(( YY_BUFFER_STATE b, FILE *file ));
| void yy_flush_buffer YY_PROTO(( YY_BUFFER_STATE b ));
| #define YY_FLUSH_BUFFER yy_flush_buffer( yy_current_buffer )
| 
| YY_BUFFER_STATE yy_scan_buffer YY_PROTO(( char *base, yy_size_t size ));
| YY_BUFFER_STATE yy_scan_string YY_PROTO(( yyconst char *yy_str ));
| YY_BUFFER_STATE yy_scan_bytes YY_PROTO(( yyconst char *bytes, int len ));
| 
| static void *yy_flex_alloc YY_PROTO(( yy_size_t ));
| static void *yy_flex_realloc YY_PROTO(( void *, yy_size_t ));
| static void yy_flex_free YY_PROTO(( void * ));
| 
| #define yy_new_buffer yy_create_buffer
| 
| #define yy_set_interactive(is_interactive) \
| 	{ \
| 	if ( ! yy_current_buffer ) \
| 		yy_current_buffer = yy_create_buffer( yyin, YY_BUF_SIZE ); \
| 	yy_current_buffer->yy_is_interactive = is_interactive; \
| 	}
| 
| #define yy_set_bol(at_bol) \
| 	{ \
| 	if ( ! yy_current_buffer ) \
| 		yy_current_buffer = yy_create_buffer( yyin, YY_BUF_SIZE ); \
| 	yy_current_buffer->yy_at_bol = at_bol; \
| 	}
| 
| #define YY_AT_BOL() (yy_current_buffer->yy_at_bol)
| 
| 
| #define YY_USES_REJECT
| typedef unsigned char YY_CHAR;
| FILE *yyin = (FILE *) 0, *yyout = (FILE *) 0;
| typedef int yy_state_type;
| extern char *yytext;
| #define yytext_ptr yytext
| 
| static yy_state_type yy_get_previous_state YY_PROTO(( void ));
| static yy_state_type yy_try_NUL_trans YY_PROTO(( yy_state_type current_state ));
| static int yy_get_next_buffer YY_PROTO(( void ));
| static void yy_fatal_error YY_PROTO(( yyconst char msg[] ));
| 
| /* Done after the current pattern has been matched and before the
|  * corresponding action - sets up yytext.
|  */
| #define YY_DO_BEFORE_ACTION \
| 	yytext_ptr = yy_bp; \
| 	yytext_ptr -= yy_more_len; \
| 	yyleng = (int) (yy_cp - yytext_ptr); \
| 	yy_hold_char = *yy_cp; \
| 	*yy_cp = '\0'; \
| 	yy_c_buf_p = yy_cp;
| 
| #define YY_NUM_RULES 8
| #define YY_END_OF_BUFFER 9
| static yyconst short int yy_acclist[23] =
|     {   0,
|         9,    7,    8,    8,    1,    7,    8,    2,    7,    8,
|         3,    7,    8,    4,    7,    8,    5,    7,    8,    6,
|         7,    8
|     } ;
| 
| static yyconst short int yy_accept[14] =
|     {   0,
|         1,    1,    1,    2,    4,    5,    8,   11,   14,   17,
|        20,   23,   23
|     } ;
| 
| static yyconst int yy_ec[256] =
|     {   0,
|         1,    1,    1,    1,    1,    1,    1,    1,    1,    2,
|         1,    1,    1,    1,    1,    1,    1,    1,    1,    1,
|         1,    1,    1,    1,    1,    1,    1,    1,    1,    1,
|         1,    1,    1,    1,    1,    1,    1,    1,    1,    1,
|         1,    1,    1,    1,    1,    1,    1,    1,    1,    1,
|         1,    1,    1,    1,    1,    1,    1,    1,    1,    1,
|         1,    1,    1,    1,    1,    1,    1,    1,    1,    1,
|         1,    1,    1,    1,    1,    1,    1,    1,    1,    1,
|         1,    1,    1,    1,    1,    1,    1,    1,    1,    1,
|         1,    1,    1,    1,    1,    1,    3,    4,    5,    6,
| 
|         7,    8,    1,    1,    1,    1,    1,    1,    1,    1,
|         1,    1,    1,    1,    1,    1,    1,    1,    1,    1,
|         1,    1,    1,    1,    1,    1,    1,    1,    1,    1,
|         1,    1,    1,    1,    1,    1,    1,    1,    1,    1,
|         1,    1,    1,    1,    1,    1,    1,    1,    1,    1,
|         1,    1,    1,    1,    1,    1,    1,    1,    1,    1,
|         1,    1,    1,    1,    1,    1,    1,    1,    1,    1,
|         1,    1,    1,    1,    1,    1,    1,    1,    1,    1,
|         1,    1,    1,    1,    1,    1,    1,    1,    1,    1,
|         1,    1,    1,    1,    1,    1,    1,    1,    1,    1,
| 
|         1,    1,    1,    1,    1,    1,    1,    1,    1,    1,
|         1,    1,    1,    1,    1,    1,    1,    1,    1,    1,
|         1,    1,    1,    1,    1,    1,    1,    1,    1,    1,
|         1,    1,    1,    1,    1,    1,    1,    1,    1,    1,
|         1,    1,    1,    1,    1,    1,    1,    1,    1,    1,
|         1,    1,    1,    1,    1
|     } ;
| 
| static yyconst int yy_meta[9] =
|     {   0,
|         1,    1,    1,    1,    1,    1,    1,    1
|     } ;
| 
| static yyconst short int yy_base[13] =
|     {   0,
|         0,    0,    9,   10,   10,   10,   10,   10,   10,   10,
|        10,   10
|     } ;
| 
| static yyconst short int yy_def[13] =
|     {   0,
|        12,    1,   12,   12,   12,   12,   12,   12,   12,   12,
|        12,    0
|     } ;
| 
| static yyconst short int yy_nxt[19] =
|     {   0,
|         4,    5,    6,    7,    8,    9,   10,   11,   12,    3,
|        12,   12,   12,   12,   12,   12,   12,   12
|     } ;
| 
| static yyconst short int yy_chk[19] =
|     {   0,
|         1,    1,    1,    1,    1,    1,    1,    1,    3,   12,
|        12,   12,   12,   12,   12,   12,   12,   12
|     } ;
| 
| static yy_state_type yy_state_buf[YY_BUF_SIZE + 2], *yy_state_ptr;
| static char *yy_full_match;
| static int yy_lp;
| #define REJECT \
| { \
| *yy_cp = yy_hold_char; /* undo effects of setting up yytext */ \
| yy_cp = yy_full_match; /* restore poss. backed-over text */ \
| ++yy_lp; \
| goto find_rule; \
| }
| static int yy_more_flag = 0;
| static int yy_more_len = 0;
| #define yymore() (yy_more_flag = 1)
| #define YY_MORE_ADJ yy_more_len
| #define YY_RESTORE_YY_MORE_OFFSET
| char *yytext;
| #line 1 "conftest.l"
| #define INITIAL 0
| #line 386 "lex.yy.c"
| 
| /* Macros after this point can all be overridden by user definitions in
|  * section 1.
|  */
| 
| #ifndef YY_SKIP_YYWRAP
| #ifdef __cplusplus
| extern "C" int yywrap YY_PROTO(( void ));
| #else
| extern int yywrap YY_PROTO(( void ));
| #endif
| #endif
| 
| #ifndef YY_NO_UNPUT
| static void yyunput YY_PROTO(( int c, char *buf_ptr ));
| #endif
| 
| #ifndef yytext_ptr
| static void yy_flex_strncpy YY_PROTO(( char *, yyconst char *, int ));
| #endif
| 
| #ifdef YY_NEED_STRLEN
| static int yy_flex_strlen YY_PROTO(( yyconst char * ));
| #endif
| 
| #ifndef YY_NO_INPUT
| #ifdef __cplusplus
| static int yyinput YY_PROTO(( void ));
| #else
| static int input YY_PROTO(( void ));
| #endif
| #endif
| 
| #if YY_STACK_USED
| static int yy_start_stack_ptr = 0;
| static int yy_start_stack_depth = 0;
| static int *yy_start_stack = 0;
| #ifndef YY_NO_PUSH_STATE
| static void yy_push_state YY_PROTO(( int new_state ));
| #endif
| #ifndef YY_NO_POP_STATE
| static void yy_pop_state YY_PROTO(( void ));
| #endif
| #ifndef YY_NO_TOP_STATE
| static int yy_top_state YY_PROTO(( void ));
| #endif
| 
| #else
| #define YY_NO_PUSH_STATE 1
| #define YY_NO_POP_STATE 1
| #define YY_NO_TOP_STATE 1
| #endif
| 
| #ifdef YY_MALLOC_DECL
| YY_MALLOC_DECL
| #else
| #if __STDC__
| #ifndef __cplusplus
| #include <stdlib.h>
| #endif
| #else
| /* Just try to get by without declaring the routines.  This will fail
|  * miserably on non-ANSI systems for which sizeof(size_t) != sizeof(int)
|  * or sizeof(void*) != sizeof(int).
|  */
| #endif
| #endif
| 
| /* Amount of stuff to slurp up with each read. */
| #ifndef YY_READ_BUF_SIZE
| #define YY_READ_BUF_SIZE 8192
| #endif
| 
| /* Copy whatever the last rule matched to the standard output. */
| 
| #ifndef ECHO
| /* This used to be an fputs(), but since the string might contain NUL's,
|  * we now use fwrite().
|  */
| #define ECHO (void) fwrite( yytext, yyleng, 1, yyout )
| #endif
| 
| /* Gets input and stuffs it into "buf".  number of characters read, or YY_NULL,
|  * is returned in "result".
|  */
| #ifndef YY_INPUT
| #define YY_INPUT(buf,result,max_size) \
| 	if ( yy_current_buffer->yy_is_interactive ) \
| 		{ \
| 		int c = '*', n; \
| 		for ( n = 0; n < max_size && \
| 			     (c = getc( yyin )) != EOF && c != '\n'; ++n ) \
| 			buf[n] = (char) c; \
| 		if ( c == '\n' ) \
| 			buf[n++] = (char) c; \
| 		if ( c == EOF && ferror( yyin ) ) \
| 			YY_FATAL_ERROR( "input in flex scanner failed" ); \
| 		result = n; \
| 		} \
| 	else \
| 		{ \
| 		errno=0; \
| 		while ( (result = fread(buf, 1, max_size, yyin))==0 && ferror(yyin)) \
| 			{ \
| 			if( errno != EINTR) \
| 				{ \
| 				YY_FATAL_ERROR( "input in flex scanner failed" ); \
| 				break; \
| 				} \
| 			errno=0; \
| 			clearerr(yyin); \
| 			} \
| 		}
| #endif
| 
| /* No semi-colon after return; correct usage is to write "yyterminate();" -
|  * we don't want an extra ';' after the "return" because that will cause
|  * some compilers to complain about unreachable statements.
|  */
| #ifndef yyterminate
| #define yyterminate() return YY_NULL
| #endif
| 
| /* Number of entries by which start-condition stack grows. */
| #ifndef YY_START_STACK_INCR
| #define YY_START_STACK_INCR 25
| #endif
| 
| /* Report a fatal error. */
| #ifndef YY_FATAL_ERROR
| #define YY_FATAL_ERROR(msg) yy_fatal_error( msg )
| #endif
| 
| /* Default declaration of generated scanner - a define so the user can
|  * easily add parameters.
|  */
| #ifndef YY_DECL
| #define YY_DECL int yylex YY_PROTO(( void ))
| #endif
| 
| /* Code executed at the beginning of each rule, after yytext and yyleng
|  * have been set up.
|  */
| #ifndef YY_USER_ACTION
| #define YY_USER_ACTION
| #endif
| 
| /* Code executed at the end of each rule. */
| #ifndef YY_BREAK
| #define YY_BREAK break;
| #endif
| 
| #define YY_RULE_SETUP \
| 	YY_USER_ACTION
| 
| YY_DECL
| 	{
| 	register yy_state_type yy_current_state;
| 	register char *yy_cp, *yy_bp;
| 	register int yy_act;
| 
| #line 1 "conftest.l"
| 
| #line 550 "lex.yy.c"
| 
| 	if ( yy_init )
| 		{
| 		yy_init = 0;
| 
| #ifdef YY_USER_INIT
| 		YY_USER_INIT;
| #endif
| 
| 		if ( ! yy_start )
| 			yy_start = 1;	/* first start state */
| 
| 		if ( ! yyin )
| 			yyin = stdin;
| 
| 		if ( ! yyout )
| 			yyout = stdout;
| 
| 		if ( ! yy_current_buffer )
| 			yy_current_buffer =
| 				yy_create_buffer( yyin, YY_BUF_SIZE );
| 
| 		yy_load_buffer_state();
| 		}
| 
| 	while ( 1 )		/* loops until end-of-file is reached */
| 		{
| 		yy_more_len = 0;
| 		if ( yy_more_flag )
| 			{
| 			yy_more_len = yy_c_buf_p - yytext_ptr;
| 			yy_more_flag = 0;
| 			}
| 		yy_cp = yy_c_buf_p;
| 
| 		/* Support of yytext. */
| 		*yy_cp = yy_hold_char;
| 
| 		/* yy_bp points to the position in yy_ch_buf of the start of
| 		 * the current run.
| 		 */
| 		yy_bp = yy_cp;
| 
| 		yy_current_state = yy_start;
| 		yy_state_ptr = yy_state_buf;
| 		*yy_state_ptr++ = yy_current_state;
| yy_match:
| 		do
| 			{
| 			register YY_CHAR yy_c = yy_ec[YY_SC_TO_UI(*yy_cp)];
| 			while ( yy_chk[yy_base[yy_current_state] + yy_c] != yy_current_state )
| 				{
| 				yy_current_state = (int) yy_def[yy_current_state];
| 				if ( yy_current_state >= 13 )
| 					yy_c = yy_meta[(unsigned int) yy_c];
| 				}
| 			yy_current_state = yy_nxt[yy_base[yy_current_state] + (unsigned int) yy_c];
| 			*yy_state_ptr++ = yy_current_state;
| 			++yy_cp;
| 			}
| 		while ( yy_base[yy_current_state] != 10 );
| 
| yy_find_action:
| 		yy_current_state = *--yy_state_ptr;
| 		yy_lp = yy_accept[yy_current_state];
| find_rule: /* we branch to this label when backing up */
| 		for ( ; ; ) /* until we find what rule we matched */
| 			{
| 			if ( yy_lp && yy_lp < yy_accept[yy_current_state + 1] )
| 				{
| 				yy_act = yy_acclist[yy_lp];
| 					{
| 					yy_full_match = yy_cp;
| 					break;
| 					}
| 				}
| 			--yy_cp;
| 			yy_current_state = *--yy_state_ptr;
| 			yy_lp = yy_accept[yy_current_state];
| 			}
| 
| 		YY_DO_BEFORE_ACTION;
| 
| 
| do_action:	/* This label is used only to access EOF actions. */
| 
| 
| 		switch ( yy_act )
| 	{ /* beginning of action switch */
| case 1:
| YY_RULE_SETUP
| #line 2 "conftest.l"
| { ECHO; }
| 	YY_BREAK
| case 2:
| YY_RULE_SETUP
| #line 3 "conftest.l"
| { REJECT; }
| 	YY_BREAK
| case 3:
| YY_RULE_SETUP
| #line 4 "conftest.l"
| { yymore (); }
| 	YY_BREAK
| case 4:
| YY_RULE_SETUP
| #line 5 "conftest.l"
| { yyless (1); }
| 	YY_BREAK
| case 5:
| YY_RULE_SETUP
| #line 6 "conftest.l"
| { yyless (input () != 0); }
| 	YY_BREAK
| case 6:
| YY_RULE_SETUP
| #line 7 "conftest.l"
| { unput (yytext[0]); }
| 	YY_BREAK
| case 7:
| YY_RULE_SETUP
| #line 8 "conftest.l"
| { BEGIN INITIAL; }
| 	YY_BREAK
| case 8:
| YY_RULE_SETUP
| #line 9 "conftest.l"
| ECHO;
| 	YY_BREAK
| #line 680 "lex.yy.c"
| 			case YY_STATE_EOF(INITIAL):
| 				yyterminate();
| 
| 	case YY_END_OF_BUFFER:
| 		{
| 		/* Amount of text matched not including the EOB char. */
| 		int yy_amount_of_matched_text = (int) (yy_cp - yytext_ptr) - 1;
| 
| 		/* Undo the effects of YY_DO_BEFORE_ACTION. */
| 		*yy_cp = yy_hold_char;
| 		YY_RESTORE_YY_MORE_OFFSET
| 
| 		if ( yy_current_buffer->yy_buffer_status == YY_BUFFER_NEW )
| 			{
| 			/* We're scanning a new file or input source.  It's
| 			 * possible that this happened because the user
| 			 * just pointed yyin at a new source and called
| 			 * yylex().  If so, then we have to assure
| 			 * consistency between yy_current_buffer and our
| 			 * globals.  Here is the right place to do so, because
| 			 * this is the first action (other than possibly a
| 			 * back-up) that will match for the new input source.
| 			 */
| 			yy_n_chars = yy_current_buffer->yy_n_chars;
| 			yy_current_buffer->yy_input_file = yyin;
| 			yy_current_buffer->yy_buffer_status = YY_BUFFER_NORMAL;
| 			}
| 
| 		/* Note that here we test for yy_c_buf_p "<=" to the position
| 		 * of the first EOB in the buffer, since yy_c_buf_p will
| 		 * already have been incremented past the NUL character
| 		 * (since all states make transitions on EOB to the
| 		 * end-of-buffer state).  Contrast this with the test
| 		 * in input().
| 		 */
| 		if ( yy_c_buf_p <= &yy_current_buffer->yy_ch_buf[yy_n_chars] )
| 			{ /* This was really a NUL. */
| 			yy_state_type yy_next_state;
| 
| 			yy_c_buf_p = yytext_ptr + yy_amount_of_matched_text;
| 
| 			yy_current_state = yy_get_previous_state();
| 
| 			/* Okay, we're now positioned to make the NUL
| 			 * transition.  We couldn't have
| 			 * yy_get_previous_state() go ahead and do it
| 			 * for us because it doesn't know how to deal
| 			 * with the possibility of jamming (and we don't
| 			 * want to build jamming into it because then it
| 			 * will run more slowly).
| 			 */
| 
| 			yy_next_state = yy_try_NUL_trans( yy_current_state );
| 
| 			yy_bp = yytext_ptr + YY_MORE_ADJ;
| 
| 			if ( yy_next_state )
| 				{
| 				/* Consume the NUL. */
| 				yy_cp = ++yy_c_buf_p;
| 				yy_current_state = yy_next_state;
| 				goto yy_match;
| 				}
| 
| 			else
| 				{
| 				yy_cp = yy_c_buf_p;
| 				goto yy_find_action;
| 				}
| 			}
| 
| 		else switch ( yy_get_next_buffer() )
| 			{
| 			case EOB_ACT_END_OF_FILE:
| 				{
| 				yy_did_buffer_switch_on_eof = 0;
| 
| 				if ( yywrap() )
| 					{
| 					/* Note: because we've taken care in
| 					 * yy_get_next_buffer() to have set up
| 					 * yytext, we can now set up
| 					 * yy_c_buf_p so that if some total
| 					 * hoser (like flex itself) wants to
| 					 * call the scanner after we return the
| 					 * YY_NULL, it'll still work - another
| 					 * YY_NULL will get returned.
| 					 */
| 					yy_c_buf_p = yytext_ptr + YY_MORE_ADJ;
| 
| 					yy_act = YY_STATE_EOF(YY_START);
| 					goto do_action;
| 					}
| 
| 				else
| 					{
| 					if ( ! yy_did_buffer_switch_on_eof )
| 						YY_NEW_FILE;
| 					}
| 				break;
| 				}
| 
| 			case EOB_ACT_CONTINUE_SCAN:
| 				yy_c_buf_p =
| 					yytext_ptr + yy_amount_of_matched_text;
| 
| 				yy_current_state = yy_get_previous_state();
| 
| 				yy_cp = yy_c_buf_p;
| 				yy_bp = yytext_ptr + YY_MORE_ADJ;
| 				goto yy_match;
| 
| 			case EOB_ACT_LAST_MATCH:
| 				yy_c_buf_p =
| 				&yy_current_buffer->yy_ch_buf[yy_n_chars];
| 
| 				yy_current_state = yy_get_previous_state();
| 
| 				yy_cp = yy_c_buf_p;
| 				yy_bp = yytext_ptr + YY_MORE_ADJ;
| 				goto yy_find_action;
| 			}
| 		break;
| 		}
| 
| 	default:
| 		YY_FATAL_ERROR(
| 			"fatal flex scanner internal error--no action found" );
| 	} /* end of action switch */
| 		} /* end of scanning one token */
| 	} /* end of yylex */
| 
| 
| /* yy_get_next_buffer - try to read in a new buffer
|  *
|  * Returns a code representing an action:
|  *	EOB_ACT_LAST_MATCH -
|  *	EOB_ACT_CONTINUE_SCAN - continue scanning from current position
|  *	EOB_ACT_END_OF_FILE - end of file
|  */
| 
| static int yy_get_next_buffer()
| 	{
| 	register char *dest = yy_current_buffer->yy_ch_buf;
| 	register char *source = yytext_ptr;
| 	register int number_to_move, i;
| 	int ret_val;
| 
| 	if ( yy_c_buf_p > &yy_current_buffer->yy_ch_buf[yy_n_chars + 1] )
| 		YY_FATAL_ERROR(
| 		"fatal flex scanner internal error--end of buffer missed" );
| 
| 	if ( yy_current_buffer->yy_fill_buffer == 0 )
| 		{ /* Don't try to fill the buffer, so this is an EOF. */
| 		if ( yy_c_buf_p - yytext_ptr - YY_MORE_ADJ == 1 )
| 			{
| 			/* We matched a single character, the EOB, so
| 			 * treat this as a final EOF.
| 			 */
| 			return EOB_ACT_END_OF_FILE;
| 			}
| 
| 		else
| 			{
| 			/* We matched some text prior to the EOB, first
| 			 * process it.
| 			 */
| 			return EOB_ACT_LAST_MATCH;
| 			}
| 		}
| 
| 	/* Try to read more data. */
| 
| 	/* First move last chars to start of buffer. */
| 	number_to_move = (int) (yy_c_buf_p - yytext_ptr) - 1;
| 
| 	for ( i = 0; i < number_to_move; ++i )
| 		*(dest++) = *(source++);
| 
| 	if ( yy_current_buffer->yy_buffer_status == YY_BUFFER_EOF_PENDING )
| 		/* don't do the read, it's not guaranteed to return an EOF,
| 		 * just force an EOF
| 		 */
| 		yy_current_buffer->yy_n_chars = yy_n_chars = 0;
| 
| 	else
| 		{
| 		int num_to_read =
| 			yy_current_buffer->yy_buf_size - number_to_move - 1;
| 
| 		while ( num_to_read <= 0 )
| 			{ /* Not enough room in the buffer - grow it. */
| #ifdef YY_USES_REJECT
| 			YY_FATAL_ERROR(
| "input buffer overflow, can't enlarge buffer because scanner uses REJECT" );
| #else
| 
| 			/* just a shorter name for the current buffer */
| 			YY_BUFFER_STATE b = yy_current_buffer;
| 
| 			int yy_c_buf_p_offset =
| 				(int) (yy_c_buf_p - b->yy_ch_buf);
| 
| 			if ( b->yy_is_our_buffer )
| 				{
| 				int new_size = b->yy_buf_size * 2;
| 
| 				if ( new_size <= 0 )
| 					b->yy_buf_size += b->yy_buf_size / 8;
| 				else
| 					b->yy_buf_size *= 2;
| 
| 				b->yy_ch_buf = (char *)
| 					/* Include room in for 2 EOB chars. */
| 					yy_flex_realloc( (void *) b->yy_ch_buf,
| 							 b->yy_buf_size + 2 );
| 				}
| 			else
| 				/* Can't grow it, we don't own it. */
| 				b->yy_ch_buf = 0;
| 
| 			if ( ! b->yy_ch_buf )
| 				YY_FATAL_ERROR(
| 				"fatal error - scanner input buffer overflow" );
| 
| 			yy_c_buf_p = &b->yy_ch_buf[yy_c_buf_p_offset];
| 
| 			num_to_read = yy_current_buffer->yy_buf_size -
| 						number_to_move - 1;
| #endif
| 			}
| 
| 		if ( num_to_read > YY_READ_BUF_SIZE )
| 			num_to_read = YY_READ_BUF_SIZE;
| 
| 		/* Read in more data. */
| 		YY_INPUT( (&yy_current_buffer->yy_ch_buf[number_to_move]),
| 			yy_n_chars, num_to_read );
| 
| 		yy_current_buffer->yy_n_chars = yy_n_chars;
| 		}
| 
| 	if ( yy_n_chars == 0 )
| 		{
| 		if ( number_to_move == YY_MORE_ADJ )
| 			{
| 			ret_val = EOB_ACT_END_OF_FILE;
| 			yyrestart( yyin );
| 			}
| 
| 		else
| 			{
| 			ret_val = EOB_ACT_LAST_MATCH;
| 			yy_current_buffer->yy_buffer_status =
| 				YY_BUFFER_EOF_PENDING;
| 			}
| 		}
| 
| 	else
| 		ret_val = EOB_ACT_CONTINUE_SCAN;
| 
| 	yy_n_chars += number_to_move;
| 	yy_current_buffer->yy_ch_buf[yy_n_chars] = YY_END_OF_BUFFER_CHAR;
| 	yy_current_buffer->yy_ch_buf[yy_n_chars + 1] = YY_END_OF_BUFFER_CHAR;
| 
| 	yytext_ptr = &yy_current_buffer->yy_ch_buf[0];
| 
| 	return ret_val;
| 	}
| 
| 
| /* yy_get_previous_state - get the state just before the EOB char was reached */
| 
| static yy_state_type yy_get_previous_state()
| 	{
| 	register yy_state_type yy_current_state;
| 	register char *yy_cp;
| 
| 	yy_current_state = yy_start;
| 	yy_state_ptr = yy_state_buf;
| 	*yy_state_ptr++ = yy_current_state;
| 
| 	for ( yy_cp = yytext_ptr + YY_MORE_ADJ; yy_cp < yy_c_buf_p; ++yy_cp )
| 		{
| 		register YY_CHAR yy_c = (*yy_cp ? yy_ec[YY_SC_TO_UI(*yy_cp)] : 1);
| 		while ( yy_chk[yy_base[yy_current_state] + yy_c] != yy_current_state )
| 			{
| 			yy_current_state = (int) yy_def[yy_current_state];
| 			if ( yy_current_state >= 13 )
| 				yy_c = yy_meta[(unsigned int) yy_c];
| 			}
| 		yy_current_state = yy_nxt[yy_base[yy_current_state] + (unsigned int) yy_c];
| 		*yy_state_ptr++ = yy_current_state;
| 		}
| 
| 	return yy_current_state;
| 	}
| 
| 
| /* yy_try_NUL_trans - try to make a transition on the NUL character
|  *
|  * synopsis
|  *	next_state = yy_try_NUL_trans( current_state );
|  */
| 
| #ifdef YY_USE_PROTOS
| static yy_state_type yy_try_NUL_trans( yy_state_type yy_current_state )
| #else
| static yy_state_type yy_try_NUL_trans( yy_current_state )
| yy_state_type yy_current_state;
| #endif
| 	{
| 	register int yy_is_jam;
| 
| 	register YY_CHAR yy_c = 1;
| 	while ( yy_chk[yy_base[yy_current_state] + yy_c] != yy_current_state )
| 		{
| 		yy_current_state = (int) yy_def[yy_current_state];
| 		if ( yy_current_state >= 13 )
| 			yy_c = yy_meta[(unsigned int) yy_c];
| 		}
| 	yy_current_state = yy_nxt[yy_base[yy_current_state] + (unsigned int) yy_c];
| 	yy_is_jam = (yy_current_state == 12);
| 	if ( ! yy_is_jam )
| 		*yy_state_ptr++ = yy_current_state;
| 
| 	return yy_is_jam ? 0 : yy_current_state;
| 	}
| 
| 
| #ifndef YY_NO_UNPUT
| #ifdef YY_USE_PROTOS
| static void yyunput( int c, register char *yy_bp )
| #else
| static void yyunput( c, yy_bp )
| int c;
| register char *yy_bp;
| #endif
| 	{
| 	register char *yy_cp = yy_c_buf_p;
| 
| 	/* undo effects of setting up yytext */
| 	*yy_cp = yy_hold_char;
| 
| 	if ( yy_cp < yy_current_buffer->yy_ch_buf + 2 )
| 		{ /* need to shift things up to make room */
| 		/* +2 for EOB chars. */
| 		register int number_to_move = yy_n_chars + 2;
| 		register char *dest = &yy_current_buffer->yy_ch_buf[
| 					yy_current_buffer->yy_buf_size + 2];
| 		register char *source =
| 				&yy_current_buffer->yy_ch_buf[number_to_move];
| 
| 		while ( source > yy_current_buffer->yy_ch_buf )
| 			*--dest = *--source;
| 
| 		yy_cp += (int) (dest - source);
| 		yy_bp += (int) (dest - source);
| 		yy_current_buffer->yy_n_chars =
| 			yy_n_chars = yy_current_buffer->yy_buf_size;
| 
| 		if ( yy_cp < yy_current_buffer->yy_ch_buf + 2 )
| 			YY_FATAL_ERROR( "flex scanner push-back overflow" );
| 		}
| 
| 	*--yy_cp = (char) c;
| 
| 
| 	yytext_ptr = yy_bp;
| 	yy_hold_char = *yy_cp;
| 	yy_c_buf_p = yy_cp;
| 	}
| #endif	/* ifndef YY_NO_UNPUT */
| 
| 
| #ifdef __cplusplus
| static int yyinput()
| #else
| static int input()
| #endif
| 	{
| 	int c;
| 
| 	*yy_c_buf_p = yy_hold_char;
| 
| 	if ( *yy_c_buf_p == YY_END_OF_BUFFER_CHAR )
| 		{
| 		/* yy_c_buf_p now points to the character we want to return.
| 		 * If this occurs *before* the EOB characters, then it's a
| 		 * valid NUL; if not, then we've hit the end of the buffer.
| 		 */
| 		if ( yy_c_buf_p < &yy_current_buffer->yy_ch_buf[yy_n_chars] )
| 			/* This was really a NUL. */
| 			*yy_c_buf_p = '\0';
| 
| 		else
| 			{ /* need more input */
| 			int offset = yy_c_buf_p - yytext_ptr;
| 			++yy_c_buf_p;
| 
| 			switch ( yy_get_next_buffer() )
| 				{
| 				case EOB_ACT_LAST_MATCH:
| 					/* This happens because yy_g_n_b()
| 					 * sees that we've accumulated a
| 					 * token and flags that we need to
| 					 * try matching the token before
| 					 * proceeding.  But for input(),
| 					 * there's no matching to consider.
| 					 * So convert the EOB_ACT_LAST_MATCH
| 					 * to EOB_ACT_END_OF_FILE.
| 					 */
| 
| 					/* Reset buffer status. */
| 					yyrestart( yyin );
| 
| 					/* fall through */
| 
| 				case EOB_ACT_END_OF_FILE:
| 					{
| 					if ( yywrap() )
| 						return EOF;
| 
| 					if ( ! yy_did_buffer_switch_on_eof )
| 						YY_NEW_FILE;
| #ifdef __cplusplus
| 					return yyinput();
| #else
| 					return input();
| #endif
| 					}
| 
| 				case EOB_ACT_CONTINUE_SCAN:
| 					yy_c_buf_p = yytext_ptr + offset;
| 					break;
| 				}
| 			}
| 		}
| 
| 	c = *(unsigned char *) yy_c_buf_p;	/* cast for 8-bit char's */
| 	*yy_c_buf_p = '\0';	/* preserve yytext */
| 	yy_hold_char = *++yy_c_buf_p;
| 
| 
| 	return c;
| 	}
| 
| 
| #ifdef YY_USE_PROTOS
| void yyrestart( FILE *input_file )
| #else
| void yyrestart( input_file )
| FILE *input_file;
| #endif
| 	{
| 	if ( ! yy_current_buffer )
| 		yy_current_buffer = yy_create_buffer( yyin, YY_BUF_SIZE );
| 
| 	yy_init_buffer( yy_current_buffer, input_file );
| 	yy_load_buffer_state();
| 	}
| 
| 
| #ifdef YY_USE_PROTOS
| void yy_switch_to_buffer( YY_BUFFER_STATE new_buffer )
| #else
| void yy_switch_to_buffer( new_buffer )
| YY_BUFFER_STATE new_buffer;
| #endif
| 	{
| 	if ( yy_current_buffer == new_buffer )
| 		return;
| 
| 	if ( yy_current_buffer )
| 		{
| 		/* Flush out information for old buffer. */
| 		*yy_c_buf_p = yy_hold_char;
| 		yy_current_buffer->yy_buf_pos = yy_c_buf_p;
| 		yy_current_buffer->yy_n_chars = yy_n_chars;
| 		}
| 
| 	yy_current_buffer = new_buffer;
| 	yy_load_buffer_state();
| 
| 	/* We don't actually know whether we did this switch during
| 	 * EOF (yywrap()) processing, but the only time this flag
| 	 * is looked at is after yywrap() is called, so it's safe
| 	 * to go ahead and always set it.
| 	 */
| 	yy_did_buffer_switch_on_eof = 1;
| 	}
| 
| 
| #ifdef YY_USE_PROTOS
| void yy_load_buffer_state( void )
| #else
| void yy_load_buffer_state()
| #endif
| 	{
| 	yy_n_chars = yy_current_buffer->yy_n_chars;
| 	yytext_ptr = yy_c_buf_p = yy_current_buffer->yy_buf_pos;
| 	yyin = yy_current_buffer->yy_input_file;
| 	yy_hold_char = *yy_c_buf_p;
| 	}
| 
| 
| #ifdef YY_USE_PROTOS
| YY_BUFFER_STATE yy_create_buffer( FILE *file, int size )
| #else
| YY_BUFFER_STATE yy_create_buffer( file, size )
| FILE *file;
| int size;
| #endif
| 	{
| 	YY_BUFFER_STATE b;
| 
| 	b = (YY_BUFFER_STATE) yy_flex_alloc( sizeof( struct yy_buffer_state ) );
| 	if ( ! b )
| 		YY_FATAL_ERROR( "out of dynamic memory in yy_create_buffer()" );
| 
| 	b->yy_buf_size = size;
| 
| 	/* yy_ch_buf has to be 2 characters longer than the size given because
| 	 * we need to put in 2 end-of-buffer characters.
| 	 */
| 	b->yy_ch_buf = (char *) yy_flex_alloc( b->yy_buf_size + 2 );
| 	if ( ! b->yy_ch_buf )
| 		YY_FATAL_ERROR( "out of dynamic memory in yy_create_buffer()" );
| 
| 	b->yy_is_our_buffer = 1;
| 
| 	yy_init_buffer( b, file );
| 
| 	return b;
| 	}
| 
| 
| #ifdef YY_USE_PROTOS
| void yy_delete_buffer( YY_BUFFER_STATE b )
| #else
| void yy_delete_buffer( b )
| YY_BUFFER_STATE b;
| #endif
| 	{
| 	if ( ! b )
| 		return;
| 
| 	if ( b == yy_current_buffer )
| 		yy_current_buffer = (YY_BUFFER_STATE) 0;
| 
| 	if ( b->yy_is_our_buffer )
| 		yy_flex_free( (void *) b->yy_ch_buf );
| 
| 	yy_flex_free( (void *) b );
| 	}
| 
| 
| #ifndef _WIN32
| #include <unistd.h>
| #else
| #ifndef YY_ALWAYS_INTERACTIVE
| #ifndef YY_NEVER_INTERACTIVE
| extern int isatty YY_PROTO(( int ));
| #endif
| #endif
| #endif
| 
| #ifdef YY_USE_PROTOS
| void yy_init_buffer( YY_BUFFER_STATE b, FILE *file )
| #else
| void yy_init_buffer( b, file )
| YY_BUFFER_STATE b;
| FILE *file;
| #endif
| 
| 
| 	{
| 	yy_flush_buffer( b );
| 
| 	b->yy_input_file = file;
| 	b->yy_fill_buffer = 1;
| 
| #if YY_ALWAYS_INTERACTIVE
| 	b->yy_is_interactive = 1;
| #else
| #if YY_NEVER_INTERACTIVE
| 	b->yy_is_interactive = 0;
| #else
| 	b->yy_is_interactive = file ? (isatty( fileno(file) ) > 0) : 0;
| #endif
| #endif
| 	}
| 
| 
| #ifdef YY_USE_PROTOS
| void yy_flush_buffer( YY_BUFFER_STATE b )
| #else
| void yy_flush_buffer( b )
| YY_BUFFER_STATE b;
| #endif
| 
| 	{
| 	if ( ! b )
| 		return;
| 
| 	b->yy_n_chars = 0;
| 
| 	/* We always need two end-of-buffer characters.  The first causes
| 	 * a transition to the end-of-buffer state.  The second causes
| 	 * a jam in that state.
| 	 */
| 	b->yy_ch_buf[0] = YY_END_OF_BUFFER_CHAR;
| 	b->yy_ch_buf[1] = YY_END_OF_BUFFER_CHAR;
| 
| 	b->yy_buf_pos = &b->yy_ch_buf[0];
| 
| 	b->yy_at_bol = 1;
| 	b->yy_buffer_status = YY_BUFFER_NEW;
| 
| 	if ( b == yy_current_buffer )
| 		yy_load_buffer_state();
| 	}
| 
| 
| #ifndef YY_NO_SCAN_BUFFER
| #ifdef YY_USE_PROTOS
| YY_BUFFER_STATE yy_scan_buffer( char *base, yy_size_t size )
| #else
| YY_BUFFER_STATE yy_scan_buffer( base, size )
| char *base;
| yy_size_t size;
| #endif
| 	{
| 	YY_BUFFER_STATE b;
| 
| 	if ( size < 2 ||
| 	     base[size-2] != YY_END_OF_BUFFER_CHAR ||
| 	     base[size-1] != YY_END_OF_BUFFER_CHAR )
| 		/* They forgot to leave room for the EOB's. */
| 		return 0;
| 
| 	b = (YY_BUFFER_STATE) yy_flex_alloc( sizeof( struct yy_buffer_state ) );
| 	if ( ! b )
| 		YY_FATAL_ERROR( "out of dynamic memory in yy_scan_buffer()" );
| 
| 	b->yy_buf_size = size - 2;	/* "- 2" to take care of EOB's */
| 	b->yy_buf_pos = b->yy_ch_buf = base;
| 	b->yy_is_our_buffer = 0;
| 	b->yy_input_file = 0;
| 	b->yy_n_chars = b->yy_buf_size;
| 	b->yy_is_interactive = 0;
| 	b->yy_at_bol = 1;
| 	b->yy_fill_buffer = 0;
| 	b->yy_buffer_status = YY_BUFFER_NEW;
| 
| 	yy_switch_to_buffer( b );
| 
| 	return b;
| 	}
| #endif
| 
| 
| #ifndef YY_NO_SCAN_STRING
| #ifdef YY_USE_PROTOS
| YY_BUFFER_STATE yy_scan_string( yyconst char *yy_str )
| #else
| YY_BUFFER_STATE yy_scan_string( yy_str )
| yyconst char *yy_str;
| #endif
| 	{
| 	int len;
| 	for ( len = 0; yy_str[len]; ++len )
| 		;
| 
| 	return yy_scan_bytes( yy_str, len );
| 	}
| #endif
| 
| 
| #ifndef YY_NO_SCAN_BYTES
| #ifdef YY_USE_PROTOS
| YY_BUFFER_STATE yy_scan_bytes( yyconst char *bytes, int len )
| #else
| YY_BUFFER_STATE yy_scan_bytes( bytes, len )
| yyconst char *bytes;
| int len;
| #endif
| 	{
| 	YY_BUFFER_STATE b;
| 	char *buf;
| 	yy_size_t n;
| 	int i;
| 
| 	/* Get memory for full buffer, including space for trailing EOB's. */
| 	n = len + 2;
| 	buf = (char *) yy_flex_alloc( n );
| 	if ( ! buf )
| 		YY_FATAL_ERROR( "out of dynamic memory in yy_scan_bytes()" );
| 
| 	for ( i = 0; i < len; ++i )
| 		buf[i] = bytes[i];
| 
| 	buf[len] = buf[len+1] = YY_END_OF_BUFFER_CHAR;
| 
| 	b = yy_scan_buffer( buf, n );
| 	if ( ! b )
| 		YY_FATAL_ERROR( "bad buffer in yy_scan_bytes()" );
| 
| 	/* It's okay to grow etc. this buffer, and we should throw it
| 	 * away when we're done.
| 	 */
| 	b->yy_is_our_buffer = 1;
| 
| 	return b;
| 	}
| #endif
| 
| 
| #ifndef YY_NO_PUSH_STATE
| #ifdef YY_USE_PROTOS
| static void yy_push_state( int new_state )
| #else
| static void yy_push_state( new_state )
| int new_state;
| #endif
| 	{
| 	if ( yy_start_stack_ptr >= yy_start_stack_depth )
| 		{
| 		yy_size_t new_size;
| 
| 		yy_start_stack_depth += YY_START_STACK_INCR;
| 		new_size = yy_start_stack_depth * sizeof( int );
| 
| 		if ( ! yy_start_stack )
| 			yy_start_stack = (int *) yy_flex_alloc( new_size );
| 
| 		else
| 			yy_start_stack = (int *) yy_flex_realloc(
| 					(void *) yy_start_stack, new_size );
| 
| 		if ( ! yy_start_stack )
| 			YY_FATAL_ERROR(
| 			"out of memory expanding start-condition stack" );
| 		}
| 
| 	yy_start_stack[yy_start_stack_ptr++] = YY_START;
| 
| 	BEGIN(new_state);
| 	}
| #endif
| 
| 
| #ifndef YY_NO_POP_STATE
| static void yy_pop_state()
| 	{
| 	if ( --yy_start_stack_ptr < 0 )
| 		YY_FATAL_ERROR( "start-condition stack underflow" );
| 
| 	BEGIN(yy_start_stack[yy_start_stack_ptr]);
| 	}
| #endif
| 
| 
| #ifndef YY_NO_TOP_STATE
| static int yy_top_state()
| 	{
| 	return yy_start_stack[yy_start_stack_ptr - 1];
| 	}
| #endif
| 
| #ifndef YY_EXIT_FAILURE
| #define YY_EXIT_FAILURE 2
| #endif
| 
| #ifdef YY_USE_PROTOS
| static void yy_fatal_error( yyconst char msg[] )
| #else
| static void yy_fatal_error( msg )
| char msg[];
| #endif
| 	{
| 	(void) fprintf( stderr, "%s\n", msg );
| 	exit( YY_EXIT_FAILURE );
| 	}
| 
| 
| 
| /* Redefine yyless() so it works in section 3 code. */
| 
| #undef yyless
| #define yyless(n) \
| 	do \
| 		{ \
| 		/* Undo effects of setting up yytext. */ \
| 		yytext[yyleng] = yy_hold_char; \
| 		yy_c_buf_p = yytext + n; \
| 		yy_hold_char = *yy_c_buf_p; \
| 		*yy_c_buf_p = '\0'; \
| 		yyleng = n; \
| 		} \
| 	while ( 0 )
| 
| 
| /* Internal utility routines. */
| 
| #ifndef yytext_ptr
| #ifdef YY_USE_PROTOS
| static void yy_flex_strncpy( char *s1, yyconst char *s2, int n )
| #else
| static void yy_flex_strncpy( s1, s2, n )
| char *s1;
| yyconst char *s2;
| int n;
| #endif
| 	{
| 	register int i;
| 	for ( i = 0; i < n; ++i )
| 		s1[i] = s2[i];
| 	}
| #endif
| 
| #ifdef YY_NEED_STRLEN
| #ifdef YY_USE_PROTOS
| static int yy_flex_strlen( yyconst char *s )
| #else
| static int yy_flex_strlen( s )
| yyconst char *s;
| #endif
| 	{
| 	register int n;
| 	for ( n = 0; s[n]; ++n )
| 		;
| 
| 	return n;
| 	}
| #endif
| 
| 
| #ifdef YY_USE_PROTOS
| static void *yy_flex_alloc( yy_size_t size )
| #else
| static void *yy_flex_alloc( size )
| yy_size_t size;
| #endif
| 	{
| 	return (void *) malloc( size );
| 	}
| 
| #ifdef YY_USE_PROTOS
| static void *yy_flex_realloc( void *ptr, yy_size_t size )
| #else
| static void *yy_flex_realloc( ptr, size )
| void *ptr;
| yy_size_t size;
| #endif
| 	{
| 	/* The cast to (char *) in the following accommodates both
| 	 * implementations that use char* generic pointers, and those
| 	 * that use void* generic pointers.  It works with the latter
| 	 * because both ANSI C and C++ allow castless assignment from
| 	 * any pointer type to void*, and deal with argument conversions
| 	 * as though doing an assignment.
| 	 */
| 	return (void *) realloc( (char *) ptr, size );
| 	}
| 
| #ifdef YY_USE_PROTOS
| static void yy_flex_free( void *ptr )
| #else
| static void yy_flex_free( ptr )
| void *ptr;
| #endif
| 	{
| 	free( ptr );
| 	}
| 
| #if YY_MAIN
| int main()
| 	{
| 	yylex();
| 	return 0;
| 	}
| #endif
| #line 9 "conftest.l"
| 
| #ifdef YYTEXT_POINTER
| extern char *yytext;
| #endif
| int
| main (void)
| {
|   return ! yylex () + ! yywrap ();
| }
configure:5553: gcc -o conftest -O2 -I/home/shizhai/new_zhongwang/trunk/staging_dir/host/include -I/home/shizhai/new_zhongwang/trunk/staging_dir/host/include -L/home/shizhai/new_zhongwang/trunk/staging_dir/host/lib  conftest.c -lfl  >&5
conftest.l: In function 'yylex':
conftest.l:6:3: warning: comparison between pointer and integer [enabled by default]
conftest.l:6:3: warning: assignment makes pointer from integer without a cast [enabled by default]
configure:5553: $? = 0
configure:5563: result: -lfl
configure:5569: checking whether yytext is a pointer
configure:5585: gcc -o conftest -O2 -I/home/shizhai/new_zhongwang/trunk/staging_dir/host/include -I/home/shizhai/new_zhongwang/trunk/staging_dir/host/include -L/home/shizhai/new_zhongwang/trunk/staging_dir/host/lib  conftest.c -lfl  >&5
conftest.l: In function 'yylex':
conftest.l:6:3: warning: comparison between pointer and integer [enabled by default]
conftest.l:6:3: warning: assignment makes pointer from integer without a cast [enabled by default]
configure:5585: $? = 0
configure:5593: result: yes
configure:5614: checking for i686-linux-gnu-gcc
configure:5641: result: gcc
configure:5910: checking for C compiler version
configure:5919: gcc --version >&5
gcc (Ubuntu/Linaro 4.6.3-1ubuntu5) 4.6.3
Copyright (C) 2011 Free Software Foundation, Inc.
This is free software; see the source for copying conditions.  There is NO
warranty; not even for MERCHANTABILITY or FITNESS FOR A PARTICULAR PURPOSE.

configure:5930: $? = 0
configure:5919: gcc -v >&5
Using built-in specs.
COLLECT_GCC=gcc
COLLECT_LTO_WRAPPER=/usr/lib/gcc/i686-linux-gnu/4.6/lto-wrapper
Target: i686-linux-gnu
Configured with: ../src/configure -v --with-pkgversion='Ubuntu/Linaro 4.6.3-1ubuntu5' --with-bugurl=file:///usr/share/doc/gcc-4.6/README.Bugs --enable-languages=c,c++,fortran,objc,obj-c++ --prefix=/usr --program-suffix=-4.6 --enable-shared --enable-linker-build-id --with-system-zlib --libexecdir=/usr/lib --without-included-gettext --enable-threads=posix --with-gxx-include-dir=/usr/include/c++/4.6 --libdir=/usr/lib --enable-nls --with-sysroot=/ --enable-clocale=gnu --enable-libstdcxx-debug --enable-libstdcxx-time=yes --enable-gnu-unique-object --enable-plugin --enable-objc-gc --enable-targets=all --disable-werror --with-arch-32=i686 --with-tune=generic --enable-checking=release --build=i686-linux-gnu --host=i686-linux-gnu --target=i686-linux-gnu
Thread model: posix
gcc version 4.6.3 (Ubuntu/Linaro 4.6.3-1ubuntu5) 
configure:5930: $? = 0
configure:5919: gcc -V >&5
gcc: error: unrecognized option '-V'
gcc: fatal error: no input files
compilation terminated.
configure:5930: $? = 4
configure:5919: gcc -qversion >&5
gcc: error: unrecognized option '-qversion'
gcc: fatal error: no input files
compilation terminated.
configure:5930: $? = 4
configure:5934: checking whether we are using the GNU C compiler
configure:5962: result: yes
configure:5971: checking whether gcc accepts -g
configure:6032: result: yes
configure:6049: checking for gcc option to accept ISO C89
configure:6126: result: none needed
configure:6148: checking dependency style of gcc
configure:6258: result: gcc3
configure:6287: checking for i686-linux-gnu-g++
configure:6303: found /usr/bin/i686-linux-gnu-g++
configure:6314: result: i686-linux-gnu-g++
configure:6385: checking for C++ compiler version
configure:6394: i686-linux-gnu-g++ --version >&5
i686-linux-gnu-g++ (Ubuntu/Linaro 4.6.3-1ubuntu5) 4.6.3
Copyright (C) 2011 Free Software Foundation, Inc.
This is free software; see the source for copying conditions.  There is NO
warranty; not even for MERCHANTABILITY or FITNESS FOR A PARTICULAR PURPOSE.

configure:6405: $? = 0
configure:6394: i686-linux-gnu-g++ -v >&5
Using built-in specs.
COLLECT_GCC=i686-linux-gnu-g++
COLLECT_LTO_WRAPPER=/usr/lib/gcc/i686-linux-gnu/4.6/lto-wrapper
Target: i686-linux-gnu
Configured with: ../src/configure -v --with-pkgversion='Ubuntu/Linaro 4.6.3-1ubuntu5' --with-bugurl=file:///usr/share/doc/gcc-4.6/README.Bugs --enable-languages=c,c++,fortran,objc,obj-c++ --prefix=/usr --program-suffix=-4.6 --enable-shared --enable-linker-build-id --with-system-zlib --libexecdir=/usr/lib --without-included-gettext --enable-threads=posix --with-gxx-include-dir=/usr/include/c++/4.6 --libdir=/usr/lib --enable-nls --with-sysroot=/ --enable-clocale=gnu --enable-libstdcxx-debug --enable-libstdcxx-time=yes --enable-gnu-unique-object --enable-plugin --enable-objc-gc --enable-targets=all --disable-werror --with-arch-32=i686 --with-tune=generic --enable-checking=release --build=i686-linux-gnu --host=i686-linux-gnu --target=i686-linux-gnu
Thread model: posix
gcc version 4.6.3 (Ubuntu/Linaro 4.6.3-1ubuntu5) 
configure:6405: $? = 0
configure:6394: i686-linux-gnu-g++ -V >&5
i686-linux-gnu-g++: error: unrecognized option '-V'
i686-linux-gnu-g++: fatal error: no input files
compilation terminated.
configure:6405: $? = 4
configure:6394: i686-linux-gnu-g++ -qversion >&5
i686-linux-gnu-g++: error: unrecognized option '-qversion'
i686-linux-gnu-g++: fatal error: no input files
compilation terminated.
configure:6405: $? = 4
configure:6409: checking whether we are using the GNU C++ compiler
configure:6428: i686-linux-gnu-g++ -c  -I/home/shizhai/new_zhongwang/trunk/staging_dir/host/include conftest.cpp >&5
configure:6428: $? = 0
configure:6437: result: yes
configure:6446: checking whether i686-linux-gnu-g++ accepts -g
configure:6466: i686-linux-gnu-g++ -c -g -I/home/shizhai/new_zhongwang/trunk/staging_dir/host/include conftest.cpp >&5
configure:6466: $? = 0
configure:6507: result: yes
configure:6532: checking dependency style of i686-linux-gnu-g++
configure:6642: result: gcc3
configure:6658: checking whether gcc and cc understand -c and -o together
configure:6689: gcc -c conftest.c -o conftest2.o >&5
configure:6693: $? = 0
configure:6699: gcc -c conftest.c -o conftest2.o >&5
configure:6703: $? = 0
configure:6714: cc -c conftest.c >&5
configure:6718: $? = 0
configure:6726: cc -c conftest.c -o conftest2.o >&5
configure:6730: $? = 0
configure:6736: cc -c conftest.c -o conftest2.o >&5
configure:6740: $? = 0
configure:6758: result: yes
configure:6783: checking whether ln -s works
configure:6787: result: yes
configure:6797: checking for i686-linux-gnu-ranlib
configure:6827: result: no
configure:6837: checking for ranlib
configure:6853: found /usr/bin/ranlib
configure:6864: result: ranlib
configure:6890: checking for gawk
configure:6917: result: gawk
configure:6932: checking for bison
configure:6950: found /usr/bin/bison
configure:6963: result: /usr/bin/bison
configure:6973: checking for help2man
configure:7004: result: help2man
configure:7015: checking for m4 that supports -P
configure:7048: result: /home/shizhai/new_zhongwang/trunk/staging_dir/host/bin/m4
configure:7060: checking for indent
configure:7091: result: indent
configure:7113: WARNING: no indent program found: make indent target will not function
configure:7124: checking how to run the C preprocessor
configure:7155: gcc -E -I/home/shizhai/new_zhongwang/trunk/staging_dir/host/include conftest.c
configure:7155: $? = 0
configure:7169: gcc -E -I/home/shizhai/new_zhongwang/trunk/staging_dir/host/include conftest.c
conftest.c:16:28: fatal error: ac_nonexistent.h: No such file or directory
compilation terminated.
configure:7169: $? = 1
configure: failed program was:
| /* confdefs.h */
| #define PACKAGE_NAME "the fast lexical analyser generator"
| #define PACKAGE_TARNAME "flex"
| #define PACKAGE_VERSION "2.5.37"
| #define PACKAGE_STRING "the fast lexical analyser generator 2.5.37"
| #define PACKAGE_BUGREPORT "flex-help@lists.sourceforge.net"
| #define PACKAGE_URL ""
| #define PACKAGE "flex"
| #define VERSION "2.5.37"
| #define ENABLE_NLS 1
| #define HAVE_GETTEXT 1
| #define HAVE_DCGETTEXT 1
| #define YYTEXT_POINTER 1
| #define M4 "/home/shizhai/new_zhongwang/trunk/staging_dir/host/bin/m4"
| /* end confdefs.h.  */
| #include <ac_nonexistent.h>
configure:7194: result: gcc -E
configure:7214: gcc -E -I/home/shizhai/new_zhongwang/trunk/staging_dir/host/include conftest.c
configure:7214: $? = 0
configure:7228: gcc -E -I/home/shizhai/new_zhongwang/trunk/staging_dir/host/include conftest.c
conftest.c:16:28: fatal error: ac_nonexistent.h: No such file or directory
compilation terminated.
configure:7228: $? = 1
configure: failed program was:
| /* confdefs.h */
| #define PACKAGE_NAME "the fast lexical analyser generator"
| #define PACKAGE_TARNAME "flex"
| #define PACKAGE_VERSION "2.5.37"
| #define PACKAGE_STRING "the fast lexical analyser generator 2.5.37"
| #define PACKAGE_BUGREPORT "flex-help@lists.sourceforge.net"
| #define PACKAGE_URL ""
| #define PACKAGE "flex"
| #define VERSION "2.5.37"
| #define ENABLE_NLS 1
| #define HAVE_GETTEXT 1
| #define HAVE_DCGETTEXT 1
| #define YYTEXT_POINTER 1
| #define M4 "/home/shizhai/new_zhongwang/trunk/staging_dir/host/bin/m4"
| /* end confdefs.h.  */
| #include <ac_nonexistent.h>
configure:7257: checking for grep that handles long lines and -e
configure:7315: result: /home/shizhai/new_zhongwang/trunk/staging_dir/host/bin/grep
configure:7320: checking for egrep
configure:7382: result: /home/shizhai/new_zhongwang/trunk/staging_dir/host/bin/grep -E
configure:7387: checking for ANSI C header files
configure:7407: gcc -c -O2 -I/home/shizhai/new_zhongwang/trunk/staging_dir/host/include -I/home/shizhai/new_zhongwang/trunk/staging_dir/host/include conftest.c >&5
configure:7407: $? = 0
configure:7480: gcc -o conftest -O2 -I/home/shizhai/new_zhongwang/trunk/staging_dir/host/include -I/home/shizhai/new_zhongwang/trunk/staging_dir/host/include -L/home/shizhai/new_zhongwang/trunk/staging_dir/host/lib  conftest.c  >&5
configure:7480: $? = 0
configure:7480: ./conftest
configure:7480: $? = 0
configure:7491: result: yes
configure:7499: checking for sys/wait.h that is POSIX.1 compatible
configure:7525: gcc -c -O2 -I/home/shizhai/new_zhongwang/trunk/staging_dir/host/include -I/home/shizhai/new_zhongwang/trunk/staging_dir/host/include conftest.c >&5
configure:7525: $? = 0
configure:7532: result: yes
configure:7545: checking for sys/types.h
configure:7545: gcc -c -O2 -I/home/shizhai/new_zhongwang/trunk/staging_dir/host/include -I/home/shizhai/new_zhongwang/trunk/staging_dir/host/include conftest.c >&5
configure:7545: $? = 0
configure:7545: result: yes
configure:7545: checking for sys/stat.h
configure:7545: gcc -c -O2 -I/home/shizhai/new_zhongwang/trunk/staging_dir/host/include -I/home/shizhai/new_zhongwang/trunk/staging_dir/host/include conftest.c >&5
configure:7545: $? = 0
configure:7545: result: yes
configure:7545: checking for stdlib.h
configure:7545: gcc -c -O2 -I/home/shizhai/new_zhongwang/trunk/staging_dir/host/include -I/home/shizhai/new_zhongwang/trunk/staging_dir/host/include conftest.c >&5
configure:7545: $? = 0
configure:7545: result: yes
configure:7545: checking for string.h
configure:7545: gcc -c -O2 -I/home/shizhai/new_zhongwang/trunk/staging_dir/host/include -I/home/shizhai/new_zhongwang/trunk/staging_dir/host/include conftest.c >&5
configure:7545: $? = 0
configure:7545: result: yes
configure:7545: checking for memory.h
configure:7545: gcc -c -O2 -I/home/shizhai/new_zhongwang/trunk/staging_dir/host/include -I/home/shizhai/new_zhongwang/trunk/staging_dir/host/include conftest.c >&5
configure:7545: $? = 0
configure:7545: result: yes
configure:7545: checking for strings.h
configure:7545: gcc -c -O2 -I/home/shizhai/new_zhongwang/trunk/staging_dir/host/include -I/home/shizhai/new_zhongwang/trunk/staging_dir/host/include conftest.c >&5
configure:7545: $? = 0
configure:7545: result: yes
configure:7545: checking for inttypes.h
configure:7545: gcc -c -O2 -I/home/shizhai/new_zhongwang/trunk/staging_dir/host/include -I/home/shizhai/new_zhongwang/trunk/staging_dir/host/include conftest.c >&5
configure:7545: $? = 0
configure:7545: result: yes
configure:7545: checking for stdint.h
configure:7545: gcc -c -O2 -I/home/shizhai/new_zhongwang/trunk/staging_dir/host/include -I/home/shizhai/new_zhongwang/trunk/staging_dir/host/include conftest.c >&5
configure:7545: $? = 0
configure:7545: result: yes
configure:7545: checking for unistd.h
configure:7545: gcc -c -O2 -I/home/shizhai/new_zhongwang/trunk/staging_dir/host/include -I/home/shizhai/new_zhongwang/trunk/staging_dir/host/include conftest.c >&5
configure:7545: $? = 0
configure:7545: result: yes
configure:7561: checking for inttypes.h
configure:7561: result: yes
configure:7561: checking libintl.h usability
configure:7561: gcc -c -O2 -I/home/shizhai/new_zhongwang/trunk/staging_dir/host/include -I/home/shizhai/new_zhongwang/trunk/staging_dir/host/include conftest.c >&5
configure:7561: $? = 0
configure:7561: result: yes
configure:7561: checking libintl.h presence
configure:7561: gcc -E -I/home/shizhai/new_zhongwang/trunk/staging_dir/host/include conftest.c
configure:7561: $? = 0
configure:7561: result: yes
configure:7561: checking for libintl.h
configure:7561: result: yes
configure:7561: checking limits.h usability
configure:7561: gcc -c -O2 -I/home/shizhai/new_zhongwang/trunk/staging_dir/host/include -I/home/shizhai/new_zhongwang/trunk/staging_dir/host/include conftest.c >&5
configure:7561: $? = 0
configure:7561: result: yes
configure:7561: checking limits.h presence
configure:7561: gcc -E -I/home/shizhai/new_zhongwang/trunk/staging_dir/host/include conftest.c
configure:7561: $? = 0
configure:7561: result: yes
configure:7561: checking for limits.h
configure:7561: result: yes
configure:7561: checking locale.h usability
configure:7561: gcc -c -O2 -I/home/shizhai/new_zhongwang/trunk/staging_dir/host/include -I/home/shizhai/new_zhongwang/trunk/staging_dir/host/include conftest.c >&5
configure:7561: $? = 0
configure:7561: result: yes
configure:7561: checking locale.h presence
configure:7561: gcc -E -I/home/shizhai/new_zhongwang/trunk/staging_dir/host/include conftest.c
configure:7561: $? = 0
configure:7561: result: yes
configure:7561: checking for locale.h
configure:7561: result: yes
configure:7561: checking malloc.h usability
configure:7561: gcc -c -O2 -I/home/shizhai/new_zhongwang/trunk/staging_dir/host/include -I/home/shizhai/new_zhongwang/trunk/staging_dir/host/include conftest.c >&5
configure:7561: $? = 0
configure:7561: result: yes
configure:7561: checking malloc.h presence
configure:7561: gcc -E -I/home/shizhai/new_zhongwang/trunk/staging_dir/host/include conftest.c
configure:7561: $? = 0
configure:7561: result: yes
configure:7561: checking for malloc.h
configure:7561: result: yes
configure:7561: checking netinet/in.h usability
configure:7561: gcc -c -O2 -I/home/shizhai/new_zhongwang/trunk/staging_dir/host/include -I/home/shizhai/new_zhongwang/trunk/staging_dir/host/include conftest.c >&5
configure:7561: $? = 0
configure:7561: result: yes
configure:7561: checking netinet/in.h presence
configure:7561: gcc -E -I/home/shizhai/new_zhongwang/trunk/staging_dir/host/include conftest.c
configure:7561: $? = 0
configure:7561: result: yes
configure:7561: checking for netinet/in.h
configure:7561: result: yes
configure:7561: checking regex.h usability
configure:7561: gcc -c -O2 -I/home/shizhai/new_zhongwang/trunk/staging_dir/host/include -I/home/shizhai/new_zhongwang/trunk/staging_dir/host/include conftest.c >&5
configure:7561: $? = 0
configure:7561: result: yes
configure:7561: checking regex.h presence
configure:7561: gcc -E -I/home/shizhai/new_zhongwang/trunk/staging_dir/host/include conftest.c
configure:7561: $? = 0
configure:7561: result: yes
configure:7561: checking for regex.h
configure:7561: result: yes
configure:7561: checking stddef.h usability
configure:7561: gcc -c -O2 -I/home/shizhai/new_zhongwang/trunk/staging_dir/host/include -I/home/shizhai/new_zhongwang/trunk/staging_dir/host/include conftest.c >&5
configure:7561: $? = 0
configure:7561: result: yes
configure:7561: checking stddef.h presence
configure:7561: gcc -E -I/home/shizhai/new_zhongwang/trunk/staging_dir/host/include conftest.c
configure:7561: $? = 0
configure:7561: result: yes
configure:7561: checking for stddef.h
configure:7561: result: yes
configure:7561: checking for stdlib.h
configure:7561: result: yes
configure:7561: checking for string.h
configure:7561: result: yes
configure:7561: checking for strings.h
configure:7561: result: yes
configure:7561: checking for unistd.h
configure:7561: result: yes
configure:7579: checking for pthread_mutex_lock in -lpthread
configure:7604: gcc -o conftest -O2 -I/home/shizhai/new_zhongwang/trunk/staging_dir/host/include -I/home/shizhai/new_zhongwang/trunk/staging_dir/host/include -L/home/shizhai/new_zhongwang/trunk/staging_dir/host/lib  conftest.c -lpthread   >&5
configure:7604: $? = 0
configure:7613: result: yes
configure:7628: checking pthread.h usability
configure:7628: gcc -c -O2 -I/home/shizhai/new_zhongwang/trunk/staging_dir/host/include -I/home/shizhai/new_zhongwang/trunk/staging_dir/host/include conftest.c >&5
configure:7628: $? = 0
configure:7628: result: yes
configure:7628: checking pthread.h presence
configure:7628: gcc -E -I/home/shizhai/new_zhongwang/trunk/staging_dir/host/include conftest.c
configure:7628: $? = 0
configure:7628: result: yes
configure:7628: checking for pthread.h
configure:7628: result: yes
configure:7639: checking for log10 in -lm
configure:7664: gcc -o conftest -O2 -I/home/shizhai/new_zhongwang/trunk/staging_dir/host/include -I/home/shizhai/new_zhongwang/trunk/staging_dir/host/include -L/home/shizhai/new_zhongwang/trunk/staging_dir/host/lib  conftest.c -lm   >&5
conftest.c:48:6: warning: conflicting types for built-in function 'log10' [enabled by default]
configure:7664: $? = 0
configure:7673: result: yes
configure:7687: checking for stdbool.h that conforms to C99
configure:7772: gcc -c -O2 -I/home/shizhai/new_zhongwang/trunk/staging_dir/host/include -I/home/shizhai/new_zhongwang/trunk/staging_dir/host/include conftest.c >&5
configure:7772: $? = 0
configure:7779: result: yes
configure:7781: checking for _Bool
configure:7781: gcc -c -O2 -I/home/shizhai/new_zhongwang/trunk/staging_dir/host/include -I/home/shizhai/new_zhongwang/trunk/staging_dir/host/include conftest.c >&5
configure:7781: $? = 0
configure:7781: gcc -c -O2 -I/home/shizhai/new_zhongwang/trunk/staging_dir/host/include -I/home/shizhai/new_zhongwang/trunk/staging_dir/host/include conftest.c >&5
conftest.c: In function 'main':
conftest.c:78:20: error: expected expression before ')' token
configure:7781: $? = 1
configure: failed program was:
| /* confdefs.h */
| #define PACKAGE_NAME "the fast lexical analyser generator"
| #define PACKAGE_TARNAME "flex"
| #define PACKAGE_VERSION "2.5.37"
| #define PACKAGE_STRING "the fast lexical analyser generator 2.5.37"
| #define PACKAGE_BUGREPORT "flex-help@lists.sourceforge.net"
| #define PACKAGE_URL ""
| #define PACKAGE "flex"
| #define VERSION "2.5.37"
| #define ENABLE_NLS 1
| #define HAVE_GETTEXT 1
| #define HAVE_DCGETTEXT 1
| #define YYTEXT_POINTER 1
| #define M4 "/home/shizhai/new_zhongwang/trunk/staging_dir/host/bin/m4"
| #define STDC_HEADERS 1
| #define HAVE_SYS_WAIT_H 1
| #define HAVE_SYS_TYPES_H 1
| #define HAVE_SYS_STAT_H 1
| #define HAVE_STDLIB_H 1
| #define HAVE_STRING_H 1
| #define HAVE_MEMORY_H 1
| #define HAVE_STRINGS_H 1
| #define HAVE_INTTYPES_H 1
| #define HAVE_STDINT_H 1
| #define HAVE_UNISTD_H 1
| #define HAVE_INTTYPES_H 1
| #define HAVE_LIBINTL_H 1
| #define HAVE_LIMITS_H 1
| #define HAVE_LOCALE_H 1
| #define HAVE_MALLOC_H 1
| #define HAVE_NETINET_IN_H 1
| #define HAVE_REGEX_H 1
| #define HAVE_STDDEF_H 1
| #define HAVE_STDLIB_H 1
| #define HAVE_STRING_H 1
| #define HAVE_STRINGS_H 1
| #define HAVE_UNISTD_H 1
| #define HAVE_LIBPTHREAD 1
| #define HAVE_PTHREAD_H 1
| #define HAVE_LIBM 1
| /* end confdefs.h.  */
| #include <stdio.h>
| #ifdef HAVE_SYS_TYPES_H
| # include <sys/types.h>
| #endif
| #ifdef HAVE_SYS_STAT_H
| # include <sys/stat.h>
| #endif
| #ifdef STDC_HEADERS
| # include <stdlib.h>
| # include <stddef.h>
| #else
| # ifdef HAVE_STDLIB_H
| #  include <stdlib.h>
| # endif
| #endif
| #ifdef HAVE_STRING_H
| # if !defined STDC_HEADERS && defined HAVE_MEMORY_H
| #  include <memory.h>
| # endif
| # include <string.h>
| #endif
| #ifdef HAVE_STRINGS_H
| # include <strings.h>
| #endif
| #ifdef HAVE_INTTYPES_H
| # include <inttypes.h>
| #endif
| #ifdef HAVE_STDINT_H
| # include <stdint.h>
| #endif
| #ifdef HAVE_UNISTD_H
| # include <unistd.h>
| #endif
| int
| main ()
| {
| if (sizeof ((_Bool)))
| 	    return 0;
|   ;
|   return 0;
| }
configure:7781: result: yes
configure:7797: checking for an ANSI C-conforming const
configure:7862: gcc -c -O2 -I/home/shizhai/new_zhongwang/trunk/staging_dir/host/include -I/home/shizhai/new_zhongwang/trunk/staging_dir/host/include conftest.c >&5
configure:7862: $? = 0
configure:7869: result: yes
configure:7877: checking for size_t
configure:7877: gcc -c -O2 -I/home/shizhai/new_zhongwang/trunk/staging_dir/host/include -I/home/shizhai/new_zhongwang/trunk/staging_dir/host/include conftest.c >&5
configure:7877: $? = 0
configure:7877: gcc -c -O2 -I/home/shizhai/new_zhongwang/trunk/staging_dir/host/include -I/home/shizhai/new_zhongwang/trunk/staging_dir/host/include conftest.c >&5
conftest.c: In function 'main':
conftest.c:80:21: error: expected expression before ')' token
configure:7877: $? = 1
configure: failed program was:
| /* confdefs.h */
| #define PACKAGE_NAME "the fast lexical analyser generator"
| #define PACKAGE_TARNAME "flex"
| #define PACKAGE_VERSION "2.5.37"
| #define PACKAGE_STRING "the fast lexical analyser generator 2.5.37"
| #define PACKAGE_BUGREPORT "flex-help@lists.sourceforge.net"
| #define PACKAGE_URL ""
| #define PACKAGE "flex"
| #define VERSION "2.5.37"
| #define ENABLE_NLS 1
| #define HAVE_GETTEXT 1
| #define HAVE_DCGETTEXT 1
| #define YYTEXT_POINTER 1
| #define M4 "/home/shizhai/new_zhongwang/trunk/staging_dir/host/bin/m4"
| #define STDC_HEADERS 1
| #define HAVE_SYS_WAIT_H 1
| #define HAVE_SYS_TYPES_H 1
| #define HAVE_SYS_STAT_H 1
| #define HAVE_STDLIB_H 1
| #define HAVE_STRING_H 1
| #define HAVE_MEMORY_H 1
| #define HAVE_STRINGS_H 1
| #define HAVE_INTTYPES_H 1
| #define HAVE_STDINT_H 1
| #define HAVE_UNISTD_H 1
| #define HAVE_INTTYPES_H 1
| #define HAVE_LIBINTL_H 1
| #define HAVE_LIMITS_H 1
| #define HAVE_LOCALE_H 1
| #define HAVE_MALLOC_H 1
| #define HAVE_NETINET_IN_H 1
| #define HAVE_REGEX_H 1
| #define HAVE_STDDEF_H 1
| #define HAVE_STDLIB_H 1
| #define HAVE_STRING_H 1
| #define HAVE_STRINGS_H 1
| #define HAVE_UNISTD_H 1
| #define HAVE_LIBPTHREAD 1
| #define HAVE_PTHREAD_H 1
| #define HAVE_LIBM 1
| #define HAVE__BOOL 1
| #define HAVE_STDBOOL_H 1
| /* end confdefs.h.  */
| #include <stdio.h>
| #ifdef HAVE_SYS_TYPES_H
| # include <sys/types.h>
| #endif
| #ifdef HAVE_SYS_STAT_H
| # include <sys/stat.h>
| #endif
| #ifdef STDC_HEADERS
| # include <stdlib.h>
| # include <stddef.h>
| #else
| # ifdef HAVE_STDLIB_H
| #  include <stdlib.h>
| # endif
| #endif
| #ifdef HAVE_STRING_H
| # if !defined STDC_HEADERS && defined HAVE_MEMORY_H
| #  include <memory.h>
| # endif
| # include <string.h>
| #endif
| #ifdef HAVE_STRINGS_H
| # include <strings.h>
| #endif
| #ifdef HAVE_INTTYPES_H
| # include <inttypes.h>
| #endif
| #ifdef HAVE_STDINT_H
| # include <stdint.h>
| #endif
| #ifdef HAVE_UNISTD_H
| # include <unistd.h>
| #endif
| int
| main ()
| {
| if (sizeof ((size_t)))
| 	    return 0;
|   ;
|   return 0;
| }
configure:7877: result: yes
configure:7893: checking for working alloca.h
configure:7910: gcc -o conftest -O2 -I/home/shizhai/new_zhongwang/trunk/staging_dir/host/include -I/home/shizhai/new_zhongwang/trunk/staging_dir/host/include -L/home/shizhai/new_zhongwang/trunk/staging_dir/host/lib  conftest.c -lm  >&5
configure:7910: $? = 0
configure:7918: result: yes
configure:7926: checking for alloca
configure:7963: gcc -o conftest -O2 -I/home/shizhai/new_zhongwang/trunk/staging_dir/host/include -I/home/shizhai/new_zhongwang/trunk/staging_dir/host/include -L/home/shizhai/new_zhongwang/trunk/staging_dir/host/lib  conftest.c -lm  >&5
configure:7963: $? = 0
configure:7971: result: yes
configure:8081: checking for pid_t
configure:8081: gcc -c -O2 -I/home/shizhai/new_zhongwang/trunk/staging_dir/host/include -I/home/shizhai/new_zhongwang/trunk/staging_dir/host/include conftest.c >&5
configure:8081: $? = 0
configure:8081: gcc -c -O2 -I/home/shizhai/new_zhongwang/trunk/staging_dir/host/include -I/home/shizhai/new_zhongwang/trunk/staging_dir/host/include conftest.c >&5
conftest.c: In function 'main':
conftest.c:82:20: error: expected expression before ')' token
configure:8081: $? = 1
configure: failed program was:
| /* confdefs.h */
| #define PACKAGE_NAME "the fast lexical analyser generator"
| #define PACKAGE_TARNAME "flex"
| #define PACKAGE_VERSION "2.5.37"
| #define PACKAGE_STRING "the fast lexical analyser generator 2.5.37"
| #define PACKAGE_BUGREPORT "flex-help@lists.sourceforge.net"
| #define PACKAGE_URL ""
| #define PACKAGE "flex"
| #define VERSION "2.5.37"
| #define ENABLE_NLS 1
| #define HAVE_GETTEXT 1
| #define HAVE_DCGETTEXT 1
| #define YYTEXT_POINTER 1
| #define M4 "/home/shizhai/new_zhongwang/trunk/staging_dir/host/bin/m4"
| #define STDC_HEADERS 1
| #define HAVE_SYS_WAIT_H 1
| #define HAVE_SYS_TYPES_H 1
| #define HAVE_SYS_STAT_H 1
| #define HAVE_STDLIB_H 1
| #define HAVE_STRING_H 1
| #define HAVE_MEMORY_H 1
| #define HAVE_STRINGS_H 1
| #define HAVE_INTTYPES_H 1
| #define HAVE_STDINT_H 1
| #define HAVE_UNISTD_H 1
| #define HAVE_INTTYPES_H 1
| #define HAVE_LIBINTL_H 1
| #define HAVE_LIMITS_H 1
| #define HAVE_LOCALE_H 1
| #define HAVE_MALLOC_H 1
| #define HAVE_NETINET_IN_H 1
| #define HAVE_REGEX_H 1
| #define HAVE_STDDEF_H 1
| #define HAVE_STDLIB_H 1
| #define HAVE_STRING_H 1
| #define HAVE_STRINGS_H 1
| #define HAVE_UNISTD_H 1
| #define HAVE_LIBPTHREAD 1
| #define HAVE_PTHREAD_H 1
| #define HAVE_LIBM 1
| #define HAVE__BOOL 1
| #define HAVE_STDBOOL_H 1
| #define HAVE_ALLOCA_H 1
| #define HAVE_ALLOCA 1
| /* end confdefs.h.  */
| #include <stdio.h>
| #ifdef HAVE_SYS_TYPES_H
| # include <sys/types.h>
| #endif
| #ifdef HAVE_SYS_STAT_H
| # include <sys/stat.h>
| #endif
| #ifdef STDC_HEADERS
| # include <stdlib.h>
| # include <stddef.h>
| #else
| # ifdef HAVE_STDLIB_H
| #  include <stdlib.h>
| # endif
| #endif
| #ifdef HAVE_STRING_H
| # if !defined STDC_HEADERS && defined HAVE_MEMORY_H
| #  include <memory.h>
| # endif
| # include <string.h>
| #endif
| #ifdef HAVE_STRINGS_H
| # include <strings.h>
| #endif
| #ifdef HAVE_INTTYPES_H
| # include <inttypes.h>
| #endif
| #ifdef HAVE_STDINT_H
| # include <stdint.h>
| #endif
| #ifdef HAVE_UNISTD_H
| # include <unistd.h>
| #endif
| int
| main ()
| {
| if (sizeof ((pid_t)))
| 	    return 0;
|   ;
|   return 0;
| }
configure:8081: result: yes
configure:8094: checking vfork.h usability
configure:8094: gcc -c -O2 -I/home/shizhai/new_zhongwang/trunk/staging_dir/host/include -I/home/shizhai/new_zhongwang/trunk/staging_dir/host/include conftest.c >&5
conftest.c:79:19: fatal error: vfork.h: No such file or directory
compilation terminated.
configure:8094: $? = 1
configure: failed program was:
| /* confdefs.h */
| #define PACKAGE_NAME "the fast lexical analyser generator"
| #define PACKAGE_TARNAME "flex"
| #define PACKAGE_VERSION "2.5.37"
| #define PACKAGE_STRING "the fast lexical analyser generator 2.5.37"
| #define PACKAGE_BUGREPORT "flex-help@lists.sourceforge.net"
| #define PACKAGE_URL ""
| #define PACKAGE "flex"
| #define VERSION "2.5.37"
| #define ENABLE_NLS 1
| #define HAVE_GETTEXT 1
| #define HAVE_DCGETTEXT 1
| #define YYTEXT_POINTER 1
| #define M4 "/home/shizhai/new_zhongwang/trunk/staging_dir/host/bin/m4"
| #define STDC_HEADERS 1
| #define HAVE_SYS_WAIT_H 1
| #define HAVE_SYS_TYPES_H 1
| #define HAVE_SYS_STAT_H 1
| #define HAVE_STDLIB_H 1
| #define HAVE_STRING_H 1
| #define HAVE_MEMORY_H 1
| #define HAVE_STRINGS_H 1
| #define HAVE_INTTYPES_H 1
| #define HAVE_STDINT_H 1
| #define HAVE_UNISTD_H 1
| #define HAVE_INTTYPES_H 1
| #define HAVE_LIBINTL_H 1
| #define HAVE_LIMITS_H 1
| #define HAVE_LOCALE_H 1
| #define HAVE_MALLOC_H 1
| #define HAVE_NETINET_IN_H 1
| #define HAVE_REGEX_H 1
| #define HAVE_STDDEF_H 1
| #define HAVE_STDLIB_H 1
| #define HAVE_STRING_H 1
| #define HAVE_STRINGS_H 1
| #define HAVE_UNISTD_H 1
| #define HAVE_LIBPTHREAD 1
| #define HAVE_PTHREAD_H 1
| #define HAVE_LIBM 1
| #define HAVE__BOOL 1
| #define HAVE_STDBOOL_H 1
| #define HAVE_ALLOCA_H 1
| #define HAVE_ALLOCA 1
| /* end confdefs.h.  */
| #include <stdio.h>
| #ifdef HAVE_SYS_TYPES_H
| # include <sys/types.h>
| #endif
| #ifdef HAVE_SYS_STAT_H
| # include <sys/stat.h>
| #endif
| #ifdef STDC_HEADERS
| # include <stdlib.h>
| # include <stddef.h>
| #else
| # ifdef HAVE_STDLIB_H
| #  include <stdlib.h>
| # endif
| #endif
| #ifdef HAVE_STRING_H
| # if !defined STDC_HEADERS && defined HAVE_MEMORY_H
| #  include <memory.h>
| # endif
| # include <string.h>
| #endif
| #ifdef HAVE_STRINGS_H
| # include <strings.h>
| #endif
| #ifdef HAVE_INTTYPES_H
| # include <inttypes.h>
| #endif
| #ifdef HAVE_STDINT_H
| # include <stdint.h>
| #endif
| #ifdef HAVE_UNISTD_H
| # include <unistd.h>
| #endif
| #include <vfork.h>
configure:8094: result: no
configure:8094: checking vfork.h presence
configure:8094: gcc -E -I/home/shizhai/new_zhongwang/trunk/staging_dir/host/include conftest.c
conftest.c:46:19: fatal error: vfork.h: No such file or directory
compilation terminated.
configure:8094: $? = 1
configure: failed program was:
| /* confdefs.h */
| #define PACKAGE_NAME "the fast lexical analyser generator"
| #define PACKAGE_TARNAME "flex"
| #define PACKAGE_VERSION "2.5.37"
| #define PACKAGE_STRING "the fast lexical analyser generator 2.5.37"
| #define PACKAGE_BUGREPORT "flex-help@lists.sourceforge.net"
| #define PACKAGE_URL ""
| #define PACKAGE "flex"
| #define VERSION "2.5.37"
| #define ENABLE_NLS 1
| #define HAVE_GETTEXT 1
| #define HAVE_DCGETTEXT 1
| #define YYTEXT_POINTER 1
| #define M4 "/home/shizhai/new_zhongwang/trunk/staging_dir/host/bin/m4"
| #define STDC_HEADERS 1
| #define HAVE_SYS_WAIT_H 1
| #define HAVE_SYS_TYPES_H 1
| #define HAVE_SYS_STAT_H 1
| #define HAVE_STDLIB_H 1
| #define HAVE_STRING_H 1
| #define HAVE_MEMORY_H 1
| #define HAVE_STRINGS_H 1
| #define HAVE_INTTYPES_H 1
| #define HAVE_STDINT_H 1
| #define HAVE_UNISTD_H 1
| #define HAVE_INTTYPES_H 1
| #define HAVE_LIBINTL_H 1
| #define HAVE_LIMITS_H 1
| #define HAVE_LOCALE_H 1
| #define HAVE_MALLOC_H 1
| #define HAVE_NETINET_IN_H 1
| #define HAVE_REGEX_H 1
| #define HAVE_STDDEF_H 1
| #define HAVE_STDLIB_H 1
| #define HAVE_STRING_H 1
| #define HAVE_STRINGS_H 1
| #define HAVE_UNISTD_H 1
| #define HAVE_LIBPTHREAD 1
| #define HAVE_PTHREAD_H 1
| #define HAVE_LIBM 1
| #define HAVE__BOOL 1
| #define HAVE_STDBOOL_H 1
| #define HAVE_ALLOCA_H 1
| #define HAVE_ALLOCA 1
| /* end confdefs.h.  */
| #include <vfork.h>
configure:8094: result: no
configure:8094: checking for vfork.h
configure:8094: result: no
configure:8107: checking for fork
configure:8107: gcc -o conftest -O2 -I/home/shizhai/new_zhongwang/trunk/staging_dir/host/include -I/home/shizhai/new_zhongwang/trunk/staging_dir/host/include -L/home/shizhai/new_zhongwang/trunk/staging_dir/host/lib  conftest.c -lm  >&5
conftest.c:69:6: warning: conflicting types for built-in function 'fork' [enabled by default]
configure:8107: $? = 0
configure:8107: result: yes
configure:8107: checking for vfork
configure:8107: gcc -o conftest -O2 -I/home/shizhai/new_zhongwang/trunk/staging_dir/host/include -I/home/shizhai/new_zhongwang/trunk/staging_dir/host/include -L/home/shizhai/new_zhongwang/trunk/staging_dir/host/lib  conftest.c -lm  >&5
configure:8107: $? = 0
configure:8107: result: yes
configure:8118: checking for working fork
configure:8140: gcc -o conftest -O2 -I/home/shizhai/new_zhongwang/trunk/staging_dir/host/include -I/home/shizhai/new_zhongwang/trunk/staging_dir/host/include -L/home/shizhai/new_zhongwang/trunk/staging_dir/host/lib  conftest.c -lm  >&5
configure:8140: $? = 0
configure:8140: ./conftest
configure:8140: $? = 0
configure:8150: result: yes
configure:8171: checking for working vfork
configure:8281: result: yes
configure:8308: checking for stdlib.h
configure:8308: result: yes
configure:8318: checking for GNU libc compatible malloc
configure:8342: gcc -o conftest -O2 -I/home/shizhai/new_zhongwang/trunk/staging_dir/host/include -I/home/shizhai/new_zhongwang/trunk/staging_dir/host/include -L/home/shizhai/new_zhongwang/trunk/staging_dir/host/lib  conftest.c -lm  >&5
configure:8342: $? = 0
configure:8342: ./conftest
configure:8342: $? = 0
configure:8352: result: yes
configure:8375: checking for stdlib.h
configure:8375: result: yes
configure:8385: checking for GNU libc compatible realloc
configure:8409: gcc -o conftest -O2 -I/home/shizhai/new_zhongwang/trunk/staging_dir/host/include -I/home/shizhai/new_zhongwang/trunk/staging_dir/host/include -L/home/shizhai/new_zhongwang/trunk/staging_dir/host/lib  conftest.c -lm  >&5
configure:8409: $? = 0
configure:8409: ./conftest
configure:8409: $? = 0
configure:8419: result: yes
configure:8443: checking for dup2
configure:8443: gcc -o conftest -O2 -I/home/shizhai/new_zhongwang/trunk/staging_dir/host/include -I/home/shizhai/new_zhongwang/trunk/staging_dir/host/include -L/home/shizhai/new_zhongwang/trunk/staging_dir/host/lib  conftest.c -lm  >&5
configure:8443: $? = 0
configure:8443: result: yes
configure:8443: checking for isascii
configure:8443: gcc -o conftest -O2 -I/home/shizhai/new_zhongwang/trunk/staging_dir/host/include -I/home/shizhai/new_zhongwang/trunk/staging_dir/host/include -L/home/shizhai/new_zhongwang/trunk/staging_dir/host/lib  conftest.c -lm  >&5
conftest.c:78:6: warning: conflicting types for built-in function 'isascii' [enabled by default]
configure:8443: $? = 0
configure:8443: result: yes
configure:8443: checking for memset
configure:8443: gcc -o conftest -O2 -I/home/shizhai/new_zhongwang/trunk/staging_dir/host/include -I/home/shizhai/new_zhongwang/trunk/staging_dir/host/include -L/home/shizhai/new_zhongwang/trunk/staging_dir/host/lib  conftest.c -lm  >&5
conftest.c:79:6: warning: conflicting types for built-in function 'memset' [enabled by default]
configure:8443: $? = 0
configure:8443: result: yes
configure:8443: checking for pow
configure:8443: gcc -o conftest -O2 -I/home/shizhai/new_zhongwang/trunk/staging_dir/host/include -I/home/shizhai/new_zhongwang/trunk/staging_dir/host/include -L/home/shizhai/new_zhongwang/trunk/staging_dir/host/lib  conftest.c -lm  >&5
conftest.c:80:6: warning: conflicting types for built-in function 'pow' [enabled by default]
configure:8443: $? = 0
configure:8443: result: yes
configure:8443: checking for regcomp
configure:8443: gcc -o conftest -O2 -I/home/shizhai/new_zhongwang/trunk/staging_dir/host/include -I/home/shizhai/new_zhongwang/trunk/staging_dir/host/include -L/home/shizhai/new_zhongwang/trunk/staging_dir/host/lib  conftest.c -lm  >&5
configure:8443: $? = 0
configure:8443: result: yes
configure:8443: checking for setlocale
configure:8443: gcc -o conftest -O2 -I/home/shizhai/new_zhongwang/trunk/staging_dir/host/include -I/home/shizhai/new_zhongwang/trunk/staging_dir/host/include -L/home/shizhai/new_zhongwang/trunk/staging_dir/host/lib  conftest.c -lm  >&5
configure:8443: $? = 0
configure:8443: result: yes
configure:8443: checking for strchr
configure:8443: gcc -o conftest -O2 -I/home/shizhai/new_zhongwang/trunk/staging_dir/host/include -I/home/shizhai/new_zhongwang/trunk/staging_dir/host/include -L/home/shizhai/new_zhongwang/trunk/staging_dir/host/lib  conftest.c -lm  >&5
conftest.c:83:6: warning: conflicting types for built-in function 'strchr' [enabled by default]
configure:8443: $? = 0
configure:8443: result: yes
configure:8443: checking for strtol
configure:8443: gcc -o conftest -O2 -I/home/shizhai/new_zhongwang/trunk/staging_dir/host/include -I/home/shizhai/new_zhongwang/trunk/staging_dir/host/include -L/home/shizhai/new_zhongwang/trunk/staging_dir/host/lib  conftest.c -lm  >&5
configure:8443: $? = 0
configure:8443: result: yes
configure:8583: creating ./config.status

## ---------------------- ##
## Running config.status. ##
## ---------------------- ##

This file was extended by the fast lexical analyser generator config.status 2.5.37, which was
generated by GNU Autoconf 2.65.  Invocation command line was

  CONFIG_FILES    = 
  CONFIG_HEADERS  = 
  CONFIG_LINKS    = 
  CONFIG_COMMANDS = 
  $ ./config.status 

on shizhai-Founder-PC

config.status:992: creating Makefile
config.status:992: creating doc/Makefile
config.status:992: creating examples/Makefile
config.status:992: creating examples/fastwc/Makefile
config.status:992: creating examples/manual/Makefile
config.status:992: creating lib/Makefile
config.status:992: creating po/Makefile.in
config.status:1100: WARNING:  'po/Makefile.in.in' seems to ignore the --datarootdir setting
config.status:992: creating tools/Makefile
config.status:992: creating tests/Makefile
config.status:992: creating tests/TEMPLATE/Makefile
config.status:992: creating tests/test-array-nr/Makefile
config.status:992: creating tests/test-array-r/Makefile
config.status:992: creating tests/test-basic-nr/Makefile
config.status:992: creating tests/test-basic-r/Makefile
config.status:992: creating tests/test-bison-yylloc/Makefile
config.status:992: creating tests/test-bison-yylval/Makefile
config.status:992: creating tests/test-c-cpp-nr/Makefile
config.status:992: creating tests/test-c-cpp-r/Makefile
config.status:992: creating tests/test-header-nr/Makefile
config.status:992: creating tests/test-header-r/Makefile
config.status:992: creating tests/test-include-by-buffer/Makefile
config.status:992: creating tests/test-include-by-push/Makefile
config.status:992: creating tests/test-include-by-reentrant/Makefile
config.status:992: creating tests/test-multiple-scanners-nr/Makefile
config.status:992: creating tests/test-multiple-scanners-r/Makefile
config.status:992: creating tests/test-noansi-nr/Makefile
config.status:992: creating tests/test-noansi-r/Makefile
config.status:992: creating tests/test-prefix-nr/Makefile
config.status:992: creating tests/test-prefix-r/Makefile
config.status:992: creating tests/test-pthread/Makefile
config.status:992: creating tests/test-string-nr/Makefile
config.status:992: creating tests/test-string-r/Makefile
config.status:992: creating tests/test-yyextra/Makefile
config.status:992: creating tests/test-alloc-extra/Makefile
config.status:992: creating tests/test-lineno-nr/Makefile
config.status:992: creating tests/test-lineno-r/Makefile
config.status:992: creating tests/test-linedir-r/Makefile
config.status:992: creating tests/test-debug-r/Makefile
config.status:992: creating tests/test-debug-nr/Makefile
config.status:992: creating tests/test-mem-nr/Makefile
config.status:992: creating tests/test-mem-r/Makefile
config.status:992: creating tests/test-posix/Makefile
config.status:992: creating tests/test-posixly-correct/Makefile
config.status:992: creating tests/test-table-opts/Makefile
config.status:992: creating tests/test-c++-basic/Makefile
config.status:992: creating tests/test-bison-nr/Makefile
config.status:992: creating tests/test-reject/Makefile
config.status:992: creating tests/test-c++-multiple-scanners/Makefile
config.status:992: creating tests/test-top/Makefile
config.status:992: creating tests/test-rescan-nr/Makefile
config.status:992: creating tests/test-rescan-r/Makefile
config.status:992: creating tests/test-quotes/Makefile
config.status:992: creating tests/test-ccl/Makefile
config.status:992: creating tests/test-extended/Makefile
config.status:992: creating tests/test-c++-yywrap/Makefile
config.status:992: creating tests/test-concatenated-options/Makefile
config.status:992: creating config.h
config.status:1212: executing default-1 commands
config.status:1212: executing depfiles commands

## ---------------- ##
## Cache variables. ##
## ---------------- ##

ac_cv_build=i686-pc-linux-gnu
ac_cv_c_compiler_gnu=yes
ac_cv_c_const=yes
ac_cv_cxx_compiler_gnu=yes
ac_cv_env_CCC_set=
ac_cv_env_CCC_value=
ac_cv_env_CC_set=set
ac_cv_env_CC_value=gcc
ac_cv_env_CFLAGS_set=set
ac_cv_env_CFLAGS_value='-O2 -I/home/shizhai/new_zhongwang/trunk/staging_dir/host/include'
ac_cv_env_CPPFLAGS_set=set
ac_cv_env_CPPFLAGS_value=-I/home/shizhai/new_zhongwang/trunk/staging_dir/host/include
ac_cv_env_CPP_set=
ac_cv_env_CPP_value=
ac_cv_env_CXXFLAGS_set=
ac_cv_env_CXXFLAGS_value=
ac_cv_env_CXX_set=
ac_cv_env_CXX_value=
ac_cv_env_LDFLAGS_set=set
ac_cv_env_LDFLAGS_value='-L/home/shizhai/new_zhongwang/trunk/staging_dir/host/lib '
ac_cv_env_LIBS_set=
ac_cv_env_LIBS_value=
ac_cv_env_YACC_set=
ac_cv_env_YACC_value=
ac_cv_env_YFLAGS_set=
ac_cv_env_YFLAGS_value=
ac_cv_env_build_alias_set=set
ac_cv_env_build_alias_value=i686-linux-gnu
ac_cv_env_host_alias_set=set
ac_cv_env_host_alias_value=i686-linux-gnu
ac_cv_env_target_alias_set=set
ac_cv_env_target_alias_value=i686-linux-gnu
ac_cv_func_alloca_works=yes
ac_cv_func_dup2=yes
ac_cv_func_fork=yes
ac_cv_func_fork_works=yes
ac_cv_func_isascii=yes
ac_cv_func_malloc_0_nonnull=yes
ac_cv_func_memset=yes
ac_cv_func_pow=yes
ac_cv_func_realloc_0_nonnull=yes
ac_cv_func_regcomp=yes
ac_cv_func_setlocale=yes
ac_cv_func_strchr=yes
ac_cv_func_strtol=yes
ac_cv_func_vfork=yes
ac_cv_func_vfork_works=yes
ac_cv_header_inttypes_h=yes
ac_cv_header_libintl_h=yes
ac_cv_header_limits_h=yes
ac_cv_header_locale_h=yes
ac_cv_header_malloc_h=yes
ac_cv_header_memory_h=yes
ac_cv_header_netinet_in_h=yes
ac_cv_header_pthread_h=yes
ac_cv_header_regex_h=yes
ac_cv_header_stdbool_h=yes
ac_cv_header_stdc=yes
ac_cv_header_stddef_h=yes
ac_cv_header_stdint_h=yes
ac_cv_header_stdlib_h=yes
ac_cv_header_string_h=yes
ac_cv_header_strings_h=yes
ac_cv_header_sys_stat_h=yes
ac_cv_header_sys_types_h=yes
ac_cv_header_sys_wait_h=yes
ac_cv_header_unistd_h=yes
ac_cv_header_vfork_h=no
ac_cv_host=i686-pc-linux-gnu
ac_cv_lib_lex=-lfl
ac_cv_lib_m_log10=yes
ac_cv_lib_pthread_pthread_mutex_lock=yes
ac_cv_objext=o
ac_cv_path_BISON=/usr/bin/bison
ac_cv_path_EGREP='/home/shizhai/new_zhongwang/trunk/staging_dir/host/bin/grep -E'
ac_cv_path_GMSGFMT=/usr/bin/msgfmt
ac_cv_path_GREP=/home/shizhai/new_zhongwang/trunk/staging_dir/host/bin/grep
ac_cv_path_HELP2MAN=help2man
ac_cv_path_INDENT=indent
ac_cv_path_M4=/home/shizhai/new_zhongwang/trunk/staging_dir/host/bin/m4
ac_cv_path_MSGFMT=/usr/bin/msgfmt
ac_cv_path_MSGMERGE=/usr/bin/msgmerge
ac_cv_path_XGETTEXT=/usr/bin/xgettext
ac_cv_path_install='/usr/bin/install -c'
ac_cv_path_mkdir=/bin/mkdir
ac_cv_prog_AWK=gawk
ac_cv_prog_CC=gcc
ac_cv_prog_CPP='gcc -E'
ac_cv_prog_CXX=i686-linux-gnu-g++
ac_cv_prog_LEX=flex
ac_cv_prog_YACC='bison -y'
ac_cv_prog_ac_ct_RANLIB=ranlib
ac_cv_prog_cc_c89=
ac_cv_prog_cc_g=yes
ac_cv_prog_cc_gcc_c_o=yes
ac_cv_prog_cxx_g=yes
ac_cv_prog_lex_root=lex.yy
ac_cv_prog_lex_yytext_pointer=yes
ac_cv_prog_make_make_set=yes
ac_cv_type__Bool=yes
ac_cv_type_pid_t=yes
ac_cv_type_size_t=yes
ac_cv_working_alloca_h=yes
acl_cv_hardcode_direct=no
acl_cv_hardcode_libdir_flag_spec='${wl}-rpath ${wl}$libdir'
acl_cv_hardcode_libdir_separator=
acl_cv_hardcode_minus_L=no
acl_cv_libext=a
acl_cv_path_LD=/usr/bin/ld
acl_cv_prog_gnu_ld=yes
acl_cv_rpath=done
acl_cv_shlibext=so
acl_cv_wl=-Wl,
am_cv_CC_dependencies_compiler_type=gcc3
am_cv_CXX_dependencies_compiler_type=gcc3
gt_cv_func_gnugettext1_libc=yes

## ----------------- ##
## Output variables. ##
## ----------------- ##

ACLOCAL='${SHELL} /home/shizhai/new_zhongwang/trunk/build_dir/host/flex-2.5.37/missing --run aclocal-1.11'
ALLOCA=''
AMDEPBACKSLASH='\'
AMDEP_FALSE='#'
AMDEP_TRUE=''
AMTAR='${SHELL} /home/shizhai/new_zhongwang/trunk/build_dir/host/flex-2.5.37/missing --run tar'
AUTOCONF='${SHELL} /home/shizhai/new_zhongwang/trunk/build_dir/host/flex-2.5.37/missing --run autoconf'
AUTOHEADER='${SHELL} /home/shizhai/new_zhongwang/trunk/build_dir/host/flex-2.5.37/missing --run autoheader'
AUTOMAKE='${SHELL} /home/shizhai/new_zhongwang/trunk/build_dir/host/flex-2.5.37/missing --run automake-1.11'
AWK='gawk'
BISON='/usr/bin/bison'
CC='gcc'
CCDEPMODE='depmode=gcc3'
CFLAGS='-O2 -I/home/shizhai/new_zhongwang/trunk/staging_dir/host/include'
CPP='gcc -E'
CPPFLAGS='-I/home/shizhai/new_zhongwang/trunk/staging_dir/host/include'
CXX='i686-linux-gnu-g++'
CXXDEPMODE='depmode=gcc3'
CXXFLAGS='-g -O2'
CYGPATH_W='echo'
DEFS='-DHAVE_CONFIG_H'
DEPDIR='.deps'
ECHO_C=''
ECHO_N='-n'
ECHO_T=''
EGREP='/home/shizhai/new_zhongwang/trunk/staging_dir/host/bin/grep -E'
EXEEXT=''
GMSGFMT='/usr/bin/msgfmt'
GREP='/home/shizhai/new_zhongwang/trunk/staging_dir/host/bin/grep'
HELP2MAN='help2man'
INDENT='indent'
INSTALL_DATA='${INSTALL} -m 644'
INSTALL_PROGRAM='${INSTALL}'
INSTALL_SCRIPT='${INSTALL}'
INSTALL_STRIP_PROGRAM='$(install_sh) -c -s'
INTLLIBS=''
LDFLAGS='-L/home/shizhai/new_zhongwang/trunk/staging_dir/host/lib '
LEX='flex'
LEXLIB='-lfl'
LEX_OUTPUT_ROOT='lex.yy'
LIBICONV='-liconv'
LIBINTL=''
LIBOBJS=''
LIBS='-lm '
LN_S='ln -s'
LTLIBICONV='-liconv'
LTLIBINTL=''
LTLIBOBJS=''
M4='/home/shizhai/new_zhongwang/trunk/staging_dir/host/bin/m4'
MAKEINFO='${SHELL} /home/shizhai/new_zhongwang/trunk/build_dir/host/flex-2.5.37/missing --run makeinfo'
MKDIR_P='/bin/mkdir -p'
MKINSTALLDIRS='$(top_builddir)/./mkinstalldirs'
MSGFMT='/usr/bin/msgfmt'
MSGMERGE='/usr/bin/msgmerge'
OBJEXT='o'
PACKAGE='flex'
PACKAGE_BUGREPORT='flex-help@lists.sourceforge.net'
PACKAGE_NAME='the fast lexical analyser generator'
PACKAGE_STRING='the fast lexical analyser generator 2.5.37'
PACKAGE_TARNAME='flex'
PACKAGE_URL=''
PACKAGE_VERSION='2.5.37'
PATH_SEPARATOR=':'
POSUB='po'
RANLIB='ranlib'
SET_MAKE=''
SHELL='/bin/bash'
STRIP=''
USE_NLS='yes'
VERSION='2.5.37'
XGETTEXT='/usr/bin/xgettext'
YACC='bison -y'
YFLAGS=''
ac_ct_CC=''
ac_ct_CXX=''
am__EXEEXT_FALSE=''
am__EXEEXT_TRUE='#'
am__fastdepCC_FALSE='#'
am__fastdepCC_TRUE=''
am__fastdepCXX_FALSE='#'
am__fastdepCXX_TRUE=''
am__include='include'
am__isrc=''
am__leading_dot='.'
am__quote=''
am__tar='${AMTAR} chof - "$$tardir"'
am__untar='${AMTAR} xf -'
bindir='${exec_prefix}/bin'
build='i686-pc-linux-gnu'
build_alias='i686-linux-gnu'
build_cpu='i686'
build_os='linux-gnu'
build_vendor='pc'
datadir='${datarootdir}'
datarootdir='${prefix}/share'
docdir='${datarootdir}/doc/${PACKAGE_TARNAME}'
dvidir='${docdir}'
exec_prefix='/home/shizhai/new_zhongwang/trunk/staging_dir/host'
host='i686-pc-linux-gnu'
host_alias='i686-linux-gnu'
host_cpu='i686'
host_os='linux-gnu'
host_vendor='pc'
htmldir='${docdir}'
includedir='${prefix}/include'
infodir='${datarootdir}/info'
install_sh='${SHELL} /home/shizhai/new_zhongwang/trunk/build_dir/host/flex-2.5.37/install-sh'
libdir='${exec_prefix}/lib'
libexecdir='${exec_prefix}/libexec'
localedir='${datarootdir}/locale'
localstatedir='/home/shizhai/new_zhongwang/trunk/staging_dir/host/var'
mandir='${datarootdir}/man'
mkdir_p='/bin/mkdir -p'
oldincludedir='/usr/include'
pdfdir='${docdir}'
prefix='/home/shizhai/new_zhongwang/trunk/staging_dir/host'
program_transform_name='s&$$&&;s&^&&'
psdir='${docdir}'
sbindir='/home/shizhai/new_zhongwang/trunk/staging_dir/host/bin'
sharedstatedir='${prefix}/com'
sysconfdir='/home/shizhai/new_zhongwang/trunk/staging_dir/host/etc'
target_alias='i686-linux-gnu'

## ----------- ##
## confdefs.h. ##
## ----------- ##

/* confdefs.h */
#define PACKAGE_NAME "the fast lexical analyser generator"
#define PACKAGE_TARNAME "flex"
#define PACKAGE_VERSION "2.5.37"
#define PACKAGE_STRING "the fast lexical analyser generator 2.5.37"
#define PACKAGE_BUGREPORT "flex-help@lists.sourceforge.net"
#define PACKAGE_URL ""
#define PACKAGE "flex"
#define VERSION "2.5.37"
#define ENABLE_NLS 1
#define HAVE_GETTEXT 1
#define HAVE_DCGETTEXT 1
#define YYTEXT_POINTER 1
#define M4 "/home/shizhai/new_zhongwang/trunk/staging_dir/host/bin/m4"
#define STDC_HEADERS 1
#define HAVE_SYS_WAIT_H 1
#define HAVE_SYS_TYPES_H 1
#define HAVE_SYS_STAT_H 1
#define HAVE_STDLIB_H 1
#define HAVE_STRING_H 1
#define HAVE_MEMORY_H 1
#define HAVE_STRINGS_H 1
#define HAVE_INTTYPES_H 1
#define HAVE_STDINT_H 1
#define HAVE_UNISTD_H 1
#define HAVE_INTTYPES_H 1
#define HAVE_LIBINTL_H 1
#define HAVE_LIMITS_H 1
#define HAVE_LOCALE_H 1
#define HAVE_MALLOC_H 1
#define HAVE_NETINET_IN_H 1
#define HAVE_REGEX_H 1
#define HAVE_STDDEF_H 1
#define HAVE_STDLIB_H 1
#define HAVE_STRING_H 1
#define HAVE_STRINGS_H 1
#define HAVE_UNISTD_H 1
#define HAVE_LIBPTHREAD 1
#define HAVE_PTHREAD_H 1
#define HAVE_LIBM 1
#define HAVE__BOOL 1
#define HAVE_STDBOOL_H 1
#define HAVE_ALLOCA_H 1
#define HAVE_ALLOCA 1
#define HAVE_FORK 1
#define HAVE_VFORK 1
#define HAVE_WORKING_VFORK 1
#define HAVE_WORKING_FORK 1
#define HAVE_STDLIB_H 1
#define HAVE_MALLOC 1
#define HAVE_STDLIB_H 1
#define HAVE_REALLOC 1
#define HAVE_DUP2 1
#define HAVE_ISASCII 1
#define HAVE_MEMSET 1
#define HAVE_POW 1
#define HAVE_REGCOMP 1
#define HAVE_SETLOCALE 1
#define HAVE_STRCHR 1
#define HAVE_STRTOL 1

configure: exit 0
