This file contains any messages produced by compilers while
running configure, to aid debugging if configure makes a mistake.

It was created by configure, which was
generated by GNU Autoconf 2.64.  Invocation command line was

  $ /home/shizhai/new_zhongwang/trunk/build_dir/toolchain-mips_r2_gcc-4.6-linaro_uClibc-0.9.33.2/gcc-linaro-4.6-2012.12/configure --with-bugurl=https://dev.openwrt.org/ --with-pkgversion=OpenWrt/Linaro GCC 4.6-2012.12 r37742 --prefix=/home/shizhai/new_zhongwang/trunk/staging_dir/toolchain-mips_r2_gcc-4.6-linaro_uClibc-0.9.33.2 --build=i686-linux-gnu --host=i686-linux-gnu --target=mips-openwrt-linux-uclibc --with-gnu-ld --enable-target-optspace --disable-libgomp --disable-libmudflap --disable-multilib --disable-nls --with-host-libstdcxx=-lstdc++ --with-float=soft --with-gmp=/home/shizhai/new_zhongwang/trunk/staging_dir/host --with-mpfr=/home/shizhai/new_zhongwang/trunk/staging_dir/host --disable-decimal-float --with-mips-plt --with-mpc=/home/shizhai/new_zhongwang/trunk/staging_dir/host --disable-libssp --disable-__cxa_atexit --with-newlib --without-headers --enable-languages=c --disable-libssp --disable-shared --disable-threads

## --------- ##
## Platform. ##
## --------- ##

hostname = shizhai-Founder-PC
uname -m = i686
uname -r = 3.2.0-67-generic-pae
uname -s = Linux
uname -v = #101-Ubuntu SMP Tue Jul 15 18:04:54 UTC 2014

/usr/bin/uname -p = unknown
/bin/uname -X     = unknown

/bin/arch              = unknown
/usr/bin/arch -k       = unknown
/usr/convex/getsysinfo = unknown
/usr/bin/hostinfo      = unknown
/bin/machine           = unknown
/usr/bin/oslevel       = unknown
/bin/universe          = unknown

PATH: /home/shizhai/new_zhongwang/trunk/staging_dir/toolchain-mips_r2_gcc-4.6-linaro_uClibc-0.9.33.2/bin
PATH: /home/shizhai/new_zhongwang/trunk/staging_dir/host/bin
PATH: /home/shizhai/new_zhongwang/trunk/staging_dir/toolchain-mips_r2_gcc-4.6-linaro_uClibc-0.9.33.2/bin
PATH: /home/shizhai/new_zhongwang/trunk/staging_dir/host/bin
PATH: /home/shizhai/new_zhongwang/trunk/staging_dir/toolchain-mips_r2_gcc-4.6-linaro_uClibc-0.9.33.2/bin
PATH: /home/shizhai/new_zhongwang/trunk/staging_dir/host/bin
PATH: /usr/lib/lightdm/lightdm
PATH: /usr/local/sbin
PATH: /usr/local/bin
PATH: /usr/sbin
PATH: /usr/bin
PATH: /sbin
PATH: /bin
PATH: /usr/games
PATH: /usr/local/mips/OpenWrt-Toolchain-ar71xx-for-mips_r2-gcc-4.6-linaro_uClibc-0.9.33.2/toolchain-mips_r2_gcc-4.6-linaro_uClibc-0.9.33.2/bin


## ----------- ##
## Core tests. ##
## ----------- ##

configure:2222: checking build system type
configure:2236: result: i686-pc-linux-gnu
configure:2283: checking host system type
configure:2296: result: i686-pc-linux-gnu
configure:2316: checking target system type
configure:2329: result: mips-openwrt-linux-uclibc
configure:2383: checking for a BSD-compatible install
configure:2451: result: /usr/bin/install -c
configure:2462: checking whether ln works
configure:2484: result: yes
configure:2488: checking whether ln -s works
configure:2492: result: yes
configure:2499: checking for a sed that does not truncate output
configure:2563: result: /home/shizhai/new_zhongwang/trunk/staging_dir/host/bin/sed
configure:2572: checking for gawk
configure:2588: found /usr/bin/gawk
configure:2599: result: gawk
configure:3873: checking for i686-linux-gnu-gcc
configure:3889: found /usr/bin/i686-linux-gnu-gcc
configure:3900: result: i686-linux-gnu-gcc
configure:4169: checking for C compiler version
configure:4178: i686-linux-gnu-gcc --version >&5
i686-linux-gnu-gcc (Ubuntu/Linaro 4.6.3-1ubuntu5) 4.6.3
Copyright (C) 2011 Free Software Foundation, Inc.
This is free software; see the source for copying conditions.  There is NO
warranty; not even for MERCHANTABILITY or FITNESS FOR A PARTICULAR PURPOSE.

configure:4189: $? = 0
configure:4178: i686-linux-gnu-gcc -v >&5
Using built-in specs.
COLLECT_GCC=i686-linux-gnu-gcc
COLLECT_LTO_WRAPPER=/usr/lib/gcc/i686-linux-gnu/4.6/lto-wrapper
Target: i686-linux-gnu
Configured with: ../src/configure -v --with-pkgversion='Ubuntu/Linaro 4.6.3-1ubuntu5' --with-bugurl=file:///usr/share/doc/gcc-4.6/README.Bugs --enable-languages=c,c++,fortran,objc,obj-c++ --prefix=/usr --program-suffix=-4.6 --enable-shared --enable-linker-build-id --with-system-zlib --libexecdir=/usr/lib --without-included-gettext --enable-threads=posix --with-gxx-include-dir=/usr/include/c++/4.6 --libdir=/usr/lib --enable-nls --with-sysroot=/ --enable-clocale=gnu --enable-libstdcxx-debug --enable-libstdcxx-time=yes --enable-gnu-unique-object --enable-plugin --enable-objc-gc --enable-targets=all --disable-werror --with-arch-32=i686 --with-tune=generic --enable-checking=release --build=i686-linux-gnu --host=i686-linux-gnu --target=i686-linux-gnu
Thread model: posix
gcc version 4.6.3 (Ubuntu/Linaro 4.6.3-1ubuntu5) 
configure:4189: $? = 0
configure:4178: i686-linux-gnu-gcc -V >&5
i686-linux-gnu-gcc: error: unrecognized option '-V'
i686-linux-gnu-gcc: fatal error: no input files
compilation terminated.
configure:4189: $? = 4
configure:4178: i686-linux-gnu-gcc -qversion >&5
i686-linux-gnu-gcc: error: unrecognized option '-qversion'
i686-linux-gnu-gcc: fatal error: no input files
compilation terminated.
configure:4189: $? = 4
configure:4209: checking for C compiler default output file name
configure:4231: i686-linux-gnu-gcc    conftest.c  >&5
configure:4235: $? = 0
configure:4272: result: a.out
configure:4288: checking whether the C compiler works
configure:4297: ./a.out
configure:4301: $? = 0
configure:4316: result: yes
configure:4323: checking whether we are cross compiling
configure:4325: result: no
configure:4328: checking for suffix of executables
configure:4335: i686-linux-gnu-gcc -o conftest    conftest.c  >&5
configure:4339: $? = 0
configure:4361: result: 
configure:4367: checking for suffix of object files
configure:4389: i686-linux-gnu-gcc -c   conftest.c >&5
configure:4393: $? = 0
configure:4414: result: o
configure:4418: checking whether we are using the GNU C compiler
configure:4437: i686-linux-gnu-gcc -c   conftest.c >&5
configure:4437: $? = 0
configure:4446: result: yes
configure:4455: checking whether i686-linux-gnu-gcc accepts -g
configure:4475: i686-linux-gnu-gcc -c -g  conftest.c >&5
configure:4475: $? = 0
configure:4516: result: yes
configure:4533: checking for i686-linux-gnu-gcc option to accept ISO C89
configure:4597: i686-linux-gnu-gcc  -c   conftest.c >&5
configure:4597: $? = 0
configure:4610: result: none needed
configure:4644: checking for i686-linux-gnu-g++
configure:4660: found /usr/bin/i686-linux-gnu-g++
configure:4671: result: i686-linux-gnu-g++
configure:4742: checking for C++ compiler version
configure:4751: i686-linux-gnu-g++ --version >&5
i686-linux-gnu-g++ (Ubuntu/Linaro 4.6.3-1ubuntu5) 4.6.3
Copyright (C) 2011 Free Software Foundation, Inc.
This is free software; see the source for copying conditions.  There is NO
warranty; not even for MERCHANTABILITY or FITNESS FOR A PARTICULAR PURPOSE.

configure:4762: $? = 0
configure:4751: i686-linux-gnu-g++ -v >&5
Using built-in specs.
COLLECT_GCC=i686-linux-gnu-g++
COLLECT_LTO_WRAPPER=/usr/lib/gcc/i686-linux-gnu/4.6/lto-wrapper
Target: i686-linux-gnu
Configured with: ../src/configure -v --with-pkgversion='Ubuntu/Linaro 4.6.3-1ubuntu5' --with-bugurl=file:///usr/share/doc/gcc-4.6/README.Bugs --enable-languages=c,c++,fortran,objc,obj-c++ --prefix=/usr --program-suffix=-4.6 --enable-shared --enable-linker-build-id --with-system-zlib --libexecdir=/usr/lib --without-included-gettext --enable-threads=posix --with-gxx-include-dir=/usr/include/c++/4.6 --libdir=/usr/lib --enable-nls --with-sysroot=/ --enable-clocale=gnu --enable-libstdcxx-debug --enable-libstdcxx-time=yes --enable-gnu-unique-object --enable-plugin --enable-objc-gc --enable-targets=all --disable-werror --with-arch-32=i686 --with-tune=generic --enable-checking=release --build=i686-linux-gnu --host=i686-linux-gnu --target=i686-linux-gnu
Thread model: posix
gcc version 4.6.3 (Ubuntu/Linaro 4.6.3-1ubuntu5) 
configure:4762: $? = 0
configure:4751: i686-linux-gnu-g++ -V >&5
i686-linux-gnu-g++: error: unrecognized option '-V'
i686-linux-gnu-g++: fatal error: no input files
compilation terminated.
configure:4762: $? = 4
configure:4751: i686-linux-gnu-g++ -qversion >&5
i686-linux-gnu-g++: error: unrecognized option '-qversion'
i686-linux-gnu-g++: fatal error: no input files
compilation terminated.
configure:4762: $? = 4
configure:4766: checking whether we are using the GNU C++ compiler
configure:4785: i686-linux-gnu-g++ -c   conftest.cpp >&5
configure:4785: $? = 0
configure:4794: result: yes
configure:4803: checking whether i686-linux-gnu-g++ accepts -g
configure:4823: i686-linux-gnu-g++ -c -g  conftest.cpp >&5
configure:4823: $? = 0
configure:4864: result: yes
configure:4913: checking for i686-linux-gnu-gnatbind
configure:4943: result: no
configure:4953: checking for gnatbind
configure:4983: result: no
configure:5005: checking for i686-linux-gnu-gnatmake
configure:5035: result: no
configure:5045: checking for gnatmake
configure:5075: result: no
configure:5094: checking whether compiler driver understands Ada
configure:5117: result: no
configure:5126: checking how to compare bootstrapped objects
configure:5151: result: cmp --ignore-initial=16 $$f1 $$f2
configure:5167: checking for objdir
configure:5182: result: .libs
configure:5348: checking for the correct version of gmp.h
configure:5368: i686-linux-gnu-gcc -c  -I/home/shizhai/new_zhongwang/trunk/staging_dir/host/include -I/home/shizhai/new_zhongwang/trunk/staging_dir/host/include -I/home/shizhai/new_zhongwang/trunk/staging_dir/host/include   conftest.c >&5
configure:5368: $? = 0
configure:5386: i686-linux-gnu-gcc -c  -I/home/shizhai/new_zhongwang/trunk/staging_dir/host/include -I/home/shizhai/new_zhongwang/trunk/staging_dir/host/include -I/home/shizhai/new_zhongwang/trunk/staging_dir/host/include   conftest.c >&5
configure:5386: $? = 0
configure:5387: result: yes
configure:5403: checking for the correct version of mpfr.h
configure:5421: i686-linux-gnu-gcc -c  -I/home/shizhai/new_zhongwang/trunk/staging_dir/host/include -I/home/shizhai/new_zhongwang/trunk/staging_dir/host/include -I/home/shizhai/new_zhongwang/trunk/staging_dir/host/include   conftest.c >&5
configure:5421: $? = 0
configure:5438: i686-linux-gnu-gcc -c  -I/home/shizhai/new_zhongwang/trunk/staging_dir/host/include -I/home/shizhai/new_zhongwang/trunk/staging_dir/host/include -I/home/shizhai/new_zhongwang/trunk/staging_dir/host/include   conftest.c >&5
configure:5438: $? = 0
configure:5439: result: yes
configure:5456: checking for the correct version of mpc.h
configure:5473: i686-linux-gnu-gcc -c  -I/home/shizhai/new_zhongwang/trunk/staging_dir/host/include -I/home/shizhai/new_zhongwang/trunk/staging_dir/host/include -I/home/shizhai/new_zhongwang/trunk/staging_dir/host/include   conftest.c >&5
configure:5473: $? = 0
configure:5489: i686-linux-gnu-gcc -c  -I/home/shizhai/new_zhongwang/trunk/staging_dir/host/include -I/home/shizhai/new_zhongwang/trunk/staging_dir/host/include -I/home/shizhai/new_zhongwang/trunk/staging_dir/host/include   conftest.c >&5
configure:5489: $? = 0
configure:5490: result: yes
configure:5508: checking for the correct version of the gmp/mpfr/mpc libraries
configure:5539: i686-linux-gnu-gcc -o conftest  -I/home/shizhai/new_zhongwang/trunk/staging_dir/host/include -I/home/shizhai/new_zhongwang/trunk/staging_dir/host/include -I/home/shizhai/new_zhongwang/trunk/staging_dir/host/include    conftest.c  -L/home/shizhai/new_zhongwang/trunk/staging_dir/host/lib -L/home/shizhai/new_zhongwang/trunk/staging_dir/host/lib -L/home/shizhai/new_zhongwang/trunk/staging_dir/host/lib -lmpc -lmpfr -lgmp >&5
configure:5539: $? = 0
configure:5540: result: yes
configure:5724: checking for PWL_handle_timeout in -lpwl
configure:5749: i686-linux-gnu-gcc -o conftest     conftest.c -lpwl   >&5
/usr/bin/ld: cannot find -lpwl
collect2: ld returned 1 exit status
configure:5749: $? = 1
configure: failed program was:
| /* confdefs.h */
| #define PACKAGE_NAME ""
| #define PACKAGE_TARNAME ""
| #define PACKAGE_VERSION ""
| #define PACKAGE_STRING ""
| #define PACKAGE_BUGREPORT ""
| #define PACKAGE_URL ""
| #define LT_OBJDIR ".libs/"
| /* end confdefs.h.  */
| 
| /* Override any GCC internal prototype to avoid an error.
|    Use char because int might match the return type of a GCC
|    builtin and then its argument prototype would still apply.  */
| #ifdef __cplusplus
| extern "C"
| #endif
| char PWL_handle_timeout ();
| int
| main ()
| {
| return PWL_handle_timeout ();
|   ;
|   return 0;
| }
configure:5758: result: no
configure:5772: checking for version 0.11 (revision 0 or later) of PPL
configure:5789: i686-linux-gnu-gcc -c   -I/home/shizhai/new_zhongwang/trunk/staging_dir/host/include -I/home/shizhai/new_zhongwang/trunk/staging_dir/host/include -I/home/shizhai/new_zhongwang/trunk/staging_dir/host/include   conftest.c >&5
conftest.c:10:19: fatal error: ppl_c.h: No such file or directory
compilation terminated.
configure:5789: $? = 1
configure: failed program was:
| /* confdefs.h */
| #define PACKAGE_NAME ""
| #define PACKAGE_TARNAME ""
| #define PACKAGE_VERSION ""
| #define PACKAGE_STRING ""
| #define PACKAGE_BUGREPORT ""
| #define PACKAGE_URL ""
| #define LT_OBJDIR ".libs/"
| /* end confdefs.h.  */
| #include "ppl_c.h"
| int
| main ()
| {
| 
|     #if PPL_VERSION_MAJOR != 0 || PPL_VERSION_MINOR < 11
|     choke me
|     #endif
| 
|   ;
|   return 0;
| }
configure:5793: result: no
configure:7214: checking for default BUILD_CONFIG
configure:7246: result: 
configure:7736: checking for bison
configure:7752: found /home/shizhai/new_zhongwang/trunk/staging_dir/host/bin/bison
configure:7763: result: bison -y
configure:7784: checking for bison
configure:7800: found /home/shizhai/new_zhongwang/trunk/staging_dir/host/bin/bison
configure:7811: result: bison
configure:7831: checking for gm4
configure:7861: result: no
configure:7831: checking for gnum4
configure:7861: result: no
configure:7831: checking for m4
configure:7847: found /home/shizhai/new_zhongwang/trunk/staging_dir/host/bin/m4
configure:7858: result: m4
configure:7878: checking for flex
configure:7894: found /home/shizhai/new_zhongwang/trunk/staging_dir/host/bin/flex
configure:7905: result: flex
configure:7926: checking for flex
configure:7942: found /home/shizhai/new_zhongwang/trunk/staging_dir/host/bin/flex
configure:7953: result: flex
configure:7973: checking for makeinfo
configure:7989: found /usr/bin/makeinfo
configure:8000: result: makeinfo
configure:8034: checking for expect
configure:8064: result: no
configure:8083: checking for runtest
configure:8113: result: no
configure:8189: checking for i686-linux-gnu-ar
configure:8219: result: no
configure:8228: checking for ar
configure:8244: found /usr/bin/ar
configure:8255: result: ar
configure:8330: checking for i686-linux-gnu-as
configure:8360: result: no
configure:8369: checking for as
configure:8385: found /usr/bin/as
configure:8396: result: as
configure:8471: checking for i686-linux-gnu-dlltool
configure:8501: result: no
configure:8510: checking for dlltool
configure:8540: result: no
configure:8612: checking for i686-linux-gnu-ld
configure:8642: result: no
configure:8651: checking for ld
configure:8667: found /usr/bin/ld
configure:8678: result: ld
configure:8753: checking for i686-linux-gnu-lipo
configure:8783: result: no
configure:8792: checking for lipo
configure:8822: result: no
configure:8894: checking for i686-linux-gnu-nm
configure:8924: result: no
configure:8933: checking for nm
configure:8949: found /usr/bin/nm
configure:8960: result: nm
configure:9035: checking for i686-linux-gnu-ranlib
configure:9065: result: no
configure:9074: checking for ranlib
configure:9090: found /usr/bin/ranlib
configure:9101: result: ranlib
configure:9171: checking for i686-linux-gnu-strip
configure:9201: result: no
configure:9210: checking for strip
configure:9226: found /usr/bin/strip
configure:9237: result: strip
configure:9307: checking for i686-linux-gnu-windres
configure:9337: result: no
configure:9346: checking for windres
configure:9376: result: no
configure:9448: checking for i686-linux-gnu-windmc
configure:9478: result: no
configure:9487: checking for windmc
configure:9517: result: no
configure:9589: checking for i686-linux-gnu-objcopy
configure:9619: result: no
configure:9628: checking for objcopy
configure:9644: found /usr/bin/objcopy
configure:9655: result: objcopy
configure:9730: checking for i686-linux-gnu-objdump
configure:9760: result: no
configure:9769: checking for objdump
configure:9785: found /usr/bin/objdump
configure:9796: result: objdump
configure:9910: checking for mips-openwrt-linux-uclibc-cc
configure:9926: found /usr/local/mips/OpenWrt-Toolchain-ar71xx-for-mips_r2-gcc-4.6-linaro_uClibc-0.9.33.2/toolchain-mips_r2_gcc-4.6-linaro_uClibc-0.9.33.2/bin/mips-openwrt-linux-uclibc-cc
configure:9937: result: mips-openwrt-linux-uclibc-cc
configure:10071: checking for mips-openwrt-linux-uclibc-c++
configure:10087: found /usr/local/mips/OpenWrt-Toolchain-ar71xx-for-mips_r2-gcc-4.6-linaro_uClibc-0.9.33.2/toolchain-mips_r2_gcc-4.6-linaro_uClibc-0.9.33.2/bin/mips-openwrt-linux-uclibc-c++
configure:10098: result: mips-openwrt-linux-uclibc-c++
configure:10232: checking for mips-openwrt-linux-uclibc-gcc
configure:10248: found /usr/local/mips/OpenWrt-Toolchain-ar71xx-for-mips_r2-gcc-4.6-linaro_uClibc-0.9.33.2/toolchain-mips_r2_gcc-4.6-linaro_uClibc-0.9.33.2/bin/mips-openwrt-linux-uclibc-gcc
configure:10259: result: mips-openwrt-linux-uclibc-gcc
configure:10388: checking for mips-openwrt-linux-uclibc-gcj
configure:10418: result: no
configure:10549: checking for mips-openwrt-linux-uclibc-gfortran
configure:10579: result: no
configure:10710: checking for mips-openwrt-linux-uclibc-gccgo
configure:10740: result: no
configure:10840: checking for ar
configure:10858: found /home/shizhai/new_zhongwang/trunk/staging_dir/toolchain-mips_r2_gcc-4.6-linaro_uClibc-0.9.33.2/mips-openwrt-linux-uclibc/bin/ar
configure:10870: result: /home/shizhai/new_zhongwang/trunk/staging_dir/toolchain-mips_r2_gcc-4.6-linaro_uClibc-0.9.33.2/mips-openwrt-linux-uclibc/bin/ar
configure:11070: checking for as
configure:11088: found /home/shizhai/new_zhongwang/trunk/staging_dir/toolchain-mips_r2_gcc-4.6-linaro_uClibc-0.9.33.2/mips-openwrt-linux-uclibc/bin/as
configure:11100: result: /home/shizhai/new_zhongwang/trunk/staging_dir/toolchain-mips_r2_gcc-4.6-linaro_uClibc-0.9.33.2/mips-openwrt-linux-uclibc/bin/as
configure:11300: checking for dlltool
configure:11333: result: no
configure:11411: checking for mips-openwrt-linux-uclibc-dlltool
configure:11441: result: no
configure:11530: checking for ld
configure:11548: found /home/shizhai/new_zhongwang/trunk/staging_dir/toolchain-mips_r2_gcc-4.6-linaro_uClibc-0.9.33.2/mips-openwrt-linux-uclibc/bin/ld
configure:11560: result: /home/shizhai/new_zhongwang/trunk/staging_dir/toolchain-mips_r2_gcc-4.6-linaro_uClibc-0.9.33.2/mips-openwrt-linux-uclibc/bin/ld
configure:11760: checking for lipo
configure:11793: result: no
configure:11871: checking for mips-openwrt-linux-uclibc-lipo
configure:11901: result: no
configure:11990: checking for nm
configure:12008: found /home/shizhai/new_zhongwang/trunk/staging_dir/toolchain-mips_r2_gcc-4.6-linaro_uClibc-0.9.33.2/mips-openwrt-linux-uclibc/bin/nm
configure:12020: result: /home/shizhai/new_zhongwang/trunk/staging_dir/toolchain-mips_r2_gcc-4.6-linaro_uClibc-0.9.33.2/mips-openwrt-linux-uclibc/bin/nm
configure:12220: checking for objdump
configure:12238: found /home/shizhai/new_zhongwang/trunk/staging_dir/toolchain-mips_r2_gcc-4.6-linaro_uClibc-0.9.33.2/mips-openwrt-linux-uclibc/bin/objdump
configure:12250: result: /home/shizhai/new_zhongwang/trunk/staging_dir/toolchain-mips_r2_gcc-4.6-linaro_uClibc-0.9.33.2/mips-openwrt-linux-uclibc/bin/objdump
configure:12450: checking for ranlib
configure:12468: found /home/shizhai/new_zhongwang/trunk/staging_dir/toolchain-mips_r2_gcc-4.6-linaro_uClibc-0.9.33.2/mips-openwrt-linux-uclibc/bin/ranlib
configure:12480: result: /home/shizhai/new_zhongwang/trunk/staging_dir/toolchain-mips_r2_gcc-4.6-linaro_uClibc-0.9.33.2/mips-openwrt-linux-uclibc/bin/ranlib
configure:12680: checking for strip
configure:12698: found /home/shizhai/new_zhongwang/trunk/staging_dir/toolchain-mips_r2_gcc-4.6-linaro_uClibc-0.9.33.2/mips-openwrt-linux-uclibc/bin/strip
configure:12710: result: /home/shizhai/new_zhongwang/trunk/staging_dir/toolchain-mips_r2_gcc-4.6-linaro_uClibc-0.9.33.2/mips-openwrt-linux-uclibc/bin/strip
configure:12910: checking for windres
configure:12943: result: no
configure:13021: checking for mips-openwrt-linux-uclibc-windres
configure:13051: result: no
configure:13140: checking for windmc
configure:13173: result: no
configure:13251: checking for mips-openwrt-linux-uclibc-windmc
configure:13281: result: no
configure:13348: checking where to find the target ar
configure:13376: result: pre-installed in /home/shizhai/new_zhongwang/trunk/staging_dir/toolchain-mips_r2_gcc-4.6-linaro_uClibc-0.9.33.2/mips-openwrt-linux-uclibc/bin
configure:13390: checking where to find the target as
configure:13418: result: pre-installed in /home/shizhai/new_zhongwang/trunk/staging_dir/toolchain-mips_r2_gcc-4.6-linaro_uClibc-0.9.33.2/mips-openwrt-linux-uclibc/bin
configure:13432: checking where to find the target cc
configure:13455: result: just compiled
configure:13474: checking where to find the target c++
configure:13514: result: pre-installed
configure:13519: checking where to find the target c++ for libstdc++
configure:13559: result: pre-installed
configure:13564: checking where to find the target dlltool
configure:13601: result: pre-installed
configure:13606: checking where to find the target gcc
configure:13629: result: just compiled
configure:13648: checking where to find the target gcj
configure:13688: result: pre-installed
configure:13693: checking where to find the target gfortran
configure:13733: result: pre-installed
configure:13738: checking where to find the target gccgo
configure:13778: result: pre-installed
configure:13783: checking where to find the target ld
configure:13811: result: pre-installed in /home/shizhai/new_zhongwang/trunk/staging_dir/toolchain-mips_r2_gcc-4.6-linaro_uClibc-0.9.33.2/mips-openwrt-linux-uclibc/bin
configure:13825: checking where to find the target lipo
configure:13851: result: pre-installed
configure:13856: checking where to find the target nm
configure:13884: result: pre-installed in /home/shizhai/new_zhongwang/trunk/staging_dir/toolchain-mips_r2_gcc-4.6-linaro_uClibc-0.9.33.2/mips-openwrt-linux-uclibc/bin
configure:13898: checking where to find the target objdump
configure:13926: result: pre-installed in /home/shizhai/new_zhongwang/trunk/staging_dir/toolchain-mips_r2_gcc-4.6-linaro_uClibc-0.9.33.2/mips-openwrt-linux-uclibc/bin
configure:13940: checking where to find the target ranlib
configure:13968: result: pre-installed in /home/shizhai/new_zhongwang/trunk/staging_dir/toolchain-mips_r2_gcc-4.6-linaro_uClibc-0.9.33.2/mips-openwrt-linux-uclibc/bin
configure:13982: checking where to find the target strip
configure:14010: result: pre-installed in /home/shizhai/new_zhongwang/trunk/staging_dir/toolchain-mips_r2_gcc-4.6-linaro_uClibc-0.9.33.2/mips-openwrt-linux-uclibc/bin
configure:14024: checking where to find the target windres
configure:14061: result: pre-installed
configure:14066: checking where to find the target windmc
configure:14103: result: pre-installed
configure:14136: checking whether to enable maintainer-specific portions of Makefiles
configure:14145: result: no
configure:14178: checking whether -fkeep-inline-functions is supported
configure:14197: i686-linux-gnu-gcc -c  -fkeep-inline-functions  conftest.c >&5
configure:14197: $? = 0
configure:14198: result: yes
configure:14395: creating ./config.status

## ---------------------- ##
## Running config.status. ##
## ---------------------- ##

This file was extended by config.status, which was
generated by GNU Autoconf 2.64.  Invocation command line was

  CONFIG_FILES    = 
  CONFIG_HEADERS  = 
  CONFIG_LINKS    = 
  CONFIG_COMMANDS = 
  $ ./config.status 

on shizhai-Founder-PC

config.status:961: creating Makefile

## ---------------- ##
## Cache variables. ##
## ---------------- ##

ac_cv_build=i686-pc-linux-gnu
ac_cv_c_compiler_gnu=yes
ac_cv_cxx_compiler_gnu=yes
ac_cv_env_AR_FOR_TARGET_set=
ac_cv_env_AR_FOR_TARGET_value=
ac_cv_env_AR_set=
ac_cv_env_AR_value=
ac_cv_env_AS_FOR_TARGET_set=
ac_cv_env_AS_FOR_TARGET_value=
ac_cv_env_AS_set=
ac_cv_env_AS_value=
ac_cv_env_CCC_set=
ac_cv_env_CCC_value=
ac_cv_env_CC_FOR_TARGET_set=
ac_cv_env_CC_FOR_TARGET_value=
ac_cv_env_CC_set=
ac_cv_env_CC_value=
ac_cv_env_CFLAGS_set=set
ac_cv_env_CFLAGS_value=
ac_cv_env_CPPFLAGS_set=
ac_cv_env_CPPFLAGS_value=
ac_cv_env_CXXFLAGS_set=
ac_cv_env_CXXFLAGS_value=
ac_cv_env_CXX_FOR_TARGET_set=
ac_cv_env_CXX_FOR_TARGET_value=
ac_cv_env_CXX_set=
ac_cv_env_CXX_value=
ac_cv_env_DLLTOOL_FOR_TARGET_set=
ac_cv_env_DLLTOOL_FOR_TARGET_value=
ac_cv_env_DLLTOOL_set=
ac_cv_env_DLLTOOL_value=
ac_cv_env_GCC_FOR_TARGET_set=
ac_cv_env_GCC_FOR_TARGET_value=
ac_cv_env_GCJ_FOR_TARGET_set=
ac_cv_env_GCJ_FOR_TARGET_value=
ac_cv_env_GFORTRAN_FOR_TARGET_set=
ac_cv_env_GFORTRAN_FOR_TARGET_value=
ac_cv_env_GOC_FOR_TARGET_set=
ac_cv_env_GOC_FOR_TARGET_value=
ac_cv_env_LDFLAGS_set=
ac_cv_env_LDFLAGS_value=
ac_cv_env_LD_FOR_TARGET_set=
ac_cv_env_LD_FOR_TARGET_value=
ac_cv_env_LD_set=
ac_cv_env_LD_value=
ac_cv_env_LIBS_set=
ac_cv_env_LIBS_value=
ac_cv_env_LIPO_FOR_TARGET_set=
ac_cv_env_LIPO_FOR_TARGET_value=
ac_cv_env_LIPO_set=
ac_cv_env_LIPO_value=
ac_cv_env_NM_FOR_TARGET_set=
ac_cv_env_NM_FOR_TARGET_value=
ac_cv_env_NM_set=
ac_cv_env_NM_value=
ac_cv_env_OBJCOPY_set=
ac_cv_env_OBJCOPY_value=
ac_cv_env_OBJDUMP_FOR_TARGET_set=
ac_cv_env_OBJDUMP_FOR_TARGET_value=
ac_cv_env_OBJDUMP_set=
ac_cv_env_OBJDUMP_value=
ac_cv_env_RANLIB_FOR_TARGET_set=
ac_cv_env_RANLIB_FOR_TARGET_value=
ac_cv_env_RANLIB_set=
ac_cv_env_RANLIB_value=
ac_cv_env_STRIP_FOR_TARGET_set=
ac_cv_env_STRIP_FOR_TARGET_value=
ac_cv_env_STRIP_set=
ac_cv_env_STRIP_value=
ac_cv_env_WINDMC_FOR_TARGET_set=
ac_cv_env_WINDMC_FOR_TARGET_value=
ac_cv_env_WINDMC_set=
ac_cv_env_WINDMC_value=
ac_cv_env_WINDRES_FOR_TARGET_set=
ac_cv_env_WINDRES_FOR_TARGET_value=
ac_cv_env_WINDRES_set=
ac_cv_env_WINDRES_value=
ac_cv_env_build_alias_set=set
ac_cv_env_build_alias_value=i686-linux-gnu
ac_cv_env_build_configargs_set=
ac_cv_env_build_configargs_value=
ac_cv_env_host_alias_set=set
ac_cv_env_host_alias_value=i686-linux-gnu
ac_cv_env_host_configargs_set=
ac_cv_env_host_configargs_value=
ac_cv_env_target_alias_set=set
ac_cv_env_target_alias_value=mips-openwrt-linux-uclibc
ac_cv_env_target_configargs_set=
ac_cv_env_target_configargs_value=
ac_cv_host=i686-pc-linux-gnu
ac_cv_lib_pwl_PWL_handle_timeout=no
ac_cv_objext=o
ac_cv_path_AR_FOR_TARGET=/home/shizhai/new_zhongwang/trunk/staging_dir/toolchain-mips_r2_gcc-4.6-linaro_uClibc-0.9.33.2/mips-openwrt-linux-uclibc/bin/ar
ac_cv_path_AS_FOR_TARGET=/home/shizhai/new_zhongwang/trunk/staging_dir/toolchain-mips_r2_gcc-4.6-linaro_uClibc-0.9.33.2/mips-openwrt-linux-uclibc/bin/as
ac_cv_path_LD_FOR_TARGET=/home/shizhai/new_zhongwang/trunk/staging_dir/toolchain-mips_r2_gcc-4.6-linaro_uClibc-0.9.33.2/mips-openwrt-linux-uclibc/bin/ld
ac_cv_path_NM_FOR_TARGET=/home/shizhai/new_zhongwang/trunk/staging_dir/toolchain-mips_r2_gcc-4.6-linaro_uClibc-0.9.33.2/mips-openwrt-linux-uclibc/bin/nm
ac_cv_path_OBJDUMP_FOR_TARGET=/home/shizhai/new_zhongwang/trunk/staging_dir/toolchain-mips_r2_gcc-4.6-linaro_uClibc-0.9.33.2/mips-openwrt-linux-uclibc/bin/objdump
ac_cv_path_RANLIB_FOR_TARGET=/home/shizhai/new_zhongwang/trunk/staging_dir/toolchain-mips_r2_gcc-4.6-linaro_uClibc-0.9.33.2/mips-openwrt-linux-uclibc/bin/ranlib
ac_cv_path_SED=/home/shizhai/new_zhongwang/trunk/staging_dir/host/bin/sed
ac_cv_path_STRIP_FOR_TARGET=/home/shizhai/new_zhongwang/trunk/staging_dir/toolchain-mips_r2_gcc-4.6-linaro_uClibc-0.9.33.2/mips-openwrt-linux-uclibc/bin/strip
ac_cv_path_install='/usr/bin/install -c'
ac_cv_prog_AR=ar
ac_cv_prog_AS=as
ac_cv_prog_AWK=gawk
ac_cv_prog_BISON=bison
ac_cv_prog_CC=i686-linux-gnu-gcc
ac_cv_prog_CC_FOR_TARGET=mips-openwrt-linux-uclibc-cc
ac_cv_prog_CXX=i686-linux-gnu-g++
ac_cv_prog_CXX_FOR_TARGET=mips-openwrt-linux-uclibc-c++
ac_cv_prog_FLEX=flex
ac_cv_prog_GCC_FOR_TARGET=mips-openwrt-linux-uclibc-gcc
ac_cv_prog_LD=ld
ac_cv_prog_LEX=flex
ac_cv_prog_M4=m4
ac_cv_prog_MAKEINFO=makeinfo
ac_cv_prog_NM=nm
ac_cv_prog_OBJCOPY=objcopy
ac_cv_prog_OBJDUMP=objdump
ac_cv_prog_RANLIB=ranlib
ac_cv_prog_STRIP=strip
ac_cv_prog_YACC='bison -y'
ac_cv_prog_cc_c89=
ac_cv_prog_cc_g=yes
ac_cv_prog_cxx_g=yes
ac_cv_target=mips-openwrt-linux-uclibc
acx_cv_cc_gcc_supports_ada=no
acx_cv_prog_LN=ln
gcc_cv_prog_cmp_skip='cmp --ignore-initial=16 $$f1 $$f2'
gcc_cv_tool_dirs=/home/shizhai/new_zhongwang/trunk/staging_dir/toolchain-mips_r2_gcc-4.6-linaro_uClibc-0.9.33.2/libexec/gcc/mips-openwrt-linux-uclibc/4.6.4:/home/shizhai/new_zhongwang/trunk/staging_dir/toolchain-mips_r2_gcc-4.6-linaro_uClibc-0.9.33.2/libexec/gcc/mips-openwrt-linux-uclibc:/usr/lib/gcc/mips-openwrt-linux-uclibc/4.6.4:/usr/lib/gcc/mips-openwrt-linux-uclibc:/home/shizhai/new_zhongwang/trunk/staging_dir/toolchain-mips_r2_gcc-4.6-linaro_uClibc-0.9.33.2/mips-openwrt-linux-uclibc/bin/mips-openwrt-linux-uclibc/4.6.4:/home/shizhai/new_zhongwang/trunk/staging_dir/toolchain-mips_r2_gcc-4.6-linaro_uClibc-0.9.33.2/mips-openwrt-linux-uclibc/bin:
gcc_cv_tool_prefix=/home/shizhai/new_zhongwang/trunk/staging_dir/toolchain-mips_r2_gcc-4.6-linaro_uClibc-0.9.33.2
glibcxx_cv_c99_math_tr1=no
libgcc_cv_fixed_point=no
lt_cv_objdir=.libs

## ----------------- ##
## Output variables. ##
## ----------------- ##

AR='ar'
AR_FOR_BUILD='$(AR)'
AR_FOR_TARGET='/home/shizhai/new_zhongwang/trunk/staging_dir/toolchain-mips_r2_gcc-4.6-linaro_uClibc-0.9.33.2/mips-openwrt-linux-uclibc/bin/ar'
AS='as'
AS_FOR_BUILD='$(AS)'
AS_FOR_TARGET='/home/shizhai/new_zhongwang/trunk/staging_dir/toolchain-mips_r2_gcc-4.6-linaro_uClibc-0.9.33.2/mips-openwrt-linux-uclibc/bin/as'
AWK='gawk'
BISON='bison'
BUILD_CONFIG=''
CC='i686-linux-gnu-gcc'
CC_FOR_BUILD='$(CC)'
CC_FOR_TARGET='$$r/$(HOST_SUBDIR)/gcc/xgcc -B$$r/$(HOST_SUBDIR)/gcc/'
CFLAGS=''
CFLAGS_FOR_BUILD=''
CFLAGS_FOR_TARGET='-g '
COMPILER_AS_FOR_TARGET='$$r/$(HOST_SUBDIR)/gcc/as'
COMPILER_LD_FOR_TARGET='$$r/$(HOST_SUBDIR)/gcc/collect-ld'
COMPILER_NM_FOR_TARGET='$$r/$(HOST_SUBDIR)/gcc/nm'
CONFIGURE_GDB_TK=''
CPPFLAGS=''
CXX='i686-linux-gnu-g++'
CXXFLAGS='-g -O2'
CXXFLAGS_FOR_BUILD='-g -O2'
CXXFLAGS_FOR_TARGET='-g -O2'
CXX_FOR_BUILD='$(CXX)'
CXX_FOR_TARGET='mips-openwrt-linux-uclibc-c++'
DEBUG_PREFIX_CFLAGS_FOR_TARGET=''
DEFS='-DPACKAGE_NAME=\"\" -DPACKAGE_TARNAME=\"\" -DPACKAGE_VERSION=\"\" -DPACKAGE_STRING=\"\" -DPACKAGE_BUGREPORT=\"\" -DPACKAGE_URL=\"\" -DLT_OBJDIR=\".libs/\"'
DLLTOOL='dlltool'
DLLTOOL_FOR_BUILD='$(DLLTOOL)'
DLLTOOL_FOR_TARGET='mips-openwrt-linux-uclibc-dlltool'
ECHO_C=''
ECHO_N='-n'
ECHO_T=''
EXEEXT=''
EXPECT='expect'
FLAGS_FOR_TARGET=' -B$(build_tooldir)/bin/ -B$(build_tooldir)/lib/ -isystem $(build_tooldir)/include -isystem $(build_tooldir)/sys-include'
FLEX='flex'
GCC_FOR_TARGET='$$r/$(HOST_SUBDIR)/gcc/xgcc -B$$r/$(HOST_SUBDIR)/gcc/'
GCC_SHLIB_SUBDIR=''
GCJ_FOR_BUILD='$(GCJ)'
GCJ_FOR_TARGET='mips-openwrt-linux-uclibc-gcj'
GDB_TK=''
GFORTRAN_FOR_BUILD='$(GFORTRAN)'
GFORTRAN_FOR_TARGET='mips-openwrt-linux-uclibc-gfortran'
GNATBIND='no'
GNATMAKE='no'
GOC_FOR_BUILD='$(GOC)'
GOC_FOR_TARGET='mips-openwrt-linux-uclibc-gccgo'
INSTALL_DATA='${INSTALL} -m 644'
INSTALL_GDB_TK=''
INSTALL_PROGRAM='${INSTALL}'
INSTALL_SCRIPT='${INSTALL}'
LD='ld'
LDFLAGS=''
LDFLAGS_FOR_BUILD=''
LD_FOR_BUILD='$(LD)'
LD_FOR_TARGET='/home/shizhai/new_zhongwang/trunk/staging_dir/toolchain-mips_r2_gcc-4.6-linaro_uClibc-0.9.33.2/mips-openwrt-linux-uclibc/bin/ld'
LEX='flex'
LIBOBJS=''
LIBS=''
LIPO='lipo'
LIPO_FOR_TARGET='mips-openwrt-linux-uclibc-lipo'
LN='ln'
LN_S='ln -s'
LTLIBOBJS=''
M4='m4'
MAINT='#'
MAINTAINER_MODE_FALSE=''
MAINTAINER_MODE_TRUE='#'
MAKEINFO='makeinfo'
NM='nm'
NM_FOR_BUILD='$(NM)'
NM_FOR_TARGET='/home/shizhai/new_zhongwang/trunk/staging_dir/toolchain-mips_r2_gcc-4.6-linaro_uClibc-0.9.33.2/mips-openwrt-linux-uclibc/bin/nm'
OBJCOPY='objcopy'
OBJDUMP='objdump'
OBJDUMP_FOR_TARGET='/home/shizhai/new_zhongwang/trunk/staging_dir/toolchain-mips_r2_gcc-4.6-linaro_uClibc-0.9.33.2/mips-openwrt-linux-uclibc/bin/objdump'
OBJEXT='o'
PACKAGE_BUGREPORT=''
PACKAGE_NAME=''
PACKAGE_STRING=''
PACKAGE_TARNAME=''
PACKAGE_URL=''
PACKAGE_VERSION=''
PATH_SEPARATOR=':'
RANLIB='ranlib'
RANLIB_FOR_BUILD='$(RANLIB)'
RANLIB_FOR_TARGET='/home/shizhai/new_zhongwang/trunk/staging_dir/toolchain-mips_r2_gcc-4.6-linaro_uClibc-0.9.33.2/mips-openwrt-linux-uclibc/bin/ranlib'
RAW_CXX_FOR_TARGET='mips-openwrt-linux-uclibc-c++'
RPATH_ENVVAR='LD_LIBRARY_PATH'
RUNTEST='runtest'
SED='/home/shizhai/new_zhongwang/trunk/staging_dir/host/bin/sed'
SHELL='/bin/bash'
STRIP='strip'
STRIP_FOR_TARGET='/home/shizhai/new_zhongwang/trunk/staging_dir/toolchain-mips_r2_gcc-4.6-linaro_uClibc-0.9.33.2/mips-openwrt-linux-uclibc/bin/strip'
SYSROOT_CFLAGS_FOR_TARGET=''
TOPLEVEL_CONFIGURE_ARGUMENTS='/home/shizhai/new_zhongwang/trunk/build_dir/toolchain-mips_r2_gcc-4.6-linaro_uClibc-0.9.33.2/gcc-linaro-4.6-2012.12/configure --with-bugurl=https://dev.openwrt.org/ --with-pkgversion='\''OpenWrt/Linaro GCC 4.6-2012.12 r37742'\'' --prefix=/home/shizhai/new_zhongwang/trunk/staging_dir/toolchain-mips_r2_gcc-4.6-linaro_uClibc-0.9.33.2 --build=i686-linux-gnu --host=i686-linux-gnu --target=mips-openwrt-linux-uclibc --with-gnu-ld --enable-target-optspace --disable-libgomp --disable-libmudflap --disable-multilib --disable-nls --with-host-libstdcxx=-lstdc++ --with-float=soft --with-gmp=/home/shizhai/new_zhongwang/trunk/staging_dir/host --with-mpfr=/home/shizhai/new_zhongwang/trunk/staging_dir/host --disable-decimal-float --with-mips-plt --with-mpc=/home/shizhai/new_zhongwang/trunk/staging_dir/host --disable-libssp --disable-__cxa_atexit --with-newlib --without-headers --enable-languages=c --disable-libssp --disable-shared --disable-threads'
WINDMC='windmc'
WINDMC_FOR_BUILD='$(WINDMC)'
WINDMC_FOR_TARGET='mips-openwrt-linux-uclibc-windmc'
WINDRES='windres'
WINDRES_FOR_BUILD='$(WINDRES)'
WINDRES_FOR_TARGET='mips-openwrt-linux-uclibc-windres'
YACC='bison -y'
ac_ct_CC=''
ac_ct_CXX=''
bindir='${exec_prefix}/bin'
build='i686-pc-linux-gnu'
build_alias='i686-linux-gnu'
build_configargs=' --cache-file=../config.cache '\''--with-bugurl=https://dev.openwrt.org/'\'' '\''--with-pkgversion=OpenWrt/Linaro GCC 4.6-2012.12 r37742'\'' '\''--prefix=/home/shizhai/new_zhongwang/trunk/staging_dir/toolchain-mips_r2_gcc-4.6-linaro_uClibc-0.9.33.2'\'' '\''--with-gnu-ld'\'' '\''--enable-target-optspace'\'' '\''--disable-libgomp'\'' '\''--disable-libmudflap'\'' '\''--disable-multilib'\'' '\''--disable-nls'\'' '\''--with-host-libstdcxx=-lstdc++'\'' '\''--with-float=soft'\'' '\''--with-gmp=/home/shizhai/new_zhongwang/trunk/staging_dir/host'\'' '\''--with-mpfr=/home/shizhai/new_zhongwang/trunk/staging_dir/host'\'' '\''--disable-decimal-float'\'' '\''--with-mips-plt'\'' '\''--with-mpc=/home/shizhai/new_zhongwang/trunk/staging_dir/host'\'' '\''--disable-__cxa_atexit'\'' '\''--with-newlib'\'' '\''--without-headers'\'' '\''--disable-libssp'\'' '\''--disable-shared'\'' '\''--disable-threads'\'' '\''--enable-languages=c,lto'\'' --program-transform-name='\''s&^&mips-openwrt-linux-uclibc-&'\'' --disable-option-checking'
build_configdirs=' libiberty fixincludes'
build_cpu='i686'
build_libsubdir='build-i686-linux-gnu'
build_noncanonical='i686-linux-gnu'
build_os='linux-gnu'
build_subdir='build-i686-linux-gnu'
build_tooldir='${exec_prefix}/mips-openwrt-linux-uclibc'
build_vendor='pc'
clooginc=''
clooglibs=''
compare_exclusions='gcc/cc*-checksum$(objext) | gcc/ada/*tools/*'
config_shell='/bin/bash'
configdirs=' intl libiberty zlib libcpp libdecnumber fixincludes gcc lto-plugin'
datadir='${datarootdir}'
datarootdir='${prefix}/share'
do_compare='cmp --ignore-initial=16 $$f1 $$f2'
docdir='${datarootdir}/doc/${PACKAGE}'
dvidir='${docdir}'
exec_prefix='${prefix}'
extra_host_libiberty_configure_flags='--enable-shared'
extra_mpc_gmp_configure_flags=''
extra_mpc_mpfr_configure_flags=''
extra_mpfr_configure_flags=''
gmpinc='-I/home/shizhai/new_zhongwang/trunk/staging_dir/host/include -I/home/shizhai/new_zhongwang/trunk/staging_dir/host/include -I/home/shizhai/new_zhongwang/trunk/staging_dir/host/include '
gmplibs='-L/home/shizhai/new_zhongwang/trunk/staging_dir/host/lib -L/home/shizhai/new_zhongwang/trunk/staging_dir/host/lib -L/home/shizhai/new_zhongwang/trunk/staging_dir/host/lib -lmpc -lmpfr -lgmp'
host='i686-pc-linux-gnu'
host_alias='i686-linux-gnu'
host_configargs=' --cache-file=./config.cache  --with-stabs '\''--with-bugurl=https://dev.openwrt.org/'\'' '\''--with-pkgversion=OpenWrt/Linaro GCC 4.6-2012.12 r37742'\'' '\''--prefix=/home/shizhai/new_zhongwang/trunk/staging_dir/toolchain-mips_r2_gcc-4.6-linaro_uClibc-0.9.33.2'\'' '\''--with-gnu-ld'\'' '\''--enable-target-optspace'\'' '\''--disable-libgomp'\'' '\''--disable-libmudflap'\'' '\''--disable-multilib'\'' '\''--disable-nls'\'' '\''--with-host-libstdcxx=-lstdc++'\'' '\''--with-float=soft'\'' '\''--with-gmp=/home/shizhai/new_zhongwang/trunk/staging_dir/host'\'' '\''--with-mpfr=/home/shizhai/new_zhongwang/trunk/staging_dir/host'\'' '\''--disable-decimal-float'\'' '\''--with-mips-plt'\'' '\''--with-mpc=/home/shizhai/new_zhongwang/trunk/staging_dir/host'\'' '\''--disable-__cxa_atexit'\'' '\''--with-newlib'\'' '\''--without-headers'\'' '\''--disable-libssp'\'' '\''--disable-shared'\'' '\''--disable-threads'\'' '\''--enable-languages=c,lto'\'' --program-transform-name='\''s&^&mips-openwrt-linux-uclibc-&'\'' --disable-option-checking'
host_cpu='i686'
host_noncanonical='i686-linux-gnu'
host_os='linux-gnu'
host_subdir='.'
host_vendor='pc'
htmldir='${docdir}'
includedir='${prefix}/include'
infodir='${datarootdir}/info'
libdir='${exec_prefix}/lib'
libexecdir='${exec_prefix}/libexec'
localedir='${datarootdir}/locale'
localstatedir='${prefix}/var'
mandir='${datarootdir}/man'
oldincludedir='/usr/include'
pdfdir='${docdir}'
poststage1_ldflags=''
poststage1_libs='-lstdc++'
pplinc=''
ppllibs=''
prefix='/home/shizhai/new_zhongwang/trunk/staging_dir/toolchain-mips_r2_gcc-4.6-linaro_uClibc-0.9.33.2'
program_transform_name='s&^&mips-openwrt-linux-uclibc-&'
psdir='${docdir}'
sbindir='${exec_prefix}/sbin'
sharedstatedir='${prefix}/com'
stage1_cflags='-g -fkeep-inline-functions'
stage1_checking='--enable-checking=yes,types'
stage1_languages='c,lto'
stage1_ldflags=''
stage1_libs='-lstdc++'
stage2_werror_flag=''
sysconfdir='${prefix}/etc'
target='mips-openwrt-linux-uclibc'
target_alias='mips-openwrt-linux-uclibc'
target_configargs='--cache-file=./config.cache --with-cross-host=i686-linux-gnu   '\''--with-bugurl=https://dev.openwrt.org/'\'' '\''--with-pkgversion=OpenWrt/Linaro GCC 4.6-2012.12 r37742'\'' '\''--prefix=/home/shizhai/new_zhongwang/trunk/staging_dir/toolchain-mips_r2_gcc-4.6-linaro_uClibc-0.9.33.2'\'' '\''--with-gnu-ld'\'' '\''--enable-target-optspace'\'' '\''--disable-libgomp'\'' '\''--disable-libmudflap'\'' '\''--disable-multilib'\'' '\''--disable-nls'\'' '\''--with-host-libstdcxx=-lstdc++'\'' '\''--with-float=soft'\'' '\''--disable-decimal-float'\'' '\''--with-mips-plt'\'' '\''--disable-__cxa_atexit'\'' '\''--with-newlib'\'' '\''--without-headers'\'' '\''--disable-libssp'\'' '\''--disable-shared'\'' '\''--disable-threads'\'' '\''--enable-languages=c,lto'\'' --program-transform-name='\''s&^&mips-openwrt-linux-uclibc-&'\'' --disable-option-checking'
target_configdirs=' libgcc libquadmath'
target_cpu='mips'
target_noncanonical='mips-openwrt-linux-uclibc'
target_os='linux-uclibc'
target_subdir='mips-openwrt-linux-uclibc'
target_vendor='openwrt'
tooldir='${exec_prefix}/mips-openwrt-linux-uclibc'

## ------------------- ##
## File substitutions. ##
## ------------------- ##

alphaieee_frag='/dev/null'
host_makefile_frag='/home/shizhai/new_zhongwang/trunk/build_dir/toolchain-mips_r2_gcc-4.6-linaro_uClibc-0.9.33.2/gcc-linaro-4.6-2012.12/config/mh-x86omitfp'
ospace_frag='/home/shizhai/new_zhongwang/trunk/build_dir/toolchain-mips_r2_gcc-4.6-linaro_uClibc-0.9.33.2/gcc-linaro-4.6-2012.12/config/mt-ospace'
serialization_dependencies='serdep.tmp'
target_makefile_frag='/home/shizhai/new_zhongwang/trunk/build_dir/toolchain-mips_r2_gcc-4.6-linaro_uClibc-0.9.33.2/gcc-linaro-4.6-2012.12/config/mt-mips-gnu'

## ----------- ##
## confdefs.h. ##
## ----------- ##

/* confdefs.h */
#define PACKAGE_NAME ""
#define PACKAGE_TARNAME ""
#define PACKAGE_VERSION ""
#define PACKAGE_STRING ""
#define PACKAGE_BUGREPORT ""
#define PACKAGE_URL ""
#define LT_OBJDIR ".libs/"

configure: exit 0
