This file contains any messages produced by compilers while
running configure, to aid debugging if configure makes a mistake.

It was created by configure, which was
generated by GNU Autoconf 2.64.  Invocation command line was

  $ .././gnulib/configure --disable-option-checking --prefix=/home/shizhai/new_zhongwang/trunk/staging_dir/toolchain-mips_r2_gcc-4.6-linaro_uClibc-0.9.33.2 --with-system-zlib --disable-werror --disable-nls --without-uiout --disable-tui --disable-gdbtk --without-x --without-included-gettext --enable-threads --program-transform-name=s&^&mips-openwrt-linux-uclibc-& --build=i686-linux-gnu --host=i686-linux-gnu --target=mips-openwrt-linux-uclibc build_alias=i686-linux-gnu host_alias=i686-linux-gnu target_alias=mips-openwrt-linux-uclibc CC=i686-linux-gnu-gcc CFLAGS=-O2 LDFLAGS=  MAKEINFO=makeinfo --split-size=5000000 YACC=bison -y --cache-file=./config.cache --srcdir=.././gnulib

## --------- ##
## Platform. ##
## --------- ##

hostname = shizhai-Founder-PC
uname -m = i686
uname -r = 3.2.0-67-generic-pae
uname -s = Linux
uname -v = #101-Ubuntu SMP Tue Jul 15 18:04:54 UTC 2014

/usr/bin/uname -p = unknown
/bin/uname -X     = unknown

/bin/arch              = unknown
/usr/bin/arch -k       = unknown
/usr/convex/getsysinfo = unknown
/usr/bin/hostinfo      = unknown
/bin/machine           = unknown
/usr/bin/oslevel       = unknown
/bin/universe          = unknown

PATH: /home/shizhai/new_zhongwang/trunk/staging_dir/toolchain-mips_r2_gcc-4.6-linaro_uClibc-0.9.33.2/bin
PATH: /home/shizhai/new_zhongwang/trunk/staging_dir/host/bin
PATH: /home/shizhai/new_zhongwang/trunk/staging_dir/toolchain-mips_r2_gcc-4.6-linaro_uClibc-0.9.33.2/bin
PATH: /home/shizhai/new_zhongwang/trunk/staging_dir/host/bin
PATH: /home/shizhai/new_zhongwang/trunk/staging_dir/toolchain-mips_r2_gcc-4.6-linaro_uClibc-0.9.33.2/bin
PATH: /home/shizhai/new_zhongwang/trunk/staging_dir/host/bin
PATH: /usr/lib/lightdm/lightdm
PATH: /usr/local/sbin
PATH: /usr/local/bin
PATH: /usr/sbin
PATH: /usr/bin
PATH: /sbin
PATH: /bin
PATH: /usr/games
PATH: /usr/local/mips/OpenWrt-Toolchain-ar71xx-for-mips_r2-gcc-4.6-linaro_uClibc-0.9.33.2/toolchain-mips_r2_gcc-4.6-linaro_uClibc-0.9.33.2/bin


## ----------- ##
## Core tests. ##
## ----------- ##

configure:2589: creating cache ./config.cache
configure:2686: checking whether to enable maintainer-specific portions of Makefiles
configure:2695: result: no
configure:2717: checking for i686-linux-gnu-gcc
configure:2744: result: i686-linux-gnu-gcc
configure:3013: checking for C compiler version
configure:3022: i686-linux-gnu-gcc --version >&5
i686-linux-gnu-gcc (Ubuntu/Linaro 4.6.3-1ubuntu5) 4.6.3
Copyright (C) 2011 Free Software Foundation, Inc.
This is free software; see the source for copying conditions.  There is NO
warranty; not even for MERCHANTABILITY or FITNESS FOR A PARTICULAR PURPOSE.

configure:3033: $? = 0
configure:3022: i686-linux-gnu-gcc -v >&5
Using built-in specs.
COLLECT_GCC=i686-linux-gnu-gcc
COLLECT_LTO_WRAPPER=/usr/lib/gcc/i686-linux-gnu/4.6/lto-wrapper
Target: i686-linux-gnu
Configured with: ../src/configure -v --with-pkgversion='Ubuntu/Linaro 4.6.3-1ubuntu5' --with-bugurl=file:///usr/share/doc/gcc-4.6/README.Bugs --enable-languages=c,c++,fortran,objc,obj-c++ --prefix=/usr --program-suffix=-4.6 --enable-shared --enable-linker-build-id --with-system-zlib --libexecdir=/usr/lib --without-included-gettext --enable-threads=posix --with-gxx-include-dir=/usr/include/c++/4.6 --libdir=/usr/lib --enable-nls --with-sysroot=/ --enable-clocale=gnu --enable-libstdcxx-debug --enable-libstdcxx-time=yes --enable-gnu-unique-object --enable-plugin --enable-objc-gc --enable-targets=all --disable-werror --with-arch-32=i686 --with-tune=generic --enable-checking=release --build=i686-linux-gnu --host=i686-linux-gnu --target=i686-linux-gnu
Thread model: posix
gcc version 4.6.3 (Ubuntu/Linaro 4.6.3-1ubuntu5) 
configure:3033: $? = 0
configure:3022: i686-linux-gnu-gcc -V >&5
i686-linux-gnu-gcc: error: unrecognized option '-V'
i686-linux-gnu-gcc: fatal error: no input files
compilation terminated.
configure:3033: $? = 4
configure:3022: i686-linux-gnu-gcc -qversion >&5
i686-linux-gnu-gcc: error: unrecognized option '-qversion'
i686-linux-gnu-gcc: fatal error: no input files
compilation terminated.
configure:3033: $? = 4
configure:3055: checking for C compiler default output file name
configure:3077: i686-linux-gnu-gcc -O2    conftest.c  >&5
configure:3081: $? = 0
configure:3118: result: a.out
configure:3134: checking whether the C compiler works
configure:3143: ./a.out
configure:3147: $? = 0
configure:3162: result: yes
configure:3169: checking whether we are cross compiling
configure:3171: result: no
configure:3174: checking for suffix of executables
configure:3181: i686-linux-gnu-gcc -o conftest -O2    conftest.c  >&5
configure:3185: $? = 0
configure:3207: result: 
configure:3213: checking for suffix of object files
configure:3235: i686-linux-gnu-gcc -c -O2  conftest.c >&5
configure:3239: $? = 0
configure:3260: result: o
configure:3264: checking whether we are using the GNU C compiler
configure:3283: i686-linux-gnu-gcc -c -O2  conftest.c >&5
configure:3283: $? = 0
configure:3292: result: yes
configure:3301: checking whether i686-linux-gnu-gcc accepts -g
configure:3321: i686-linux-gnu-gcc -c -g  conftest.c >&5
configure:3321: $? = 0
configure:3362: result: yes
configure:3379: checking for i686-linux-gnu-gcc option to accept ISO C89
configure:3443: i686-linux-gnu-gcc  -c -O2  conftest.c >&5
configure:3443: $? = 0
configure:3456: result: none needed
configure:3503: checking build system type
configure:3517: result: i686-pc-linux-gnu
configure:3537: checking host system type
configure:3550: result: i686-pc-linux-gnu
configure:3576: checking how to run the C preprocessor
configure:3607: i686-linux-gnu-gcc -E  conftest.c
configure:3607: $? = 0
configure:3621: i686-linux-gnu-gcc -E  conftest.c
conftest.c:9:28: fatal error: ac_nonexistent.h: No such file or directory
compilation terminated.
configure:3621: $? = 1
configure: failed program was:
| /* confdefs.h */
| #define PACKAGE_NAME ""
| #define PACKAGE_TARNAME ""
| #define PACKAGE_VERSION ""
| #define PACKAGE_STRING ""
| #define PACKAGE_BUGREPORT ""
| #define PACKAGE_URL ""
| /* end confdefs.h.  */
| #include <ac_nonexistent.h>
configure:3646: result: i686-linux-gnu-gcc -E
configure:3666: i686-linux-gnu-gcc -E  conftest.c
configure:3666: $? = 0
configure:3680: i686-linux-gnu-gcc -E  conftest.c
conftest.c:9:28: fatal error: ac_nonexistent.h: No such file or directory
compilation terminated.
configure:3680: $? = 1
configure: failed program was:
| /* confdefs.h */
| #define PACKAGE_NAME ""
| #define PACKAGE_TARNAME ""
| #define PACKAGE_VERSION ""
| #define PACKAGE_STRING ""
| #define PACKAGE_BUGREPORT ""
| #define PACKAGE_URL ""
| /* end confdefs.h.  */
| #include <ac_nonexistent.h>
configure:3709: checking for grep that handles long lines and -e
configure:3767: result: /home/shizhai/new_zhongwang/trunk/staging_dir/host/bin/grep
configure:3772: checking for egrep
configure:3834: result: /home/shizhai/new_zhongwang/trunk/staging_dir/host/bin/grep -E
configure:3839: checking for ANSI C header files
configure:3859: i686-linux-gnu-gcc -c -O2  conftest.c >&5
configure:3859: $? = 0
configure:3932: i686-linux-gnu-gcc -o conftest -O2    conftest.c  >&5
configure:3932: $? = 0
configure:3932: ./conftest
configure:3932: $? = 0
configure:3943: result: yes
configure:3956: checking for sys/types.h
configure:3956: i686-linux-gnu-gcc -c -O2  conftest.c >&5
configure:3956: $? = 0
configure:3956: result: yes
configure:3956: checking for sys/stat.h
configure:3956: i686-linux-gnu-gcc -c -O2  conftest.c >&5
configure:3956: $? = 0
configure:3956: result: yes
configure:3956: checking for stdlib.h
configure:3956: i686-linux-gnu-gcc -c -O2  conftest.c >&5
configure:3956: $? = 0
configure:3956: result: yes
configure:3956: checking for string.h
configure:3956: i686-linux-gnu-gcc -c -O2  conftest.c >&5
configure:3956: $? = 0
configure:3956: result: yes
configure:3956: checking for memory.h
configure:3956: i686-linux-gnu-gcc -c -O2  conftest.c >&5
configure:3956: $? = 0
configure:3956: result: yes
configure:3956: checking for strings.h
configure:3956: i686-linux-gnu-gcc -c -O2  conftest.c >&5
configure:3956: $? = 0
configure:3956: result: yes
configure:3956: checking for inttypes.h
configure:3956: i686-linux-gnu-gcc -c -O2  conftest.c >&5
configure:3956: $? = 0
configure:3956: result: yes
configure:3956: checking for stdint.h
configure:3956: i686-linux-gnu-gcc -c -O2  conftest.c >&5
configure:3956: $? = 0
configure:3956: result: yes
configure:3956: checking for unistd.h
configure:3956: i686-linux-gnu-gcc -c -O2  conftest.c >&5
configure:3956: $? = 0
configure:3956: result: yes
configure:3972: checking minix/config.h usability
configure:3972: i686-linux-gnu-gcc -c -O2  conftest.c >&5
conftest.c:52:26: fatal error: minix/config.h: No such file or directory
compilation terminated.
configure:3972: $? = 1
configure: failed program was:
| /* confdefs.h */
| #define PACKAGE_NAME ""
| #define PACKAGE_TARNAME ""
| #define PACKAGE_VERSION ""
| #define PACKAGE_STRING ""
| #define PACKAGE_BUGREPORT ""
| #define PACKAGE_URL ""
| #define STDC_HEADERS 1
| #define HAVE_SYS_TYPES_H 1
| #define HAVE_SYS_STAT_H 1
| #define HAVE_STDLIB_H 1
| #define HAVE_STRING_H 1
| #define HAVE_MEMORY_H 1
| #define HAVE_STRINGS_H 1
| #define HAVE_INTTYPES_H 1
| #define HAVE_STDINT_H 1
| #define HAVE_UNISTD_H 1
| /* end confdefs.h.  */
| #include <stdio.h>
| #ifdef HAVE_SYS_TYPES_H
| # include <sys/types.h>
| #endif
| #ifdef HAVE_SYS_STAT_H
| # include <sys/stat.h>
| #endif
| #ifdef STDC_HEADERS
| # include <stdlib.h>
| # include <stddef.h>
| #else
| # ifdef HAVE_STDLIB_H
| #  include <stdlib.h>
| # endif
| #endif
| #ifdef HAVE_STRING_H
| # if !defined STDC_HEADERS && defined HAVE_MEMORY_H
| #  include <memory.h>
| # endif
| # include <string.h>
| #endif
| #ifdef HAVE_STRINGS_H
| # include <strings.h>
| #endif
| #ifdef HAVE_INTTYPES_H
| # include <inttypes.h>
| #endif
| #ifdef HAVE_STDINT_H
| # include <stdint.h>
| #endif
| #ifdef HAVE_UNISTD_H
| # include <unistd.h>
| #endif
| #include <minix/config.h>
configure:3972: result: no
configure:3972: checking minix/config.h presence
configure:3972: i686-linux-gnu-gcc -E  conftest.c
conftest.c:19:26: fatal error: minix/config.h: No such file or directory
compilation terminated.
configure:3972: $? = 1
configure: failed program was:
| /* confdefs.h */
| #define PACKAGE_NAME ""
| #define PACKAGE_TARNAME ""
| #define PACKAGE_VERSION ""
| #define PACKAGE_STRING ""
| #define PACKAGE_BUGREPORT ""
| #define PACKAGE_URL ""
| #define STDC_HEADERS 1
| #define HAVE_SYS_TYPES_H 1
| #define HAVE_SYS_STAT_H 1
| #define HAVE_STDLIB_H 1
| #define HAVE_STRING_H 1
| #define HAVE_MEMORY_H 1
| #define HAVE_STRINGS_H 1
| #define HAVE_INTTYPES_H 1
| #define HAVE_STDINT_H 1
| #define HAVE_UNISTD_H 1
| /* end confdefs.h.  */
| #include <minix/config.h>
configure:3972: result: no
configure:3972: checking for minix/config.h
configure:3972: result: no
configure:4001: checking whether it is safe to define __EXTENSIONS__
configure:4019: i686-linux-gnu-gcc -c -O2  conftest.c >&5
configure:4019: $? = 0
configure:4026: result: yes
configure:4044: checking for Minix Amsterdam compiler
configure:4068: result: no
configure:4328: checking for i686-linux-gnu-gcc
configure:4355: result: i686-linux-gnu-gcc
configure:4624: checking for C compiler version
configure:4633: i686-linux-gnu-gcc --version >&5
i686-linux-gnu-gcc (Ubuntu/Linaro 4.6.3-1ubuntu5) 4.6.3
Copyright (C) 2011 Free Software Foundation, Inc.
This is free software; see the source for copying conditions.  There is NO
warranty; not even for MERCHANTABILITY or FITNESS FOR A PARTICULAR PURPOSE.

configure:4644: $? = 0
configure:4633: i686-linux-gnu-gcc -v >&5
Using built-in specs.
COLLECT_GCC=i686-linux-gnu-gcc
COLLECT_LTO_WRAPPER=/usr/lib/gcc/i686-linux-gnu/4.6/lto-wrapper
Target: i686-linux-gnu
Configured with: ../src/configure -v --with-pkgversion='Ubuntu/Linaro 4.6.3-1ubuntu5' --with-bugurl=file:///usr/share/doc/gcc-4.6/README.Bugs --enable-languages=c,c++,fortran,objc,obj-c++ --prefix=/usr --program-suffix=-4.6 --enable-shared --enable-linker-build-id --with-system-zlib --libexecdir=/usr/lib --without-included-gettext --enable-threads=posix --with-gxx-include-dir=/usr/include/c++/4.6 --libdir=/usr/lib --enable-nls --with-sysroot=/ --enable-clocale=gnu --enable-libstdcxx-debug --enable-libstdcxx-time=yes --enable-gnu-unique-object --enable-plugin --enable-objc-gc --enable-targets=all --disable-werror --with-arch-32=i686 --with-tune=generic --enable-checking=release --build=i686-linux-gnu --host=i686-linux-gnu --target=i686-linux-gnu
Thread model: posix
gcc version 4.6.3 (Ubuntu/Linaro 4.6.3-1ubuntu5) 
configure:4644: $? = 0
configure:4633: i686-linux-gnu-gcc -V >&5
i686-linux-gnu-gcc: error: unrecognized option '-V'
i686-linux-gnu-gcc: fatal error: no input files
compilation terminated.
configure:4644: $? = 4
configure:4633: i686-linux-gnu-gcc -qversion >&5
i686-linux-gnu-gcc: error: unrecognized option '-qversion'
i686-linux-gnu-gcc: fatal error: no input files
compilation terminated.
configure:4644: $? = 4
configure:4648: checking whether we are using the GNU C compiler
configure:4676: result: yes
configure:4685: checking whether i686-linux-gnu-gcc accepts -g
configure:4746: result: yes
configure:4763: checking for i686-linux-gnu-gcc option to accept ISO C89
configure:4840: result: none needed
configure:4887: checking target system type
configure:4900: result: mips-openwrt-linux-uclibc
configure:4938: checking for working alloca.h
configure:4955: i686-linux-gnu-gcc -o conftest -O2    conftest.c  >&5
configure:4955: $? = 0
configure:4963: result: yes
configure:4971: checking for alloca
configure:5008: i686-linux-gnu-gcc -o conftest -O2    conftest.c  >&5
configure:5008: $? = 0
configure:5016: result: yes
configure:5129: checking for mbstate_t
configure:5153: i686-linux-gnu-gcc -c -O2  conftest.c >&5
configure:5153: $? = 0
configure:5160: result: yes
configure:5179: checking for btowc
configure:5179: i686-linux-gnu-gcc -o conftest -O2    conftest.c  >&5
configure:5179: $? = 0
configure:5179: result: yes
configure:5179: checking for isblank
configure:5179: i686-linux-gnu-gcc -o conftest -O2    conftest.c  >&5
conftest.c:52:6: warning: conflicting types for built-in function 'isblank' [enabled by default]
configure:5179: $? = 0
configure:5179: result: yes
configure:5179: checking for iswctype
configure:5179: i686-linux-gnu-gcc -o conftest -O2    conftest.c  >&5
configure:5179: $? = 0
configure:5179: result: yes
configure:5179: checking for mbsrtowcs
configure:5179: i686-linux-gnu-gcc -o conftest -O2    conftest.c  >&5
configure:5179: $? = 0
configure:5179: result: yes
configure:5179: checking for mempcpy
configure:5179: i686-linux-gnu-gcc -o conftest -O2    conftest.c  >&5
conftest.c:55:6: warning: conflicting types for built-in function 'mempcpy' [enabled by default]
configure:5179: $? = 0
configure:5179: result: yes
configure:5179: checking for wmemchr
configure:5179: i686-linux-gnu-gcc -o conftest -O2    conftest.c  >&5
configure:5179: $? = 0
configure:5179: result: yes
configure:5179: checking for wmemcpy
configure:5179: i686-linux-gnu-gcc -o conftest -O2    conftest.c  >&5
configure:5179: $? = 0
configure:5179: result: yes
configure:5179: checking for wmempcpy
configure:5179: i686-linux-gnu-gcc -o conftest -O2    conftest.c  >&5
configure:5179: $? = 0
configure:5179: result: yes
configure:5179: checking for symlink
configure:5179: i686-linux-gnu-gcc -o conftest -O2    conftest.c  >&5
configure:5179: $? = 0
configure:5179: result: yes
configure:5179: checking for mbsinit
configure:5179: i686-linux-gnu-gcc -o conftest -O2    conftest.c  >&5
configure:5179: $? = 0
configure:5179: result: yes
configure:5179: checking for mbrtowc
configure:5179: i686-linux-gnu-gcc -o conftest -O2    conftest.c  >&5
configure:5179: $? = 0
configure:5179: result: yes
configure:5179: checking for mprotect
configure:5179: i686-linux-gnu-gcc -o conftest -O2    conftest.c  >&5
configure:5179: $? = 0
configure:5179: result: yes
configure:5179: checking for iswcntrl
configure:5179: i686-linux-gnu-gcc -o conftest -O2    conftest.c  >&5
conftest.c:63:6: warning: conflicting types for built-in function 'iswcntrl' [enabled by default]
configure:5179: $? = 0
configure:5179: result: yes
configure:5235: checking wctype.h usability
configure:5235: i686-linux-gnu-gcc -c -O2  conftest.c >&5
configure:5235: $? = 0
configure:5235: result: yes
configure:5235: checking wctype.h presence
configure:5235: i686-linux-gnu-gcc -E  conftest.c
configure:5235: $? = 0
configure:5235: result: yes
configure:5235: checking for wctype.h
configure:5235: result: yes
configure:5235: checking wchar.h usability
configure:5235: i686-linux-gnu-gcc -c -O2  conftest.c >&5
configure:5235: $? = 0
configure:5235: result: yes
configure:5235: checking wchar.h presence
configure:5235: i686-linux-gnu-gcc -E  conftest.c
configure:5235: $? = 0
configure:5235: result: yes
configure:5235: checking for wchar.h
configure:5235: result: yes
configure:5235: checking for stdint.h
configure:5235: result: yes
configure:5235: checking for inttypes.h
configure:5235: result: yes
configure:5235: checking for unistd.h
configure:5235: result: yes
configure:5235: checking sys/mman.h usability
configure:5235: i686-linux-gnu-gcc -c -O2  conftest.c >&5
configure:5235: $? = 0
configure:5235: result: yes
configure:5235: checking sys/mman.h presence
configure:5235: i686-linux-gnu-gcc -E  conftest.c
configure:5235: $? = 0
configure:5235: result: yes
configure:5235: checking for sys/mman.h
configure:5235: result: yes
configure:5235: checking features.h usability
configure:5235: i686-linux-gnu-gcc -c -O2  conftest.c >&5
configure:5235: $? = 0
configure:5235: result: yes
configure:5235: checking features.h presence
configure:5235: i686-linux-gnu-gcc -E  conftest.c
configure:5235: $? = 0
configure:5235: result: yes
configure:5235: checking for features.h
configure:5235: result: yes
configure:5251: checking for unsigned long long int
configure:5290: i686-linux-gnu-gcc -o conftest -O2    conftest.c  >&5
configure:5290: $? = 0
configure:5299: result: yes
configure:5309: checking for long long int
configure:5347: i686-linux-gnu-gcc -o conftest -O2    conftest.c  >&5
configure:5347: $? = 0
configure:5347: ./conftest
configure:5347: $? = 0
configure:5359: result: yes
configure:5374: checking whether the preprocessor supports include_next
configure:5412: i686-linux-gnu-gcc -c -O2  -Iconftestd1b -Iconftestd2 conftest.c >&5
configure:5412: $? = 0
configure:5433: result: yes
configure:5454: checking whether system header files limit the line length
configure:5477: result: no
configure:5501: i686-linux-gnu-gcc -c -O2  conftest.c >&5
conftest.c:51:10: error: unknown type name 'not'
conftest.c:51:16: error: expected '=', ',', ';', 'asm' or '__attribute__' before 'universal'
conftest.c:51:16: error: unknown type name 'universal'
configure:5501: $? = 1
configure: failed program was:
| /* confdefs.h */
| #define PACKAGE_NAME ""
| #define PACKAGE_TARNAME ""
| #define PACKAGE_VERSION ""
| #define PACKAGE_STRING ""
| #define PACKAGE_BUGREPORT ""
| #define PACKAGE_URL ""
| #define STDC_HEADERS 1
| #define HAVE_SYS_TYPES_H 1
| #define HAVE_SYS_STAT_H 1
| #define HAVE_STDLIB_H 1
| #define HAVE_STRING_H 1
| #define HAVE_MEMORY_H 1
| #define HAVE_STRINGS_H 1
| #define HAVE_INTTYPES_H 1
| #define HAVE_STDINT_H 1
| #define HAVE_UNISTD_H 1
| #define __EXTENSIONS__ 1
| #define _ALL_SOURCE 1
| #define _DARWIN_C_SOURCE 1
| #define _GNU_SOURCE 1
| #define _POSIX_PTHREAD_SEMANTICS 1
| #define _TANDEM_SOURCE 1
| #define HAVE_ALLOCA_H 1
| #define HAVE_ALLOCA 1
| #define HAVE_MBSTATE_T 1
| #define HAVE_BTOWC 1
| #define HAVE_ISBLANK 1
| #define HAVE_ISWCTYPE 1
| #define HAVE_MBSRTOWCS 1
| #define HAVE_MEMPCPY 1
| #define HAVE_WMEMCHR 1
| #define HAVE_WMEMCPY 1
| #define HAVE_WMEMPCPY 1
| #define HAVE_SYMLINK 1
| #define HAVE_MBSINIT 1
| #define HAVE_MBRTOWC 1
| #define HAVE_MPROTECT 1
| #define HAVE_ISWCNTRL 1
| #define HAVE_WCTYPE_H 1
| #define HAVE_WCHAR_H 1
| #define HAVE_STDINT_H 1
| #define HAVE_INTTYPES_H 1
| #define HAVE_UNISTD_H 1
| #define HAVE_SYS_MMAN_H 1
| #define HAVE_FEATURES_H 1
| #define HAVE_UNSIGNED_LONG_LONG_INT 1
| #define HAVE_LONG_LONG_INT 1
| /* end confdefs.h.  */
| #ifndef __APPLE_CC__
|          not a universal capable compiler
|         #endif
|         typedef int dummy;
| 
configure:5666: checking whether stdint.h conforms to C99
configure:5835: i686-linux-gnu-gcc -c -O2  conftest.c >&5
configure:5835: $? = 0
configure:5915: i686-linux-gnu-gcc -o conftest -O2    conftest.c  >&5
configure:5915: $? = 0
configure:5915: ./conftest
configure:5915: $? = 0
configure:5927: result: yes
configure:6390: checking whether imaxabs is declared without a macro
configure:6408: i686-linux-gnu-gcc -c -O2  conftest.c >&5
configure:6408: $? = 0
configure:6416: result: yes
configure:6390: checking whether imaxdiv is declared without a macro
configure:6408: i686-linux-gnu-gcc -c -O2  conftest.c >&5
configure:6408: $? = 0
configure:6416: result: yes
configure:6390: checking whether strtoimax is declared without a macro
configure:6408: i686-linux-gnu-gcc -c -O2  conftest.c >&5
configure:6408: $? = 0
configure:6416: result: yes
configure:6390: checking whether strtoumax is declared without a macro
configure:6408: i686-linux-gnu-gcc -c -O2  conftest.c >&5
configure:6408: $? = 0
configure:6416: result: yes
configure:6432: checking for inttypes.h
configure:6432: result: yes
configure:6443: checking whether the inttypes.h PRIxNN macros are broken
configure:6465: i686-linux-gnu-gcc -c -O2  conftest.c >&5
configure:6465: $? = 0
configure:6473: result: no
configure:6489: checking for nl_langinfo and CODESET
configure:6505: i686-linux-gnu-gcc -o conftest -O2    conftest.c  >&5
configure:6505: $? = 0
configure:6514: result: yes
configure:6549: checking for working fcntl.h
configure:6641: i686-linux-gnu-gcc -o conftest -O2    conftest.c  >&5
configure:6641: $? = 0
configure:6641: ./conftest
configure:6641: $? = 0
configure:6656: result: yes
configure:6680: checking whether getc_unlocked is declared
configure:6680: i686-linux-gnu-gcc -c -O2  conftest.c >&5
configure:6680: $? = 0
configure:6680: result: yes
configure:6693: checking whether we are using the GNU C Library >= 2.1 or uClibc
configure:6723: result: yes
configure:6835: checking for a traditional japanese locale
configure:6905: i686-linux-gnu-gcc -o conftest -O2    conftest.c  >&5
configure:6908: $? = 0
configure:6966: result: none
configure:6974: checking for a transitional chinese locale
configure:7045: i686-linux-gnu-gcc -o conftest -O2    conftest.c  >&5
configure:7048: $? = 0
configure:7099: result: none
configure:7106: checking for a french Unicode locale
configure:7178: i686-linux-gnu-gcc -o conftest -O2    conftest.c  >&5
configure:7181: $? = 0
configure:7227: result: none
configure:7235: checking for a traditional french locale
configure:7303: i686-linux-gnu-gcc -o conftest -O2    conftest.c  >&5
configure:7306: $? = 0
configure:7362: result: none
configure:7459: checking for mmap
configure:7459: i686-linux-gnu-gcc -o conftest -O2    conftest.c  >&5
configure:7459: $? = 0
configure:7459: result: yes
configure:7470: checking for MAP_ANONYMOUS
configure:7507: result: yes
configure:7541: checking whether memchr works
configure:7604: i686-linux-gnu-gcc -o conftest -O2    conftest.c  >&5
configure:7604: $? = 0
configure:7604: ./conftest
configure:7604: $? = 0
configure:7614: result: yes
configure:7622: checking whether memmem is declared
configure:7622: i686-linux-gnu-gcc -c -O2  conftest.c >&5
configure:7622: $? = 0
configure:7622: result: yes
configure:7640: checking for memmem
configure:7640: i686-linux-gnu-gcc -o conftest -O2    conftest.c  >&5
configure:7640: $? = 0
configure:7640: result: yes
configure:7664: checking whether memmem works
configure:7728: i686-linux-gnu-gcc -o conftest -O2    conftest.c  >&5
configure:7728: $? = 0
configure:7728: ./conftest
configure:7728: $? = 0
configure:7739: result: yes
configure:7750: checking for stdbool.h that conforms to C99
configure:7817: i686-linux-gnu-gcc -c -O2  conftest.c >&5
configure:7817: $? = 0
configure:7824: result: yes
configure:7826: checking for _Bool
configure:7826: i686-linux-gnu-gcc -c -O2  conftest.c >&5
configure:7826: $? = 0
configure:7826: i686-linux-gnu-gcc -c -O2  conftest.c >&5
conftest.c: In function 'main':
conftest.c:98:20: error: expected expression before ')' token
configure:7826: $? = 1
configure: failed program was:
| /* confdefs.h */
| #define PACKAGE_NAME ""
| #define PACKAGE_TARNAME ""
| #define PACKAGE_VERSION ""
| #define PACKAGE_STRING ""
| #define PACKAGE_BUGREPORT ""
| #define PACKAGE_URL ""
| #define STDC_HEADERS 1
| #define HAVE_SYS_TYPES_H 1
| #define HAVE_SYS_STAT_H 1
| #define HAVE_STDLIB_H 1
| #define HAVE_STRING_H 1
| #define HAVE_MEMORY_H 1
| #define HAVE_STRINGS_H 1
| #define HAVE_INTTYPES_H 1
| #define HAVE_STDINT_H 1
| #define HAVE_UNISTD_H 1
| #define __EXTENSIONS__ 1
| #define _ALL_SOURCE 1
| #define _DARWIN_C_SOURCE 1
| #define _GNU_SOURCE 1
| #define _POSIX_PTHREAD_SEMANTICS 1
| #define _TANDEM_SOURCE 1
| #define HAVE_ALLOCA_H 1
| #define HAVE_ALLOCA 1
| #define HAVE_MBSTATE_T 1
| #define HAVE_BTOWC 1
| #define HAVE_ISBLANK 1
| #define HAVE_ISWCTYPE 1
| #define HAVE_MBSRTOWCS 1
| #define HAVE_MEMPCPY 1
| #define HAVE_WMEMCHR 1
| #define HAVE_WMEMCPY 1
| #define HAVE_WMEMPCPY 1
| #define HAVE_SYMLINK 1
| #define HAVE_MBSINIT 1
| #define HAVE_MBRTOWC 1
| #define HAVE_MPROTECT 1
| #define HAVE_ISWCNTRL 1
| #define HAVE_WCTYPE_H 1
| #define HAVE_WCHAR_H 1
| #define HAVE_STDINT_H 1
| #define HAVE_INTTYPES_H 1
| #define HAVE_UNISTD_H 1
| #define HAVE_SYS_MMAN_H 1
| #define HAVE_FEATURES_H 1
| #define HAVE_UNSIGNED_LONG_LONG_INT 1
| #define HAVE_LONG_LONG_INT 1
| #define HAVE_RAW_DECL_IMAXABS 1
| #define HAVE_RAW_DECL_IMAXDIV 1
| #define HAVE_RAW_DECL_STRTOIMAX 1
| #define HAVE_RAW_DECL_STRTOUMAX 1
| #define HAVE_INTTYPES_H 1
| #define HAVE_LANGINFO_CODESET 1
| #define HAVE_WORKING_O_NOATIME 1
| #define HAVE_WORKING_O_NOFOLLOW 1
| #define HAVE_DECL_GETC_UNLOCKED 1
| #define HAVE_MAP_ANONYMOUS 1
| #define HAVE_DECL_MEMMEM 1
| #define HAVE_MEMMEM 1
| /* end confdefs.h.  */
| #include <stdio.h>
| #ifdef HAVE_SYS_TYPES_H
| # include <sys/types.h>
| #endif
| #ifdef HAVE_SYS_STAT_H
| # include <sys/stat.h>
| #endif
| #ifdef STDC_HEADERS
| # include <stdlib.h>
| # include <stddef.h>
| #else
| # ifdef HAVE_STDLIB_H
| #  include <stdlib.h>
| # endif
| #endif
| #ifdef HAVE_STRING_H
| # if !defined STDC_HEADERS && defined HAVE_MEMORY_H
| #  include <memory.h>
| # endif
| # include <string.h>
| #endif
| #ifdef HAVE_STRINGS_H
| # include <strings.h>
| #endif
| #ifdef HAVE_INTTYPES_H
| # include <inttypes.h>
| #endif
| #ifdef HAVE_STDINT_H
| # include <stdint.h>
| #endif
| #ifdef HAVE_UNISTD_H
| # include <unistd.h>
| #endif
| int
| main ()
| {
| if (sizeof ((_Bool)))
| 	    return 0;
|   ;
|   return 0;
| }
configure:7826: result: yes
configure:7842: checking for wchar_t
configure:7859: i686-linux-gnu-gcc -c -O2  conftest.c >&5
configure:7859: $? = 0
configure:7866: result: yes
configure:7874: checking for C/C++ restrict keyword
configure:7899: i686-linux-gnu-gcc -c -O2  conftest.c >&5
configure:7899: $? = 0
configure:7907: result: __restrict
configure:7994: checking whether ffsl is declared without a macro
configure:8012: i686-linux-gnu-gcc -c -O2  conftest.c >&5
configure:8012: $? = 0
configure:8020: result: yes
configure:7994: checking whether ffsll is declared without a macro
configure:8012: i686-linux-gnu-gcc -c -O2  conftest.c >&5
configure:8012: $? = 0
configure:8020: result: yes
configure:7994: checking whether memmem is declared without a macro
configure:8012: i686-linux-gnu-gcc -c -O2  conftest.c >&5
configure:8012: $? = 0
configure:8020: result: yes
configure:7994: checking whether mempcpy is declared without a macro
configure:8012: i686-linux-gnu-gcc -c -O2  conftest.c >&5
configure:8012: $? = 0
configure:8020: result: yes
configure:7994: checking whether memrchr is declared without a macro
configure:8012: i686-linux-gnu-gcc -c -O2  conftest.c >&5
configure:8012: $? = 0
configure:8020: result: yes
configure:7994: checking whether rawmemchr is declared without a macro
configure:8012: i686-linux-gnu-gcc -c -O2  conftest.c >&5
configure:8012: $? = 0
configure:8020: result: yes
configure:7994: checking whether stpcpy is declared without a macro
configure:8012: i686-linux-gnu-gcc -c -O2  conftest.c >&5
configure:8012: $? = 0
configure:8020: result: yes
configure:7994: checking whether stpncpy is declared without a macro
configure:8012: i686-linux-gnu-gcc -c -O2  conftest.c >&5
configure:8012: $? = 0
configure:8020: result: yes
configure:7994: checking whether strchrnul is declared without a macro
configure:8012: i686-linux-gnu-gcc -c -O2  conftest.c >&5
configure:8012: $? = 0
configure:8020: result: yes
configure:7994: checking whether strdup is declared without a macro
configure:8012: i686-linux-gnu-gcc -c -O2  conftest.c >&5
configure:8012: $? = 0
configure:8020: result: yes
configure:7994: checking whether strncat is declared without a macro
configure:8012: i686-linux-gnu-gcc -c -O2  conftest.c >&5
configure:8012: $? = 0
configure:8020: result: yes
configure:7994: checking whether strndup is declared without a macro
configure:8012: i686-linux-gnu-gcc -c -O2  conftest.c >&5
configure:8012: $? = 0
configure:8020: result: yes
configure:7994: checking whether strnlen is declared without a macro
configure:8012: i686-linux-gnu-gcc -c -O2  conftest.c >&5
configure:8012: $? = 0
configure:8020: result: yes
configure:7994: checking whether strpbrk is declared without a macro
configure:8012: i686-linux-gnu-gcc -c -O2  conftest.c >&5
configure:8012: $? = 0
configure:8020: result: yes
configure:7994: checking whether strsep is declared without a macro
configure:8012: i686-linux-gnu-gcc -c -O2  conftest.c >&5
configure:8012: $? = 0
configure:8020: result: yes
configure:7994: checking whether strcasestr is declared without a macro
configure:8012: i686-linux-gnu-gcc -c -O2  conftest.c >&5
configure:8012: $? = 0
configure:8020: result: yes
configure:7994: checking whether strtok_r is declared without a macro
configure:8012: i686-linux-gnu-gcc -c -O2  conftest.c >&5
configure:8012: $? = 0
configure:8020: result: yes
configure:7994: checking whether strerror_r is declared without a macro
configure:8012: i686-linux-gnu-gcc -c -O2  conftest.c >&5
configure:8012: $? = 0
configure:8020: result: yes
configure:7994: checking whether strsignal is declared without a macro
configure:8012: i686-linux-gnu-gcc -c -O2  conftest.c >&5
configure:8012: $? = 0
configure:8020: result: yes
configure:7994: checking whether strverscmp is declared without a macro
configure:8012: i686-linux-gnu-gcc -c -O2  conftest.c >&5
configure:8012: $? = 0
configure:8020: result: yes
configure:8034: checking whether <wchar.h> uses 'inline' correctly
configure:8056: i686-linux-gnu-gcc -c -O2  conftest.c >&5
configure:8059: $? = 0
configure:8077: i686-linux-gnu-gcc -c -O2  conftest.c >&5
configure:8080: $? = 0
configure:8093: result: yes
configure:8128: checking for wint_t
configure:8153: i686-linux-gnu-gcc -c -O2  conftest.c >&5
configure:8153: $? = 0
configure:8160: result: yes
configure:8184: checking for inline
configure:8200: i686-linux-gnu-gcc -c -O2  conftest.c >&5
configure:8200: $? = 0
configure:8208: result: inline
configure:8257: checking for alloca as a compiler built-in
configure:8281: result: yes
configure:8351: checking for working GNU fnmatch
configure:8452: i686-linux-gnu-gcc -o conftest -O2    conftest.c  >&5
configure:8452: $? = 0
configure:8452: ./conftest
configure:8452: $? = 0
configure:8464: result: yes
configure:8650: i686-linux-gnu-gcc -c -O2  conftest.c >&5
configure:8650: $? = 0
configure:8660: checking whether INT32_MAX < INTMAX_MAX
configure:8694: i686-linux-gnu-gcc -c -O2  conftest.c >&5
configure:8694: $? = 0
configure:8701: result: yes
configure:8712: checking whether INT64_MAX == LONG_MAX
configure:8746: i686-linux-gnu-gcc -c -O2  conftest.c >&5
conftest.c:105:17: error: size of array 'test' is negative
configure:8746: $? = 1
configure: failed program was:
| /* confdefs.h */
| #define PACKAGE_NAME ""
| #define PACKAGE_TARNAME ""
| #define PACKAGE_VERSION ""
| #define PACKAGE_STRING ""
| #define PACKAGE_BUGREPORT ""
| #define PACKAGE_URL ""
| #define STDC_HEADERS 1
| #define HAVE_SYS_TYPES_H 1
| #define HAVE_SYS_STAT_H 1
| #define HAVE_STDLIB_H 1
| #define HAVE_STRING_H 1
| #define HAVE_MEMORY_H 1
| #define HAVE_STRINGS_H 1
| #define HAVE_INTTYPES_H 1
| #define HAVE_STDINT_H 1
| #define HAVE_UNISTD_H 1
| #define __EXTENSIONS__ 1
| #define _ALL_SOURCE 1
| #define _DARWIN_C_SOURCE 1
| #define _GNU_SOURCE 1
| #define _POSIX_PTHREAD_SEMANTICS 1
| #define _TANDEM_SOURCE 1
| #define HAVE_ALLOCA_H 1
| #define HAVE_ALLOCA 1
| #define HAVE_MBSTATE_T 1
| #define HAVE_BTOWC 1
| #define HAVE_ISBLANK 1
| #define HAVE_ISWCTYPE 1
| #define HAVE_MBSRTOWCS 1
| #define HAVE_MEMPCPY 1
| #define HAVE_WMEMCHR 1
| #define HAVE_WMEMCPY 1
| #define HAVE_WMEMPCPY 1
| #define HAVE_SYMLINK 1
| #define HAVE_MBSINIT 1
| #define HAVE_MBRTOWC 1
| #define HAVE_MPROTECT 1
| #define HAVE_ISWCNTRL 1
| #define HAVE_WCTYPE_H 1
| #define HAVE_WCHAR_H 1
| #define HAVE_STDINT_H 1
| #define HAVE_INTTYPES_H 1
| #define HAVE_UNISTD_H 1
| #define HAVE_SYS_MMAN_H 1
| #define HAVE_FEATURES_H 1
| #define HAVE_UNSIGNED_LONG_LONG_INT 1
| #define HAVE_LONG_LONG_INT 1
| #define HAVE_RAW_DECL_IMAXABS 1
| #define HAVE_RAW_DECL_IMAXDIV 1
| #define HAVE_RAW_DECL_STRTOIMAX 1
| #define HAVE_RAW_DECL_STRTOUMAX 1
| #define HAVE_INTTYPES_H 1
| #define HAVE_LANGINFO_CODESET 1
| #define HAVE_WORKING_O_NOATIME 1
| #define HAVE_WORKING_O_NOFOLLOW 1
| #define HAVE_DECL_GETC_UNLOCKED 1
| #define HAVE_MAP_ANONYMOUS 1
| #define HAVE_DECL_MEMMEM 1
| #define HAVE_MEMMEM 1
| #define HAVE__BOOL 1
| #define HAVE_WCHAR_T 1
| #define restrict __restrict
| #define HAVE_RAW_DECL_FFSL 1
| #define HAVE_RAW_DECL_FFSLL 1
| #define HAVE_RAW_DECL_MEMMEM 1
| #define HAVE_RAW_DECL_MEMPCPY 1
| #define HAVE_RAW_DECL_MEMRCHR 1
| #define HAVE_RAW_DECL_RAWMEMCHR 1
| #define HAVE_RAW_DECL_STPCPY 1
| #define HAVE_RAW_DECL_STPNCPY 1
| #define HAVE_RAW_DECL_STRCHRNUL 1
| #define HAVE_RAW_DECL_STRDUP 1
| #define HAVE_RAW_DECL_STRNCAT 1
| #define HAVE_RAW_DECL_STRNDUP 1
| #define HAVE_RAW_DECL_STRNLEN 1
| #define HAVE_RAW_DECL_STRPBRK 1
| #define HAVE_RAW_DECL_STRSEP 1
| #define HAVE_RAW_DECL_STRCASESTR 1
| #define HAVE_RAW_DECL_STRTOK_R 1
| #define HAVE_RAW_DECL_STRERROR_R 1
| #define HAVE_RAW_DECL_STRSIGNAL 1
| #define HAVE_RAW_DECL_STRVERSCMP 1
| #define HAVE_WINT_T 1
| #define HAVE_ALLOCA 1
| /* end confdefs.h.  */
| /* Work also in C++ mode.  */
|             #define __STDC_LIMIT_MACROS 1
| 
|             /* Work if build is not clean.  */
|             #define _GL_JUST_INCLUDE_SYSTEM_STDINT_H
| 
|             #include <limits.h>
|             #if HAVE_STDINT_H
|              #include <stdint.h>
|             #endif
| 
|             #if defined INT64_MAX
|              #define CONDITION (INT64_MAX == LONG_MAX)
|             #elif HAVE_LONG_LONG_INT
|              #define CONDITION (sizeof (long long int) == sizeof (long int))
|             #else
|              #define CONDITION 0
|             #endif
|             int test[CONDITION ? 1 : -1];
| int
| main ()
| {
| 
|   ;
|   return 0;
| }
configure:8753: result: no
configure:8766: checking whether UINT32_MAX < UINTMAX_MAX
configure:8800: i686-linux-gnu-gcc -c -O2  conftest.c >&5
configure:8800: $? = 0
configure:8807: result: yes
configure:8818: checking whether UINT64_MAX == ULONG_MAX
configure:8852: i686-linux-gnu-gcc -c -O2  conftest.c >&5
conftest.c:105:17: error: size of array 'test' is negative
configure:8852: $? = 1
configure: failed program was:
| /* confdefs.h */
| #define PACKAGE_NAME ""
| #define PACKAGE_TARNAME ""
| #define PACKAGE_VERSION ""
| #define PACKAGE_STRING ""
| #define PACKAGE_BUGREPORT ""
| #define PACKAGE_URL ""
| #define STDC_HEADERS 1
| #define HAVE_SYS_TYPES_H 1
| #define HAVE_SYS_STAT_H 1
| #define HAVE_STDLIB_H 1
| #define HAVE_STRING_H 1
| #define HAVE_MEMORY_H 1
| #define HAVE_STRINGS_H 1
| #define HAVE_INTTYPES_H 1
| #define HAVE_STDINT_H 1
| #define HAVE_UNISTD_H 1
| #define __EXTENSIONS__ 1
| #define _ALL_SOURCE 1
| #define _DARWIN_C_SOURCE 1
| #define _GNU_SOURCE 1
| #define _POSIX_PTHREAD_SEMANTICS 1
| #define _TANDEM_SOURCE 1
| #define HAVE_ALLOCA_H 1
| #define HAVE_ALLOCA 1
| #define HAVE_MBSTATE_T 1
| #define HAVE_BTOWC 1
| #define HAVE_ISBLANK 1
| #define HAVE_ISWCTYPE 1
| #define HAVE_MBSRTOWCS 1
| #define HAVE_MEMPCPY 1
| #define HAVE_WMEMCHR 1
| #define HAVE_WMEMCPY 1
| #define HAVE_WMEMPCPY 1
| #define HAVE_SYMLINK 1
| #define HAVE_MBSINIT 1
| #define HAVE_MBRTOWC 1
| #define HAVE_MPROTECT 1
| #define HAVE_ISWCNTRL 1
| #define HAVE_WCTYPE_H 1
| #define HAVE_WCHAR_H 1
| #define HAVE_STDINT_H 1
| #define HAVE_INTTYPES_H 1
| #define HAVE_UNISTD_H 1
| #define HAVE_SYS_MMAN_H 1
| #define HAVE_FEATURES_H 1
| #define HAVE_UNSIGNED_LONG_LONG_INT 1
| #define HAVE_LONG_LONG_INT 1
| #define HAVE_RAW_DECL_IMAXABS 1
| #define HAVE_RAW_DECL_IMAXDIV 1
| #define HAVE_RAW_DECL_STRTOIMAX 1
| #define HAVE_RAW_DECL_STRTOUMAX 1
| #define HAVE_INTTYPES_H 1
| #define HAVE_LANGINFO_CODESET 1
| #define HAVE_WORKING_O_NOATIME 1
| #define HAVE_WORKING_O_NOFOLLOW 1
| #define HAVE_DECL_GETC_UNLOCKED 1
| #define HAVE_MAP_ANONYMOUS 1
| #define HAVE_DECL_MEMMEM 1
| #define HAVE_MEMMEM 1
| #define HAVE__BOOL 1
| #define HAVE_WCHAR_T 1
| #define restrict __restrict
| #define HAVE_RAW_DECL_FFSL 1
| #define HAVE_RAW_DECL_FFSLL 1
| #define HAVE_RAW_DECL_MEMMEM 1
| #define HAVE_RAW_DECL_MEMPCPY 1
| #define HAVE_RAW_DECL_MEMRCHR 1
| #define HAVE_RAW_DECL_RAWMEMCHR 1
| #define HAVE_RAW_DECL_STPCPY 1
| #define HAVE_RAW_DECL_STPNCPY 1
| #define HAVE_RAW_DECL_STRCHRNUL 1
| #define HAVE_RAW_DECL_STRDUP 1
| #define HAVE_RAW_DECL_STRNCAT 1
| #define HAVE_RAW_DECL_STRNDUP 1
| #define HAVE_RAW_DECL_STRNLEN 1
| #define HAVE_RAW_DECL_STRPBRK 1
| #define HAVE_RAW_DECL_STRSEP 1
| #define HAVE_RAW_DECL_STRCASESTR 1
| #define HAVE_RAW_DECL_STRTOK_R 1
| #define HAVE_RAW_DECL_STRERROR_R 1
| #define HAVE_RAW_DECL_STRSIGNAL 1
| #define HAVE_RAW_DECL_STRVERSCMP 1
| #define HAVE_WINT_T 1
| #define HAVE_ALLOCA 1
| /* end confdefs.h.  */
| /* Work also in C++ mode.  */
|             #define __STDC_LIMIT_MACROS 1
| 
|             /* Work if build is not clean.  */
|             #define _GL_JUST_INCLUDE_SYSTEM_STDINT_H
| 
|             #include <limits.h>
|             #if HAVE_STDINT_H
|              #include <stdint.h>
|             #endif
| 
|             #if defined UINT64_MAX
|              #define CONDITION (UINT64_MAX == ULONG_MAX)
|             #elif HAVE_LONG_LONG_INT
|              #define CONDITION (sizeof (unsigned long long int) == sizeof (unsigned long int))
|             #else
|              #define CONDITION 0
|             #endif
|             int test[CONDITION ? 1 : -1];
| int
| main ()
| {
| 
|   ;
|   return 0;
| }
configure:8859: result: no
configure:8916: checking whether mbrtowc handles incomplete characters
configure:8973: result: guessing yes
configure:8979: checking whether mbrtowc works as well as mbtowc
configure:9040: result: guessing yes
configure:9097: checking whether mbrtowc handles a NULL pwc argument
configure:9168: result: guessing yes
configure:9174: checking whether mbrtowc handles a NULL string argument
configure:9233: result: guessing yes
configure:9241: checking whether mbrtowc has a correct return value
configure:9371: result: guessing yes
configure:9377: checking whether mbrtowc returns 0 when parsing a NUL character
configure:9433: result: guessing yes
configure:9528: checking whether mbrtowc handles incomplete characters
configure:9585: result: guessing yes
configure:9591: checking whether mbrtowc works as well as mbtowc
configure:9652: result: guessing yes
configure:9768: checking whether mbrtowc handles incomplete characters
configure:9825: result: guessing yes
configure:9831: checking whether mbrtowc works as well as mbtowc
configure:9892: result: guessing yes
configure:9952: checking whether mbsrtowcs works
configure:10056: result: guessing yes
configure:10151: checking whether memmem works in linear time
configure:10222: i686-linux-gnu-gcc -o conftest -O2    conftest.c  >&5
configure:10222: $? = 0
configure:10222: ./conftest
configure:10222: $? = 0
configure:10233: result: yes
configure:10261: checking for memmem
configure:10261: result: yes
configure:10285: checking whether memmem works
configure:10360: result: yes
configure:10434: checking whether NULL can be used in arbitrary expressions
configure:10452: i686-linux-gnu-gcc -c -O2  conftest.c >&5
configure:10452: $? = 0
configure:10459: result: yes
configure:10651: checking whether btowc is declared without a macro
configure:10679: i686-linux-gnu-gcc -c -O2  conftest.c >&5
configure:10679: $? = 0
configure:10687: result: yes
configure:10651: checking whether wctob is declared without a macro
configure:10679: i686-linux-gnu-gcc -c -O2  conftest.c >&5
configure:10679: $? = 0
configure:10687: result: yes
configure:10651: checking whether mbsinit is declared without a macro
configure:10679: i686-linux-gnu-gcc -c -O2  conftest.c >&5
configure:10679: $? = 0
configure:10687: result: yes
configure:10651: checking whether mbrtowc is declared without a macro
configure:10679: i686-linux-gnu-gcc -c -O2  conftest.c >&5
configure:10679: $? = 0
configure:10687: result: yes
configure:10651: checking whether mbrlen is declared without a macro
configure:10679: i686-linux-gnu-gcc -c -O2  conftest.c >&5
configure:10679: $? = 0
configure:10687: result: yes
configure:10651: checking whether mbsrtowcs is declared without a macro
configure:10679: i686-linux-gnu-gcc -c -O2  conftest.c >&5
configure:10679: $? = 0
configure:10687: result: yes
configure:10651: checking whether mbsnrtowcs is declared without a macro
configure:10679: i686-linux-gnu-gcc -c -O2  conftest.c >&5
configure:10679: $? = 0
configure:10687: result: yes
configure:10651: checking whether wcrtomb is declared without a macro
configure:10679: i686-linux-gnu-gcc -c -O2  conftest.c >&5
configure:10679: $? = 0
configure:10687: result: yes
configure:10651: checking whether wcsrtombs is declared without a macro
configure:10679: i686-linux-gnu-gcc -c -O2  conftest.c >&5
configure:10679: $? = 0
configure:10687: result: yes
configure:10651: checking whether wcsnrtombs is declared without a macro
configure:10679: i686-linux-gnu-gcc -c -O2  conftest.c >&5
configure:10679: $? = 0
configure:10687: result: yes
configure:10651: checking whether wcwidth is declared without a macro
configure:10679: i686-linux-gnu-gcc -c -O2  conftest.c >&5
configure:10679: $? = 0
configure:10687: result: yes
configure:10651: checking whether wmemchr is declared without a macro
configure:10679: i686-linux-gnu-gcc -c -O2  conftest.c >&5
configure:10679: $? = 0
configure:10687: result: yes
configure:10651: checking whether wmemcmp is declared without a macro
configure:10679: i686-linux-gnu-gcc -c -O2  conftest.c >&5
configure:10679: $? = 0
configure:10687: result: yes
configure:10651: checking whether wmemcpy is declared without a macro
configure:10679: i686-linux-gnu-gcc -c -O2  conftest.c >&5
configure:10679: $? = 0
configure:10687: result: yes
configure:10651: checking whether wmemmove is declared without a macro
configure:10679: i686-linux-gnu-gcc -c -O2  conftest.c >&5
configure:10679: $? = 0
configure:10687: result: yes
configure:10651: checking whether wmemset is declared without a macro
configure:10679: i686-linux-gnu-gcc -c -O2  conftest.c >&5
configure:10679: $? = 0
configure:10687: result: yes
configure:10651: checking whether wcslen is declared without a macro
configure:10679: i686-linux-gnu-gcc -c -O2  conftest.c >&5
configure:10679: $? = 0
configure:10687: result: yes
configure:10651: checking whether wcsnlen is declared without a macro
configure:10679: i686-linux-gnu-gcc -c -O2  conftest.c >&5
configure:10679: $? = 0
configure:10687: result: yes
configure:10651: checking whether wcscpy is declared without a macro
configure:10679: i686-linux-gnu-gcc -c -O2  conftest.c >&5
configure:10679: $? = 0
configure:10687: result: yes
configure:10651: checking whether wcpcpy is declared without a macro
configure:10679: i686-linux-gnu-gcc -c -O2  conftest.c >&5
configure:10679: $? = 0
configure:10687: result: yes
configure:10651: checking whether wcsncpy is declared without a macro
configure:10679: i686-linux-gnu-gcc -c -O2  conftest.c >&5
configure:10679: $? = 0
configure:10687: result: yes
configure:10651: checking whether wcpncpy is declared without a macro
configure:10679: i686-linux-gnu-gcc -c -O2  conftest.c >&5
configure:10679: $? = 0
configure:10687: result: yes
configure:10651: checking whether wcscat is declared without a macro
configure:10679: i686-linux-gnu-gcc -c -O2  conftest.c >&5
configure:10679: $? = 0
configure:10687: result: yes
configure:10651: checking whether wcsncat is declared without a macro
configure:10679: i686-linux-gnu-gcc -c -O2  conftest.c >&5
configure:10679: $? = 0
configure:10687: result: yes
configure:10651: checking whether wcscmp is declared without a macro
configure:10679: i686-linux-gnu-gcc -c -O2  conftest.c >&5
configure:10679: $? = 0
configure:10687: result: yes
configure:10651: checking whether wcsncmp is declared without a macro
configure:10679: i686-linux-gnu-gcc -c -O2  conftest.c >&5
configure:10679: $? = 0
configure:10687: result: yes
configure:10651: checking whether wcscasecmp is declared without a macro
configure:10679: i686-linux-gnu-gcc -c -O2  conftest.c >&5
configure:10679: $? = 0
configure:10687: result: yes
configure:10651: checking whether wcsncasecmp is declared without a macro
configure:10679: i686-linux-gnu-gcc -c -O2  conftest.c >&5
configure:10679: $? = 0
configure:10687: result: yes
configure:10651: checking whether wcscoll is declared without a macro
configure:10679: i686-linux-gnu-gcc -c -O2  conftest.c >&5
configure:10679: $? = 0
configure:10687: result: yes
configure:10651: checking whether wcsxfrm is declared without a macro
configure:10679: i686-linux-gnu-gcc -c -O2  conftest.c >&5
configure:10679: $? = 0
configure:10687: result: yes
configure:10651: checking whether wcsdup is declared without a macro
configure:10679: i686-linux-gnu-gcc -c -O2  conftest.c >&5
configure:10679: $? = 0
configure:10687: result: yes
configure:10651: checking whether wcschr is declared without a macro
configure:10679: i686-linux-gnu-gcc -c -O2  conftest.c >&5
configure:10679: $? = 0
configure:10687: result: yes
configure:10651: checking whether wcsrchr is declared without a macro
configure:10679: i686-linux-gnu-gcc -c -O2  conftest.c >&5
configure:10679: $? = 0
configure:10687: result: yes
configure:10651: checking whether wcscspn is declared without a macro
configure:10679: i686-linux-gnu-gcc -c -O2  conftest.c >&5
configure:10679: $? = 0
configure:10687: result: yes
configure:10651: checking whether wcsspn is declared without a macro
configure:10679: i686-linux-gnu-gcc -c -O2  conftest.c >&5
configure:10679: $? = 0
configure:10687: result: yes
configure:10651: checking whether wcspbrk is declared without a macro
configure:10679: i686-linux-gnu-gcc -c -O2  conftest.c >&5
configure:10679: $? = 0
configure:10687: result: yes
configure:10651: checking whether wcsstr is declared without a macro
configure:10679: i686-linux-gnu-gcc -c -O2  conftest.c >&5
configure:10679: $? = 0
configure:10687: result: yes
configure:10651: checking whether wcstok is declared without a macro
configure:10679: i686-linux-gnu-gcc -c -O2  conftest.c >&5
configure:10679: $? = 0
configure:10687: result: yes
configure:10651: checking whether wcswidth is declared without a macro
configure:10679: i686-linux-gnu-gcc -c -O2  conftest.c >&5
configure:10679: $? = 0
configure:10687: result: yes
configure:10810: checking whether iswcntrl works
configure:10854: i686-linux-gnu-gcc -o conftest -O2    conftest.c  >&5
configure:10854: $? = 0
configure:10854: ./conftest
configure:10854: $? = 0
configure:10865: result: yes
configure:10889: checking for towlower
configure:10889: i686-linux-gnu-gcc -o conftest -O2    conftest.c  >&5
conftest.c:155:6: warning: conflicting types for built-in function 'towlower' [enabled by default]
configure:10889: $? = 0
configure:10889: result: yes
configure:10937: checking for wctype_t
configure:10965: i686-linux-gnu-gcc -c -O2  conftest.c >&5
configure:10965: $? = 0
configure:10973: result: yes
configure:10979: checking for wctrans_t
configure:11005: i686-linux-gnu-gcc -c -O2  conftest.c >&5
configure:11005: $? = 0
configure:11013: result: yes
configure:11022: checking whether wctype is declared without a macro
configure:11051: i686-linux-gnu-gcc -c -O2  conftest.c >&5
configure:11051: $? = 0
configure:11059: result: yes
configure:11022: checking whether iswctype is declared without a macro
configure:11051: i686-linux-gnu-gcc -c -O2  conftest.c >&5
configure:11051: $? = 0
configure:11059: result: yes
configure:11022: checking whether wctrans is declared without a macro
configure:11051: i686-linux-gnu-gcc -c -O2  conftest.c >&5
configure:11051: $? = 0
configure:11059: result: yes
configure:11022: checking whether towctrans is declared without a macro
configure:11051: i686-linux-gnu-gcc -c -O2  conftest.c >&5
configure:11051: $? = 0
configure:11059: result: yes
configure:11130: checking for a BSD-compatible install
configure:11198: result: /usr/bin/install -c
configure:11209: checking whether build environment is sane
configure:11259: result: yes
configure:11400: checking for a thread-safe mkdir -p
configure:11439: result: /bin/mkdir -p
configure:11453: checking for gawk
configure:11480: result: gawk
configure:11491: checking whether make sets $(MAKE)
configure:11513: result: yes
configure:11543: checking for style of include used by make
configure:11571: result: GNU
configure:11647: checking dependency style of i686-linux-gnu-gcc
configure:11757: result: gcc3
configure:11779: checking whether ln -s works
configure:11783: result: yes
configure:11793: checking for i686-linux-gnu-ranlib
configure:11820: result: ranlib
configure:11886: checking for i686-linux-gnu-ar
configure:11913: result: ar
configure:12049: updating cache ./config.cache
configure:12162: creating ./config.status

## ---------------------- ##
## Running config.status. ##
## ---------------------- ##

This file was extended by config.status, which was
generated by GNU Autoconf 2.64.  Invocation command line was

  CONFIG_FILES    = 
  CONFIG_HEADERS  = 
  CONFIG_LINKS    = 
  CONFIG_COMMANDS = 
  $ ./config.status 

on shizhai-Founder-PC

config.status:1255: creating Makefile
config.status:1255: creating import/Makefile
config.status:1255: creating config.h
config.status:1468: executing depfiles commands
config.status:1468: executing default commands

## ---------------- ##
## Cache variables. ##
## ---------------- ##

ac_cv_build=i686-pc-linux-gnu
ac_cv_c_compiler_gnu=yes
ac_cv_c_inline=inline
ac_cv_c_restrict=__restrict
ac_cv_env_CC_set=set
ac_cv_env_CC_value=i686-linux-gnu-gcc
ac_cv_env_CFLAGS_set=set
ac_cv_env_CFLAGS_value=-O2
ac_cv_env_CPPFLAGS_set=
ac_cv_env_CPPFLAGS_value=
ac_cv_env_CPP_set=
ac_cv_env_CPP_value=
ac_cv_env_LDFLAGS_set=set
ac_cv_env_LDFLAGS_value=' '
ac_cv_env_LIBS_set=
ac_cv_env_LIBS_value=
ac_cv_env_build_alias_set=set
ac_cv_env_build_alias_value=i686-linux-gnu
ac_cv_env_host_alias_set=set
ac_cv_env_host_alias_value=i686-linux-gnu
ac_cv_env_target_alias_set=set
ac_cv_env_target_alias_value=mips-openwrt-linux-uclibc
ac_cv_func_alloca_works=yes
ac_cv_func_btowc=yes
ac_cv_func_isblank=yes
ac_cv_func_iswcntrl=yes
ac_cv_func_iswctype=yes
ac_cv_func_mbrtowc=yes
ac_cv_func_mbsinit=yes
ac_cv_func_mbsrtowcs=yes
ac_cv_func_memmem=yes
ac_cv_func_mempcpy=yes
ac_cv_func_mmap=yes
ac_cv_func_mprotect=yes
ac_cv_func_symlink=yes
ac_cv_func_towlower=yes
ac_cv_func_wmemchr=yes
ac_cv_func_wmemcpy=yes
ac_cv_func_wmempcpy=yes
ac_cv_gnu_library_2_1=yes
ac_cv_have_decl_btowc=yes
ac_cv_have_decl_ffsl=yes
ac_cv_have_decl_ffsll=yes
ac_cv_have_decl_getc_unlocked=yes
ac_cv_have_decl_imaxabs=yes
ac_cv_have_decl_imaxdiv=yes
ac_cv_have_decl_iswctype=yes
ac_cv_have_decl_mbrlen=yes
ac_cv_have_decl_mbrtowc=yes
ac_cv_have_decl_mbsinit=yes
ac_cv_have_decl_mbsnrtowcs=yes
ac_cv_have_decl_mbsrtowcs=yes
ac_cv_have_decl_memmem=yes
ac_cv_have_decl_mempcpy=yes
ac_cv_have_decl_memrchr=yes
ac_cv_have_decl_rawmemchr=yes
ac_cv_have_decl_stpcpy=yes
ac_cv_have_decl_stpncpy=yes
ac_cv_have_decl_strcasestr=yes
ac_cv_have_decl_strchrnul=yes
ac_cv_have_decl_strdup=yes
ac_cv_have_decl_strerror_r=yes
ac_cv_have_decl_strncat=yes
ac_cv_have_decl_strndup=yes
ac_cv_have_decl_strnlen=yes
ac_cv_have_decl_strpbrk=yes
ac_cv_have_decl_strsep=yes
ac_cv_have_decl_strsignal=yes
ac_cv_have_decl_strtoimax=yes
ac_cv_have_decl_strtok_r=yes
ac_cv_have_decl_strtoumax=yes
ac_cv_have_decl_strverscmp=yes
ac_cv_have_decl_towctrans=yes
ac_cv_have_decl_wcpcpy=yes
ac_cv_have_decl_wcpncpy=yes
ac_cv_have_decl_wcrtomb=yes
ac_cv_have_decl_wcscasecmp=yes
ac_cv_have_decl_wcscat=yes
ac_cv_have_decl_wcschr=yes
ac_cv_have_decl_wcscmp=yes
ac_cv_have_decl_wcscoll=yes
ac_cv_have_decl_wcscpy=yes
ac_cv_have_decl_wcscspn=yes
ac_cv_have_decl_wcsdup=yes
ac_cv_have_decl_wcslen=yes
ac_cv_have_decl_wcsncasecmp=yes
ac_cv_have_decl_wcsncat=yes
ac_cv_have_decl_wcsncmp=yes
ac_cv_have_decl_wcsncpy=yes
ac_cv_have_decl_wcsnlen=yes
ac_cv_have_decl_wcsnrtombs=yes
ac_cv_have_decl_wcspbrk=yes
ac_cv_have_decl_wcsrchr=yes
ac_cv_have_decl_wcsrtombs=yes
ac_cv_have_decl_wcsspn=yes
ac_cv_have_decl_wcsstr=yes
ac_cv_have_decl_wcstok=yes
ac_cv_have_decl_wcswidth=yes
ac_cv_have_decl_wcsxfrm=yes
ac_cv_have_decl_wctob=yes
ac_cv_have_decl_wctrans=yes
ac_cv_have_decl_wctype=yes
ac_cv_have_decl_wcwidth=yes
ac_cv_have_decl_wmemchr=yes
ac_cv_have_decl_wmemcmp=yes
ac_cv_have_decl_wmemcpy=yes
ac_cv_have_decl_wmemmove=yes
ac_cv_have_decl_wmemset=yes
ac_cv_header_features_h=yes
ac_cv_header_inttypes_h=yes
ac_cv_header_memory_h=yes
ac_cv_header_minix_config_h=no
ac_cv_header_stdbool_h=yes
ac_cv_header_stdc=yes
ac_cv_header_stdint_h=yes
ac_cv_header_stdlib_h=yes
ac_cv_header_string_h=yes
ac_cv_header_strings_h=yes
ac_cv_header_sys_mman_h=yes
ac_cv_header_sys_stat_h=yes
ac_cv_header_sys_types_h=yes
ac_cv_header_unistd_h=yes
ac_cv_header_wchar_h=yes
ac_cv_header_wctype_h=yes
ac_cv_host=i686-pc-linux-gnu
ac_cv_objext=o
ac_cv_path_EGREP='/home/shizhai/new_zhongwang/trunk/staging_dir/host/bin/grep -E'
ac_cv_path_GREP=/home/shizhai/new_zhongwang/trunk/staging_dir/host/bin/grep
ac_cv_path_mkdir=/bin/mkdir
ac_cv_prog_AR=ar
ac_cv_prog_AWK=gawk
ac_cv_prog_CC=i686-linux-gnu-gcc
ac_cv_prog_CPP='i686-linux-gnu-gcc -E'
ac_cv_prog_RANLIB=ranlib
ac_cv_prog_cc_c89=
ac_cv_prog_cc_g=yes
ac_cv_prog_make_make_set=yes
ac_cv_safe_to_define___extensions__=yes
ac_cv_target=mips-openwrt-linux-uclibc
ac_cv_type__Bool=yes
ac_cv_type_long_long_int=yes
ac_cv_type_mbstate_t=yes
ac_cv_type_unsigned_long_long_int=yes
ac_cv_working_alloca_h=yes
am_cv_CC_dependencies_compiler_type=gcc3
am_cv_langinfo_codeset=yes
am_cv_prog_cc_stdc=
gl_cv_c_amsterdam_compiler=no
gl_cv_c_multiarch=no
gl_cv_decl_null_works=yes
gl_cv_func_fnmatch_gnu=yes
gl_cv_func_iswcntrl_works=yes
gl_cv_func_mbrtowc_incomplete_state='guessing yes'
gl_cv_func_mbrtowc_nul_retval='guessing yes'
gl_cv_func_mbrtowc_null_arg1='guessing yes'
gl_cv_func_mbrtowc_null_arg2='guessing yes'
gl_cv_func_mbrtowc_retval='guessing yes'
gl_cv_func_mbrtowc_sanitycheck='guessing yes'
gl_cv_func_mbsrtowcs_works='guessing yes'
gl_cv_func_memchr_works=yes
gl_cv_func_memmem_works_always=yes
gl_cv_func_memmem_works_fast=yes
gl_cv_have_include_next=yes
gl_cv_have_raw_decl_btowc=yes
gl_cv_have_raw_decl_ffsl=yes
gl_cv_have_raw_decl_ffsll=yes
gl_cv_have_raw_decl_imaxabs=yes
gl_cv_have_raw_decl_imaxdiv=yes
gl_cv_have_raw_decl_iswctype=yes
gl_cv_have_raw_decl_mbrlen=yes
gl_cv_have_raw_decl_mbrtowc=yes
gl_cv_have_raw_decl_mbsinit=yes
gl_cv_have_raw_decl_mbsnrtowcs=yes
gl_cv_have_raw_decl_mbsrtowcs=yes
gl_cv_have_raw_decl_memmem=yes
gl_cv_have_raw_decl_mempcpy=yes
gl_cv_have_raw_decl_memrchr=yes
gl_cv_have_raw_decl_rawmemchr=yes
gl_cv_have_raw_decl_stpcpy=yes
gl_cv_have_raw_decl_stpncpy=yes
gl_cv_have_raw_decl_strcasestr=yes
gl_cv_have_raw_decl_strchrnul=yes
gl_cv_have_raw_decl_strdup=yes
gl_cv_have_raw_decl_strerror_r=yes
gl_cv_have_raw_decl_strncat=yes
gl_cv_have_raw_decl_strndup=yes
gl_cv_have_raw_decl_strnlen=yes
gl_cv_have_raw_decl_strpbrk=yes
gl_cv_have_raw_decl_strsep=yes
gl_cv_have_raw_decl_strsignal=yes
gl_cv_have_raw_decl_strtoimax=yes
gl_cv_have_raw_decl_strtok_r=yes
gl_cv_have_raw_decl_strtoumax=yes
gl_cv_have_raw_decl_strverscmp=yes
gl_cv_have_raw_decl_towctrans=yes
gl_cv_have_raw_decl_wcpcpy=yes
gl_cv_have_raw_decl_wcpncpy=yes
gl_cv_have_raw_decl_wcrtomb=yes
gl_cv_have_raw_decl_wcscasecmp=yes
gl_cv_have_raw_decl_wcscat=yes
gl_cv_have_raw_decl_wcschr=yes
gl_cv_have_raw_decl_wcscmp=yes
gl_cv_have_raw_decl_wcscoll=yes
gl_cv_have_raw_decl_wcscpy=yes
gl_cv_have_raw_decl_wcscspn=yes
gl_cv_have_raw_decl_wcsdup=yes
gl_cv_have_raw_decl_wcslen=yes
gl_cv_have_raw_decl_wcsncasecmp=yes
gl_cv_have_raw_decl_wcsncat=yes
gl_cv_have_raw_decl_wcsncmp=yes
gl_cv_have_raw_decl_wcsncpy=yes
gl_cv_have_raw_decl_wcsnlen=yes
gl_cv_have_raw_decl_wcsnrtombs=yes
gl_cv_have_raw_decl_wcspbrk=yes
gl_cv_have_raw_decl_wcsrchr=yes
gl_cv_have_raw_decl_wcsrtombs=yes
gl_cv_have_raw_decl_wcsspn=yes
gl_cv_have_raw_decl_wcsstr=yes
gl_cv_have_raw_decl_wcstok=yes
gl_cv_have_raw_decl_wcswidth=yes
gl_cv_have_raw_decl_wcsxfrm=yes
gl_cv_have_raw_decl_wctob=yes
gl_cv_have_raw_decl_wctrans=yes
gl_cv_have_raw_decl_wctype=yes
gl_cv_have_raw_decl_wcwidth=yes
gl_cv_have_raw_decl_wmemchr=yes
gl_cv_have_raw_decl_wmemcmp=yes
gl_cv_have_raw_decl_wmemcpy=yes
gl_cv_have_raw_decl_wmemmove=yes
gl_cv_have_raw_decl_wmemset=yes
gl_cv_header_wchar_h_correct_inline=yes
gl_cv_header_working_fcntl_h=yes
gl_cv_header_working_stdint_h=yes
gl_cv_next_inttypes_h='<inttypes.h>'
gl_cv_next_stdint_h='<stdint.h>'
gl_cv_next_string_h='<string.h>'
gl_cv_next_wchar_h='<wchar.h>'
gl_cv_next_wctype_h='<wctype.h>'
gl_cv_pragma_columns=no
gl_cv_rpl_alloca=yes
gl_cv_test_INT32_MAX_LT_INTMAX_MAX=yes
gl_cv_test_INT64_MAX_EQ_LONG_MAX=no
gl_cv_test_UINT32_MAX_LT_UINTMAX_MAX=yes
gl_cv_test_UINT64_MAX_EQ_ULONG_MAX=no
gl_cv_type_wctrans_t=yes
gl_cv_type_wctype_t=yes
gt_cv_c_wchar_t=yes
gt_cv_c_wint_t=yes
gt_cv_inttypes_pri_broken=no
gt_cv_locale_fr=none
gt_cv_locale_fr_utf8=none
gt_cv_locale_ja=none
gt_cv_locale_zh_CN=none

## ----------------- ##
## Output variables. ##
## ----------------- ##

ACLOCAL='${SHELL} /home/shizhai/new_zhongwang/trunk/build_dir/toolchain-mips_r2_gcc-4.6-linaro_uClibc-0.9.33.2/gdb-linaro-7.5-2012.12-1/missing --run aclocal-1.11'
ALLOCA=''
ALLOCA_H='alloca.h'
AMDEPBACKSLASH='\'
AMDEP_FALSE='#'
AMDEP_TRUE=''
AMTAR='${SHELL} /home/shizhai/new_zhongwang/trunk/build_dir/toolchain-mips_r2_gcc-4.6-linaro_uClibc-0.9.33.2/gdb-linaro-7.5-2012.12-1/missing --run tar'
APPLE_UNIVERSAL_BUILD='0'
AR='ar'
ARFLAGS='cru'
AUTOCONF='${SHELL} /home/shizhai/new_zhongwang/trunk/build_dir/toolchain-mips_r2_gcc-4.6-linaro_uClibc-0.9.33.2/gdb-linaro-7.5-2012.12-1/missing --run autoconf'
AUTOHEADER='${SHELL} /home/shizhai/new_zhongwang/trunk/build_dir/toolchain-mips_r2_gcc-4.6-linaro_uClibc-0.9.33.2/gdb-linaro-7.5-2012.12-1/missing --run autoheader'
AUTOMAKE='${SHELL} /home/shizhai/new_zhongwang/trunk/build_dir/toolchain-mips_r2_gcc-4.6-linaro_uClibc-0.9.33.2/gdb-linaro-7.5-2012.12-1/missing --run automake-1.11'
AWK='gawk'
BITSIZEOF_PTRDIFF_T=''
BITSIZEOF_SIG_ATOMIC_T=''
BITSIZEOF_SIZE_T=''
BITSIZEOF_WCHAR_T=''
BITSIZEOF_WINT_T=''
CC='i686-linux-gnu-gcc'
CCDEPMODE='depmode=gcc3'
CFLAGS='-O2'
CPP='i686-linux-gnu-gcc -E'
CPPFLAGS=''
CYGPATH_W='echo'
DEFS='-DHAVE_CONFIG_H'
DEPDIR='.deps'
ECHO_C=''
ECHO_N='-n'
ECHO_T=''
EGREP='/home/shizhai/new_zhongwang/trunk/staging_dir/host/bin/grep -E'
EXEEXT=''
FNMATCH_H=''
GLIBC21='yes'
GL_COND_LIBTOOL_FALSE=''
GL_COND_LIBTOOL_TRUE='#'
GL_GENERATE_ALLOCA_H_FALSE='#'
GL_GENERATE_ALLOCA_H_TRUE=''
GL_GENERATE_FNMATCH_H_FALSE=''
GL_GENERATE_FNMATCH_H_TRUE='#'
GL_GENERATE_STDBOOL_H_FALSE=''
GL_GENERATE_STDBOOL_H_TRUE='#'
GL_GENERATE_STDDEF_H_FALSE=''
GL_GENERATE_STDDEF_H_TRUE='#'
GL_GENERATE_STDINT_H_FALSE=''
GL_GENERATE_STDINT_H_TRUE='#'
GNULIB_BTOWC='0'
GNULIB_FFSL='0'
GNULIB_FFSLL='0'
GNULIB_IMAXABS='0'
GNULIB_IMAXDIV='0'
GNULIB_ISWBLANK='0'
GNULIB_ISWCTYPE='0'
GNULIB_MBRLEN='0'
GNULIB_MBRTOWC='1'
GNULIB_MBSCASECMP='0'
GNULIB_MBSCASESTR='0'
GNULIB_MBSCHR='0'
GNULIB_MBSCSPN='0'
GNULIB_MBSINIT='1'
GNULIB_MBSLEN='0'
GNULIB_MBSNCASECMP='0'
GNULIB_MBSNLEN='0'
GNULIB_MBSNRTOWCS='0'
GNULIB_MBSPBRK='0'
GNULIB_MBSPCASECMP='0'
GNULIB_MBSRCHR='0'
GNULIB_MBSRTOWCS='1'
GNULIB_MBSSEP='0'
GNULIB_MBSSPN='0'
GNULIB_MBSSTR='0'
GNULIB_MBSTOK_R='0'
GNULIB_MEMCHR='1'
GNULIB_MEMMEM='1'
GNULIB_MEMPCPY='0'
GNULIB_MEMRCHR='0'
GNULIB_RAWMEMCHR='0'
GNULIB_STPCPY='0'
GNULIB_STPNCPY='0'
GNULIB_STRCASESTR='0'
GNULIB_STRCHRNUL='0'
GNULIB_STRDUP='0'
GNULIB_STRERROR='0'
GNULIB_STRERROR_R='0'
GNULIB_STRNCAT='0'
GNULIB_STRNDUP='0'
GNULIB_STRNLEN='0'
GNULIB_STRPBRK='0'
GNULIB_STRSEP='0'
GNULIB_STRSIGNAL='0'
GNULIB_STRSTR='0'
GNULIB_STRTOIMAX='0'
GNULIB_STRTOK_R='0'
GNULIB_STRTOUMAX='0'
GNULIB_STRVERSCMP='0'
GNULIB_TOWCTRANS='0'
GNULIB_WCPCPY='0'
GNULIB_WCPNCPY='0'
GNULIB_WCRTOMB='0'
GNULIB_WCSCASECMP='0'
GNULIB_WCSCAT='0'
GNULIB_WCSCHR='0'
GNULIB_WCSCMP='0'
GNULIB_WCSCOLL='0'
GNULIB_WCSCPY='0'
GNULIB_WCSCSPN='0'
GNULIB_WCSDUP='0'
GNULIB_WCSLEN='0'
GNULIB_WCSNCASECMP='0'
GNULIB_WCSNCAT='0'
GNULIB_WCSNCMP='0'
GNULIB_WCSNCPY='0'
GNULIB_WCSNLEN='0'
GNULIB_WCSNRTOMBS='0'
GNULIB_WCSPBRK='0'
GNULIB_WCSRCHR='0'
GNULIB_WCSRTOMBS='0'
GNULIB_WCSSPN='0'
GNULIB_WCSSTR='0'
GNULIB_WCSTOK='0'
GNULIB_WCSWIDTH='0'
GNULIB_WCSXFRM='0'
GNULIB_WCTOB='0'
GNULIB_WCTRANS='0'
GNULIB_WCTYPE='0'
GNULIB_WCWIDTH='0'
GNULIB_WMEMCHR='0'
GNULIB_WMEMCMP='0'
GNULIB_WMEMCPY='0'
GNULIB_WMEMMOVE='0'
GNULIB_WMEMSET='0'
GREP='/home/shizhai/new_zhongwang/trunk/staging_dir/host/bin/grep'
HAVE_BTOWC='1'
HAVE_DECL_IMAXABS='1'
HAVE_DECL_IMAXDIV='1'
HAVE_DECL_MEMMEM='1'
HAVE_DECL_MEMRCHR='1'
HAVE_DECL_STRDUP='1'
HAVE_DECL_STRERROR_R='1'
HAVE_DECL_STRNDUP='1'
HAVE_DECL_STRNLEN='1'
HAVE_DECL_STRSIGNAL='1'
HAVE_DECL_STRTOIMAX='1'
HAVE_DECL_STRTOK_R='1'
HAVE_DECL_STRTOUMAX='1'
HAVE_DECL_WCTOB='1'
HAVE_DECL_WCWIDTH='1'
HAVE_FEATURES_H='1'
HAVE_FFSL='1'
HAVE_FFSLL='1'
HAVE_INTTYPES_H='1'
HAVE_ISWBLANK='1'
HAVE_ISWCNTRL='1'
HAVE_LONG_LONG_INT='1'
HAVE_MBRLEN='1'
HAVE_MBRTOWC='1'
HAVE_MBSINIT='1'
HAVE_MBSLEN='0'
HAVE_MBSNRTOWCS='1'
HAVE_MBSRTOWCS='1'
HAVE_MEMCHR='1'
HAVE_MEMPCPY='1'
HAVE_RAWMEMCHR='1'
HAVE_SIGNED_SIG_ATOMIC_T=''
HAVE_SIGNED_WCHAR_T=''
HAVE_SIGNED_WINT_T=''
HAVE_STDINT_H='1'
HAVE_STPCPY='1'
HAVE_STPNCPY='1'
HAVE_STRCASESTR='1'
HAVE_STRCHRNUL='1'
HAVE_STRPBRK='1'
HAVE_STRSEP='1'
HAVE_STRVERSCMP='1'
HAVE_SYS_BITYPES_H=''
HAVE_SYS_INTTYPES_H=''
HAVE_SYS_TYPES_H='1'
HAVE_UNSIGNED_LONG_LONG_INT='1'
HAVE_WCHAR_H='1'
HAVE_WCHAR_T='1'
HAVE_WCPCPY='1'
HAVE_WCPNCPY='1'
HAVE_WCRTOMB='1'
HAVE_WCSCASECMP='1'
HAVE_WCSCAT='1'
HAVE_WCSCHR='1'
HAVE_WCSCMP='1'
HAVE_WCSCOLL='1'
HAVE_WCSCPY='1'
HAVE_WCSCSPN='1'
HAVE_WCSDUP='1'
HAVE_WCSLEN='1'
HAVE_WCSNCASECMP='1'
HAVE_WCSNCAT='1'
HAVE_WCSNCMP='1'
HAVE_WCSNCPY='1'
HAVE_WCSNLEN='1'
HAVE_WCSNRTOMBS='1'
HAVE_WCSPBRK='1'
HAVE_WCSRCHR='1'
HAVE_WCSRTOMBS='1'
HAVE_WCSSPN='1'
HAVE_WCSSTR='1'
HAVE_WCSTOK='1'
HAVE_WCSWIDTH='1'
HAVE_WCSXFRM='1'
HAVE_WCTRANS_T='1'
HAVE_WCTYPE_H='1'
HAVE_WCTYPE_T='1'
HAVE_WINT_T='1'
HAVE_WMEMCHR='1'
HAVE_WMEMCMP='1'
HAVE_WMEMCPY='1'
HAVE_WMEMMOVE='1'
HAVE_WMEMSET='1'
HAVE__BOOL='1'
INCLUDE_NEXT='include_next'
INCLUDE_NEXT_AS_FIRST_DIRECTIVE='include_next'
INSTALL_DATA='/usr/bin/install -c -m 644'
INSTALL_PROGRAM='/usr/bin/install -c'
INSTALL_SCRIPT='/usr/bin/install -c'
INSTALL_STRIP_PROGRAM='$(install_sh) -c -s'
INT32_MAX_LT_INTMAX_MAX='1'
INT64_MAX_EQ_LONG_MAX='0'
LDFLAGS=' '
LIBGNU_LIBDEPS=''
LIBGNU_LTLIBDEPS=''
LIBOBJS=''
LIBS=''
LN_S='ln -s'
LOCALCHARSET_TESTS_ENVIRONMENT='CHARSETALIASDIR="$(abs_top_builddir)/import"'
LOCALE_FR='none'
LOCALE_FR_UTF8='none'
LOCALE_JA='none'
LOCALE_ZH_CN='none'
LTLIBOBJS=''
MAINT='#'
MAINTAINER_MODE_FALSE=''
MAINTAINER_MODE_TRUE='#'
MAKEINFO='makeinfo --split-size=5000000'
MKDIR_P='/bin/mkdir -p'
NEXT_AS_FIRST_DIRECTIVE_INTTYPES_H='<inttypes.h>'
NEXT_AS_FIRST_DIRECTIVE_STDDEF_H=''
NEXT_AS_FIRST_DIRECTIVE_STDINT_H='<stdint.h>'
NEXT_AS_FIRST_DIRECTIVE_STRING_H='<string.h>'
NEXT_AS_FIRST_DIRECTIVE_WCHAR_H='<wchar.h>'
NEXT_AS_FIRST_DIRECTIVE_WCTYPE_H='<wctype.h>'
NEXT_INTTYPES_H='<inttypes.h>'
NEXT_STDDEF_H=''
NEXT_STDINT_H='<stdint.h>'
NEXT_STRING_H='<string.h>'
NEXT_WCHAR_H='<wchar.h>'
NEXT_WCTYPE_H='<wctype.h>'
OBJEXT='o'
PACKAGE='libgnu'
PACKAGE_BUGREPORT=''
PACKAGE_NAME=''
PACKAGE_STRING=''
PACKAGE_TARNAME=''
PACKAGE_URL=''
PACKAGE_VERSION=''
PATH_SEPARATOR=':'
PRAGMA_COLUMNS=''
PRAGMA_SYSTEM_HEADER='#pragma GCC system_header'
PRIPTR_PREFIX='""'
PRI_MACROS_BROKEN='0'
PTRDIFF_T_SUFFIX=''
RANLIB='ranlib'
REPLACE_BTOWC='0'
REPLACE_ISWBLANK='0'
REPLACE_ISWCNTRL='0'
REPLACE_MBRLEN='0'
REPLACE_MBRTOWC='0'
REPLACE_MBSINIT='0'
REPLACE_MBSNRTOWCS='0'
REPLACE_MBSRTOWCS='0'
REPLACE_MBSTATE_T='0'
REPLACE_MEMCHR='0'
REPLACE_MEMMEM='0'
REPLACE_NULL='0'
REPLACE_STPNCPY='0'
REPLACE_STRCASESTR='0'
REPLACE_STRCHRNUL='0'
REPLACE_STRDUP='0'
REPLACE_STRERROR='0'
REPLACE_STRERROR_R='0'
REPLACE_STRNCAT='0'
REPLACE_STRNDUP='0'
REPLACE_STRNLEN='0'
REPLACE_STRSIGNAL='0'
REPLACE_STRSTR='0'
REPLACE_STRTOIMAX='0'
REPLACE_STRTOK_R='0'
REPLACE_TOWLOWER='0'
REPLACE_WCRTOMB='0'
REPLACE_WCSNRTOMBS='0'
REPLACE_WCSRTOMBS='0'
REPLACE_WCSWIDTH='0'
REPLACE_WCTOB='0'
REPLACE_WCWIDTH='0'
SET_MAKE=''
SHELL='/bin/bash'
SIG_ATOMIC_T_SUFFIX=''
SIZE_T_SUFFIX=''
STDBOOL_H=''
STDDEF_H=''
STDINT_H=''
STRIP=''
UINT32_MAX_LT_UINTMAX_MAX='1'
UINT64_MAX_EQ_ULONG_MAX='0'
UNDEFINE_STRTOK_R='0'
VERSION='UNUSED-VERSION'
WCHAR_T_SUFFIX=''
WINT_T_SUFFIX=''
ac_ct_CC=''
am__EXEEXT_FALSE=''
am__EXEEXT_TRUE='#'
am__fastdepCC_FALSE='#'
am__fastdepCC_TRUE=''
am__include='include'
am__isrc=' -I$(srcdir)'
am__leading_dot='.'
am__quote=''
am__tar='${AMTAR} chof - "$$tardir"'
am__untar='${AMTAR} xf -'
bindir='${exec_prefix}/bin'
build='i686-pc-linux-gnu'
build_alias='i686-linux-gnu'
build_cpu='i686'
build_os='linux-gnu'
build_vendor='pc'
datadir='${datarootdir}'
datarootdir='${prefix}/share'
docdir='${datarootdir}/doc/${PACKAGE}'
dvidir='${docdir}'
exec_prefix='${prefix}'
gl_LIBOBJS=''
gl_LTLIBOBJS=''
gltests_LIBOBJS=''
gltests_LTLIBOBJS=''
gltests_WITNESS='IN__GNULIB_TESTS'
host='i686-pc-linux-gnu'
host_alias='i686-linux-gnu'
host_cpu='i686'
host_os='linux-gnu'
host_vendor='pc'
htmldir='${docdir}'
includedir='${prefix}/include'
infodir='${datarootdir}/info'
install_sh='${SHELL} /home/shizhai/new_zhongwang/trunk/build_dir/toolchain-mips_r2_gcc-4.6-linaro_uClibc-0.9.33.2/gdb-linaro-7.5-2012.12-1/install-sh'
libdir='${exec_prefix}/lib'
libexecdir='${exec_prefix}/libexec'
lispdir='${datarootdir}/emacs/site-lisp'
localedir='${datarootdir}/locale'
localstatedir='${prefix}/var'
mandir='${datarootdir}/man'
mkdir_p='/bin/mkdir -p'
oldincludedir='/usr/include'
pdfdir='${docdir}'
pkglibexecdir='${libexecdir}/${PACKAGE}'
prefix='/home/shizhai/new_zhongwang/trunk/staging_dir/toolchain-mips_r2_gcc-4.6-linaro_uClibc-0.9.33.2'
program_transform_name='s&^&mips-openwrt-linux-uclibc-&'
psdir='${docdir}'
sbindir='${exec_prefix}/sbin'
sharedstatedir='${prefix}/com'
sysconfdir='${prefix}/etc'
target='mips-openwrt-linux-uclibc'
target_alias='mips-openwrt-linux-uclibc'
target_cpu='mips'
target_os='linux-uclibc'
target_vendor='openwrt'

## ----------- ##
## confdefs.h. ##
## ----------- ##

/* confdefs.h */
#define PACKAGE_NAME ""
#define PACKAGE_TARNAME ""
#define PACKAGE_VERSION ""
#define PACKAGE_STRING ""
#define PACKAGE_BUGREPORT ""
#define PACKAGE_URL ""
#define STDC_HEADERS 1
#define HAVE_SYS_TYPES_H 1
#define HAVE_SYS_STAT_H 1
#define HAVE_STDLIB_H 1
#define HAVE_STRING_H 1
#define HAVE_MEMORY_H 1
#define HAVE_STRINGS_H 1
#define HAVE_INTTYPES_H 1
#define HAVE_STDINT_H 1
#define HAVE_UNISTD_H 1
#define __EXTENSIONS__ 1
#define _ALL_SOURCE 1
#define _DARWIN_C_SOURCE 1
#define _GNU_SOURCE 1
#define _POSIX_PTHREAD_SEMANTICS 1
#define _TANDEM_SOURCE 1
#define HAVE_ALLOCA_H 1
#define HAVE_ALLOCA 1
#define HAVE_MBSTATE_T 1
#define HAVE_BTOWC 1
#define HAVE_ISBLANK 1
#define HAVE_ISWCTYPE 1
#define HAVE_MBSRTOWCS 1
#define HAVE_MEMPCPY 1
#define HAVE_WMEMCHR 1
#define HAVE_WMEMCPY 1
#define HAVE_WMEMPCPY 1
#define HAVE_SYMLINK 1
#define HAVE_MBSINIT 1
#define HAVE_MBRTOWC 1
#define HAVE_MPROTECT 1
#define HAVE_ISWCNTRL 1
#define HAVE_WCTYPE_H 1
#define HAVE_WCHAR_H 1
#define HAVE_STDINT_H 1
#define HAVE_INTTYPES_H 1
#define HAVE_UNISTD_H 1
#define HAVE_SYS_MMAN_H 1
#define HAVE_FEATURES_H 1
#define HAVE_UNSIGNED_LONG_LONG_INT 1
#define HAVE_LONG_LONG_INT 1
#define HAVE_RAW_DECL_IMAXABS 1
#define HAVE_RAW_DECL_IMAXDIV 1
#define HAVE_RAW_DECL_STRTOIMAX 1
#define HAVE_RAW_DECL_STRTOUMAX 1
#define HAVE_INTTYPES_H 1
#define HAVE_LANGINFO_CODESET 1
#define HAVE_WORKING_O_NOATIME 1
#define HAVE_WORKING_O_NOFOLLOW 1
#define HAVE_DECL_GETC_UNLOCKED 1
#define HAVE_MAP_ANONYMOUS 1
#define HAVE_DECL_MEMMEM 1
#define HAVE_MEMMEM 1
#define HAVE__BOOL 1
#define HAVE_WCHAR_T 1
#define restrict __restrict
#define HAVE_RAW_DECL_FFSL 1
#define HAVE_RAW_DECL_FFSLL 1
#define HAVE_RAW_DECL_MEMMEM 1
#define HAVE_RAW_DECL_MEMPCPY 1
#define HAVE_RAW_DECL_MEMRCHR 1
#define HAVE_RAW_DECL_RAWMEMCHR 1
#define HAVE_RAW_DECL_STPCPY 1
#define HAVE_RAW_DECL_STPNCPY 1
#define HAVE_RAW_DECL_STRCHRNUL 1
#define HAVE_RAW_DECL_STRDUP 1
#define HAVE_RAW_DECL_STRNCAT 1
#define HAVE_RAW_DECL_STRNDUP 1
#define HAVE_RAW_DECL_STRNLEN 1
#define HAVE_RAW_DECL_STRPBRK 1
#define HAVE_RAW_DECL_STRSEP 1
#define HAVE_RAW_DECL_STRCASESTR 1
#define HAVE_RAW_DECL_STRTOK_R 1
#define HAVE_RAW_DECL_STRERROR_R 1
#define HAVE_RAW_DECL_STRSIGNAL 1
#define HAVE_RAW_DECL_STRVERSCMP 1
#define HAVE_WINT_T 1
#define HAVE_ALLOCA 1
#define GNULIB_TEST_MBRTOWC 1
#define GNULIB_TEST_MBSINIT 1
#define GNULIB_TEST_MBSRTOWCS 1
#define GNULIB_TEST_MEMCHR 1
#define HAVE_MEMMEM 1
#define GNULIB_TEST_MEMMEM 1
#define HAVE_RAW_DECL_BTOWC 1
#define HAVE_RAW_DECL_WCTOB 1
#define HAVE_RAW_DECL_MBSINIT 1
#define HAVE_RAW_DECL_MBRTOWC 1
#define HAVE_RAW_DECL_MBRLEN 1
#define HAVE_RAW_DECL_MBSRTOWCS 1
#define HAVE_RAW_DECL_MBSNRTOWCS 1
#define HAVE_RAW_DECL_WCRTOMB 1
#define HAVE_RAW_DECL_WCSRTOMBS 1
#define HAVE_RAW_DECL_WCSNRTOMBS 1
#define HAVE_RAW_DECL_WCWIDTH 1
#define HAVE_RAW_DECL_WMEMCHR 1
#define HAVE_RAW_DECL_WMEMCMP 1
#define HAVE_RAW_DECL_WMEMCPY 1
#define HAVE_RAW_DECL_WMEMMOVE 1
#define HAVE_RAW_DECL_WMEMSET 1
#define HAVE_RAW_DECL_WCSLEN 1
#define HAVE_RAW_DECL_WCSNLEN 1
#define HAVE_RAW_DECL_WCSCPY 1
#define HAVE_RAW_DECL_WCPCPY 1
#define HAVE_RAW_DECL_WCSNCPY 1
#define HAVE_RAW_DECL_WCPNCPY 1
#define HAVE_RAW_DECL_WCSCAT 1
#define HAVE_RAW_DECL_WCSNCAT 1
#define HAVE_RAW_DECL_WCSCMP 1
#define HAVE_RAW_DECL_WCSNCMP 1
#define HAVE_RAW_DECL_WCSCASECMP 1
#define HAVE_RAW_DECL_WCSNCASECMP 1
#define HAVE_RAW_DECL_WCSCOLL 1
#define HAVE_RAW_DECL_WCSXFRM 1
#define HAVE_RAW_DECL_WCSDUP 1
#define HAVE_RAW_DECL_WCSCHR 1
#define HAVE_RAW_DECL_WCSRCHR 1
#define HAVE_RAW_DECL_WCSCSPN 1
#define HAVE_RAW_DECL_WCSSPN 1
#define HAVE_RAW_DECL_WCSPBRK 1
#define HAVE_RAW_DECL_WCSSTR 1
#define HAVE_RAW_DECL_WCSTOK 1
#define HAVE_RAW_DECL_WCSWIDTH 1
#define HAVE_TOWLOWER 1
#define HAVE_RAW_DECL_WCTYPE 1
#define HAVE_RAW_DECL_ISWCTYPE 1
#define HAVE_RAW_DECL_WCTRANS 1
#define HAVE_RAW_DECL_TOWCTRANS 1

configure: exit 0

## ---------------------- ##
## Running config.status. ##
## ---------------------- ##

This file was extended by config.status, which was
generated by GNU Autoconf 2.64.  Invocation command line was

  CONFIG_FILES    = Makefile
  CONFIG_HEADERS  = 
  CONFIG_LINKS    = 
  CONFIG_COMMANDS = depfiles
  $ config.status 

on shizhai-Founder-PC

config.status:1255: creating Makefile
config.status:1468: executing depfiles commands
