This file contains any messages produced by compilers while
running configure, to aid debugging if configure makes a mistake.

It was created by configure, which was
generated by GNU Autoconf 2.64.  Invocation command line was

  $ /home/shizhai/new_zhongwang/trunk/build_dir/toolchain-mips_r2_gcc-4.6-linaro_uClibc-0.9.33.2/gdb-linaro-7.5-2012.12-1/sim/configure --cache-file=./config.cache --with-system-zlib --prefix=/home/shizhai/new_zhongwang/trunk/staging_dir/toolchain-mips_r2_gcc-4.6-linaro_uClibc-0.9.33.2 --disable-werror --disable-nls --without-uiout --disable-tui --disable-gdbtk --without-x --without-included-gettext --enable-threads --program-transform-name=s&^&mips-openwrt-linux-uclibc-& --disable-option-checking --build=i686-linux-gnu --host=i686-linux-gnu --target=mips-openwrt-linux-uclibc --srcdir=.././sim

## --------- ##
## Platform. ##
## --------- ##

hostname = shizhai-Founder-PC
uname -m = i686
uname -r = 3.2.0-67-generic-pae
uname -s = Linux
uname -v = #101-Ubuntu SMP Tue Jul 15 18:04:54 UTC 2014

/usr/bin/uname -p = unknown
/bin/uname -X     = unknown

/bin/arch              = unknown
/usr/bin/arch -k       = unknown
/usr/convex/getsysinfo = unknown
/usr/bin/hostinfo      = unknown
/bin/machine           = unknown
/usr/bin/oslevel       = unknown
/bin/universe          = unknown

PATH: /home/shizhai/new_zhongwang/trunk/staging_dir/toolchain-mips_r2_gcc-4.6-linaro_uClibc-0.9.33.2/bin
PATH: /home/shizhai/new_zhongwang/trunk/staging_dir/host/bin
PATH: /home/shizhai/new_zhongwang/trunk/staging_dir/toolchain-mips_r2_gcc-4.6-linaro_uClibc-0.9.33.2/bin
PATH: /home/shizhai/new_zhongwang/trunk/staging_dir/host/bin
PATH: /home/shizhai/new_zhongwang/trunk/staging_dir/toolchain-mips_r2_gcc-4.6-linaro_uClibc-0.9.33.2/bin
PATH: /home/shizhai/new_zhongwang/trunk/staging_dir/host/bin
PATH: /usr/lib/lightdm/lightdm
PATH: /usr/local/sbin
PATH: /usr/local/bin
PATH: /usr/sbin
PATH: /usr/bin
PATH: /sbin
PATH: /bin
PATH: /usr/games
PATH: /usr/local/mips/OpenWrt-Toolchain-ar71xx-for-mips_r2-gcc-4.6-linaro_uClibc-0.9.33.2/toolchain-mips_r2_gcc-4.6-linaro_uClibc-0.9.33.2/bin


## ----------- ##
## Core tests. ##
## ----------- ##

configure:1688: creating cache ./config.cache
configure:1773: checking for i686-linux-gnu-gcc
configure:1800: result: i686-linux-gnu-gcc
configure:2069: checking for C compiler version
configure:2078: i686-linux-gnu-gcc --version >&5
i686-linux-gnu-gcc (Ubuntu/Linaro 4.6.3-1ubuntu5) 4.6.3
Copyright (C) 2011 Free Software Foundation, Inc.
This is free software; see the source for copying conditions.  There is NO
warranty; not even for MERCHANTABILITY or FITNESS FOR A PARTICULAR PURPOSE.

configure:2089: $? = 0
configure:2078: i686-linux-gnu-gcc -v >&5
Using built-in specs.
COLLECT_GCC=i686-linux-gnu-gcc
COLLECT_LTO_WRAPPER=/usr/lib/gcc/i686-linux-gnu/4.6/lto-wrapper
Target: i686-linux-gnu
Configured with: ../src/configure -v --with-pkgversion='Ubuntu/Linaro 4.6.3-1ubuntu5' --with-bugurl=file:///usr/share/doc/gcc-4.6/README.Bugs --enable-languages=c,c++,fortran,objc,obj-c++ --prefix=/usr --program-suffix=-4.6 --enable-shared --enable-linker-build-id --with-system-zlib --libexecdir=/usr/lib --without-included-gettext --enable-threads=posix --with-gxx-include-dir=/usr/include/c++/4.6 --libdir=/usr/lib --enable-nls --with-sysroot=/ --enable-clocale=gnu --enable-libstdcxx-debug --enable-libstdcxx-time=yes --enable-gnu-unique-object --enable-plugin --enable-objc-gc --enable-targets=all --disable-werror --with-arch-32=i686 --with-tune=generic --enable-checking=release --build=i686-linux-gnu --host=i686-linux-gnu --target=i686-linux-gnu
Thread model: posix
gcc version 4.6.3 (Ubuntu/Linaro 4.6.3-1ubuntu5) 
configure:2089: $? = 0
configure:2078: i686-linux-gnu-gcc -V >&5
i686-linux-gnu-gcc: error: unrecognized option '-V'
i686-linux-gnu-gcc: fatal error: no input files
compilation terminated.
configure:2089: $? = 4
configure:2078: i686-linux-gnu-gcc -qversion >&5
i686-linux-gnu-gcc: error: unrecognized option '-qversion'
i686-linux-gnu-gcc: fatal error: no input files
compilation terminated.
configure:2089: $? = 4
configure:2109: checking for C compiler default output file name
configure:2131: i686-linux-gnu-gcc -O2    conftest.c  >&5
configure:2135: $? = 0
configure:2172: result: a.out
configure:2188: checking whether the C compiler works
configure:2197: ./a.out
configure:2201: $? = 0
configure:2216: result: yes
configure:2223: checking whether we are cross compiling
configure:2225: result: no
configure:2228: checking for suffix of executables
configure:2235: i686-linux-gnu-gcc -o conftest -O2    conftest.c  >&5
configure:2239: $? = 0
configure:2261: result: 
configure:2267: checking for suffix of object files
configure:2289: i686-linux-gnu-gcc -c -O2  conftest.c >&5
configure:2293: $? = 0
configure:2314: result: o
configure:2318: checking whether we are using the GNU C compiler
configure:2337: i686-linux-gnu-gcc -c -O2  conftest.c >&5
configure:2337: $? = 0
configure:2346: result: yes
configure:2355: checking whether i686-linux-gnu-gcc accepts -g
configure:2375: i686-linux-gnu-gcc -c -g  conftest.c >&5
configure:2375: $? = 0
configure:2416: result: yes
configure:2433: checking for i686-linux-gnu-gcc option to accept ISO C89
configure:2497: i686-linux-gnu-gcc  -c -O2  conftest.c >&5
configure:2497: $? = 0
configure:2510: result: none needed
configure:2567: checking for a BSD-compatible install
configure:2635: result: /usr/bin/install -c
configure:2649: checking for i686-linux-gnu-ar
configure:2676: result: ar
configure:2741: checking for i686-linux-gnu-ranlib
configure:2768: result: ranlib
configure:2835: checking build system type
configure:2849: result: i686-pc-linux-gnu
configure:2869: checking host system type
configure:2882: result: i686-pc-linux-gnu
configure:2902: checking target system type
configure:2915: result: mips-openwrt-linux-uclibc
configure:2960: checking for i686-linux-gnu-gcc
configure:2987: result: i686-linux-gnu-gcc
configure:3256: checking for C compiler version
configure:3265: i686-linux-gnu-gcc --version >&5
i686-linux-gnu-gcc (Ubuntu/Linaro 4.6.3-1ubuntu5) 4.6.3
Copyright (C) 2011 Free Software Foundation, Inc.
This is free software; see the source for copying conditions.  There is NO
warranty; not even for MERCHANTABILITY or FITNESS FOR A PARTICULAR PURPOSE.

configure:3276: $? = 0
configure:3265: i686-linux-gnu-gcc -v >&5
Using built-in specs.
COLLECT_GCC=i686-linux-gnu-gcc
COLLECT_LTO_WRAPPER=/usr/lib/gcc/i686-linux-gnu/4.6/lto-wrapper
Target: i686-linux-gnu
Configured with: ../src/configure -v --with-pkgversion='Ubuntu/Linaro 4.6.3-1ubuntu5' --with-bugurl=file:///usr/share/doc/gcc-4.6/README.Bugs --enable-languages=c,c++,fortran,objc,obj-c++ --prefix=/usr --program-suffix=-4.6 --enable-shared --enable-linker-build-id --with-system-zlib --libexecdir=/usr/lib --without-included-gettext --enable-threads=posix --with-gxx-include-dir=/usr/include/c++/4.6 --libdir=/usr/lib --enable-nls --with-sysroot=/ --enable-clocale=gnu --enable-libstdcxx-debug --enable-libstdcxx-time=yes --enable-gnu-unique-object --enable-plugin --enable-objc-gc --enable-targets=all --disable-werror --with-arch-32=i686 --with-tune=generic --enable-checking=release --build=i686-linux-gnu --host=i686-linux-gnu --target=i686-linux-gnu
Thread model: posix
gcc version 4.6.3 (Ubuntu/Linaro 4.6.3-1ubuntu5) 
configure:3276: $? = 0
configure:3265: i686-linux-gnu-gcc -V >&5
i686-linux-gnu-gcc: error: unrecognized option '-V'
i686-linux-gnu-gcc: fatal error: no input files
compilation terminated.
configure:3276: $? = 4
configure:3265: i686-linux-gnu-gcc -qversion >&5
i686-linux-gnu-gcc: error: unrecognized option '-qversion'
i686-linux-gnu-gcc: fatal error: no input files
compilation terminated.
configure:3276: $? = 4
configure:3280: checking whether we are using the GNU C compiler
configure:3308: result: yes
configure:3317: checking whether i686-linux-gnu-gcc accepts -g
configure:3378: result: yes
configure:3395: checking for i686-linux-gnu-gcc option to accept ISO C89
configure:3472: result: none needed
configure:3499: checking for i686-linux-gnu-ranlib
configure:3526: result: ranlib
configure:3913: updating cache ./config.cache
configure:3986: creating ./config.status

## ---------------------- ##
## Running config.status. ##
## ---------------------- ##

This file was extended by config.status, which was
generated by GNU Autoconf 2.64.  Invocation command line was

  CONFIG_FILES    = 
  CONFIG_HEADERS  = 
  CONFIG_LINKS    = 
  CONFIG_COMMANDS = 
  $ ./config.status 

on shizhai-Founder-PC

config.status:740: creating Makefile
configure:5053: === configuring in mips (/home/shizhai/new_zhongwang/trunk/build_dir/toolchain-mips_r2_gcc-4.6-linaro_uClibc-0.9.33.2/gdb-linaro-7.5-2012.12-1/sim/mips)
configure:5116: running /bin/bash ./configure --disable-option-checking '--prefix=/home/shizhai/new_zhongwang/trunk/staging_dir/toolchain-mips_r2_gcc-4.6-linaro_uClibc-0.9.33.2'  '--with-system-zlib' '--disable-werror' '--disable-nls' '--without-uiout' '--disable-tui' '--disable-gdbtk' '--without-x' '--without-included-gettext' '--enable-threads' '--program-transform-name=s&^&mips-openwrt-linux-uclibc-&' '--build=i686-linux-gnu' '--host=i686-linux-gnu' '--target=mips-openwrt-linux-uclibc' 'build_alias=i686-linux-gnu' 'host_alias=i686-linux-gnu' 'target_alias=mips-openwrt-linux-uclibc' 'CC=i686-linux-gnu-gcc' 'CFLAGS=-O2' 'LDFLAGS= ' --cache-file=.././config.cache --srcdir=.
configure:5053: === configuring in testsuite (/home/shizhai/new_zhongwang/trunk/build_dir/toolchain-mips_r2_gcc-4.6-linaro_uClibc-0.9.33.2/gdb-linaro-7.5-2012.12-1/sim/testsuite)
configure:5116: running /bin/bash ./configure --disable-option-checking '--prefix=/home/shizhai/new_zhongwang/trunk/staging_dir/toolchain-mips_r2_gcc-4.6-linaro_uClibc-0.9.33.2'  '--with-system-zlib' '--disable-werror' '--disable-nls' '--without-uiout' '--disable-tui' '--disable-gdbtk' '--without-x' '--without-included-gettext' '--enable-threads' '--program-transform-name=s&^&mips-openwrt-linux-uclibc-&' '--build=i686-linux-gnu' '--host=i686-linux-gnu' '--target=mips-openwrt-linux-uclibc' 'build_alias=i686-linux-gnu' 'host_alias=i686-linux-gnu' 'target_alias=mips-openwrt-linux-uclibc' 'CC=i686-linux-gnu-gcc' 'CFLAGS=-O2' 'LDFLAGS= ' --cache-file=.././config.cache --srcdir=.
configure:5053: === configuring in common (/home/shizhai/new_zhongwang/trunk/build_dir/toolchain-mips_r2_gcc-4.6-linaro_uClibc-0.9.33.2/gdb-linaro-7.5-2012.12-1/sim/common)
configure:5116: running /bin/bash ./configure --disable-option-checking '--prefix=/home/shizhai/new_zhongwang/trunk/staging_dir/toolchain-mips_r2_gcc-4.6-linaro_uClibc-0.9.33.2'  '--with-system-zlib' '--disable-werror' '--disable-nls' '--without-uiout' '--disable-tui' '--disable-gdbtk' '--without-x' '--without-included-gettext' '--enable-threads' '--program-transform-name=s&^&mips-openwrt-linux-uclibc-&' '--build=i686-linux-gnu' '--host=i686-linux-gnu' '--target=mips-openwrt-linux-uclibc' 'build_alias=i686-linux-gnu' 'host_alias=i686-linux-gnu' 'target_alias=mips-openwrt-linux-uclibc' 'CC=i686-linux-gnu-gcc' 'CFLAGS=-O2' 'LDFLAGS= ' --cache-file=.././config.cache --srcdir=.
configure:5053: === configuring in igen (/home/shizhai/new_zhongwang/trunk/build_dir/toolchain-mips_r2_gcc-4.6-linaro_uClibc-0.9.33.2/gdb-linaro-7.5-2012.12-1/sim/igen)
configure:5116: running /bin/bash ./configure --disable-option-checking '--prefix=/home/shizhai/new_zhongwang/trunk/staging_dir/toolchain-mips_r2_gcc-4.6-linaro_uClibc-0.9.33.2'  '--with-system-zlib' '--disable-werror' '--disable-nls' '--without-uiout' '--disable-tui' '--disable-gdbtk' '--without-x' '--without-included-gettext' '--enable-threads' '--program-transform-name=s&^&mips-openwrt-linux-uclibc-&' '--build=i686-linux-gnu' '--host=i686-linux-gnu' '--target=mips-openwrt-linux-uclibc' 'build_alias=i686-linux-gnu' 'host_alias=i686-linux-gnu' 'target_alias=mips-openwrt-linux-uclibc' 'CC=i686-linux-gnu-gcc' 'CFLAGS=-O2' 'LDFLAGS= ' --cache-file=.././config.cache --srcdir=.

## ---------------- ##
## Cache variables. ##
## ---------------- ##

ac_cv_build=i686-pc-linux-gnu
ac_cv_c_compiler_gnu=yes
ac_cv_env_CC_set=set
ac_cv_env_CC_value=i686-linux-gnu-gcc
ac_cv_env_CFLAGS_set=set
ac_cv_env_CFLAGS_value=-O2
ac_cv_env_CPPFLAGS_set=
ac_cv_env_CPPFLAGS_value=
ac_cv_env_LDFLAGS_set=set
ac_cv_env_LDFLAGS_value=' '
ac_cv_env_LIBS_set=
ac_cv_env_LIBS_value=
ac_cv_env_build_alias_set=set
ac_cv_env_build_alias_value=i686-linux-gnu
ac_cv_env_host_alias_set=set
ac_cv_env_host_alias_value=i686-linux-gnu
ac_cv_env_target_alias_set=set
ac_cv_env_target_alias_value=mips-openwrt-linux-uclibc
ac_cv_host=i686-pc-linux-gnu
ac_cv_objext=o
ac_cv_prog_AR=ar
ac_cv_prog_CC=i686-linux-gnu-gcc
ac_cv_prog_RANLIB=ranlib
ac_cv_prog_cc_c89=
ac_cv_prog_cc_g=yes
ac_cv_target=mips-openwrt-linux-uclibc

## ----------------- ##
## Output variables. ##
## ----------------- ##

AR='ar'
CC='i686-linux-gnu-gcc'
CC_FOR_BUILD='$(CC)'
CFLAGS='-O2'
CFLAGS_FOR_BUILD='-O2'
CPPFLAGS=''
DEFS='-DPACKAGE_NAME=\"\" -DPACKAGE_TARNAME=\"\" -DPACKAGE_VERSION=\"\" -DPACKAGE_STRING=\"\" -DPACKAGE_BUGREPORT=\"\" -DPACKAGE_URL=\"\"'
ECHO_C=''
ECHO_N='-n'
ECHO_T=''
EXEEXT=''
HDEFINES=''
INSTALL_DATA='/usr/bin/install -c -m 644'
INSTALL_PROGRAM='/usr/bin/install -c'
INSTALL_SCRIPT='/usr/bin/install -c'
LDFLAGS=' '
LIBOBJS=''
LIBS=''
LTLIBOBJS=''
OBJEXT='o'
PACKAGE_BUGREPORT=''
PACKAGE_NAME=''
PACKAGE_STRING=''
PACKAGE_TARNAME=''
PACKAGE_URL=''
PACKAGE_VERSION=''
PATH_SEPARATOR=':'
RANLIB='ranlib'
SHELL='/bin/bash'
ac_ct_CC=''
bindir='${exec_prefix}/bin'
build='i686-pc-linux-gnu'
build_alias='i686-linux-gnu'
build_cpu='i686'
build_os='linux-gnu'
build_vendor='pc'
datadir='${datarootdir}'
datarootdir='${prefix}/share'
docdir='${datarootdir}/doc/${PACKAGE}'
dvidir='${docdir}'
exec_prefix='${prefix}'
host='i686-pc-linux-gnu'
host_alias='i686-linux-gnu'
host_cpu='i686'
host_os='linux-gnu'
host_vendor='pc'
htmldir='${docdir}'
includedir='${prefix}/include'
infodir='${datarootdir}/info'
libdir='${exec_prefix}/lib'
libexecdir='${exec_prefix}/libexec'
localedir='${datarootdir}/locale'
localstatedir='${prefix}/var'
mandir='${datarootdir}/man'
oldincludedir='/usr/include'
pdfdir='${docdir}'
prefix='/home/shizhai/new_zhongwang/trunk/staging_dir/toolchain-mips_r2_gcc-4.6-linaro_uClibc-0.9.33.2'
program_transform_name='s&^&mips-openwrt-linux-uclibc-&'
psdir='${docdir}'
sbindir='${exec_prefix}/sbin'
sharedstatedir='${prefix}/com'
sim_arch='mips'
subdirs=' mips testsuite common igen'
sysconfdir='${prefix}/etc'
target='mips-openwrt-linux-uclibc'
target_alias='mips-openwrt-linux-uclibc'
target_cpu='mips'
target_os='linux-uclibc'
target_vendor='openwrt'

## ----------- ##
## confdefs.h. ##
## ----------- ##

/* confdefs.h */
#define PACKAGE_NAME ""
#define PACKAGE_TARNAME ""
#define PACKAGE_VERSION ""
#define PACKAGE_STRING ""
#define PACKAGE_BUGREPORT ""
#define PACKAGE_URL ""

configure: exit 0
