This file contains any messages produced by compilers while
running configure, to aid debugging if configure makes a mistake.

It was created by GNU Libtool configure 2.4, which was
generated by GNU Autoconf 2.68.  Invocation command line was

  $ ./configure CC=gcc CFLAGS=-O2 -I/home/shizhai/new_zhongwang/trunk/staging_dir/host/include CPPFLAGS=-I/home/shizhai/new_zhongwang/trunk/staging_dir/host/include LDFLAGS=-L/home/shizhai/new_zhongwang/trunk/staging_dir/host/lib SHELL=/bin/bash lt_cv_sys_dlsearch_path= --target=i686-linux-gnu --host=i686-linux-gnu --build=i686-linux-gnu --program-prefix= --program-suffix= --prefix=/home/shizhai/new_zhongwang/trunk/staging_dir/host --exec-prefix=/home/shizhai/new_zhongwang/trunk/staging_dir/host --sysconfdir=/home/shizhai/new_zhongwang/trunk/staging_dir/host/etc --localstatedir=/home/shizhai/new_zhongwang/trunk/staging_dir/host/var --sbindir=/home/shizhai/new_zhongwang/trunk/staging_dir/host/bin build_alias=i686-linux-gnu host_alias=i686-linux-gnu target_alias=i686-linux-gnu --no-create --no-recursion

## --------- ##
## Platform. ##
## --------- ##

hostname = shizhai-Founder-PC
uname -m = i686
uname -r = 3.2.0-67-generic-pae
uname -s = Linux
uname -v = #101-Ubuntu SMP Tue Jul 15 18:04:54 UTC 2014

/usr/bin/uname -p = unknown
/bin/uname -X     = unknown

/bin/arch              = unknown
/usr/bin/arch -k       = unknown
/usr/convex/getsysinfo = unknown
/usr/bin/hostinfo      = unknown
/bin/machine           = unknown
/usr/bin/oslevel       = unknown
/bin/universe          = unknown

PATH: /home/shizhai/new_zhongwang/trunk/staging_dir/toolchain-mips_r2_gcc-4.6-linaro_uClibc-0.9.33.2/bin
PATH: /home/shizhai/new_zhongwang/trunk/staging_dir/host/bin
PATH: /home/shizhai/new_zhongwang/trunk/staging_dir/toolchain-mips_r2_gcc-4.6-linaro_uClibc-0.9.33.2/bin
PATH: /home/shizhai/new_zhongwang/trunk/staging_dir/host/bin
PATH: /home/shizhai/new_zhongwang/trunk/staging_dir/toolchain-mips_r2_gcc-4.6-linaro_uClibc-0.9.33.2/bin
PATH: /home/shizhai/new_zhongwang/trunk/staging_dir/host/bin
PATH: /usr/lib/lightdm/lightdm
PATH: /usr/local/sbin
PATH: /usr/local/bin
PATH: /usr/sbin
PATH: /usr/bin
PATH: /sbin
PATH: /bin
PATH: /usr/games
PATH: /usr/local/mips/OpenWrt-Toolchain-ar71xx-for-mips_r2-gcc-4.6-linaro_uClibc-0.9.33.2/toolchain-mips_r2_gcc-4.6-linaro_uClibc-0.9.33.2/bin


## ----------- ##
## Core tests. ##
## ----------- ##

configure:2704: checking for a BSD-compatible install
configure:2772: result: /usr/bin/install -c
configure:2783: checking whether build environment is sane
configure:2833: result: yes
configure:2974: checking for a thread-safe mkdir -p
configure:3013: result: /bin/mkdir -p
configure:3026: checking for gawk
configure:3042: found /usr/bin/gawk
configure:3053: result: gawk
configure:3064: checking whether make sets $(MAKE)
configure:3086: result: yes
configure:3180: checking build system type
configure:3194: result: i686-pc-linux-gnu
configure:3214: checking host system type
configure:3227: result: i686-pc-linux-gnu
configure:3254: autobuild project... GNU Libtool
configure:3260: autobuild revision... 2.4 ()
configure:3265: autobuild hostname... shizhai-Founder-PC
configure:3269: autobuild mode... default
configure:3277: autobuild timestamp... 20140804T091946Z
configure:3336: checking for i686-linux-gnu-gcc
configure:3363: result: gcc
configure:3632: checking for C compiler version
configure:3641: gcc --version >&5
gcc (Ubuntu/Linaro 4.6.3-1ubuntu5) 4.6.3
Copyright (C) 2011 Free Software Foundation, Inc.
This is free software; see the source for copying conditions.  There is NO
warranty; not even for MERCHANTABILITY or FITNESS FOR A PARTICULAR PURPOSE.

configure:3652: $? = 0
configure:3641: gcc -v >&5
Using built-in specs.
COLLECT_GCC=gcc
COLLECT_LTO_WRAPPER=/usr/lib/gcc/i686-linux-gnu/4.6/lto-wrapper
Target: i686-linux-gnu
Configured with: ../src/configure -v --with-pkgversion='Ubuntu/Linaro 4.6.3-1ubuntu5' --with-bugurl=file:///usr/share/doc/gcc-4.6/README.Bugs --enable-languages=c,c++,fortran,objc,obj-c++ --prefix=/usr --program-suffix=-4.6 --enable-shared --enable-linker-build-id --with-system-zlib --libexecdir=/usr/lib --without-included-gettext --enable-threads=posix --with-gxx-include-dir=/usr/include/c++/4.6 --libdir=/usr/lib --enable-nls --with-sysroot=/ --enable-clocale=gnu --enable-libstdcxx-debug --enable-libstdcxx-time=yes --enable-gnu-unique-object --enable-plugin --enable-objc-gc --enable-targets=all --disable-werror --with-arch-32=i686 --with-tune=generic --enable-checking=release --build=i686-linux-gnu --host=i686-linux-gnu --target=i686-linux-gnu
Thread model: posix
gcc version 4.6.3 (Ubuntu/Linaro 4.6.3-1ubuntu5) 
configure:3652: $? = 0
configure:3641: gcc -V >&5
gcc: error: unrecognized option '-V'
gcc: fatal error: no input files
compilation terminated.
configure:3652: $? = 4
configure:3641: gcc -qversion >&5
gcc: error: unrecognized option '-qversion'
gcc: fatal error: no input files
compilation terminated.
configure:3652: $? = 4
configure:3672: checking whether the C compiler works
configure:3694: gcc -O2 -I/home/shizhai/new_zhongwang/trunk/staging_dir/host/include -I/home/shizhai/new_zhongwang/trunk/staging_dir/host/include -L/home/shizhai/new_zhongwang/trunk/staging_dir/host/lib conftest.c  >&5
configure:3698: $? = 0
configure:3746: result: yes
configure:3749: checking for C compiler default output file name
configure:3751: result: a.out
configure:3757: checking for suffix of executables
configure:3764: gcc -o conftest -O2 -I/home/shizhai/new_zhongwang/trunk/staging_dir/host/include -I/home/shizhai/new_zhongwang/trunk/staging_dir/host/include -L/home/shizhai/new_zhongwang/trunk/staging_dir/host/lib conftest.c  >&5
configure:3768: $? = 0
configure:3790: result: 
configure:3812: checking whether we are cross compiling
configure:3820: gcc -o conftest -O2 -I/home/shizhai/new_zhongwang/trunk/staging_dir/host/include -I/home/shizhai/new_zhongwang/trunk/staging_dir/host/include -L/home/shizhai/new_zhongwang/trunk/staging_dir/host/lib conftest.c  >&5
configure:3824: $? = 0
configure:3831: ./conftest
configure:3835: $? = 0
configure:3850: result: no
configure:3855: checking for suffix of object files
configure:3877: gcc -c -O2 -I/home/shizhai/new_zhongwang/trunk/staging_dir/host/include -I/home/shizhai/new_zhongwang/trunk/staging_dir/host/include conftest.c >&5
configure:3881: $? = 0
configure:3902: result: o
configure:3906: checking whether we are using the GNU C compiler
configure:3925: gcc -c -O2 -I/home/shizhai/new_zhongwang/trunk/staging_dir/host/include -I/home/shizhai/new_zhongwang/trunk/staging_dir/host/include conftest.c >&5
configure:3925: $? = 0
configure:3934: result: yes
configure:3943: checking whether gcc accepts -g
configure:3963: gcc -c -g -I/home/shizhai/new_zhongwang/trunk/staging_dir/host/include conftest.c >&5
configure:3963: $? = 0
configure:4004: result: yes
configure:4021: checking for gcc option to accept ISO C89
configure:4085: gcc  -c -O2 -I/home/shizhai/new_zhongwang/trunk/staging_dir/host/include -I/home/shizhai/new_zhongwang/trunk/staging_dir/host/include conftest.c >&5
configure:4085: $? = 0
configure:4098: result: none needed
configure:4129: checking for style of include used by make
configure:4157: result: GNU
configure:4183: checking dependency style of gcc
configure:4294: result: gcc3
configure:4310: checking whether gcc and cc understand -c and -o together
configure:4341: gcc -c conftest.c -o conftest2.o >&5
configure:4345: $? = 0
configure:4351: gcc -c conftest.c -o conftest2.o >&5
configure:4355: $? = 0
configure:4366: cc -c conftest.c >&5
configure:4370: $? = 0
configure:4378: cc -c conftest.c -o conftest2.o >&5
configure:4382: $? = 0
configure:4388: cc -c conftest.c -o conftest2.o >&5
configure:4392: $? = 0
configure:4410: result: yes
configure:4440: checking how to run the C preprocessor
configure:4471: gcc -E -I/home/shizhai/new_zhongwang/trunk/staging_dir/host/include conftest.c
configure:4471: $? = 0
configure:4485: gcc -E -I/home/shizhai/new_zhongwang/trunk/staging_dir/host/include conftest.c
conftest.c:11:28: fatal error: ac_nonexistent.h: No such file or directory
compilation terminated.
configure:4485: $? = 1
configure: failed program was:
| /* confdefs.h */
| #define PACKAGE_NAME "GNU Libtool"
| #define PACKAGE_TARNAME "libtool"
| #define PACKAGE_VERSION "2.4"
| #define PACKAGE_STRING "GNU Libtool 2.4"
| #define PACKAGE_BUGREPORT "bug-libtool@gnu.org"
| #define PACKAGE_URL "http://www.gnu.org/software/libtool/"
| #define PACKAGE "libtool"
| #define VERSION "2.4"
| /* end confdefs.h.  */
| #include <ac_nonexistent.h>
configure:4510: result: gcc -E
configure:4530: gcc -E -I/home/shizhai/new_zhongwang/trunk/staging_dir/host/include conftest.c
configure:4530: $? = 0
configure:4544: gcc -E -I/home/shizhai/new_zhongwang/trunk/staging_dir/host/include conftest.c
conftest.c:11:28: fatal error: ac_nonexistent.h: No such file or directory
compilation terminated.
configure:4544: $? = 1
configure: failed program was:
| /* confdefs.h */
| #define PACKAGE_NAME "GNU Libtool"
| #define PACKAGE_TARNAME "libtool"
| #define PACKAGE_VERSION "2.4"
| #define PACKAGE_STRING "GNU Libtool 2.4"
| #define PACKAGE_BUGREPORT "bug-libtool@gnu.org"
| #define PACKAGE_URL "http://www.gnu.org/software/libtool/"
| #define PACKAGE "libtool"
| #define VERSION "2.4"
| /* end confdefs.h.  */
| #include <ac_nonexistent.h>
configure:4622: checking how to print strings
configure:4649: result: printf
configure:4670: checking for a sed that does not truncate output
configure:4734: result: /home/shizhai/new_zhongwang/trunk/staging_dir/host/bin/sed
configure:4751: checking for grep that handles long lines and -e
configure:4809: result: /home/shizhai/new_zhongwang/trunk/staging_dir/host/bin/grep
configure:4814: checking for egrep
configure:4876: result: /home/shizhai/new_zhongwang/trunk/staging_dir/host/bin/grep -E
configure:4881: checking for fgrep
configure:4943: result: /home/shizhai/new_zhongwang/trunk/staging_dir/host/bin/grep -F
configure:4978: checking for ld used by gcc
configure:5045: result: /usr/bin/ld
configure:5052: checking if the linker (/usr/bin/ld) is GNU ld
configure:5067: result: yes
configure:5079: checking for BSD- or MS-compatible name lister (nm)
configure:5128: result: /usr/bin/nm -B
configure:5258: checking the name lister (/usr/bin/nm -B) interface
configure:5265: gcc -c -O2 -I/home/shizhai/new_zhongwang/trunk/staging_dir/host/include -I/home/shizhai/new_zhongwang/trunk/staging_dir/host/include conftest.c >&5
configure:5268: /usr/bin/nm -B "conftest.o"
configure:5271: output
00000000 B some_variable
configure:5278: result: BSD nm
configure:5281: checking whether ln -s works
configure:5285: result: yes
configure:5293: checking the maximum length of command line arguments
configure:5418: result: 805306365
configure:5435: checking whether the shell understands some XSI constructs
configure:5445: result: yes
configure:5449: checking whether the shell understands "+="
configure:5455: result: yes
configure:5490: checking how to convert i686-pc-linux-gnu file names to i686-pc-linux-gnu format
configure:5530: result: func_convert_file_noop
configure:5537: checking how to convert i686-pc-linux-gnu file names to toolchain format
configure:5557: result: func_convert_file_noop
configure:5564: checking for /usr/bin/ld option to reload object files
configure:5571: result: -r
configure:5605: checking for i686-linux-gnu-objdump
configure:5635: result: no
configure:5645: checking for objdump
configure:5661: found /usr/bin/objdump
configure:5672: result: objdump
configure:5701: checking how to recognize dependent libraries
configure:5903: result: pass_all
configure:5948: checking for i686-linux-gnu-dlltool
configure:5978: result: no
configure:5988: checking for dlltool
configure:6018: result: no
configure:6045: checking how to associate runtime and link libraries
configure:6072: result: printf %s\n
configure:6089: checking for i686-linux-gnu-ar
configure:6119: result: no
configure:6133: checking for ar
configure:6149: found /usr/bin/ar
configure:6160: result: ar
configure:6197: checking for archiver @FILE support
configure:6214: gcc -c -O2 -I/home/shizhai/new_zhongwang/trunk/staging_dir/host/include -I/home/shizhai/new_zhongwang/trunk/staging_dir/host/include conftest.c >&5
configure:6214: $? = 0
configure:6217: ar cru libconftest.a @conftest.lst >&5
configure:6220: $? = 0
configure:6225: ar cru libconftest.a @conftest.lst >&5
ar: conftest.o: No such file or directory
configure:6228: $? = 1
configure:6240: result: @
configure:6258: checking for i686-linux-gnu-strip
configure:6288: result: no
configure:6298: checking for strip
configure:6314: found /usr/bin/strip
configure:6325: result: strip
configure:6357: checking for i686-linux-gnu-ranlib
configure:6387: result: no
configure:6397: checking for ranlib
configure:6413: found /usr/bin/ranlib
configure:6424: result: ranlib
configure:6525: checking command to parse /usr/bin/nm -B output from gcc object
configure:6644: gcc -c -O2 -I/home/shizhai/new_zhongwang/trunk/staging_dir/host/include -I/home/shizhai/new_zhongwang/trunk/staging_dir/host/include conftest.c >&5
configure:6647: $? = 0
configure:6651: /usr/bin/nm -B conftest.o \| sed -n -e 's/^.*[ ]\([ABCDGIRSTW][ABCDGIRSTW]*\)[ ][ ]*\([_A-Za-z][_A-Za-z0-9]*\)$/\1 \2 \2/p' | sed '/ __gnu_lto/d' \> conftest.nm
configure:6654: $? = 0
configure:6720: gcc -o conftest -O2 -I/home/shizhai/new_zhongwang/trunk/staging_dir/host/include -I/home/shizhai/new_zhongwang/trunk/staging_dir/host/include -L/home/shizhai/new_zhongwang/trunk/staging_dir/host/lib conftest.c conftstm.o >&5
configure:6723: $? = 0
configure:6761: result: ok
configure:6798: checking for sysroot
configure:6828: result: no
configure:7031: checking for i686-linux-gnu-mt
configure:7061: result: no
configure:7071: checking for mt
configure:7087: found /bin/mt
configure:7098: result: mt
configure:7121: checking if mt is a manifest tool
configure:7127: mt '-?'
configure:7135: result: no
configure:7763: checking for ANSI C header files
configure:7783: gcc -c -O2 -I/home/shizhai/new_zhongwang/trunk/staging_dir/host/include -I/home/shizhai/new_zhongwang/trunk/staging_dir/host/include conftest.c >&5
configure:7783: $? = 0
configure:7856: gcc -o conftest -O2 -I/home/shizhai/new_zhongwang/trunk/staging_dir/host/include -I/home/shizhai/new_zhongwang/trunk/staging_dir/host/include -L/home/shizhai/new_zhongwang/trunk/staging_dir/host/lib conftest.c  >&5
configure:7856: $? = 0
configure:7856: ./conftest
configure:7856: $? = 0
configure:7867: result: yes
configure:7880: checking for sys/types.h
configure:7880: gcc -c -O2 -I/home/shizhai/new_zhongwang/trunk/staging_dir/host/include -I/home/shizhai/new_zhongwang/trunk/staging_dir/host/include conftest.c >&5
configure:7880: $? = 0
configure:7880: result: yes
configure:7880: checking for sys/stat.h
configure:7880: gcc -c -O2 -I/home/shizhai/new_zhongwang/trunk/staging_dir/host/include -I/home/shizhai/new_zhongwang/trunk/staging_dir/host/include conftest.c >&5
configure:7880: $? = 0
configure:7880: result: yes
configure:7880: checking for stdlib.h
configure:7880: gcc -c -O2 -I/home/shizhai/new_zhongwang/trunk/staging_dir/host/include -I/home/shizhai/new_zhongwang/trunk/staging_dir/host/include conftest.c >&5
configure:7880: $? = 0
configure:7880: result: yes
configure:7880: checking for string.h
configure:7880: gcc -c -O2 -I/home/shizhai/new_zhongwang/trunk/staging_dir/host/include -I/home/shizhai/new_zhongwang/trunk/staging_dir/host/include conftest.c >&5
configure:7880: $? = 0
configure:7880: result: yes
configure:7880: checking for memory.h
configure:7880: gcc -c -O2 -I/home/shizhai/new_zhongwang/trunk/staging_dir/host/include -I/home/shizhai/new_zhongwang/trunk/staging_dir/host/include conftest.c >&5
configure:7880: $? = 0
configure:7880: result: yes
configure:7880: checking for strings.h
configure:7880: gcc -c -O2 -I/home/shizhai/new_zhongwang/trunk/staging_dir/host/include -I/home/shizhai/new_zhongwang/trunk/staging_dir/host/include conftest.c >&5
configure:7880: $? = 0
configure:7880: result: yes
configure:7880: checking for inttypes.h
configure:7880: gcc -c -O2 -I/home/shizhai/new_zhongwang/trunk/staging_dir/host/include -I/home/shizhai/new_zhongwang/trunk/staging_dir/host/include conftest.c >&5
configure:7880: $? = 0
configure:7880: result: yes
configure:7880: checking for stdint.h
configure:7880: gcc -c -O2 -I/home/shizhai/new_zhongwang/trunk/staging_dir/host/include -I/home/shizhai/new_zhongwang/trunk/staging_dir/host/include conftest.c >&5
configure:7880: $? = 0
configure:7880: result: yes
configure:7880: checking for unistd.h
configure:7880: gcc -c -O2 -I/home/shizhai/new_zhongwang/trunk/staging_dir/host/include -I/home/shizhai/new_zhongwang/trunk/staging_dir/host/include conftest.c >&5
configure:7880: $? = 0
configure:7880: result: yes
configure:7894: checking for dlfcn.h
configure:7894: gcc -c -O2 -I/home/shizhai/new_zhongwang/trunk/staging_dir/host/include -I/home/shizhai/new_zhongwang/trunk/staging_dir/host/include conftest.c >&5
configure:7894: $? = 0
configure:7894: result: yes
configure:8378: checking for objdir
configure:8393: result: .libs
configure:8663: checking if gcc supports -fno-rtti -fno-exceptions
configure:8681: gcc -c -O2 -I/home/shizhai/new_zhongwang/trunk/staging_dir/host/include -I/home/shizhai/new_zhongwang/trunk/staging_dir/host/include -fno-rtti -fno-exceptions conftest.c >&5
cc1: warning: command line option '-fno-rtti' is valid for C++/ObjC++ but not for C [enabled by default]
configure:8685: $? = 0
configure:8698: result: no
configure:9008: checking for gcc option to produce PIC
configure:9015: result: -fPIC -DPIC
configure:9023: checking if gcc PIC flag -fPIC -DPIC works
configure:9041: gcc -c -O2 -I/home/shizhai/new_zhongwang/trunk/staging_dir/host/include -I/home/shizhai/new_zhongwang/trunk/staging_dir/host/include -fPIC -DPIC -DPIC conftest.c >&5
configure:9045: $? = 0
configure:9058: result: yes
configure:9087: checking if gcc static flag -static works
configure:9115: result: yes
configure:9130: checking if gcc supports -c -o file.o
configure:9151: gcc -c -O2 -I/home/shizhai/new_zhongwang/trunk/staging_dir/host/include -I/home/shizhai/new_zhongwang/trunk/staging_dir/host/include -o out/conftest2.o conftest.c >&5
configure:9155: $? = 0
configure:9177: result: yes
configure:9185: checking if gcc supports -c -o file.o
configure:9232: result: yes
configure:9265: checking whether the gcc linker (/usr/bin/ld) supports shared libraries
configure:10423: result: yes
configure:10460: checking whether -lc should be explicitly linked in
configure:10468: gcc -c -O2 -I/home/shizhai/new_zhongwang/trunk/staging_dir/host/include -I/home/shizhai/new_zhongwang/trunk/staging_dir/host/include conftest.c >&5
configure:10471: $? = 0
configure:10486: gcc -shared  -fPIC -DPIC conftest.o  -v -Wl,-soname -Wl,conftest -o conftest 2\>\&1 \| /home/shizhai/new_zhongwang/trunk/staging_dir/host/bin/grep  -lc  \>/dev/null 2\>\&1
configure:10489: $? = 0
configure:10503: result: no
configure:10668: checking dynamic linker characteristics
configure:11182: gcc -o conftest -O2 -I/home/shizhai/new_zhongwang/trunk/staging_dir/host/include -I/home/shizhai/new_zhongwang/trunk/staging_dir/host/include -L/home/shizhai/new_zhongwang/trunk/staging_dir/host/lib -Wl,-rpath -Wl,/foo conftest.c  >&5
configure:11182: $? = 0
configure:11404: result: GNU/Linux ld.so
configure:11511: checking how to hardcode library paths into programs
configure:11536: result: immediate
configure:11630: checking for shl_load
configure:11630: gcc -o conftest -O2 -I/home/shizhai/new_zhongwang/trunk/staging_dir/host/include -I/home/shizhai/new_zhongwang/trunk/staging_dir/host/include -L/home/shizhai/new_zhongwang/trunk/staging_dir/host/lib conftest.c  >&5
/tmp/ccLHuqJI.o: In function `main':
conftest.c:(.text.startup+0x7): undefined reference to `shl_load'
collect2: ld returned 1 exit status
configure:11630: $? = 1
configure: failed program was:
| /* confdefs.h */
| #define PACKAGE_NAME "GNU Libtool"
| #define PACKAGE_TARNAME "libtool"
| #define PACKAGE_VERSION "2.4"
| #define PACKAGE_STRING "GNU Libtool 2.4"
| #define PACKAGE_BUGREPORT "bug-libtool@gnu.org"
| #define PACKAGE_URL "http://www.gnu.org/software/libtool/"
| #define PACKAGE "libtool"
| #define VERSION "2.4"
| #define STDC_HEADERS 1
| #define HAVE_SYS_TYPES_H 1
| #define HAVE_SYS_STAT_H 1
| #define HAVE_STDLIB_H 1
| #define HAVE_STRING_H 1
| #define HAVE_MEMORY_H 1
| #define HAVE_STRINGS_H 1
| #define HAVE_INTTYPES_H 1
| #define HAVE_STDINT_H 1
| #define HAVE_UNISTD_H 1
| #define HAVE_DLFCN_H 1
| #define LT_OBJDIR ".libs/"
| /* end confdefs.h.  */
| /* Define shl_load to an innocuous variant, in case <limits.h> declares shl_load.
|    For example, HP-UX 11i <limits.h> declares gettimeofday.  */
| #define shl_load innocuous_shl_load
| 
| /* System header to define __stub macros and hopefully few prototypes,
|     which can conflict with char shl_load (); below.
|     Prefer <limits.h> to <assert.h> if __STDC__ is defined, since
|     <limits.h> exists even on freestanding compilers.  */
| 
| #ifdef __STDC__
| # include <limits.h>
| #else
| # include <assert.h>
| #endif
| 
| #undef shl_load
| 
| /* Override any GCC internal prototype to avoid an error.
|    Use char because int might match the return type of a GCC
|    builtin and then its argument prototype would still apply.  */
| #ifdef __cplusplus
| extern "C"
| #endif
| char shl_load ();
| /* The GNU C library defines this for functions which it implements
|     to always fail with ENOSYS.  Some functions are actually named
|     something starting with __ and the normal name is an alias.  */
| #if defined __stub_shl_load || defined __stub___shl_load
| choke me
| #endif
| 
| int
| main ()
| {
| return shl_load ();
|   ;
|   return 0;
| }
configure:11630: result: no
configure:11634: checking for shl_load in -ldld
configure:11659: gcc -o conftest -O2 -I/home/shizhai/new_zhongwang/trunk/staging_dir/host/include -I/home/shizhai/new_zhongwang/trunk/staging_dir/host/include -L/home/shizhai/new_zhongwang/trunk/staging_dir/host/lib conftest.c -ldld   >&5
/usr/bin/ld: cannot find -ldld
collect2: ld returned 1 exit status
configure:11659: $? = 1
configure: failed program was:
| /* confdefs.h */
| #define PACKAGE_NAME "GNU Libtool"
| #define PACKAGE_TARNAME "libtool"
| #define PACKAGE_VERSION "2.4"
| #define PACKAGE_STRING "GNU Libtool 2.4"
| #define PACKAGE_BUGREPORT "bug-libtool@gnu.org"
| #define PACKAGE_URL "http://www.gnu.org/software/libtool/"
| #define PACKAGE "libtool"
| #define VERSION "2.4"
| #define STDC_HEADERS 1
| #define HAVE_SYS_TYPES_H 1
| #define HAVE_SYS_STAT_H 1
| #define HAVE_STDLIB_H 1
| #define HAVE_STRING_H 1
| #define HAVE_MEMORY_H 1
| #define HAVE_STRINGS_H 1
| #define HAVE_INTTYPES_H 1
| #define HAVE_STDINT_H 1
| #define HAVE_UNISTD_H 1
| #define HAVE_DLFCN_H 1
| #define LT_OBJDIR ".libs/"
| /* end confdefs.h.  */
| 
| /* Override any GCC internal prototype to avoid an error.
|    Use char because int might match the return type of a GCC
|    builtin and then its argument prototype would still apply.  */
| #ifdef __cplusplus
| extern "C"
| #endif
| char shl_load ();
| int
| main ()
| {
| return shl_load ();
|   ;
|   return 0;
| }
configure:11668: result: no
configure:11673: checking for dlopen
configure:11673: gcc -o conftest -O2 -I/home/shizhai/new_zhongwang/trunk/staging_dir/host/include -I/home/shizhai/new_zhongwang/trunk/staging_dir/host/include -L/home/shizhai/new_zhongwang/trunk/staging_dir/host/lib conftest.c  >&5
/tmp/ccv6syvM.o: In function `main':
conftest.c:(.text.startup+0x7): undefined reference to `dlopen'
collect2: ld returned 1 exit status
configure:11673: $? = 1
configure: failed program was:
| /* confdefs.h */
| #define PACKAGE_NAME "GNU Libtool"
| #define PACKAGE_TARNAME "libtool"
| #define PACKAGE_VERSION "2.4"
| #define PACKAGE_STRING "GNU Libtool 2.4"
| #define PACKAGE_BUGREPORT "bug-libtool@gnu.org"
| #define PACKAGE_URL "http://www.gnu.org/software/libtool/"
| #define PACKAGE "libtool"
| #define VERSION "2.4"
| #define STDC_HEADERS 1
| #define HAVE_SYS_TYPES_H 1
| #define HAVE_SYS_STAT_H 1
| #define HAVE_STDLIB_H 1
| #define HAVE_STRING_H 1
| #define HAVE_MEMORY_H 1
| #define HAVE_STRINGS_H 1
| #define HAVE_INTTYPES_H 1
| #define HAVE_STDINT_H 1
| #define HAVE_UNISTD_H 1
| #define HAVE_DLFCN_H 1
| #define LT_OBJDIR ".libs/"
| /* end confdefs.h.  */
| /* Define dlopen to an innocuous variant, in case <limits.h> declares dlopen.
|    For example, HP-UX 11i <limits.h> declares gettimeofday.  */
| #define dlopen innocuous_dlopen
| 
| /* System header to define __stub macros and hopefully few prototypes,
|     which can conflict with char dlopen (); below.
|     Prefer <limits.h> to <assert.h> if __STDC__ is defined, since
|     <limits.h> exists even on freestanding compilers.  */
| 
| #ifdef __STDC__
| # include <limits.h>
| #else
| # include <assert.h>
| #endif
| 
| #undef dlopen
| 
| /* Override any GCC internal prototype to avoid an error.
|    Use char because int might match the return type of a GCC
|    builtin and then its argument prototype would still apply.  */
| #ifdef __cplusplus
| extern "C"
| #endif
| char dlopen ();
| /* The GNU C library defines this for functions which it implements
|     to always fail with ENOSYS.  Some functions are actually named
|     something starting with __ and the normal name is an alias.  */
| #if defined __stub_dlopen || defined __stub___dlopen
| choke me
| #endif
| 
| int
| main ()
| {
| return dlopen ();
|   ;
|   return 0;
| }
configure:11673: result: no
configure:11677: checking for dlopen in -ldl
configure:11702: gcc -o conftest -O2 -I/home/shizhai/new_zhongwang/trunk/staging_dir/host/include -I/home/shizhai/new_zhongwang/trunk/staging_dir/host/include -L/home/shizhai/new_zhongwang/trunk/staging_dir/host/lib conftest.c -ldl   >&5
configure:11702: $? = 0
configure:11711: result: yes
configure:11830: checking whether a program can dlopen itself
configure:11910: gcc -o conftest -O2 -I/home/shizhai/new_zhongwang/trunk/staging_dir/host/include -I/home/shizhai/new_zhongwang/trunk/staging_dir/host/include -DHAVE_DLFCN_H -L/home/shizhai/new_zhongwang/trunk/staging_dir/host/lib -Wl,--export-dynamic conftest.c -ldl  >&5
configure:11913: $? = 0
configure:11931: result: yes
configure:11936: checking whether a statically linked program can dlopen itself
configure:12016: gcc -o conftest -O2 -I/home/shizhai/new_zhongwang/trunk/staging_dir/host/include -I/home/shizhai/new_zhongwang/trunk/staging_dir/host/include -DHAVE_DLFCN_H -L/home/shizhai/new_zhongwang/trunk/staging_dir/host/lib -Wl,--export-dynamic -static conftest.c -ldl  >&5
/tmp/cceT5bsY.o: In function `main':
conftest.c:(.text.startup+0x1a): warning: Using 'dlopen' in statically linked applications requires at runtime the shared libraries from the glibc version used for linking
/usr/bin/ld: dynamic STT_GNU_IFUNC symbol `strcmp' with pointer equality in `/usr/lib/gcc/i686-linux-gnu/4.6/../../../i386-linux-gnu/libc.a(strcmp.o)' can not be used when making an executable; recompile with -fPIE and relink with -pie
collect2: ld returned 1 exit status
configure:12019: $? = 1
configure:12037: result: no
configure:12076: checking whether stripping libraries is possible
configure:12081: result: yes
configure:12116: checking if libtool supports shared libraries
configure:12118: result: yes
configure:12121: checking whether to build shared libraries
configure:12142: result: yes
configure:12145: checking whether to build static libraries
configure:12149: result: yes
configure:12185: checking which extension is used for runtime loadable modules
configure:12195: result: .so
configure:12205: checking which variable specifies run-time module search path
configure:12212: result: LD_LIBRARY_PATH
configure:12222: checking for the default library search path
configure:12229: result: 
configure:12259: checking for library containing dlopen
configure:12290: gcc -o conftest -O2 -I/home/shizhai/new_zhongwang/trunk/staging_dir/host/include -I/home/shizhai/new_zhongwang/trunk/staging_dir/host/include -L/home/shizhai/new_zhongwang/trunk/staging_dir/host/lib conftest.c  >&5
/tmp/cclqLFw1.o: In function `main':
conftest.c:(.text.startup+0x7): undefined reference to `dlopen'
collect2: ld returned 1 exit status
configure:12290: $? = 1
configure: failed program was:
| /* confdefs.h */
| #define PACKAGE_NAME "GNU Libtool"
| #define PACKAGE_TARNAME "libtool"
| #define PACKAGE_VERSION "2.4"
| #define PACKAGE_STRING "GNU Libtool 2.4"
| #define PACKAGE_BUGREPORT "bug-libtool@gnu.org"
| #define PACKAGE_URL "http://www.gnu.org/software/libtool/"
| #define PACKAGE "libtool"
| #define VERSION "2.4"
| #define STDC_HEADERS 1
| #define HAVE_SYS_TYPES_H 1
| #define HAVE_SYS_STAT_H 1
| #define HAVE_STDLIB_H 1
| #define HAVE_STRING_H 1
| #define HAVE_MEMORY_H 1
| #define HAVE_STRINGS_H 1
| #define HAVE_INTTYPES_H 1
| #define HAVE_STDINT_H 1
| #define HAVE_UNISTD_H 1
| #define HAVE_DLFCN_H 1
| #define LT_OBJDIR ".libs/"
| #define LT_MODULE_EXT ".so"
| #define LT_MODULE_PATH_VAR "LD_LIBRARY_PATH"
| /* end confdefs.h.  */
| 
| /* Override any GCC internal prototype to avoid an error.
|    Use char because int might match the return type of a GCC
|    builtin and then its argument prototype would still apply.  */
| #ifdef __cplusplus
| extern "C"
| #endif
| char dlopen ();
| int
| main ()
| {
| return dlopen ();
|   ;
|   return 0;
| }
configure:12290: gcc -o conftest -O2 -I/home/shizhai/new_zhongwang/trunk/staging_dir/host/include -I/home/shizhai/new_zhongwang/trunk/staging_dir/host/include -L/home/shizhai/new_zhongwang/trunk/staging_dir/host/lib conftest.c -ldl   >&5
configure:12290: $? = 0
configure:12307: result: -ldl
configure:12397: checking for dlerror
configure:12397: gcc -o conftest -O2 -I/home/shizhai/new_zhongwang/trunk/staging_dir/host/include -I/home/shizhai/new_zhongwang/trunk/staging_dir/host/include -L/home/shizhai/new_zhongwang/trunk/staging_dir/host/lib conftest.c -ldl  -ldl >&5
configure:12397: $? = 0
configure:12397: result: yes
configure:12411: checking for shl_load
configure:12411: result: no
configure:12418: checking for shl_load in -ldld
configure:12452: result: no
configure:12498: checking for dld_link in -ldld
configure:12523: gcc -o conftest -O2 -I/home/shizhai/new_zhongwang/trunk/staging_dir/host/include -I/home/shizhai/new_zhongwang/trunk/staging_dir/host/include -L/home/shizhai/new_zhongwang/trunk/staging_dir/host/lib conftest.c -ldld  -ldl  >&5
/usr/bin/ld: cannot find -ldld
collect2: ld returned 1 exit status
configure:12523: $? = 1
configure: failed program was:
| /* confdefs.h */
| #define PACKAGE_NAME "GNU Libtool"
| #define PACKAGE_TARNAME "libtool"
| #define PACKAGE_VERSION "2.4"
| #define PACKAGE_STRING "GNU Libtool 2.4"
| #define PACKAGE_BUGREPORT "bug-libtool@gnu.org"
| #define PACKAGE_URL "http://www.gnu.org/software/libtool/"
| #define PACKAGE "libtool"
| #define VERSION "2.4"
| #define STDC_HEADERS 1
| #define HAVE_SYS_TYPES_H 1
| #define HAVE_SYS_STAT_H 1
| #define HAVE_STDLIB_H 1
| #define HAVE_STRING_H 1
| #define HAVE_MEMORY_H 1
| #define HAVE_STRINGS_H 1
| #define HAVE_INTTYPES_H 1
| #define HAVE_STDINT_H 1
| #define HAVE_UNISTD_H 1
| #define HAVE_DLFCN_H 1
| #define LT_OBJDIR ".libs/"
| #define LT_MODULE_EXT ".so"
| #define LT_MODULE_PATH_VAR "LD_LIBRARY_PATH"
| #define HAVE_LIBDL 1
| #define HAVE_DLERROR 1
| /* end confdefs.h.  */
| 
| /* Override any GCC internal prototype to avoid an error.
|    Use char because int might match the return type of a GCC
|    builtin and then its argument prototype would still apply.  */
| #ifdef __cplusplus
| extern "C"
| #endif
| char dld_link ();
| int
| main ()
| {
| return dld_link ();
|   ;
|   return 0;
| }
configure:12532: result: no
configure:12566: checking for _ prefix in compiled symbols
configure:12576: gcc -c -O2 -I/home/shizhai/new_zhongwang/trunk/staging_dir/host/include -I/home/shizhai/new_zhongwang/trunk/staging_dir/host/include conftest.c >&5
configure:12579: $? = 0
configure:12583: /usr/bin/nm -B conftest.o \| sed -n -e 's/^.*[	 ]\([ABCDGIRSTW][ABCDGIRSTW]*\)[	 ][	 ]*\([_A-Za-z][_A-Za-z0-9]*\)$/\1 \2 \2/p' | sed '/ __gnu_lto/d' \> conftest.nm
configure:12586: $? = 0
configure:12608: result: no
configure:12732: checking whether deplibs are loaded by dlopen
configure:12826: result: yes
configure:12838: checking for argz.h
configure:12838: gcc -c -O2 -I/home/shizhai/new_zhongwang/trunk/staging_dir/host/include -I/home/shizhai/new_zhongwang/trunk/staging_dir/host/include conftest.c >&5
configure:12838: $? = 0
configure:12838: result: yes
configure:12850: checking for error_t
configure:12850: gcc -c -O2 -I/home/shizhai/new_zhongwang/trunk/staging_dir/host/include -I/home/shizhai/new_zhongwang/trunk/staging_dir/host/include conftest.c >&5
configure:12850: $? = 0
configure:12850: gcc -c -O2 -I/home/shizhai/new_zhongwang/trunk/staging_dir/host/include -I/home/shizhai/new_zhongwang/trunk/staging_dir/host/include conftest.c >&5
conftest.c: In function 'main':
conftest.c:36:22: error: expected expression before ')' token
configure:12850: $? = 1
configure: failed program was:
| /* confdefs.h */
| #define PACKAGE_NAME "GNU Libtool"
| #define PACKAGE_TARNAME "libtool"
| #define PACKAGE_VERSION "2.4"
| #define PACKAGE_STRING "GNU Libtool 2.4"
| #define PACKAGE_BUGREPORT "bug-libtool@gnu.org"
| #define PACKAGE_URL "http://www.gnu.org/software/libtool/"
| #define PACKAGE "libtool"
| #define VERSION "2.4"
| #define STDC_HEADERS 1
| #define HAVE_SYS_TYPES_H 1
| #define HAVE_SYS_STAT_H 1
| #define HAVE_STDLIB_H 1
| #define HAVE_STRING_H 1
| #define HAVE_MEMORY_H 1
| #define HAVE_STRINGS_H 1
| #define HAVE_INTTYPES_H 1
| #define HAVE_STDINT_H 1
| #define HAVE_UNISTD_H 1
| #define HAVE_DLFCN_H 1
| #define LT_OBJDIR ".libs/"
| #define LT_MODULE_EXT ".so"
| #define LT_MODULE_PATH_VAR "LD_LIBRARY_PATH"
| #define HAVE_LIBDL 1
| #define HAVE_DLERROR 1
| #define HAVE_LIBDLLOADER 1
| #define HAVE_ARGZ_H 1
| /* end confdefs.h.  */
| #if defined(HAVE_ARGZ_H)
| #  include <argz.h>
| #endif
| 
| int
| main ()
| {
| if (sizeof ((error_t)))
| 	    return 0;
|   ;
|   return 0;
| }
configure:12850: result: yes
configure:12876: checking for argz_add
configure:12876: gcc -o conftest -O2 -I/home/shizhai/new_zhongwang/trunk/staging_dir/host/include -I/home/shizhai/new_zhongwang/trunk/staging_dir/host/include -L/home/shizhai/new_zhongwang/trunk/staging_dir/host/lib conftest.c -ldl  >&5
configure:12876: $? = 0
configure:12876: result: yes
configure:12876: checking for argz_append
configure:12876: gcc -o conftest -O2 -I/home/shizhai/new_zhongwang/trunk/staging_dir/host/include -I/home/shizhai/new_zhongwang/trunk/staging_dir/host/include -L/home/shizhai/new_zhongwang/trunk/staging_dir/host/lib conftest.c -ldl  >&5
configure:12876: $? = 0
configure:12876: result: yes
configure:12876: checking for argz_count
configure:12876: gcc -o conftest -O2 -I/home/shizhai/new_zhongwang/trunk/staging_dir/host/include -I/home/shizhai/new_zhongwang/trunk/staging_dir/host/include -L/home/shizhai/new_zhongwang/trunk/staging_dir/host/lib conftest.c -ldl  >&5
configure:12876: $? = 0
configure:12876: result: yes
configure:12876: checking for argz_create_sep
configure:12876: gcc -o conftest -O2 -I/home/shizhai/new_zhongwang/trunk/staging_dir/host/include -I/home/shizhai/new_zhongwang/trunk/staging_dir/host/include -L/home/shizhai/new_zhongwang/trunk/staging_dir/host/lib conftest.c -ldl  >&5
configure:12876: $? = 0
configure:12876: result: yes
configure:12876: checking for argz_insert
configure:12876: gcc -o conftest -O2 -I/home/shizhai/new_zhongwang/trunk/staging_dir/host/include -I/home/shizhai/new_zhongwang/trunk/staging_dir/host/include -L/home/shizhai/new_zhongwang/trunk/staging_dir/host/lib conftest.c -ldl  >&5
configure:12876: $? = 0
configure:12876: result: yes
configure:12876: checking for argz_next
configure:12876: gcc -o conftest -O2 -I/home/shizhai/new_zhongwang/trunk/staging_dir/host/include -I/home/shizhai/new_zhongwang/trunk/staging_dir/host/include -L/home/shizhai/new_zhongwang/trunk/staging_dir/host/lib conftest.c -ldl  >&5
configure:12876: $? = 0
configure:12876: result: yes
configure:12876: checking for argz_stringify
configure:12876: gcc -o conftest -O2 -I/home/shizhai/new_zhongwang/trunk/staging_dir/host/include -I/home/shizhai/new_zhongwang/trunk/staging_dir/host/include -L/home/shizhai/new_zhongwang/trunk/staging_dir/host/lib conftest.c -ldl  >&5
configure:12876: $? = 0
configure:12876: result: yes
configure:12894: checking if argz actually works
configure:12925: result: yes
configure:12944: checking whether libtool supports -dlopen/-dlpreopen
configure:12956: result: yes
configure:13009: checking for unistd.h
configure:13009: result: yes
configure:13009: checking for dl.h
configure:13009: gcc -c -O2 -I/home/shizhai/new_zhongwang/trunk/staging_dir/host/include -I/home/shizhai/new_zhongwang/trunk/staging_dir/host/include conftest.c >&5
conftest.c:74:16: fatal error: dl.h: No such file or directory
compilation terminated.
configure:13009: $? = 1
configure: failed program was:
| /* confdefs.h */
| #define PACKAGE_NAME "GNU Libtool"
| #define PACKAGE_TARNAME "libtool"
| #define PACKAGE_VERSION "2.4"
| #define PACKAGE_STRING "GNU Libtool 2.4"
| #define PACKAGE_BUGREPORT "bug-libtool@gnu.org"
| #define PACKAGE_URL "http://www.gnu.org/software/libtool/"
| #define PACKAGE "libtool"
| #define VERSION "2.4"
| #define STDC_HEADERS 1
| #define HAVE_SYS_TYPES_H 1
| #define HAVE_SYS_STAT_H 1
| #define HAVE_STDLIB_H 1
| #define HAVE_STRING_H 1
| #define HAVE_MEMORY_H 1
| #define HAVE_STRINGS_H 1
| #define HAVE_INTTYPES_H 1
| #define HAVE_STDINT_H 1
| #define HAVE_UNISTD_H 1
| #define HAVE_DLFCN_H 1
| #define LT_OBJDIR ".libs/"
| #define LT_MODULE_EXT ".so"
| #define LT_MODULE_PATH_VAR "LD_LIBRARY_PATH"
| #define HAVE_LIBDL 1
| #define HAVE_DLERROR 1
| #define HAVE_LIBDLLOADER 1
| #define HAVE_ARGZ_H 1
| #define HAVE_ERROR_T 1
| #define HAVE_ARGZ_ADD 1
| #define HAVE_ARGZ_APPEND 1
| #define HAVE_ARGZ_COUNT 1
| #define HAVE_ARGZ_CREATE_SEP 1
| #define HAVE_ARGZ_INSERT 1
| #define HAVE_ARGZ_NEXT 1
| #define HAVE_ARGZ_STRINGIFY 1
| #define HAVE_WORKING_ARGZ 1
| #define HAVE_PRELOADED_SYMBOLS 1
| #define HAVE_UNISTD_H 1
| /* end confdefs.h.  */
| #include <stdio.h>
| #ifdef HAVE_SYS_TYPES_H
| # include <sys/types.h>
| #endif
| #ifdef HAVE_SYS_STAT_H
| # include <sys/stat.h>
| #endif
| #ifdef STDC_HEADERS
| # include <stdlib.h>
| # include <stddef.h>
| #else
| # ifdef HAVE_STDLIB_H
| #  include <stdlib.h>
| # endif
| #endif
| #ifdef HAVE_STRING_H
| # if !defined STDC_HEADERS && defined HAVE_MEMORY_H
| #  include <memory.h>
| # endif
| # include <string.h>
| #endif
| #ifdef HAVE_STRINGS_H
| # include <strings.h>
| #endif
| #ifdef HAVE_INTTYPES_H
| # include <inttypes.h>
| #endif
| #ifdef HAVE_STDINT_H
| # include <stdint.h>
| #endif
| #ifdef HAVE_UNISTD_H
| # include <unistd.h>
| #endif
| 
| #include <dl.h>
configure:13009: result: no
configure:13009: checking for sys/dl.h
configure:13009: gcc -c -O2 -I/home/shizhai/new_zhongwang/trunk/staging_dir/host/include -I/home/shizhai/new_zhongwang/trunk/staging_dir/host/include conftest.c >&5
conftest.c:74:20: fatal error: sys/dl.h: No such file or directory
compilation terminated.
configure:13009: $? = 1
configure: failed program was:
| /* confdefs.h */
| #define PACKAGE_NAME "GNU Libtool"
| #define PACKAGE_TARNAME "libtool"
| #define PACKAGE_VERSION "2.4"
| #define PACKAGE_STRING "GNU Libtool 2.4"
| #define PACKAGE_BUGREPORT "bug-libtool@gnu.org"
| #define PACKAGE_URL "http://www.gnu.org/software/libtool/"
| #define PACKAGE "libtool"
| #define VERSION "2.4"
| #define STDC_HEADERS 1
| #define HAVE_SYS_TYPES_H 1
| #define HAVE_SYS_STAT_H 1
| #define HAVE_STDLIB_H 1
| #define HAVE_STRING_H 1
| #define HAVE_MEMORY_H 1
| #define HAVE_STRINGS_H 1
| #define HAVE_INTTYPES_H 1
| #define HAVE_STDINT_H 1
| #define HAVE_UNISTD_H 1
| #define HAVE_DLFCN_H 1
| #define LT_OBJDIR ".libs/"
| #define LT_MODULE_EXT ".so"
| #define LT_MODULE_PATH_VAR "LD_LIBRARY_PATH"
| #define HAVE_LIBDL 1
| #define HAVE_DLERROR 1
| #define HAVE_LIBDLLOADER 1
| #define HAVE_ARGZ_H 1
| #define HAVE_ERROR_T 1
| #define HAVE_ARGZ_ADD 1
| #define HAVE_ARGZ_APPEND 1
| #define HAVE_ARGZ_COUNT 1
| #define HAVE_ARGZ_CREATE_SEP 1
| #define HAVE_ARGZ_INSERT 1
| #define HAVE_ARGZ_NEXT 1
| #define HAVE_ARGZ_STRINGIFY 1
| #define HAVE_WORKING_ARGZ 1
| #define HAVE_PRELOADED_SYMBOLS 1
| #define HAVE_UNISTD_H 1
| /* end confdefs.h.  */
| #include <stdio.h>
| #ifdef HAVE_SYS_TYPES_H
| # include <sys/types.h>
| #endif
| #ifdef HAVE_SYS_STAT_H
| # include <sys/stat.h>
| #endif
| #ifdef STDC_HEADERS
| # include <stdlib.h>
| # include <stddef.h>
| #else
| # ifdef HAVE_STDLIB_H
| #  include <stdlib.h>
| # endif
| #endif
| #ifdef HAVE_STRING_H
| # if !defined STDC_HEADERS && defined HAVE_MEMORY_H
| #  include <memory.h>
| # endif
| # include <string.h>
| #endif
| #ifdef HAVE_STRINGS_H
| # include <strings.h>
| #endif
| #ifdef HAVE_INTTYPES_H
| # include <inttypes.h>
| #endif
| #ifdef HAVE_STDINT_H
| # include <stdint.h>
| #endif
| #ifdef HAVE_UNISTD_H
| # include <unistd.h>
| #endif
| 
| #include <sys/dl.h>
configure:13009: result: no
configure:13009: checking for dld.h
configure:13009: gcc -c -O2 -I/home/shizhai/new_zhongwang/trunk/staging_dir/host/include -I/home/shizhai/new_zhongwang/trunk/staging_dir/host/include conftest.c >&5
conftest.c:74:17: fatal error: dld.h: No such file or directory
compilation terminated.
configure:13009: $? = 1
configure: failed program was:
| /* confdefs.h */
| #define PACKAGE_NAME "GNU Libtool"
| #define PACKAGE_TARNAME "libtool"
| #define PACKAGE_VERSION "2.4"
| #define PACKAGE_STRING "GNU Libtool 2.4"
| #define PACKAGE_BUGREPORT "bug-libtool@gnu.org"
| #define PACKAGE_URL "http://www.gnu.org/software/libtool/"
| #define PACKAGE "libtool"
| #define VERSION "2.4"
| #define STDC_HEADERS 1
| #define HAVE_SYS_TYPES_H 1
| #define HAVE_SYS_STAT_H 1
| #define HAVE_STDLIB_H 1
| #define HAVE_STRING_H 1
| #define HAVE_MEMORY_H 1
| #define HAVE_STRINGS_H 1
| #define HAVE_INTTYPES_H 1
| #define HAVE_STDINT_H 1
| #define HAVE_UNISTD_H 1
| #define HAVE_DLFCN_H 1
| #define LT_OBJDIR ".libs/"
| #define LT_MODULE_EXT ".so"
| #define LT_MODULE_PATH_VAR "LD_LIBRARY_PATH"
| #define HAVE_LIBDL 1
| #define HAVE_DLERROR 1
| #define HAVE_LIBDLLOADER 1
| #define HAVE_ARGZ_H 1
| #define HAVE_ERROR_T 1
| #define HAVE_ARGZ_ADD 1
| #define HAVE_ARGZ_APPEND 1
| #define HAVE_ARGZ_COUNT 1
| #define HAVE_ARGZ_CREATE_SEP 1
| #define HAVE_ARGZ_INSERT 1
| #define HAVE_ARGZ_NEXT 1
| #define HAVE_ARGZ_STRINGIFY 1
| #define HAVE_WORKING_ARGZ 1
| #define HAVE_PRELOADED_SYMBOLS 1
| #define HAVE_UNISTD_H 1
| /* end confdefs.h.  */
| #include <stdio.h>
| #ifdef HAVE_SYS_TYPES_H
| # include <sys/types.h>
| #endif
| #ifdef HAVE_SYS_STAT_H
| # include <sys/stat.h>
| #endif
| #ifdef STDC_HEADERS
| # include <stdlib.h>
| # include <stddef.h>
| #else
| # ifdef HAVE_STDLIB_H
| #  include <stdlib.h>
| # endif
| #endif
| #ifdef HAVE_STRING_H
| # if !defined STDC_HEADERS && defined HAVE_MEMORY_H
| #  include <memory.h>
| # endif
| # include <string.h>
| #endif
| #ifdef HAVE_STRINGS_H
| # include <strings.h>
| #endif
| #ifdef HAVE_INTTYPES_H
| # include <inttypes.h>
| #endif
| #ifdef HAVE_STDINT_H
| # include <stdint.h>
| #endif
| #ifdef HAVE_UNISTD_H
| # include <unistd.h>
| #endif
| 
| #include <dld.h>
configure:13009: result: no
configure:13009: checking for mach-o/dyld.h
configure:13009: gcc -c -O2 -I/home/shizhai/new_zhongwang/trunk/staging_dir/host/include -I/home/shizhai/new_zhongwang/trunk/staging_dir/host/include conftest.c >&5
conftest.c:74:25: fatal error: mach-o/dyld.h: No such file or directory
compilation terminated.
configure:13009: $? = 1
configure: failed program was:
| /* confdefs.h */
| #define PACKAGE_NAME "GNU Libtool"
| #define PACKAGE_TARNAME "libtool"
| #define PACKAGE_VERSION "2.4"
| #define PACKAGE_STRING "GNU Libtool 2.4"
| #define PACKAGE_BUGREPORT "bug-libtool@gnu.org"
| #define PACKAGE_URL "http://www.gnu.org/software/libtool/"
| #define PACKAGE "libtool"
| #define VERSION "2.4"
| #define STDC_HEADERS 1
| #define HAVE_SYS_TYPES_H 1
| #define HAVE_SYS_STAT_H 1
| #define HAVE_STDLIB_H 1
| #define HAVE_STRING_H 1
| #define HAVE_MEMORY_H 1
| #define HAVE_STRINGS_H 1
| #define HAVE_INTTYPES_H 1
| #define HAVE_STDINT_H 1
| #define HAVE_UNISTD_H 1
| #define HAVE_DLFCN_H 1
| #define LT_OBJDIR ".libs/"
| #define LT_MODULE_EXT ".so"
| #define LT_MODULE_PATH_VAR "LD_LIBRARY_PATH"
| #define HAVE_LIBDL 1
| #define HAVE_DLERROR 1
| #define HAVE_LIBDLLOADER 1
| #define HAVE_ARGZ_H 1
| #define HAVE_ERROR_T 1
| #define HAVE_ARGZ_ADD 1
| #define HAVE_ARGZ_APPEND 1
| #define HAVE_ARGZ_COUNT 1
| #define HAVE_ARGZ_CREATE_SEP 1
| #define HAVE_ARGZ_INSERT 1
| #define HAVE_ARGZ_NEXT 1
| #define HAVE_ARGZ_STRINGIFY 1
| #define HAVE_WORKING_ARGZ 1
| #define HAVE_PRELOADED_SYMBOLS 1
| #define HAVE_UNISTD_H 1
| /* end confdefs.h.  */
| #include <stdio.h>
| #ifdef HAVE_SYS_TYPES_H
| # include <sys/types.h>
| #endif
| #ifdef HAVE_SYS_STAT_H
| # include <sys/stat.h>
| #endif
| #ifdef STDC_HEADERS
| # include <stdlib.h>
| # include <stddef.h>
| #else
| # ifdef HAVE_STDLIB_H
| #  include <stdlib.h>
| # endif
| #endif
| #ifdef HAVE_STRING_H
| # if !defined STDC_HEADERS && defined HAVE_MEMORY_H
| #  include <memory.h>
| # endif
| # include <string.h>
| #endif
| #ifdef HAVE_STRINGS_H
| # include <strings.h>
| #endif
| #ifdef HAVE_INTTYPES_H
| # include <inttypes.h>
| #endif
| #ifdef HAVE_STDINT_H
| # include <stdint.h>
| #endif
| #ifdef HAVE_UNISTD_H
| # include <unistd.h>
| #endif
| 
| #include <mach-o/dyld.h>
configure:13009: result: no
configure:13009: checking for dirent.h
configure:13009: gcc -c -O2 -I/home/shizhai/new_zhongwang/trunk/staging_dir/host/include -I/home/shizhai/new_zhongwang/trunk/staging_dir/host/include conftest.c >&5
configure:13009: $? = 0
configure:13009: result: yes
configure:13024: checking for closedir
configure:13024: gcc -o conftest -O2 -I/home/shizhai/new_zhongwang/trunk/staging_dir/host/include -I/home/shizhai/new_zhongwang/trunk/staging_dir/host/include -L/home/shizhai/new_zhongwang/trunk/staging_dir/host/lib conftest.c -ldl  >&5
configure:13024: $? = 0
configure:13024: result: yes
configure:13024: checking for opendir
configure:13024: gcc -o conftest -O2 -I/home/shizhai/new_zhongwang/trunk/staging_dir/host/include -I/home/shizhai/new_zhongwang/trunk/staging_dir/host/include -L/home/shizhai/new_zhongwang/trunk/staging_dir/host/lib conftest.c -ldl  >&5
configure:13024: $? = 0
configure:13024: result: yes
configure:13024: checking for readdir
configure:13024: gcc -o conftest -O2 -I/home/shizhai/new_zhongwang/trunk/staging_dir/host/include -I/home/shizhai/new_zhongwang/trunk/staging_dir/host/include -L/home/shizhai/new_zhongwang/trunk/staging_dir/host/lib conftest.c -ldl  >&5
configure:13024: $? = 0
configure:13024: result: yes
configure:13043: checking for strlcat
configure:13043: gcc -o conftest -O2 -I/home/shizhai/new_zhongwang/trunk/staging_dir/host/include -I/home/shizhai/new_zhongwang/trunk/staging_dir/host/include -L/home/shizhai/new_zhongwang/trunk/staging_dir/host/lib conftest.c -ldl  >&5
/tmp/ccEJgsDd.o: In function `main':
conftest.c:(.text.startup+0x7): undefined reference to `strlcat'
collect2: ld returned 1 exit status
configure:13043: $? = 1
configure: failed program was:
| /* confdefs.h */
| #define PACKAGE_NAME "GNU Libtool"
| #define PACKAGE_TARNAME "libtool"
| #define PACKAGE_VERSION "2.4"
| #define PACKAGE_STRING "GNU Libtool 2.4"
| #define PACKAGE_BUGREPORT "bug-libtool@gnu.org"
| #define PACKAGE_URL "http://www.gnu.org/software/libtool/"
| #define PACKAGE "libtool"
| #define VERSION "2.4"
| #define STDC_HEADERS 1
| #define HAVE_SYS_TYPES_H 1
| #define HAVE_SYS_STAT_H 1
| #define HAVE_STDLIB_H 1
| #define HAVE_STRING_H 1
| #define HAVE_MEMORY_H 1
| #define HAVE_STRINGS_H 1
| #define HAVE_INTTYPES_H 1
| #define HAVE_STDINT_H 1
| #define HAVE_UNISTD_H 1
| #define HAVE_DLFCN_H 1
| #define LT_OBJDIR ".libs/"
| #define LT_MODULE_EXT ".so"
| #define LT_MODULE_PATH_VAR "LD_LIBRARY_PATH"
| #define HAVE_LIBDL 1
| #define HAVE_DLERROR 1
| #define HAVE_LIBDLLOADER 1
| #define HAVE_ARGZ_H 1
| #define HAVE_ERROR_T 1
| #define HAVE_ARGZ_ADD 1
| #define HAVE_ARGZ_APPEND 1
| #define HAVE_ARGZ_COUNT 1
| #define HAVE_ARGZ_CREATE_SEP 1
| #define HAVE_ARGZ_INSERT 1
| #define HAVE_ARGZ_NEXT 1
| #define HAVE_ARGZ_STRINGIFY 1
| #define HAVE_WORKING_ARGZ 1
| #define HAVE_PRELOADED_SYMBOLS 1
| #define HAVE_UNISTD_H 1
| #define HAVE_DIRENT_H 1
| #define HAVE_CLOSEDIR 1
| #define HAVE_OPENDIR 1
| #define HAVE_READDIR 1
| /* end confdefs.h.  */
| /* Define strlcat to an innocuous variant, in case <limits.h> declares strlcat.
|    For example, HP-UX 11i <limits.h> declares gettimeofday.  */
| #define strlcat innocuous_strlcat
| 
| /* System header to define __stub macros and hopefully few prototypes,
|     which can conflict with char strlcat (); below.
|     Prefer <limits.h> to <assert.h> if __STDC__ is defined, since
|     <limits.h> exists even on freestanding compilers.  */
| 
| #ifdef __STDC__
| # include <limits.h>
| #else
| # include <assert.h>
| #endif
| 
| #undef strlcat
| 
| /* Override any GCC internal prototype to avoid an error.
|    Use char because int might match the return type of a GCC
|    builtin and then its argument prototype would still apply.  */
| #ifdef __cplusplus
| extern "C"
| #endif
| char strlcat ();
| /* The GNU C library defines this for functions which it implements
|     to always fail with ENOSYS.  Some functions are actually named
|     something starting with __ and the normal name is an alias.  */
| #if defined __stub_strlcat || defined __stub___strlcat
| choke me
| #endif
| 
| int
| main ()
| {
| return strlcat ();
|   ;
|   return 0;
| }
configure:13043: result: no
configure:13043: checking for strlcpy
configure:13043: gcc -o conftest -O2 -I/home/shizhai/new_zhongwang/trunk/staging_dir/host/include -I/home/shizhai/new_zhongwang/trunk/staging_dir/host/include -L/home/shizhai/new_zhongwang/trunk/staging_dir/host/lib conftest.c -ldl  >&5
/tmp/ccnLD68e.o: In function `main':
conftest.c:(.text.startup+0x7): undefined reference to `strlcpy'
collect2: ld returned 1 exit status
configure:13043: $? = 1
configure: failed program was:
| /* confdefs.h */
| #define PACKAGE_NAME "GNU Libtool"
| #define PACKAGE_TARNAME "libtool"
| #define PACKAGE_VERSION "2.4"
| #define PACKAGE_STRING "GNU Libtool 2.4"
| #define PACKAGE_BUGREPORT "bug-libtool@gnu.org"
| #define PACKAGE_URL "http://www.gnu.org/software/libtool/"
| #define PACKAGE "libtool"
| #define VERSION "2.4"
| #define STDC_HEADERS 1
| #define HAVE_SYS_TYPES_H 1
| #define HAVE_SYS_STAT_H 1
| #define HAVE_STDLIB_H 1
| #define HAVE_STRING_H 1
| #define HAVE_MEMORY_H 1
| #define HAVE_STRINGS_H 1
| #define HAVE_INTTYPES_H 1
| #define HAVE_STDINT_H 1
| #define HAVE_UNISTD_H 1
| #define HAVE_DLFCN_H 1
| #define LT_OBJDIR ".libs/"
| #define LT_MODULE_EXT ".so"
| #define LT_MODULE_PATH_VAR "LD_LIBRARY_PATH"
| #define HAVE_LIBDL 1
| #define HAVE_DLERROR 1
| #define HAVE_LIBDLLOADER 1
| #define HAVE_ARGZ_H 1
| #define HAVE_ERROR_T 1
| #define HAVE_ARGZ_ADD 1
| #define HAVE_ARGZ_APPEND 1
| #define HAVE_ARGZ_COUNT 1
| #define HAVE_ARGZ_CREATE_SEP 1
| #define HAVE_ARGZ_INSERT 1
| #define HAVE_ARGZ_NEXT 1
| #define HAVE_ARGZ_STRINGIFY 1
| #define HAVE_WORKING_ARGZ 1
| #define HAVE_PRELOADED_SYMBOLS 1
| #define HAVE_UNISTD_H 1
| #define HAVE_DIRENT_H 1
| #define HAVE_CLOSEDIR 1
| #define HAVE_OPENDIR 1
| #define HAVE_READDIR 1
| /* end confdefs.h.  */
| /* Define strlcpy to an innocuous variant, in case <limits.h> declares strlcpy.
|    For example, HP-UX 11i <limits.h> declares gettimeofday.  */
| #define strlcpy innocuous_strlcpy
| 
| /* System header to define __stub macros and hopefully few prototypes,
|     which can conflict with char strlcpy (); below.
|     Prefer <limits.h> to <assert.h> if __STDC__ is defined, since
|     <limits.h> exists even on freestanding compilers.  */
| 
| #ifdef __STDC__
| # include <limits.h>
| #else
| # include <assert.h>
| #endif
| 
| #undef strlcpy
| 
| /* Override any GCC internal prototype to avoid an error.
|    Use char because int might match the return type of a GCC
|    builtin and then its argument prototype would still apply.  */
| #ifdef __cplusplus
| extern "C"
| #endif
| char strlcpy ();
| /* The GNU C library defines this for functions which it implements
|     to always fail with ENOSYS.  Some functions are actually named
|     something starting with __ and the normal name is an alias.  */
| #if defined __stub_strlcpy || defined __stub___strlcpy
| choke me
| #endif
| 
| int
| main ()
| {
| return strlcpy ();
|   ;
|   return 0;
| }
configure:13043: result: no
configure:13094: checking for i686-linux-gnu-g++
configure:13110: found /usr/bin/i686-linux-gnu-g++
configure:13121: result: i686-linux-gnu-g++
configure:13192: checking for C++ compiler version
configure:13201: i686-linux-gnu-g++ --version >&5
i686-linux-gnu-g++ (Ubuntu/Linaro 4.6.3-1ubuntu5) 4.6.3
Copyright (C) 2011 Free Software Foundation, Inc.
This is free software; see the source for copying conditions.  There is NO
warranty; not even for MERCHANTABILITY or FITNESS FOR A PARTICULAR PURPOSE.

configure:13212: $? = 0
configure:13201: i686-linux-gnu-g++ -v >&5
Using built-in specs.
COLLECT_GCC=i686-linux-gnu-g++
COLLECT_LTO_WRAPPER=/usr/lib/gcc/i686-linux-gnu/4.6/lto-wrapper
Target: i686-linux-gnu
Configured with: ../src/configure -v --with-pkgversion='Ubuntu/Linaro 4.6.3-1ubuntu5' --with-bugurl=file:///usr/share/doc/gcc-4.6/README.Bugs --enable-languages=c,c++,fortran,objc,obj-c++ --prefix=/usr --program-suffix=-4.6 --enable-shared --enable-linker-build-id --with-system-zlib --libexecdir=/usr/lib --without-included-gettext --enable-threads=posix --with-gxx-include-dir=/usr/include/c++/4.6 --libdir=/usr/lib --enable-nls --with-sysroot=/ --enable-clocale=gnu --enable-libstdcxx-debug --enable-libstdcxx-time=yes --enable-gnu-unique-object --enable-plugin --enable-objc-gc --enable-targets=all --disable-werror --with-arch-32=i686 --with-tune=generic --enable-checking=release --build=i686-linux-gnu --host=i686-linux-gnu --target=i686-linux-gnu
Thread model: posix
gcc version 4.6.3 (Ubuntu/Linaro 4.6.3-1ubuntu5) 
configure:13212: $? = 0
configure:13201: i686-linux-gnu-g++ -V >&5
i686-linux-gnu-g++: error: unrecognized option '-V'
i686-linux-gnu-g++: fatal error: no input files
compilation terminated.
configure:13212: $? = 4
configure:13201: i686-linux-gnu-g++ -qversion >&5
i686-linux-gnu-g++: error: unrecognized option '-qversion'
i686-linux-gnu-g++: fatal error: no input files
compilation terminated.
configure:13212: $? = 4
configure:13216: checking whether we are using the GNU C++ compiler
configure:13235: i686-linux-gnu-g++ -c  -I/home/shizhai/new_zhongwang/trunk/staging_dir/host/include conftest.cpp >&5
configure:13235: $? = 0
configure:13244: result: yes
configure:13253: checking whether i686-linux-gnu-g++ accepts -g
configure:13273: i686-linux-gnu-g++ -c -g -I/home/shizhai/new_zhongwang/trunk/staging_dir/host/include conftest.cpp >&5
configure:13273: $? = 0
configure:13314: result: yes
configure:13339: checking dependency style of i686-linux-gnu-g++
configure:13450: result: gcc3
configure:13484: checking how to run the C++ preprocessor
configure:13511: i686-linux-gnu-g++ -E -I/home/shizhai/new_zhongwang/trunk/staging_dir/host/include conftest.cpp
configure:13511: $? = 0
configure:13525: i686-linux-gnu-g++ -E -I/home/shizhai/new_zhongwang/trunk/staging_dir/host/include conftest.cpp
conftest.cpp:46:28: fatal error: ac_nonexistent.h: No such file or directory
compilation terminated.
configure:13525: $? = 1
configure: failed program was:
| /* confdefs.h */
| #define PACKAGE_NAME "GNU Libtool"
| #define PACKAGE_TARNAME "libtool"
| #define PACKAGE_VERSION "2.4"
| #define PACKAGE_STRING "GNU Libtool 2.4"
| #define PACKAGE_BUGREPORT "bug-libtool@gnu.org"
| #define PACKAGE_URL "http://www.gnu.org/software/libtool/"
| #define PACKAGE "libtool"
| #define VERSION "2.4"
| #define STDC_HEADERS 1
| #define HAVE_SYS_TYPES_H 1
| #define HAVE_SYS_STAT_H 1
| #define HAVE_STDLIB_H 1
| #define HAVE_STRING_H 1
| #define HAVE_MEMORY_H 1
| #define HAVE_STRINGS_H 1
| #define HAVE_INTTYPES_H 1
| #define HAVE_STDINT_H 1
| #define HAVE_UNISTD_H 1
| #define HAVE_DLFCN_H 1
| #define LT_OBJDIR ".libs/"
| #define LT_MODULE_EXT ".so"
| #define LT_MODULE_PATH_VAR "LD_LIBRARY_PATH"
| #define HAVE_LIBDL 1
| #define HAVE_DLERROR 1
| #define HAVE_LIBDLLOADER 1
| #define HAVE_ARGZ_H 1
| #define HAVE_ERROR_T 1
| #define HAVE_ARGZ_ADD 1
| #define HAVE_ARGZ_APPEND 1
| #define HAVE_ARGZ_COUNT 1
| #define HAVE_ARGZ_CREATE_SEP 1
| #define HAVE_ARGZ_INSERT 1
| #define HAVE_ARGZ_NEXT 1
| #define HAVE_ARGZ_STRINGIFY 1
| #define HAVE_WORKING_ARGZ 1
| #define HAVE_PRELOADED_SYMBOLS 1
| #define HAVE_UNISTD_H 1
| #define HAVE_DIRENT_H 1
| #define HAVE_CLOSEDIR 1
| #define HAVE_OPENDIR 1
| #define HAVE_READDIR 1
| #define LT_LIBEXT "a"
| #define LT_LIBPREFIX "lib"
| /* end confdefs.h.  */
| #include <ac_nonexistent.h>
configure:13550: result: i686-linux-gnu-g++ -E
configure:13570: i686-linux-gnu-g++ -E -I/home/shizhai/new_zhongwang/trunk/staging_dir/host/include conftest.cpp
configure:13570: $? = 0
configure:13584: i686-linux-gnu-g++ -E -I/home/shizhai/new_zhongwang/trunk/staging_dir/host/include conftest.cpp
conftest.cpp:46:28: fatal error: ac_nonexistent.h: No such file or directory
compilation terminated.
configure:13584: $? = 1
configure: failed program was:
| /* confdefs.h */
| #define PACKAGE_NAME "GNU Libtool"
| #define PACKAGE_TARNAME "libtool"
| #define PACKAGE_VERSION "2.4"
| #define PACKAGE_STRING "GNU Libtool 2.4"
| #define PACKAGE_BUGREPORT "bug-libtool@gnu.org"
| #define PACKAGE_URL "http://www.gnu.org/software/libtool/"
| #define PACKAGE "libtool"
| #define VERSION "2.4"
| #define STDC_HEADERS 1
| #define HAVE_SYS_TYPES_H 1
| #define HAVE_SYS_STAT_H 1
| #define HAVE_STDLIB_H 1
| #define HAVE_STRING_H 1
| #define HAVE_MEMORY_H 1
| #define HAVE_STRINGS_H 1
| #define HAVE_INTTYPES_H 1
| #define HAVE_STDINT_H 1
| #define HAVE_UNISTD_H 1
| #define HAVE_DLFCN_H 1
| #define LT_OBJDIR ".libs/"
| #define LT_MODULE_EXT ".so"
| #define LT_MODULE_PATH_VAR "LD_LIBRARY_PATH"
| #define HAVE_LIBDL 1
| #define HAVE_DLERROR 1
| #define HAVE_LIBDLLOADER 1
| #define HAVE_ARGZ_H 1
| #define HAVE_ERROR_T 1
| #define HAVE_ARGZ_ADD 1
| #define HAVE_ARGZ_APPEND 1
| #define HAVE_ARGZ_COUNT 1
| #define HAVE_ARGZ_CREATE_SEP 1
| #define HAVE_ARGZ_INSERT 1
| #define HAVE_ARGZ_NEXT 1
| #define HAVE_ARGZ_STRINGIFY 1
| #define HAVE_WORKING_ARGZ 1
| #define HAVE_PRELOADED_SYMBOLS 1
| #define HAVE_UNISTD_H 1
| #define HAVE_DIRENT_H 1
| #define HAVE_CLOSEDIR 1
| #define HAVE_OPENDIR 1
| #define HAVE_READDIR 1
| #define LT_LIBEXT "a"
| #define LT_LIBPREFIX "lib"
| /* end confdefs.h.  */
| #include <ac_nonexistent.h>
configure:13753: checking for ld used by i686-linux-gnu-g++
configure:13820: result: /usr/bin/ld
configure:13827: checking if the linker (/usr/bin/ld) is GNU ld
configure:13842: result: yes
configure:13897: checking whether the i686-linux-gnu-g++ linker (/usr/bin/ld) supports shared libraries
configure:14901: result: yes
configure:14936: i686-linux-gnu-g++ -c -g -O2 -I/home/shizhai/new_zhongwang/trunk/staging_dir/host/include conftest.cpp >&5
configure:14939: $? = 0
configure:15459: checking for i686-linux-gnu-g++ option to produce PIC
configure:15466: result: -fPIC -DPIC
configure:15474: checking if i686-linux-gnu-g++ PIC flag -fPIC -DPIC works
configure:15492: i686-linux-gnu-g++ -c -g -O2 -I/home/shizhai/new_zhongwang/trunk/staging_dir/host/include -fPIC -DPIC -DPIC conftest.cpp >&5
configure:15496: $? = 0
configure:15509: result: yes
configure:15532: checking if i686-linux-gnu-g++ static flag -static works
configure:15560: result: yes
configure:15572: checking if i686-linux-gnu-g++ supports -c -o file.o
configure:15593: i686-linux-gnu-g++ -c -g -O2 -I/home/shizhai/new_zhongwang/trunk/staging_dir/host/include -o out/conftest2.o conftest.cpp >&5
configure:15597: $? = 0
configure:15619: result: yes
configure:15624: checking if i686-linux-gnu-g++ supports -c -o file.o
configure:15671: result: yes
configure:15701: checking whether the i686-linux-gnu-g++ linker (/usr/bin/ld) supports shared libraries
configure:15735: result: yes
configure:15878: checking dynamic linker characteristics
configure:16548: result: GNU/Linux ld.so
configure:16601: checking how to hardcode library paths into programs
configure:16626: result: immediate
configure:16675: checking for i686-linux-gnu-g77
configure:16705: result: no
configure:16675: checking for i686-linux-gnu-xlf
configure:16705: result: no
configure:16675: checking for i686-linux-gnu-f77
configure:16705: result: no
configure:16675: checking for i686-linux-gnu-frt
configure:16705: result: no
configure:16675: checking for i686-linux-gnu-pgf77
configure:16705: result: no
configure:16675: checking for i686-linux-gnu-cf77
configure:16705: result: no
configure:16675: checking for i686-linux-gnu-fort77
configure:16705: result: no
configure:16675: checking for i686-linux-gnu-fl32
configure:16705: result: no
configure:16675: checking for i686-linux-gnu-af77
configure:16705: result: no
configure:16675: checking for i686-linux-gnu-xlf90
configure:16705: result: no
configure:16675: checking for i686-linux-gnu-f90
configure:16705: result: no
configure:16675: checking for i686-linux-gnu-pgf90
configure:16705: result: no
configure:16675: checking for i686-linux-gnu-pghpf
configure:16705: result: no
configure:16675: checking for i686-linux-gnu-epcf90
configure:16705: result: no
configure:16675: checking for i686-linux-gnu-gfortran
configure:16705: result: no
configure:16675: checking for i686-linux-gnu-g95
configure:16705: result: no
configure:16675: checking for i686-linux-gnu-xlf95
configure:16705: result: no
configure:16675: checking for i686-linux-gnu-f95
configure:16705: result: no
configure:16675: checking for i686-linux-gnu-fort
configure:16705: result: no
configure:16675: checking for i686-linux-gnu-ifort
configure:16705: result: no
configure:16675: checking for i686-linux-gnu-ifc
configure:16705: result: no
configure:16675: checking for i686-linux-gnu-efc
configure:16705: result: no
configure:16675: checking for i686-linux-gnu-pgfortran
configure:16705: result: no
configure:16675: checking for i686-linux-gnu-pgf95
configure:16705: result: no
configure:16675: checking for i686-linux-gnu-lf95
configure:16705: result: no
configure:16675: checking for i686-linux-gnu-ftn
configure:16705: result: no
configure:16719: checking for g77
configure:16749: result: no
configure:16719: checking for xlf
configure:16749: result: no
configure:16719: checking for f77
configure:16749: result: no
configure:16719: checking for frt
configure:16749: result: no
configure:16719: checking for pgf77
configure:16749: result: no
configure:16719: checking for cf77
configure:16749: result: no
configure:16719: checking for fort77
configure:16749: result: no
configure:16719: checking for fl32
configure:16749: result: no
configure:16719: checking for af77
configure:16749: result: no
configure:16719: checking for xlf90
configure:16749: result: no
configure:16719: checking for f90
configure:16749: result: no
configure:16719: checking for pgf90
configure:16749: result: no
configure:16719: checking for pghpf
configure:16749: result: no
configure:16719: checking for epcf90
configure:16749: result: no
configure:16719: checking for gfortran
configure:16749: result: no
configure:16719: checking for g95
configure:16749: result: no
configure:16719: checking for xlf95
configure:16749: result: no
configure:16719: checking for f95
configure:16749: result: no
configure:16719: checking for fort
configure:16749: result: no
configure:16719: checking for ifort
configure:16749: result: no
configure:16719: checking for ifc
configure:16749: result: no
configure:16719: checking for efc
configure:16749: result: no
configure:16719: checking for pgfortran
configure:16749: result: no
configure:16719: checking for pgf95
configure:16749: result: no
configure:16719: checking for lf95
configure:16749: result: no
configure:16719: checking for ftn
configure:16749: result: no
configure:16772: checking for Fortran 77 compiler version
configure:16781:  --version >&5
./configure: line 16783: --version: command not found
configure:16792: $? = 127
configure:16781:  -v >&5
./configure: line 16783: -v: command not found
configure:16792: $? = 127
configure:16781:  -V >&5
./configure: line 16783: -V: command not found
configure:16792: $? = 127
configure:16781:  -qversion >&5
./configure: line 16783: -qversion: command not found
configure:16792: $? = 127
configure:16801: checking whether we are using the GNU Fortran 77 compiler
configure:16814:  -c  conftest.F >&5
./configure: line 2052: -c: command not found
configure:16814: $? = 127
configure: failed program was:
|       program main
| #ifndef __GNUC__
|        choke me
| #endif
| 
|       end
configure:16823: result: no
configure:16829: checking whether  accepts -g
configure:16840:  -c -g conftest.f >&5
./configure: line 2052: -c: command not found
configure:16840: $? = 127
configure: failed program was:
|       program main
| 
|       end
configure:16848: result: no
configure:19597: checking for i686-linux-gnu-gfortran
configure:19627: result: no
configure:19597: checking for i686-linux-gnu-g95
configure:19627: result: no
configure:19597: checking for i686-linux-gnu-xlf95
configure:19627: result: no
configure:19597: checking for i686-linux-gnu-f95
configure:19627: result: no
configure:19597: checking for i686-linux-gnu-fort
configure:19627: result: no
configure:19597: checking for i686-linux-gnu-ifort
configure:19627: result: no
configure:19597: checking for i686-linux-gnu-ifc
configure:19627: result: no
configure:19597: checking for i686-linux-gnu-efc
configure:19627: result: no
configure:19597: checking for i686-linux-gnu-pgfortran
configure:19627: result: no
configure:19597: checking for i686-linux-gnu-pgf95
configure:19627: result: no
configure:19597: checking for i686-linux-gnu-lf95
configure:19627: result: no
configure:19597: checking for i686-linux-gnu-ftn
configure:19627: result: no
configure:19597: checking for i686-linux-gnu-xlf90
configure:19627: result: no
configure:19597: checking for i686-linux-gnu-f90
configure:19627: result: no
configure:19597: checking for i686-linux-gnu-pgf90
configure:19627: result: no
configure:19597: checking for i686-linux-gnu-pghpf
configure:19627: result: no
configure:19597: checking for i686-linux-gnu-epcf90
configure:19627: result: no
configure:19597: checking for i686-linux-gnu-g77
configure:19627: result: no
configure:19597: checking for i686-linux-gnu-xlf
configure:19627: result: no
configure:19597: checking for i686-linux-gnu-f77
configure:19627: result: no
configure:19597: checking for i686-linux-gnu-frt
configure:19627: result: no
configure:19597: checking for i686-linux-gnu-pgf77
configure:19627: result: no
configure:19597: checking for i686-linux-gnu-cf77
configure:19627: result: no
configure:19597: checking for i686-linux-gnu-fort77
configure:19627: result: no
configure:19597: checking for i686-linux-gnu-fl32
configure:19627: result: no
configure:19597: checking for i686-linux-gnu-af77
configure:19627: result: no
configure:19641: checking for gfortran
configure:19671: result: no
configure:19641: checking for g95
configure:19671: result: no
configure:19641: checking for xlf95
configure:19671: result: no
configure:19641: checking for f95
configure:19671: result: no
configure:19641: checking for fort
configure:19671: result: no
configure:19641: checking for ifort
configure:19671: result: no
configure:19641: checking for ifc
configure:19671: result: no
configure:19641: checking for efc
configure:19671: result: no
configure:19641: checking for pgfortran
configure:19671: result: no
configure:19641: checking for pgf95
configure:19671: result: no
configure:19641: checking for lf95
configure:19671: result: no
configure:19641: checking for ftn
configure:19671: result: no
configure:19641: checking for xlf90
configure:19671: result: no
configure:19641: checking for f90
configure:19671: result: no
configure:19641: checking for pgf90
configure:19671: result: no
configure:19641: checking for pghpf
configure:19671: result: no
configure:19641: checking for epcf90
configure:19671: result: no
configure:19641: checking for g77
configure:19671: result: no
configure:19641: checking for xlf
configure:19671: result: no
configure:19641: checking for f77
configure:19671: result: no
configure:19641: checking for frt
configure:19671: result: no
configure:19641: checking for pgf77
configure:19671: result: no
configure:19641: checking for cf77
configure:19671: result: no
configure:19641: checking for fort77
configure:19671: result: no
configure:19641: checking for fl32
configure:19671: result: no
configure:19641: checking for af77
configure:19671: result: no
configure:19694: checking for Fortran compiler version
configure:19703:  --version >&5
./configure: line 19705: --version: command not found
configure:19714: $? = 127
configure:19703:  -v >&5
./configure: line 19705: -v: command not found
configure:19714: $? = 127
configure:19703:  -V >&5
./configure: line 19705: -V: command not found
configure:19714: $? = 127
configure:19703:  -qversion >&5
./configure: line 19705: -qversion: command not found
configure:19714: $? = 127
configure:19723: checking whether we are using the GNU Fortran compiler
configure:19736:  -c   conftest.F >&5
./configure: line 2136: -c: command not found
configure:19736: $? = 127
configure: failed program was:
|       program main
| #ifndef __GNUC__
|        choke me
| #endif
| 
|       end
configure:19745: result: no
configure:19751: checking whether  accepts -g
configure:19762:  -c -g  conftest.f >&5
./configure: line 2136: -c: command not found
configure:19762: $? = 127
configure: failed program was:
|       program main
| 
|       end
configure:19770: result: no
configure:22655: checking for i686-linux-gnu-gcj
configure:22685: result: no
configure:22695: checking for gcj
configure:22725: result: no
configure:24741: checking for i686-linux-gnu-windres
configure:24771: result: no
configure:24781: checking for windres
configure:24811: result: no
configure:24963: checking whether make supports order-only prerequisites
configure:24987: result: yes
configure:25171: creating ./config.status

## ---------------- ##
## Cache variables. ##
## ---------------- ##

ac_cv_build=i686-pc-linux-gnu
ac_cv_c_compiler_gnu=yes
ac_cv_cxx_compiler_gnu=yes
ac_cv_env_CCC_set=
ac_cv_env_CCC_value=
ac_cv_env_CC_set=set
ac_cv_env_CC_value=gcc
ac_cv_env_CFLAGS_set=set
ac_cv_env_CFLAGS_value='-O2 -I/home/shizhai/new_zhongwang/trunk/staging_dir/host/include'
ac_cv_env_CPPFLAGS_set=set
ac_cv_env_CPPFLAGS_value=-I/home/shizhai/new_zhongwang/trunk/staging_dir/host/include
ac_cv_env_CPP_set=
ac_cv_env_CPP_value=
ac_cv_env_CXXCPP_set=
ac_cv_env_CXXCPP_value=
ac_cv_env_CXXFLAGS_set=
ac_cv_env_CXXFLAGS_value=
ac_cv_env_CXX_set=
ac_cv_env_CXX_value=
ac_cv_env_F77_set=
ac_cv_env_F77_value=
ac_cv_env_FCFLAGS_set=
ac_cv_env_FCFLAGS_value=
ac_cv_env_FC_set=
ac_cv_env_FC_value=
ac_cv_env_FFLAGS_set=
ac_cv_env_FFLAGS_value=
ac_cv_env_LDFLAGS_set=set
ac_cv_env_LDFLAGS_value=-L/home/shizhai/new_zhongwang/trunk/staging_dir/host/lib
ac_cv_env_LIBS_set=
ac_cv_env_LIBS_value=
ac_cv_env_build_alias_set=set
ac_cv_env_build_alias_value=i686-linux-gnu
ac_cv_env_host_alias_set=set
ac_cv_env_host_alias_value=i686-linux-gnu
ac_cv_env_target_alias_set=set
ac_cv_env_target_alias_value=i686-linux-gnu
ac_cv_f77_compiler_gnu=no
ac_cv_fc_compiler_gnu=no
ac_cv_func_argz_add=yes
ac_cv_func_argz_append=yes
ac_cv_func_argz_count=yes
ac_cv_func_argz_create_sep=yes
ac_cv_func_argz_insert=yes
ac_cv_func_argz_next=yes
ac_cv_func_argz_stringify=yes
ac_cv_func_closedir=yes
ac_cv_func_dlerror=yes
ac_cv_func_dlopen=no
ac_cv_func_opendir=yes
ac_cv_func_readdir=yes
ac_cv_func_shl_load=no
ac_cv_func_strlcat=no
ac_cv_func_strlcpy=no
ac_cv_header_argz_h=yes
ac_cv_header_dirent_h=yes
ac_cv_header_dl_h=no
ac_cv_header_dld_h=no
ac_cv_header_dlfcn_h=yes
ac_cv_header_inttypes_h=yes
ac_cv_header_mach_o_dyld_h=no
ac_cv_header_memory_h=yes
ac_cv_header_stdc=yes
ac_cv_header_stdint_h=yes
ac_cv_header_stdlib_h=yes
ac_cv_header_string_h=yes
ac_cv_header_strings_h=yes
ac_cv_header_sys_dl_h=no
ac_cv_header_sys_stat_h=yes
ac_cv_header_sys_types_h=yes
ac_cv_header_unistd_h=yes
ac_cv_host=i686-pc-linux-gnu
ac_cv_lib_dl_dlopen=yes
ac_cv_lib_dld_dld_link=no
ac_cv_lib_dld_shl_load=no
ac_cv_objext=o
ac_cv_path_EGREP='/home/shizhai/new_zhongwang/trunk/staging_dir/host/bin/grep -E'
ac_cv_path_FGREP='/home/shizhai/new_zhongwang/trunk/staging_dir/host/bin/grep -F'
ac_cv_path_GREP=/home/shizhai/new_zhongwang/trunk/staging_dir/host/bin/grep
ac_cv_path_SED=/home/shizhai/new_zhongwang/trunk/staging_dir/host/bin/sed
ac_cv_path_install='/usr/bin/install -c'
ac_cv_path_mkdir=/bin/mkdir
ac_cv_prog_AWK=gawk
ac_cv_prog_CC=gcc
ac_cv_prog_CPP='gcc -E'
ac_cv_prog_CXX=i686-linux-gnu-g++
ac_cv_prog_CXXCPP='i686-linux-gnu-g++ -E'
ac_cv_prog_ac_ct_AR=ar
ac_cv_prog_ac_ct_MANIFEST_TOOL=mt
ac_cv_prog_ac_ct_OBJDUMP=objdump
ac_cv_prog_ac_ct_RANLIB=ranlib
ac_cv_prog_ac_ct_STRIP=strip
ac_cv_prog_cc_c89=
ac_cv_prog_cc_g=yes
ac_cv_prog_cc_gcc_c_o=yes
ac_cv_prog_cxx_g=yes
ac_cv_prog_f77_g=no
ac_cv_prog_fc_g=no
ac_cv_prog_make_make_set=yes
ac_cv_search_dlopen=-ldl
ac_cv_type_error_t=yes
am_cv_CC_dependencies_compiler_type=gcc3
am_cv_CXX_dependencies_compiler_type=gcc3
libltdl_cv_lib_dl_dlopen=yes
libltdl_cv_preloaded_symbols=yes
libltdl_cv_shlibext=.so
lt_cv_ar_at_file=@
lt_cv_archive_cmds_need_lc=no
lt_cv_deplibs_check_method=pass_all
lt_cv_dlopen=dlopen
lt_cv_dlopen_libs=-ldl
lt_cv_dlopen_self=yes
lt_cv_dlopen_self_static=no
lt_cv_file_magic_cmd='$MAGIC_CMD'
lt_cv_file_magic_test_file=
lt_cv_ld_reload_flag=-r
lt_cv_make_order_only=yes
lt_cv_module_path_var=LD_LIBRARY_PATH
lt_cv_nm_interface='BSD nm'
lt_cv_objdir=.libs
lt_cv_path_LD=/usr/bin/ld
lt_cv_path_LDCXX=/usr/bin/ld
lt_cv_path_NM='/usr/bin/nm -B'
lt_cv_path_mainfest_tool=no
lt_cv_prog_compiler_c_o=yes
lt_cv_prog_compiler_c_o_CXX=yes
lt_cv_prog_compiler_c_o_RC=yes
lt_cv_prog_compiler_pic='-fPIC -DPIC'
lt_cv_prog_compiler_pic_CXX='-fPIC -DPIC'
lt_cv_prog_compiler_pic_works=yes
lt_cv_prog_compiler_pic_works_CXX=yes
lt_cv_prog_compiler_rtti_exceptions=no
lt_cv_prog_compiler_static_works=yes
lt_cv_prog_compiler_static_works_CXX=yes
lt_cv_prog_gnu_ld=yes
lt_cv_prog_gnu_ldcxx=yes
lt_cv_sharedlib_from_linklib_cmd='printf %s\n'
lt_cv_shlibpath_overrides_runpath=no
lt_cv_sys_argz_works=yes
lt_cv_sys_dlopen_deplibs=yes
lt_cv_sys_dlsearch_path=
lt_cv_sys_global_symbol_pipe='sed -n -e '\''s/^.*[	 ]\([ABCDGIRSTW][ABCDGIRSTW]*\)[	 ][	 ]*\([_A-Za-z][_A-Za-z0-9]*\)$/\1 \2 \2/p'\'' | sed '\''/ __gnu_lto/d'\'''
lt_cv_sys_global_symbol_to_c_name_address='sed -n -e '\''s/^: \([^ ]*\)[ ]*$/  {\"\1\", (void *) 0},/p'\'' -e '\''s/^[ABCDGIRSTW]* \([^ ]*\) \([^ ]*\)$/  {"\2", (void *) \&\2},/p'\'''
lt_cv_sys_global_symbol_to_c_name_address_lib_prefix='sed -n -e '\''s/^: \([^ ]*\)[ ]*$/  {\"\1\", (void *) 0},/p'\'' -e '\''s/^[ABCDGIRSTW]* \([^ ]*\) \(lib[^ ]*\)$/  {"\2", (void *) \&\2},/p'\'' -e '\''s/^[ABCDGIRSTW]* \([^ ]*\) \([^ ]*\)$/  {"lib\2", (void *) \&\2},/p'\'''
lt_cv_sys_global_symbol_to_cdecl='sed -n -e '\''s/^T .* \(.*\)$/extern int \1();/p'\'' -e '\''s/^[ABCDGIRSTW]* .* \(.*\)$/extern char \1;/p'\'''
lt_cv_sys_max_cmd_len=805306365
lt_cv_sys_symbol_underscore=no
lt_cv_to_host_file_cmd=func_convert_file_noop
lt_cv_to_tool_file_cmd=func_convert_file_noop

## ----------------- ##
## Output variables. ##
## ----------------- ##

ACLOCAL='${SHELL} /home/shizhai/new_zhongwang/trunk/build_dir/host/libtool-2.4/libltdl/config/missing --run aclocal-1.11'
AMDEPBACKSLASH='\'
AMDEP_FALSE='#'
AMDEP_TRUE=''
AMTAR='$${TAR-tar}'
AR='ar'
ARGZ_H=''
AS='as'
AUTOCONF='${SHELL} /home/shizhai/new_zhongwang/trunk/build_dir/host/libtool-2.4/libltdl/config/missing --run autoconf'
AUTOHEADER='${SHELL} /home/shizhai/new_zhongwang/trunk/build_dir/host/libtool-2.4/libltdl/config/missing --run autoheader'
AUTOM4TE='autom4te'
AUTOMAKE='${SHELL} /home/shizhai/new_zhongwang/trunk/build_dir/host/libtool-2.4/libltdl/config/missing --run automake-1.11'
AUTOTEST='$(AUTOM4TE) --language=autotest'
AWK='gawk'
CC='gcc'
CCDEPMODE='depmode=gcc3'
CFLAGS='-O2 -I/home/shizhai/new_zhongwang/trunk/staging_dir/host/include'
CONFIG_STATUS_DEPENDENCIES='$(top_srcdir)/ChangeLog'
CONF_SUBDIRS='tests/cdemo tests/demo tests/depdemo tests/f77demo tests/fcdemo 	tests/mdemo tests/mdemo2 tests/pdemo tests/tagdemo'
CONVENIENCE_LTDL_FALSE=''
CONVENIENCE_LTDL_TRUE='#'
CPP='gcc -E'
CPPFLAGS='-I/home/shizhai/new_zhongwang/trunk/staging_dir/host/include'
CXX='i686-linux-gnu-g++'
CXXCPP='i686-linux-gnu-g++ -E'
CXXDEPMODE='depmode=gcc3'
CXXFLAGS='-g -O2'
CYGPATH_W='echo'
DEFS='-DHAVE_CONFIG_H'
DEPDIR='.deps'
DIST_MAKEFILE_LIST='tests/cdemo/Makefile tests/demo/Makefile tests/depdemo/Makefile tests/f77demo/Makefile tests/fcdemo/Makefile tests/mdemo/Makefile tests/mdemo2/Makefile tests/pdemo/Makefile tests/tagdemo/Makefile '
DLLTOOL='false'
DSYMUTIL=''
DUMPBIN=''
ECHO_C=''
ECHO_N='-n'
ECHO_T=''
EGREP='/home/shizhai/new_zhongwang/trunk/staging_dir/host/bin/grep -E'
EXEEXT=''
F77=''
FC=''
FCFLAGS=''
FFLAGS=''
FGREP='/home/shizhai/new_zhongwang/trunk/staging_dir/host/bin/grep -F'
GCJ=''
GCJFLAGS='-g -O2'
GREP='/home/shizhai/new_zhongwang/trunk/staging_dir/host/bin/grep'
HAVE_CXX_FALSE='#'
HAVE_CXX_TRUE=''
HAVE_F77_FALSE=''
HAVE_F77_TRUE='#'
HAVE_FC_FALSE=''
HAVE_FC_TRUE='#'
HAVE_GCJ_FALSE=''
HAVE_GCJ_TRUE='#'
HAVE_RC_FALSE=''
HAVE_RC_TRUE='#'
HELP2MAN='${SHELL} /home/shizhai/new_zhongwang/trunk/build_dir/host/libtool-2.4/libltdl/config/missing --run help2man'
INSTALL_DATA='${INSTALL} -m 644'
INSTALL_LTDL_FALSE='#'
INSTALL_LTDL_TRUE=''
INSTALL_PROGRAM='${INSTALL}'
INSTALL_SCRIPT='${INSTALL}'
INSTALL_STRIP_PROGRAM='$(install_sh) -c -s'
LASTRELEASE=''
LD='/usr/bin/ld'
LDFLAGS='-L/home/shizhai/new_zhongwang/trunk/staging_dir/host/lib'
LIBADD_DL='-ldl '
LIBADD_DLD_LINK=''
LIBADD_DLOPEN='-ldl'
LIBADD_SHL_LOAD=''
LIBOBJS=' ${LIBOBJDIR}lt__strl$U.o'
LIBS='-ldl '
LIBTOOL='$(SHELL) $(top_builddir)/libtool'
LIPO=''
LN_S='ln -s'
LTDLOPEN='libltdl'
LTLIBOBJS=' ${LIBOBJDIR}lt__strl$U.lo'
LT_CONFIG_H='config.h'
LT_DLLOADERS=' libltdl/dlopen.la'
LT_DLPREOPEN='-dlpreopen libltdl/dlopen.la '
M4SH='$(AUTOM4TE) --language=m4sh'
MAKEINFO='${SHELL} /home/shizhai/new_zhongwang/trunk/build_dir/host/libtool-2.4/libltdl/config/missing --run makeinfo'
MANIFEST_TOOL=':'
MKDIR_P='/bin/mkdir -p'
NM='/usr/bin/nm -B'
NMEDIT=''
OBJDUMP='objdump'
OBJEXT='o'
ORDER='|'
OTOOL64=''
OTOOL=''
PACKAGE='libtool'
PACKAGE_BUGREPORT='bug-libtool@gnu.org'
PACKAGE_NAME='GNU Libtool'
PACKAGE_STRING='GNU Libtool 2.4'
PACKAGE_TARNAME='libtool'
PACKAGE_URL='http://www.gnu.org/software/libtool/'
PACKAGE_VERSION='2.4'
PATH_SEPARATOR=':'
RANLIB='ranlib'
RC=''
SED='/home/shizhai/new_zhongwang/trunk/staging_dir/host/bin/sed'
SET_MAKE=''
SHELL='/bin/bash'
STRIP='strip'
TIMESTAMP=''
VERSION='2.4'
ac_ct_AR='ar'
ac_ct_CC=''
ac_ct_CXX=''
ac_ct_DUMPBIN=''
ac_ct_F77=''
ac_ct_FC=''
aclocaldir='${datadir}/aclocal'
am__EXEEXT_FALSE=''
am__EXEEXT_TRUE='#'
am__fastdepCC_FALSE='#'
am__fastdepCC_TRUE=''
am__fastdepCXX_FALSE='#'
am__fastdepCXX_TRUE=''
am__include='include'
am__isrc=''
am__leading_dot='.'
am__nodep='_no'
am__quote=''
am__tar='$${TAR-tar} chof - "$$tardir"'
am__untar='$${TAR-tar} xf -'
bindir='${exec_prefix}/bin'
build='i686-pc-linux-gnu'
build_alias='i686-linux-gnu'
build_cpu='i686'
build_os='linux-gnu'
build_vendor='pc'
datadir='${datarootdir}'
datarootdir='${prefix}/share'
docdir='${datarootdir}/doc/${PACKAGE_TARNAME}'
dvidir='${docdir}'
exec_prefix='/home/shizhai/new_zhongwang/trunk/staging_dir/host'
host='i686-pc-linux-gnu'
host_alias='i686-linux-gnu'
host_cpu='i686'
host_os='linux-gnu'
host_vendor='pc'
htmldir='${docdir}'
includedir='${prefix}/include'
infodir='${datarootdir}/info'
install_sh='${SHELL} /home/shizhai/new_zhongwang/trunk/build_dir/host/libtool-2.4/libltdl/config/install-sh'
libdir='${exec_prefix}/lib'
libexecdir='${exec_prefix}/libexec'
localedir='${datarootdir}/locale'
localstatedir='/home/shizhai/new_zhongwang/trunk/staging_dir/host/var'
mandir='${datarootdir}/man'
mkdir_p='/bin/mkdir -p'
oldincludedir='/usr/include'
package_revision='1.3293'
pdfdir='${docdir}'
pkgdatadir='${datadir}/libtool'
prefix='/home/shizhai/new_zhongwang/trunk/staging_dir/host'
program_transform_name='s&$$&&;s&^&&'
psdir='${docdir}'
sbindir='/home/shizhai/new_zhongwang/trunk/staging_dir/host/bin'
sharedstatedir='${prefix}/com'
sys_symbol_underscore='no'
sysconfdir='/home/shizhai/new_zhongwang/trunk/staging_dir/host/etc'
target_alias='i686-linux-gnu'
to_host_file_cmd='func_convert_file_noop'
to_tool_file_cmd='func_convert_file_noop'

## ----------- ##
## confdefs.h. ##
## ----------- ##

/* confdefs.h */
#define PACKAGE_NAME "GNU Libtool"
#define PACKAGE_TARNAME "libtool"
#define PACKAGE_VERSION "2.4"
#define PACKAGE_STRING "GNU Libtool 2.4"
#define PACKAGE_BUGREPORT "bug-libtool@gnu.org"
#define PACKAGE_URL "http://www.gnu.org/software/libtool/"
#define PACKAGE "libtool"
#define VERSION "2.4"
#define STDC_HEADERS 1
#define HAVE_SYS_TYPES_H 1
#define HAVE_SYS_STAT_H 1
#define HAVE_STDLIB_H 1
#define HAVE_STRING_H 1
#define HAVE_MEMORY_H 1
#define HAVE_STRINGS_H 1
#define HAVE_INTTYPES_H 1
#define HAVE_STDINT_H 1
#define HAVE_UNISTD_H 1
#define HAVE_DLFCN_H 1
#define LT_OBJDIR ".libs/"
#define LT_MODULE_EXT ".so"
#define LT_MODULE_PATH_VAR "LD_LIBRARY_PATH"
#define HAVE_LIBDL 1
#define HAVE_DLERROR 1
#define HAVE_LIBDLLOADER 1
#define HAVE_ARGZ_H 1
#define HAVE_ERROR_T 1
#define HAVE_ARGZ_ADD 1
#define HAVE_ARGZ_APPEND 1
#define HAVE_ARGZ_COUNT 1
#define HAVE_ARGZ_CREATE_SEP 1
#define HAVE_ARGZ_INSERT 1
#define HAVE_ARGZ_NEXT 1
#define HAVE_ARGZ_STRINGIFY 1
#define HAVE_WORKING_ARGZ 1
#define HAVE_PRELOADED_SYMBOLS 1
#define HAVE_UNISTD_H 1
#define HAVE_DIRENT_H 1
#define HAVE_CLOSEDIR 1
#define HAVE_OPENDIR 1
#define HAVE_READDIR 1
#define LT_LIBEXT "a"
#define LT_LIBPREFIX "lib"

configure: exit 0

## ---------------------- ##
## Running config.status. ##
## ---------------------- ##

This file was extended by GNU Libtool config.status 2.4, which was
generated by GNU Autoconf 2.68.  Invocation command line was

  CONFIG_FILES    = 
  CONFIG_HEADERS  = 
  CONFIG_LINKS    = 
  CONFIG_COMMANDS = 
  $ ./config.status 

on shizhai-Founder-PC

config.status:1434: creating Makefile
config.status:1434: creating config.h
config.status:1615: config.h is unchanged
config.status:1663: executing tests/atconfig commands
config.status:1663: executing depfiles commands
config.status:1663: executing libtool commands

## ---------------------- ##
## Running config.status. ##
## ---------------------- ##

This file was extended by GNU Libtool config.status 2.4, which was
generated by GNU Autoconf 2.68.  Invocation command line was

  CONFIG_FILES    = 
  CONFIG_HEADERS  = 
  CONFIG_LINKS    = 
  CONFIG_COMMANDS = 
  $ ./config.status config.h

on shizhai-Founder-PC

config.status:1434: creating config.h
config.status:1615: config.h is unchanged
