This file contains any messages produced by compilers while
running configure, to aid debugging if configure makes a mistake.

It was created by configure, which was
generated by GNU Autoconf 2.64.  Invocation command line was

  $ /home/shizhai/new_zhongwang/trunk/build_dir/toolchain-mips_r2_gcc-4.6-linaro_uClibc-0.9.33.2/binutils-2.22/etc/configure --cache-file=./config.cache --with-gnu-as --with-gnu-ld --with-system-zlib --with-stabs --prefix=/home/shizhai/new_zhongwang/trunk/staging_dir/toolchain-mips_r2_gcc-4.6-linaro_uClibc-0.9.33.2 --with-sysroot=/home/shizhai/new_zhongwang/trunk/staging_dir/toolchain-mips_r2_gcc-4.6-linaro_uClibc-0.9.33.2 --disable-multilib --disable-werror --disable-nls --with-float=soft --disable-libssp --program-transform-name=s&^&mips-openwrt-linux-uclibc-& --disable-option-checking --build=i686-linux-gnu --host=i686-linux-gnu --target=mips-openwrt-linux-uclibc --srcdir=.././etc

## --------- ##
## Platform. ##
## --------- ##

hostname = shizhai-Founder-PC
uname -m = i686
uname -r = 3.2.0-67-generic-pae
uname -s = Linux
uname -v = #101-Ubuntu SMP Tue Jul 15 18:04:54 UTC 2014

/usr/bin/uname -p = unknown
/bin/uname -X     = unknown

/bin/arch              = unknown
/usr/bin/arch -k       = unknown
/usr/convex/getsysinfo = unknown
/usr/bin/hostinfo      = unknown
/bin/machine           = unknown
/usr/bin/oslevel       = unknown
/bin/universe          = unknown

PATH: /home/shizhai/new_zhongwang/trunk/staging_dir/toolchain-mips_r2_gcc-4.6-linaro_uClibc-0.9.33.2/bin
PATH: /home/shizhai/new_zhongwang/trunk/staging_dir/host/bin
PATH: /home/shizhai/new_zhongwang/trunk/staging_dir/toolchain-mips_r2_gcc-4.6-linaro_uClibc-0.9.33.2/bin
PATH: /home/shizhai/new_zhongwang/trunk/staging_dir/host/bin
PATH: /home/shizhai/new_zhongwang/trunk/staging_dir/toolchain-mips_r2_gcc-4.6-linaro_uClibc-0.9.33.2/bin
PATH: /home/shizhai/new_zhongwang/trunk/staging_dir/host/bin
PATH: /usr/lib/lightdm/lightdm
PATH: /usr/local/sbin
PATH: /usr/local/bin
PATH: /usr/sbin
PATH: /usr/bin
PATH: /sbin
PATH: /bin
PATH: /usr/games
PATH: /usr/local/mips/OpenWrt-Toolchain-ar71xx-for-mips_r2-gcc-4.6-linaro_uClibc-0.9.33.2/toolchain-mips_r2_gcc-4.6-linaro_uClibc-0.9.33.2/bin


## ----------- ##
## Core tests. ##
## ----------- ##

configure:1572: creating cache ./config.cache
configure:1683: checking for a BSD-compatible install
configure:1751: result: /usr/bin/install -c
configure:1850: updating cache ./config.cache
configure:1923: creating ./config.status

## ---------------------- ##
## Running config.status. ##
## ---------------------- ##

This file was extended by config.status, which was
generated by GNU Autoconf 2.64.  Invocation command line was

  CONFIG_FILES    = 
  CONFIG_HEADERS  = 
  CONFIG_LINKS    = 
  CONFIG_COMMANDS = 
  $ ./config.status 

on shizhai-Founder-PC

config.status:715: creating Makefile

## ---------------- ##
## Cache variables. ##
## ---------------- ##

ac_cv_env_build_alias_set=set
ac_cv_env_build_alias_value=i686-linux-gnu
ac_cv_env_host_alias_set=set
ac_cv_env_host_alias_value=i686-linux-gnu
ac_cv_env_target_alias_set=set
ac_cv_env_target_alias_value=mips-openwrt-linux-uclibc

## ----------------- ##
## Output variables. ##
## ----------------- ##

DEFS='-DPACKAGE_NAME=\"\" -DPACKAGE_TARNAME=\"\" -DPACKAGE_VERSION=\"\" -DPACKAGE_STRING=\"\" -DPACKAGE_BUGREPORT=\"\" -DPACKAGE_URL=\"\"'
ECHO_C=''
ECHO_N='-n'
ECHO_T=''
INSTALL_DATA='/usr/bin/install -c -m 644'
INSTALL_PROGRAM='/usr/bin/install -c'
INSTALL_SCRIPT='/usr/bin/install -c'
LIBOBJS=''
LIBS=''
LTLIBOBJS=''
MAINT='#'
PACKAGE_BUGREPORT=''
PACKAGE_NAME=''
PACKAGE_STRING=''
PACKAGE_TARNAME=''
PACKAGE_URL=''
PACKAGE_VERSION=''
PATH_SEPARATOR=':'
SHELL='/bin/bash'
bindir='${exec_prefix}/bin'
build_alias='i686-linux-gnu'
datadir='${datarootdir}'
datarootdir='${prefix}/share'
docdir='${datarootdir}/doc/${PACKAGE}'
dvidir='${docdir}'
exec_prefix='${prefix}'
host_alias='i686-linux-gnu'
htmldir='${docdir}'
includedir='${prefix}/include'
infodir='${datarootdir}/info'
libdir='${exec_prefix}/lib'
libexecdir='${exec_prefix}/libexec'
localedir='${datarootdir}/locale'
localstatedir='${prefix}/var'
mandir='${datarootdir}/man'
oldincludedir='/usr/include'
pdfdir='${docdir}'
prefix='/home/shizhai/new_zhongwang/trunk/staging_dir/toolchain-mips_r2_gcc-4.6-linaro_uClibc-0.9.33.2'
program_transform_name='s&^&mips-openwrt-linux-uclibc-&'
psdir='${docdir}'
sbindir='${exec_prefix}/sbin'
sharedstatedir='${prefix}/com'
sysconfdir='${prefix}/etc'
target_alias='mips-openwrt-linux-uclibc'

## ----------- ##
## confdefs.h. ##
## ----------- ##

/* confdefs.h */
#define PACKAGE_NAME ""
#define PACKAGE_TARNAME ""
#define PACKAGE_VERSION ""
#define PACKAGE_STRING ""
#define PACKAGE_BUGREPORT ""
#define PACKAGE_URL ""

configure: exit 0
