This file contains any messages produced by compilers while
running configure, to aid debugging if configure makes a mistake.

It was created by opkg configure 0.1.8, which was
generated by GNU Autoconf 2.68.  Invocation command line was

  $ ./configure CC=gcc CFLAGS=-O2 -I/home/shizhai/new_zhongwang/trunk/staging_dir/host/include CPPFLAGS=-I/home/shizhai/new_zhongwang/trunk/staging_dir/host/include LDFLAGS=-L/home/shizhai/new_zhongwang/trunk/staging_dir/host/lib SHELL=/bin/bash --target=i686-linux-gnu --host=i686-linux-gnu --build=i686-linux-gnu --program-prefix= --program-suffix= --prefix=/home/shizhai/new_zhongwang/trunk/staging_dir/host --exec-prefix=/home/shizhai/new_zhongwang/trunk/staging_dir/host --sysconfdir=/home/shizhai/new_zhongwang/trunk/staging_dir/host/etc --localstatedir=/home/shizhai/new_zhongwang/trunk/staging_dir/host/var --sbindir=/home/shizhai/new_zhongwang/trunk/staging_dir/host/bin --disable-curl --disable-gpg --with-opkgetcdir=/etc --with-opkglockfile=/tmp/opkg.lock

## --------- ##
## Platform. ##
## --------- ##

hostname = shizhai-Founder-PC
uname -m = i686
uname -r = 3.2.0-67-generic-pae
uname -s = Linux
uname -v = #101-Ubuntu SMP Tue Jul 15 18:04:54 UTC 2014

/usr/bin/uname -p = unknown
/bin/uname -X     = unknown

/bin/arch              = unknown
/usr/bin/arch -k       = unknown
/usr/convex/getsysinfo = unknown
/usr/bin/hostinfo      = unknown
/bin/machine           = unknown
/usr/bin/oslevel       = unknown
/bin/universe          = unknown

PATH: /home/shizhai/new_zhongwang/trunk/staging_dir/toolchain-mips_r2_gcc-4.6-linaro_uClibc-0.9.33.2/bin
PATH: /home/shizhai/new_zhongwang/trunk/staging_dir/host/bin
PATH: /home/shizhai/new_zhongwang/trunk/staging_dir/toolchain-mips_r2_gcc-4.6-linaro_uClibc-0.9.33.2/bin
PATH: /home/shizhai/new_zhongwang/trunk/staging_dir/host/bin
PATH: /home/shizhai/new_zhongwang/trunk/staging_dir/toolchain-mips_r2_gcc-4.6-linaro_uClibc-0.9.33.2/bin
PATH: /home/shizhai/new_zhongwang/trunk/staging_dir/host/bin
PATH: /usr/lib/lightdm/lightdm
PATH: /usr/local/sbin
PATH: /usr/local/bin
PATH: /usr/sbin
PATH: /usr/bin
PATH: /sbin
PATH: /bin
PATH: /usr/games
PATH: /usr/local/mips/OpenWrt-Toolchain-ar71xx-for-mips_r2-gcc-4.6-linaro_uClibc-0.9.33.2/toolchain-mips_r2_gcc-4.6-linaro_uClibc-0.9.33.2/bin


## ----------- ##
## Core tests. ##
## ----------- ##

configure:2412: checking for a BSD-compatible install
configure:2480: result: /usr/bin/install -c
configure:2491: checking whether build environment is sane
configure:2541: result: yes
configure:2682: checking for a thread-safe mkdir -p
configure:2721: result: /bin/mkdir -p
configure:2734: checking for gawk
configure:2750: found /usr/bin/gawk
configure:2761: result: gawk
configure:2772: checking whether make sets $(MAKE)
configure:2794: result: yes
configure:2881: checking build system type
configure:2895: result: i686-pc-linux-gnu
configure:2915: checking host system type
configure:2928: result: i686-pc-linux-gnu
configure:2960: checking for style of include used by make
configure:2988: result: GNU
configure:3019: checking for i686-linux-gnu-gcc
configure:3046: result: gcc
configure:3315: checking for C compiler version
configure:3324: gcc --version >&5
gcc (Ubuntu/Linaro 4.6.3-1ubuntu5) 4.6.3
Copyright (C) 2011 Free Software Foundation, Inc.
This is free software; see the source for copying conditions.  There is NO
warranty; not even for MERCHANTABILITY or FITNESS FOR A PARTICULAR PURPOSE.

configure:3335: $? = 0
configure:3324: gcc -v >&5
Using built-in specs.
COLLECT_GCC=gcc
COLLECT_LTO_WRAPPER=/usr/lib/gcc/i686-linux-gnu/4.6/lto-wrapper
Target: i686-linux-gnu
Configured with: ../src/configure -v --with-pkgversion='Ubuntu/Linaro 4.6.3-1ubuntu5' --with-bugurl=file:///usr/share/doc/gcc-4.6/README.Bugs --enable-languages=c,c++,fortran,objc,obj-c++ --prefix=/usr --program-suffix=-4.6 --enable-shared --enable-linker-build-id --with-system-zlib --libexecdir=/usr/lib --without-included-gettext --enable-threads=posix --with-gxx-include-dir=/usr/include/c++/4.6 --libdir=/usr/lib --enable-nls --with-sysroot=/ --enable-clocale=gnu --enable-libstdcxx-debug --enable-libstdcxx-time=yes --enable-gnu-unique-object --enable-plugin --enable-objc-gc --enable-targets=all --disable-werror --with-arch-32=i686 --with-tune=generic --enable-checking=release --build=i686-linux-gnu --host=i686-linux-gnu --target=i686-linux-gnu
Thread model: posix
gcc version 4.6.3 (Ubuntu/Linaro 4.6.3-1ubuntu5) 
configure:3335: $? = 0
configure:3324: gcc -V >&5
gcc: error: unrecognized option '-V'
gcc: fatal error: no input files
compilation terminated.
configure:3335: $? = 4
configure:3324: gcc -qversion >&5
gcc: error: unrecognized option '-qversion'
gcc: fatal error: no input files
compilation terminated.
configure:3335: $? = 4
configure:3355: checking whether the C compiler works
configure:3377: gcc -O2 -I/home/shizhai/new_zhongwang/trunk/staging_dir/host/include -I/home/shizhai/new_zhongwang/trunk/staging_dir/host/include -L/home/shizhai/new_zhongwang/trunk/staging_dir/host/lib conftest.c  >&5
configure:3381: $? = 0
configure:3429: result: yes
configure:3432: checking for C compiler default output file name
configure:3434: result: a.out
configure:3440: checking for suffix of executables
configure:3447: gcc -o conftest -O2 -I/home/shizhai/new_zhongwang/trunk/staging_dir/host/include -I/home/shizhai/new_zhongwang/trunk/staging_dir/host/include -L/home/shizhai/new_zhongwang/trunk/staging_dir/host/lib conftest.c  >&5
configure:3451: $? = 0
configure:3473: result: 
configure:3495: checking whether we are cross compiling
configure:3503: gcc -o conftest -O2 -I/home/shizhai/new_zhongwang/trunk/staging_dir/host/include -I/home/shizhai/new_zhongwang/trunk/staging_dir/host/include -L/home/shizhai/new_zhongwang/trunk/staging_dir/host/lib conftest.c  >&5
configure:3507: $? = 0
configure:3514: ./conftest
configure:3518: $? = 0
configure:3533: result: no
configure:3538: checking for suffix of object files
configure:3560: gcc -c -O2 -I/home/shizhai/new_zhongwang/trunk/staging_dir/host/include -I/home/shizhai/new_zhongwang/trunk/staging_dir/host/include conftest.c >&5
configure:3564: $? = 0
configure:3585: result: o
configure:3589: checking whether we are using the GNU C compiler
configure:3608: gcc -c -O2 -I/home/shizhai/new_zhongwang/trunk/staging_dir/host/include -I/home/shizhai/new_zhongwang/trunk/staging_dir/host/include conftest.c >&5
configure:3608: $? = 0
configure:3617: result: yes
configure:3626: checking whether gcc accepts -g
configure:3646: gcc -c -g -I/home/shizhai/new_zhongwang/trunk/staging_dir/host/include conftest.c >&5
configure:3646: $? = 0
configure:3687: result: yes
configure:3704: checking for gcc option to accept ISO C89
configure:3768: gcc  -c -O2 -I/home/shizhai/new_zhongwang/trunk/staging_dir/host/include -I/home/shizhai/new_zhongwang/trunk/staging_dir/host/include conftest.c >&5
configure:3768: $? = 0
configure:3781: result: none needed
configure:3803: checking dependency style of gcc
configure:3914: result: gcc3
configure:3935: checking how to run the C preprocessor
configure:3966: gcc -E -I/home/shizhai/new_zhongwang/trunk/staging_dir/host/include conftest.c
configure:3966: $? = 0
configure:3980: gcc -E -I/home/shizhai/new_zhongwang/trunk/staging_dir/host/include conftest.c
conftest.c:11:28: fatal error: ac_nonexistent.h: No such file or directory
compilation terminated.
configure:3980: $? = 1
configure: failed program was:
| /* confdefs.h */
| #define PACKAGE_NAME "opkg"
| #define PACKAGE_TARNAME "opkg"
| #define PACKAGE_VERSION "0.1.8"
| #define PACKAGE_STRING "opkg 0.1.8"
| #define PACKAGE_BUGREPORT ""
| #define PACKAGE_URL ""
| #define PACKAGE "opkg"
| #define VERSION "0.1.8"
| /* end confdefs.h.  */
| #include <ac_nonexistent.h>
configure:4005: result: gcc -E
configure:4025: gcc -E -I/home/shizhai/new_zhongwang/trunk/staging_dir/host/include conftest.c
configure:4025: $? = 0
configure:4039: gcc -E -I/home/shizhai/new_zhongwang/trunk/staging_dir/host/include conftest.c
conftest.c:11:28: fatal error: ac_nonexistent.h: No such file or directory
compilation terminated.
configure:4039: $? = 1
configure: failed program was:
| /* confdefs.h */
| #define PACKAGE_NAME "opkg"
| #define PACKAGE_TARNAME "opkg"
| #define PACKAGE_VERSION "0.1.8"
| #define PACKAGE_STRING "opkg 0.1.8"
| #define PACKAGE_BUGREPORT ""
| #define PACKAGE_URL ""
| #define PACKAGE "opkg"
| #define VERSION "0.1.8"
| /* end confdefs.h.  */
| #include <ac_nonexistent.h>
configure:4068: checking for grep that handles long lines and -e
configure:4126: result: /home/shizhai/new_zhongwang/trunk/staging_dir/host/bin/grep
configure:4131: checking for egrep
configure:4193: result: /home/shizhai/new_zhongwang/trunk/staging_dir/host/bin/grep -E
configure:4198: checking for ANSI C header files
configure:4218: gcc -c -O2 -I/home/shizhai/new_zhongwang/trunk/staging_dir/host/include -I/home/shizhai/new_zhongwang/trunk/staging_dir/host/include conftest.c >&5
configure:4218: $? = 0
configure:4291: gcc -o conftest -O2 -I/home/shizhai/new_zhongwang/trunk/staging_dir/host/include -I/home/shizhai/new_zhongwang/trunk/staging_dir/host/include -L/home/shizhai/new_zhongwang/trunk/staging_dir/host/lib conftest.c  >&5
configure:4291: $? = 0
configure:4291: ./conftest
configure:4291: $? = 0
configure:4302: result: yes
configure:4315: checking for sys/types.h
configure:4315: gcc -c -O2 -I/home/shizhai/new_zhongwang/trunk/staging_dir/host/include -I/home/shizhai/new_zhongwang/trunk/staging_dir/host/include conftest.c >&5
configure:4315: $? = 0
configure:4315: result: yes
configure:4315: checking for sys/stat.h
configure:4315: gcc -c -O2 -I/home/shizhai/new_zhongwang/trunk/staging_dir/host/include -I/home/shizhai/new_zhongwang/trunk/staging_dir/host/include conftest.c >&5
configure:4315: $? = 0
configure:4315: result: yes
configure:4315: checking for stdlib.h
configure:4315: gcc -c -O2 -I/home/shizhai/new_zhongwang/trunk/staging_dir/host/include -I/home/shizhai/new_zhongwang/trunk/staging_dir/host/include conftest.c >&5
configure:4315: $? = 0
configure:4315: result: yes
configure:4315: checking for string.h
configure:4315: gcc -c -O2 -I/home/shizhai/new_zhongwang/trunk/staging_dir/host/include -I/home/shizhai/new_zhongwang/trunk/staging_dir/host/include conftest.c >&5
configure:4315: $? = 0
configure:4315: result: yes
configure:4315: checking for memory.h
configure:4315: gcc -c -O2 -I/home/shizhai/new_zhongwang/trunk/staging_dir/host/include -I/home/shizhai/new_zhongwang/trunk/staging_dir/host/include conftest.c >&5
configure:4315: $? = 0
configure:4315: result: yes
configure:4315: checking for strings.h
configure:4315: gcc -c -O2 -I/home/shizhai/new_zhongwang/trunk/staging_dir/host/include -I/home/shizhai/new_zhongwang/trunk/staging_dir/host/include conftest.c >&5
configure:4315: $? = 0
configure:4315: result: yes
configure:4315: checking for inttypes.h
configure:4315: gcc -c -O2 -I/home/shizhai/new_zhongwang/trunk/staging_dir/host/include -I/home/shizhai/new_zhongwang/trunk/staging_dir/host/include conftest.c >&5
configure:4315: $? = 0
configure:4315: result: yes
configure:4315: checking for stdint.h
configure:4315: gcc -c -O2 -I/home/shizhai/new_zhongwang/trunk/staging_dir/host/include -I/home/shizhai/new_zhongwang/trunk/staging_dir/host/include conftest.c >&5
configure:4315: $? = 0
configure:4315: result: yes
configure:4315: checking for unistd.h
configure:4315: gcc -c -O2 -I/home/shizhai/new_zhongwang/trunk/staging_dir/host/include -I/home/shizhai/new_zhongwang/trunk/staging_dir/host/include conftest.c >&5
configure:4315: $? = 0
configure:4315: result: yes
configure:4328: checking minix/config.h usability
configure:4328: gcc -c -O2 -I/home/shizhai/new_zhongwang/trunk/staging_dir/host/include -I/home/shizhai/new_zhongwang/trunk/staging_dir/host/include conftest.c >&5
conftest.c:54:26: fatal error: minix/config.h: No such file or directory
compilation terminated.
configure:4328: $? = 1
configure: failed program was:
| /* confdefs.h */
| #define PACKAGE_NAME "opkg"
| #define PACKAGE_TARNAME "opkg"
| #define PACKAGE_VERSION "0.1.8"
| #define PACKAGE_STRING "opkg 0.1.8"
| #define PACKAGE_BUGREPORT ""
| #define PACKAGE_URL ""
| #define PACKAGE "opkg"
| #define VERSION "0.1.8"
| #define STDC_HEADERS 1
| #define HAVE_SYS_TYPES_H 1
| #define HAVE_SYS_STAT_H 1
| #define HAVE_STDLIB_H 1
| #define HAVE_STRING_H 1
| #define HAVE_MEMORY_H 1
| #define HAVE_STRINGS_H 1
| #define HAVE_INTTYPES_H 1
| #define HAVE_STDINT_H 1
| #define HAVE_UNISTD_H 1
| /* end confdefs.h.  */
| #include <stdio.h>
| #ifdef HAVE_SYS_TYPES_H
| # include <sys/types.h>
| #endif
| #ifdef HAVE_SYS_STAT_H
| # include <sys/stat.h>
| #endif
| #ifdef STDC_HEADERS
| # include <stdlib.h>
| # include <stddef.h>
| #else
| # ifdef HAVE_STDLIB_H
| #  include <stdlib.h>
| # endif
| #endif
| #ifdef HAVE_STRING_H
| # if !defined STDC_HEADERS && defined HAVE_MEMORY_H
| #  include <memory.h>
| # endif
| # include <string.h>
| #endif
| #ifdef HAVE_STRINGS_H
| # include <strings.h>
| #endif
| #ifdef HAVE_INTTYPES_H
| # include <inttypes.h>
| #endif
| #ifdef HAVE_STDINT_H
| # include <stdint.h>
| #endif
| #ifdef HAVE_UNISTD_H
| # include <unistd.h>
| #endif
| #include <minix/config.h>
configure:4328: result: no
configure:4328: checking minix/config.h presence
configure:4328: gcc -E -I/home/shizhai/new_zhongwang/trunk/staging_dir/host/include conftest.c
conftest.c:21:26: fatal error: minix/config.h: No such file or directory
compilation terminated.
configure:4328: $? = 1
configure: failed program was:
| /* confdefs.h */
| #define PACKAGE_NAME "opkg"
| #define PACKAGE_TARNAME "opkg"
| #define PACKAGE_VERSION "0.1.8"
| #define PACKAGE_STRING "opkg 0.1.8"
| #define PACKAGE_BUGREPORT ""
| #define PACKAGE_URL ""
| #define PACKAGE "opkg"
| #define VERSION "0.1.8"
| #define STDC_HEADERS 1
| #define HAVE_SYS_TYPES_H 1
| #define HAVE_SYS_STAT_H 1
| #define HAVE_STDLIB_H 1
| #define HAVE_STRING_H 1
| #define HAVE_MEMORY_H 1
| #define HAVE_STRINGS_H 1
| #define HAVE_INTTYPES_H 1
| #define HAVE_STDINT_H 1
| #define HAVE_UNISTD_H 1
| /* end confdefs.h.  */
| #include <minix/config.h>
configure:4328: result: no
configure:4328: checking for minix/config.h
configure:4328: result: no
configure:4349: checking whether it is safe to define __EXTENSIONS__
configure:4367: gcc -c -O2 -I/home/shizhai/new_zhongwang/trunk/staging_dir/host/include -I/home/shizhai/new_zhongwang/trunk/staging_dir/host/include conftest.c >&5
configure:4367: $? = 0
configure:4374: result: yes
configure:4407: checking for special C compiler options needed for large files
configure:4452: result: no
configure:4458: checking for _FILE_OFFSET_BITS value needed for large files
configure:4483: gcc -c -O2 -I/home/shizhai/new_zhongwang/trunk/staging_dir/host/include -I/home/shizhai/new_zhongwang/trunk/staging_dir/host/include conftest.c >&5
conftest.c:32:3: warning: left shift count >= width of type [enabled by default]
conftest.c:32:3: warning: left shift count >= width of type [enabled by default]
conftest.c:33:10: warning: left shift count >= width of type [enabled by default]
conftest.c:33:10: warning: left shift count >= width of type [enabled by default]
conftest.c:32:7: error: size of array 'off_t_is_large' is negative
conftest.c:34:9: warning: variably modified 'off_t_is_large' at file scope [enabled by default]
configure:4483: $? = 1
configure: failed program was:
| /* confdefs.h */
| #define PACKAGE_NAME "opkg"
| #define PACKAGE_TARNAME "opkg"
| #define PACKAGE_VERSION "0.1.8"
| #define PACKAGE_STRING "opkg 0.1.8"
| #define PACKAGE_BUGREPORT ""
| #define PACKAGE_URL ""
| #define PACKAGE "opkg"
| #define VERSION "0.1.8"
| #define STDC_HEADERS 1
| #define HAVE_SYS_TYPES_H 1
| #define HAVE_SYS_STAT_H 1
| #define HAVE_STDLIB_H 1
| #define HAVE_STRING_H 1
| #define HAVE_MEMORY_H 1
| #define HAVE_STRINGS_H 1
| #define HAVE_INTTYPES_H 1
| #define HAVE_STDINT_H 1
| #define HAVE_UNISTD_H 1
| #define __EXTENSIONS__ 1
| #define _ALL_SOURCE 1
| #define _GNU_SOURCE 1
| #define _POSIX_PTHREAD_SEMANTICS 1
| #define _TANDEM_SOURCE 1
| /* end confdefs.h.  */
| #include <sys/types.h>
|  /* Check that off_t can represent 2**63 - 1 correctly.
|     We can't simply define LARGE_OFF_T to be 9223372036854775807,
|     since some C++ compilers masquerading as C compilers
|     incorrectly reject 9223372036854775807.  */
| #define LARGE_OFF_T (((off_t) 1 << 62) - 1 + ((off_t) 1 << 62))
|   int off_t_is_large[(LARGE_OFF_T % 2147483629 == 721
| 		       && LARGE_OFF_T % 2147483647 == 1)
| 		      ? 1 : -1];
| int
| main ()
| {
| 
|   ;
|   return 0;
| }
configure:4507: gcc -c -O2 -I/home/shizhai/new_zhongwang/trunk/staging_dir/host/include -I/home/shizhai/new_zhongwang/trunk/staging_dir/host/include conftest.c >&5
configure:4507: $? = 0
configure:4515: result: 64
configure:4605: checking for gawk
configure:4632: result: gawk
configure:4651: checking for i686-linux-gnu-gcc
configure:4678: result: gcc
configure:4947: checking for C compiler version
configure:4956: gcc --version >&5
gcc (Ubuntu/Linaro 4.6.3-1ubuntu5) 4.6.3
Copyright (C) 2011 Free Software Foundation, Inc.
This is free software; see the source for copying conditions.  There is NO
warranty; not even for MERCHANTABILITY or FITNESS FOR A PARTICULAR PURPOSE.

configure:4967: $? = 0
configure:4956: gcc -v >&5
Using built-in specs.
COLLECT_GCC=gcc
COLLECT_LTO_WRAPPER=/usr/lib/gcc/i686-linux-gnu/4.6/lto-wrapper
Target: i686-linux-gnu
Configured with: ../src/configure -v --with-pkgversion='Ubuntu/Linaro 4.6.3-1ubuntu5' --with-bugurl=file:///usr/share/doc/gcc-4.6/README.Bugs --enable-languages=c,c++,fortran,objc,obj-c++ --prefix=/usr --program-suffix=-4.6 --enable-shared --enable-linker-build-id --with-system-zlib --libexecdir=/usr/lib --without-included-gettext --enable-threads=posix --with-gxx-include-dir=/usr/include/c++/4.6 --libdir=/usr/lib --enable-nls --with-sysroot=/ --enable-clocale=gnu --enable-libstdcxx-debug --enable-libstdcxx-time=yes --enable-gnu-unique-object --enable-plugin --enable-objc-gc --enable-targets=all --disable-werror --with-arch-32=i686 --with-tune=generic --enable-checking=release --build=i686-linux-gnu --host=i686-linux-gnu --target=i686-linux-gnu
Thread model: posix
gcc version 4.6.3 (Ubuntu/Linaro 4.6.3-1ubuntu5) 
configure:4967: $? = 0
configure:4956: gcc -V >&5
gcc: error: unrecognized option '-V'
gcc: fatal error: no input files
compilation terminated.
configure:4967: $? = 4
configure:4956: gcc -qversion >&5
gcc: error: unrecognized option '-qversion'
gcc: fatal error: no input files
compilation terminated.
configure:4967: $? = 4
configure:4971: checking whether we are using the GNU C compiler
configure:4999: result: yes
configure:5008: checking whether gcc accepts -g
configure:5069: result: yes
configure:5086: checking for gcc option to accept ISO C89
configure:5163: result: none needed
configure:5185: checking dependency style of gcc
configure:5296: result: gcc3
configure:5312: checking whether ln -s works
configure:5316: result: yes
configure:5469: checking how to print strings
configure:5496: result: printf
configure:5517: checking for a sed that does not truncate output
configure:5581: result: /home/shizhai/new_zhongwang/trunk/staging_dir/host/bin/sed
configure:5598: checking for fgrep
configure:5660: result: /home/shizhai/new_zhongwang/trunk/staging_dir/host/bin/grep -F
configure:5695: checking for ld used by gcc
configure:5762: result: /usr/bin/ld
configure:5769: checking if the linker (/usr/bin/ld) is GNU ld
configure:5784: result: yes
configure:5796: checking for BSD- or MS-compatible name lister (nm)
configure:5845: result: /usr/bin/nm -B
configure:5975: checking the name lister (/usr/bin/nm -B) interface
configure:5982: gcc -c -O2 -I/home/shizhai/new_zhongwang/trunk/staging_dir/host/include -I/home/shizhai/new_zhongwang/trunk/staging_dir/host/include conftest.c >&5
configure:5985: /usr/bin/nm -B "conftest.o"
configure:5988: output
00000000 B some_variable
configure:5995: result: BSD nm
configure:5999: checking the maximum length of command line arguments
configure:6124: result: 805306365
configure:6141: checking whether the shell understands some XSI constructs
configure:6151: result: yes
configure:6155: checking whether the shell understands "+="
configure:6161: result: yes
configure:6196: checking how to convert i686-pc-linux-gnu file names to i686-pc-linux-gnu format
configure:6236: result: func_convert_file_noop
configure:6243: checking how to convert i686-pc-linux-gnu file names to toolchain format
configure:6263: result: func_convert_file_noop
configure:6270: checking for /usr/bin/ld option to reload object files
configure:6277: result: -r
configure:6311: checking for i686-linux-gnu-objdump
configure:6341: result: no
configure:6351: checking for objdump
configure:6367: found /usr/bin/objdump
configure:6378: result: objdump
configure:6410: checking how to recognize dependent libraries
configure:6612: result: pass_all
configure:6657: checking for i686-linux-gnu-dlltool
configure:6687: result: no
configure:6697: checking for dlltool
configure:6727: result: no
configure:6757: checking how to associate runtime and link libraries
configure:6784: result: printf %s\n
configure:6800: checking for i686-linux-gnu-ar
configure:6830: result: no
configure:6844: checking for ar
configure:6860: found /usr/bin/ar
configure:6871: result: ar
configure:6908: checking for archiver @FILE support
configure:6925: gcc -c -O2 -I/home/shizhai/new_zhongwang/trunk/staging_dir/host/include -I/home/shizhai/new_zhongwang/trunk/staging_dir/host/include conftest.c >&5
configure:6925: $? = 0
configure:6928: ar cru libconftest.a @conftest.lst >&5
configure:6931: $? = 0
configure:6936: ar cru libconftest.a @conftest.lst >&5
ar: conftest.o: No such file or directory
configure:6939: $? = 1
configure:6951: result: @
configure:6969: checking for i686-linux-gnu-strip
configure:6999: result: no
configure:7009: checking for strip
configure:7025: found /usr/bin/strip
configure:7036: result: strip
configure:7068: checking for i686-linux-gnu-ranlib
configure:7098: result: no
configure:7108: checking for ranlib
configure:7124: found /usr/bin/ranlib
configure:7135: result: ranlib
configure:7236: checking command to parse /usr/bin/nm -B output from gcc object
configure:7355: gcc -c -O2 -I/home/shizhai/new_zhongwang/trunk/staging_dir/host/include -I/home/shizhai/new_zhongwang/trunk/staging_dir/host/include conftest.c >&5
configure:7358: $? = 0
configure:7362: /usr/bin/nm -B conftest.o \| sed -n -e 's/^.*[ ]\([ABCDGIRSTW][ABCDGIRSTW]*\)[ ][ ]*\([_A-Za-z][_A-Za-z0-9]*\)$/\1 \2 \2/p' | sed '/ __gnu_lto/d' \> conftest.nm
configure:7365: $? = 0
configure:7431: gcc -o conftest -O2 -I/home/shizhai/new_zhongwang/trunk/staging_dir/host/include -I/home/shizhai/new_zhongwang/trunk/staging_dir/host/include -L/home/shizhai/new_zhongwang/trunk/staging_dir/host/lib conftest.c conftstm.o >&5
configure:7434: $? = 0
configure:7472: result: ok
configure:7509: checking for sysroot
configure:7539: result: no
configure:7742: checking for i686-linux-gnu-mt
configure:7772: result: no
configure:7782: checking for mt
configure:7798: found /bin/mt
configure:7809: result: mt
configure:7832: checking if mt is a manifest tool
configure:7838: mt '-?'
configure:7846: result: no
configure:8475: checking for dlfcn.h
configure:8475: gcc -c -O2 -I/home/shizhai/new_zhongwang/trunk/staging_dir/host/include -I/home/shizhai/new_zhongwang/trunk/staging_dir/host/include conftest.c >&5
configure:8475: $? = 0
configure:8475: result: yes
configure:8662: checking for objdir
configure:8677: result: .libs
configure:8943: checking if gcc supports -fno-rtti -fno-exceptions
configure:8961: gcc -c -O2 -I/home/shizhai/new_zhongwang/trunk/staging_dir/host/include -I/home/shizhai/new_zhongwang/trunk/staging_dir/host/include -fno-rtti -fno-exceptions conftest.c >&5
cc1: warning: command line option '-fno-rtti' is valid for C++/ObjC++ but not for C [enabled by default]
configure:8965: $? = 0
configure:8978: result: no
configure:9288: checking for gcc option to produce PIC
configure:9295: result: -fPIC -DPIC
configure:9303: checking if gcc PIC flag -fPIC -DPIC works
configure:9321: gcc -c -O2 -I/home/shizhai/new_zhongwang/trunk/staging_dir/host/include -I/home/shizhai/new_zhongwang/trunk/staging_dir/host/include -fPIC -DPIC -DPIC conftest.c >&5
configure:9325: $? = 0
configure:9338: result: yes
configure:9367: checking if gcc static flag -static works
configure:9395: result: yes
configure:9410: checking if gcc supports -c -o file.o
configure:9431: gcc -c -O2 -I/home/shizhai/new_zhongwang/trunk/staging_dir/host/include -I/home/shizhai/new_zhongwang/trunk/staging_dir/host/include -o out/conftest2.o conftest.c >&5
configure:9435: $? = 0
configure:9457: result: yes
configure:9465: checking if gcc supports -c -o file.o
configure:9512: result: yes
configure:9545: checking whether the gcc linker (/usr/bin/ld) supports shared libraries
configure:10703: result: yes
configure:10740: checking whether -lc should be explicitly linked in
configure:10748: gcc -c -O2 -I/home/shizhai/new_zhongwang/trunk/staging_dir/host/include -I/home/shizhai/new_zhongwang/trunk/staging_dir/host/include conftest.c >&5
configure:10751: $? = 0
configure:10766: gcc -shared  -fPIC -DPIC conftest.o  -v -Wl,-soname -Wl,conftest -o conftest 2\>\&1 \| /home/shizhai/new_zhongwang/trunk/staging_dir/host/bin/grep  -lc  \>/dev/null 2\>\&1
configure:10769: $? = 0
configure:10783: result: no
configure:10948: checking dynamic linker characteristics
configure:11462: gcc -o conftest -O2 -I/home/shizhai/new_zhongwang/trunk/staging_dir/host/include -I/home/shizhai/new_zhongwang/trunk/staging_dir/host/include -L/home/shizhai/new_zhongwang/trunk/staging_dir/host/lib -Wl,-rpath -Wl,/foo conftest.c  >&5
configure:11462: $? = 0
configure:11684: result: GNU/Linux ld.so
configure:11791: checking how to hardcode library paths into programs
configure:11816: result: immediate
configure:12356: checking whether stripping libraries is possible
configure:12361: result: yes
configure:12396: checking if libtool supports shared libraries
configure:12398: result: yes
configure:12401: checking whether to build shared libraries
configure:12422: result: yes
configure:12425: checking whether to build static libraries
configure:12429: result: yes
configure:12572: checking pkg-config is at least version 0.20
configure:12575: result: yes
configure:13074: checking for dirent.h that defines DIR
configure:13093: gcc -c -O2 -I/home/shizhai/new_zhongwang/trunk/staging_dir/host/include -I/home/shizhai/new_zhongwang/trunk/staging_dir/host/include conftest.c >&5
configure:13093: $? = 0
configure:13101: result: yes
configure:13114: checking for library containing opendir
configure:13145: gcc -o conftest -O2 -I/home/shizhai/new_zhongwang/trunk/staging_dir/host/include -I/home/shizhai/new_zhongwang/trunk/staging_dir/host/include -L/home/shizhai/new_zhongwang/trunk/staging_dir/host/lib conftest.c  >&5
configure:13145: $? = 0
configure:13162: result: none required
configure:13229: checking for ANSI C header files
configure:13333: result: yes
configure:13341: checking for sys/wait.h that is POSIX.1 compatible
configure:13367: gcc -c -O2 -I/home/shizhai/new_zhongwang/trunk/staging_dir/host/include -I/home/shizhai/new_zhongwang/trunk/staging_dir/host/include conftest.c >&5
configure:13367: $? = 0
configure:13374: result: yes
configure:13385: checking errno.h usability
configure:13385: gcc -c -O2 -I/home/shizhai/new_zhongwang/trunk/staging_dir/host/include -I/home/shizhai/new_zhongwang/trunk/staging_dir/host/include conftest.c >&5
configure:13385: $? = 0
configure:13385: result: yes
configure:13385: checking errno.h presence
configure:13385: gcc -E -I/home/shizhai/new_zhongwang/trunk/staging_dir/host/include conftest.c
configure:13385: $? = 0
configure:13385: result: yes
configure:13385: checking for errno.h
configure:13385: result: yes
configure:13385: checking fcntl.h usability
configure:13385: gcc -c -O2 -I/home/shizhai/new_zhongwang/trunk/staging_dir/host/include -I/home/shizhai/new_zhongwang/trunk/staging_dir/host/include conftest.c >&5
configure:13385: $? = 0
configure:13385: result: yes
configure:13385: checking fcntl.h presence
configure:13385: gcc -E -I/home/shizhai/new_zhongwang/trunk/staging_dir/host/include conftest.c
configure:13385: $? = 0
configure:13385: result: yes
configure:13385: checking for fcntl.h
configure:13385: result: yes
configure:13385: checking for memory.h
configure:13385: result: yes
configure:13385: checking regex.h usability
configure:13385: gcc -c -O2 -I/home/shizhai/new_zhongwang/trunk/staging_dir/host/include -I/home/shizhai/new_zhongwang/trunk/staging_dir/host/include conftest.c >&5
configure:13385: $? = 0
configure:13385: result: yes
configure:13385: checking regex.h presence
configure:13385: gcc -E -I/home/shizhai/new_zhongwang/trunk/staging_dir/host/include conftest.c
configure:13385: $? = 0
configure:13385: result: yes
configure:13385: checking for regex.h
configure:13385: result: yes
configure:13385: checking stddef.h usability
configure:13385: gcc -c -O2 -I/home/shizhai/new_zhongwang/trunk/staging_dir/host/include -I/home/shizhai/new_zhongwang/trunk/staging_dir/host/include conftest.c >&5
configure:13385: $? = 0
configure:13385: result: yes
configure:13385: checking stddef.h presence
configure:13385: gcc -E -I/home/shizhai/new_zhongwang/trunk/staging_dir/host/include conftest.c
configure:13385: $? = 0
configure:13385: result: yes
configure:13385: checking for stddef.h
configure:13385: result: yes
configure:13385: checking for stdlib.h
configure:13385: result: yes
configure:13385: checking for string.h
configure:13385: result: yes
configure:13385: checking for strings.h
configure:13385: result: yes
configure:13385: checking for unistd.h
configure:13385: result: yes
configure:13385: checking utime.h usability
configure:13385: gcc -c -O2 -I/home/shizhai/new_zhongwang/trunk/staging_dir/host/include -I/home/shizhai/new_zhongwang/trunk/staging_dir/host/include conftest.c >&5
configure:13385: $? = 0
configure:13385: result: yes
configure:13385: checking utime.h presence
configure:13385: gcc -E -I/home/shizhai/new_zhongwang/trunk/staging_dir/host/include conftest.c
configure:13385: $? = 0
configure:13385: result: yes
configure:13385: checking for utime.h
configure:13385: result: yes
configure:13397: checking for an ANSI C-conforming const
configure:13462: gcc -c -O2 -I/home/shizhai/new_zhongwang/trunk/staging_dir/host/include -I/home/shizhai/new_zhongwang/trunk/staging_dir/host/include conftest.c >&5
configure:13462: $? = 0
configure:13469: result: yes
configure:13477: checking for uid_t in sys/types.h
configure:13496: result: yes
configure:13507: checking for mode_t
configure:13507: gcc -c -O2 -I/home/shizhai/new_zhongwang/trunk/staging_dir/host/include -I/home/shizhai/new_zhongwang/trunk/staging_dir/host/include conftest.c >&5
configure:13507: $? = 0
configure:13507: gcc -c -O2 -I/home/shizhai/new_zhongwang/trunk/staging_dir/host/include -I/home/shizhai/new_zhongwang/trunk/staging_dir/host/include conftest.c >&5
conftest.c: In function 'main':
conftest.c:78:21: error: expected expression before ')' token
configure:13507: $? = 1
configure: failed program was:
| /* confdefs.h */
| #define PACKAGE_NAME "opkg"
| #define PACKAGE_TARNAME "opkg"
| #define PACKAGE_VERSION "0.1.8"
| #define PACKAGE_STRING "opkg 0.1.8"
| #define PACKAGE_BUGREPORT ""
| #define PACKAGE_URL ""
| #define PACKAGE "opkg"
| #define VERSION "0.1.8"
| #define STDC_HEADERS 1
| #define HAVE_SYS_TYPES_H 1
| #define HAVE_SYS_STAT_H 1
| #define HAVE_STDLIB_H 1
| #define HAVE_STRING_H 1
| #define HAVE_MEMORY_H 1
| #define HAVE_STRINGS_H 1
| #define HAVE_INTTYPES_H 1
| #define HAVE_STDINT_H 1
| #define HAVE_UNISTD_H 1
| #define __EXTENSIONS__ 1
| #define _ALL_SOURCE 1
| #define _GNU_SOURCE 1
| #define _POSIX_PTHREAD_SEMANTICS 1
| #define _TANDEM_SOURCE 1
| #define _FILE_OFFSET_BITS 64
| #define HAVE_DLFCN_H 1
| #define LT_OBJDIR ".libs/"
| #define HAVE_DIRENT_H 1
| #define STDC_HEADERS 1
| #define HAVE_SYS_WAIT_H 1
| #define HAVE_ERRNO_H 1
| #define HAVE_FCNTL_H 1
| #define HAVE_MEMORY_H 1
| #define HAVE_REGEX_H 1
| #define HAVE_STDDEF_H 1
| #define HAVE_STDLIB_H 1
| #define HAVE_STRING_H 1
| #define HAVE_STRINGS_H 1
| #define HAVE_UNISTD_H 1
| #define HAVE_UTIME_H 1
| /* end confdefs.h.  */
| #include <stdio.h>
| #ifdef HAVE_SYS_TYPES_H
| # include <sys/types.h>
| #endif
| #ifdef HAVE_SYS_STAT_H
| # include <sys/stat.h>
| #endif
| #ifdef STDC_HEADERS
| # include <stdlib.h>
| # include <stddef.h>
| #else
| # ifdef HAVE_STDLIB_H
| #  include <stdlib.h>
| # endif
| #endif
| #ifdef HAVE_STRING_H
| # if !defined STDC_HEADERS && defined HAVE_MEMORY_H
| #  include <memory.h>
| # endif
| # include <string.h>
| #endif
| #ifdef HAVE_STRINGS_H
| # include <strings.h>
| #endif
| #ifdef HAVE_INTTYPES_H
| # include <inttypes.h>
| #endif
| #ifdef HAVE_STDINT_H
| # include <stdint.h>
| #endif
| #ifdef HAVE_UNISTD_H
| # include <unistd.h>
| #endif
| int
| main ()
| {
| if (sizeof ((mode_t)))
| 	    return 0;
|   ;
|   return 0;
| }
configure:13507: result: yes
configure:13518: checking for off_t
configure:13518: gcc -c -O2 -I/home/shizhai/new_zhongwang/trunk/staging_dir/host/include -I/home/shizhai/new_zhongwang/trunk/staging_dir/host/include conftest.c >&5
configure:13518: $? = 0
configure:13518: gcc -c -O2 -I/home/shizhai/new_zhongwang/trunk/staging_dir/host/include -I/home/shizhai/new_zhongwang/trunk/staging_dir/host/include conftest.c >&5
conftest.c: In function 'main':
conftest.c:78:20: error: expected expression before ')' token
configure:13518: $? = 1
configure: failed program was:
| /* confdefs.h */
| #define PACKAGE_NAME "opkg"
| #define PACKAGE_TARNAME "opkg"
| #define PACKAGE_VERSION "0.1.8"
| #define PACKAGE_STRING "opkg 0.1.8"
| #define PACKAGE_BUGREPORT ""
| #define PACKAGE_URL ""
| #define PACKAGE "opkg"
| #define VERSION "0.1.8"
| #define STDC_HEADERS 1
| #define HAVE_SYS_TYPES_H 1
| #define HAVE_SYS_STAT_H 1
| #define HAVE_STDLIB_H 1
| #define HAVE_STRING_H 1
| #define HAVE_MEMORY_H 1
| #define HAVE_STRINGS_H 1
| #define HAVE_INTTYPES_H 1
| #define HAVE_STDINT_H 1
| #define HAVE_UNISTD_H 1
| #define __EXTENSIONS__ 1
| #define _ALL_SOURCE 1
| #define _GNU_SOURCE 1
| #define _POSIX_PTHREAD_SEMANTICS 1
| #define _TANDEM_SOURCE 1
| #define _FILE_OFFSET_BITS 64
| #define HAVE_DLFCN_H 1
| #define LT_OBJDIR ".libs/"
| #define HAVE_DIRENT_H 1
| #define STDC_HEADERS 1
| #define HAVE_SYS_WAIT_H 1
| #define HAVE_ERRNO_H 1
| #define HAVE_FCNTL_H 1
| #define HAVE_MEMORY_H 1
| #define HAVE_REGEX_H 1
| #define HAVE_STDDEF_H 1
| #define HAVE_STDLIB_H 1
| #define HAVE_STRING_H 1
| #define HAVE_STRINGS_H 1
| #define HAVE_UNISTD_H 1
| #define HAVE_UTIME_H 1
| /* end confdefs.h.  */
| #include <stdio.h>
| #ifdef HAVE_SYS_TYPES_H
| # include <sys/types.h>
| #endif
| #ifdef HAVE_SYS_STAT_H
| # include <sys/stat.h>
| #endif
| #ifdef STDC_HEADERS
| # include <stdlib.h>
| # include <stddef.h>
| #else
| # ifdef HAVE_STDLIB_H
| #  include <stdlib.h>
| # endif
| #endif
| #ifdef HAVE_STRING_H
| # if !defined STDC_HEADERS && defined HAVE_MEMORY_H
| #  include <memory.h>
| # endif
| # include <string.h>
| #endif
| #ifdef HAVE_STRINGS_H
| # include <strings.h>
| #endif
| #ifdef HAVE_INTTYPES_H
| # include <inttypes.h>
| #endif
| #ifdef HAVE_STDINT_H
| # include <stdint.h>
| #endif
| #ifdef HAVE_UNISTD_H
| # include <unistd.h>
| #endif
| int
| main ()
| {
| if (sizeof ((off_t)))
| 	    return 0;
|   ;
|   return 0;
| }
configure:13518: result: yes
configure:13529: checking for pid_t
configure:13529: gcc -c -O2 -I/home/shizhai/new_zhongwang/trunk/staging_dir/host/include -I/home/shizhai/new_zhongwang/trunk/staging_dir/host/include conftest.c >&5
configure:13529: $? = 0
configure:13529: gcc -c -O2 -I/home/shizhai/new_zhongwang/trunk/staging_dir/host/include -I/home/shizhai/new_zhongwang/trunk/staging_dir/host/include conftest.c >&5
conftest.c: In function 'main':
conftest.c:78:20: error: expected expression before ')' token
configure:13529: $? = 1
configure: failed program was:
| /* confdefs.h */
| #define PACKAGE_NAME "opkg"
| #define PACKAGE_TARNAME "opkg"
| #define PACKAGE_VERSION "0.1.8"
| #define PACKAGE_STRING "opkg 0.1.8"
| #define PACKAGE_BUGREPORT ""
| #define PACKAGE_URL ""
| #define PACKAGE "opkg"
| #define VERSION "0.1.8"
| #define STDC_HEADERS 1
| #define HAVE_SYS_TYPES_H 1
| #define HAVE_SYS_STAT_H 1
| #define HAVE_STDLIB_H 1
| #define HAVE_STRING_H 1
| #define HAVE_MEMORY_H 1
| #define HAVE_STRINGS_H 1
| #define HAVE_INTTYPES_H 1
| #define HAVE_STDINT_H 1
| #define HAVE_UNISTD_H 1
| #define __EXTENSIONS__ 1
| #define _ALL_SOURCE 1
| #define _GNU_SOURCE 1
| #define _POSIX_PTHREAD_SEMANTICS 1
| #define _TANDEM_SOURCE 1
| #define _FILE_OFFSET_BITS 64
| #define HAVE_DLFCN_H 1
| #define LT_OBJDIR ".libs/"
| #define HAVE_DIRENT_H 1
| #define STDC_HEADERS 1
| #define HAVE_SYS_WAIT_H 1
| #define HAVE_ERRNO_H 1
| #define HAVE_FCNTL_H 1
| #define HAVE_MEMORY_H 1
| #define HAVE_REGEX_H 1
| #define HAVE_STDDEF_H 1
| #define HAVE_STDLIB_H 1
| #define HAVE_STRING_H 1
| #define HAVE_STRINGS_H 1
| #define HAVE_UNISTD_H 1
| #define HAVE_UTIME_H 1
| /* end confdefs.h.  */
| #include <stdio.h>
| #ifdef HAVE_SYS_TYPES_H
| # include <sys/types.h>
| #endif
| #ifdef HAVE_SYS_STAT_H
| # include <sys/stat.h>
| #endif
| #ifdef STDC_HEADERS
| # include <stdlib.h>
| # include <stddef.h>
| #else
| # ifdef HAVE_STDLIB_H
| #  include <stdlib.h>
| # endif
| #endif
| #ifdef HAVE_STRING_H
| # if !defined STDC_HEADERS && defined HAVE_MEMORY_H
| #  include <memory.h>
| # endif
| # include <string.h>
| #endif
| #ifdef HAVE_STRINGS_H
| # include <strings.h>
| #endif
| #ifdef HAVE_INTTYPES_H
| # include <inttypes.h>
| #endif
| #ifdef HAVE_STDINT_H
| # include <stdint.h>
| #endif
| #ifdef HAVE_UNISTD_H
| # include <unistd.h>
| #endif
| int
| main ()
| {
| if (sizeof ((pid_t)))
| 	    return 0;
|   ;
|   return 0;
| }
configure:13529: result: yes
configure:13540: checking for size_t
configure:13540: gcc -c -O2 -I/home/shizhai/new_zhongwang/trunk/staging_dir/host/include -I/home/shizhai/new_zhongwang/trunk/staging_dir/host/include conftest.c >&5
configure:13540: $? = 0
configure:13540: gcc -c -O2 -I/home/shizhai/new_zhongwang/trunk/staging_dir/host/include -I/home/shizhai/new_zhongwang/trunk/staging_dir/host/include conftest.c >&5
conftest.c: In function 'main':
conftest.c:78:21: error: expected expression before ')' token
configure:13540: $? = 1
configure: failed program was:
| /* confdefs.h */
| #define PACKAGE_NAME "opkg"
| #define PACKAGE_TARNAME "opkg"
| #define PACKAGE_VERSION "0.1.8"
| #define PACKAGE_STRING "opkg 0.1.8"
| #define PACKAGE_BUGREPORT ""
| #define PACKAGE_URL ""
| #define PACKAGE "opkg"
| #define VERSION "0.1.8"
| #define STDC_HEADERS 1
| #define HAVE_SYS_TYPES_H 1
| #define HAVE_SYS_STAT_H 1
| #define HAVE_STDLIB_H 1
| #define HAVE_STRING_H 1
| #define HAVE_MEMORY_H 1
| #define HAVE_STRINGS_H 1
| #define HAVE_INTTYPES_H 1
| #define HAVE_STDINT_H 1
| #define HAVE_UNISTD_H 1
| #define __EXTENSIONS__ 1
| #define _ALL_SOURCE 1
| #define _GNU_SOURCE 1
| #define _POSIX_PTHREAD_SEMANTICS 1
| #define _TANDEM_SOURCE 1
| #define _FILE_OFFSET_BITS 64
| #define HAVE_DLFCN_H 1
| #define LT_OBJDIR ".libs/"
| #define HAVE_DIRENT_H 1
| #define STDC_HEADERS 1
| #define HAVE_SYS_WAIT_H 1
| #define HAVE_ERRNO_H 1
| #define HAVE_FCNTL_H 1
| #define HAVE_MEMORY_H 1
| #define HAVE_REGEX_H 1
| #define HAVE_STDDEF_H 1
| #define HAVE_STDLIB_H 1
| #define HAVE_STRING_H 1
| #define HAVE_STRINGS_H 1
| #define HAVE_UNISTD_H 1
| #define HAVE_UTIME_H 1
| /* end confdefs.h.  */
| #include <stdio.h>
| #ifdef HAVE_SYS_TYPES_H
| # include <sys/types.h>
| #endif
| #ifdef HAVE_SYS_STAT_H
| # include <sys/stat.h>
| #endif
| #ifdef STDC_HEADERS
| # include <stdlib.h>
| # include <stddef.h>
| #else
| # ifdef HAVE_STDLIB_H
| #  include <stdlib.h>
| # endif
| #endif
| #ifdef HAVE_STRING_H
| # if !defined STDC_HEADERS && defined HAVE_MEMORY_H
| #  include <memory.h>
| # endif
| # include <string.h>
| #endif
| #ifdef HAVE_STRINGS_H
| # include <strings.h>
| #endif
| #ifdef HAVE_INTTYPES_H
| # include <inttypes.h>
| #endif
| #ifdef HAVE_STDINT_H
| # include <stdint.h>
| #endif
| #ifdef HAVE_UNISTD_H
| # include <unistd.h>
| #endif
| int
| main ()
| {
| if (sizeof ((size_t)))
| 	    return 0;
|   ;
|   return 0;
| }
configure:13540: result: yes
configure:13551: checking for struct stat.st_rdev
configure:13551: gcc -c -O2 -I/home/shizhai/new_zhongwang/trunk/staging_dir/host/include -I/home/shizhai/new_zhongwang/trunk/staging_dir/host/include conftest.c >&5
configure:13551: $? = 0
configure:13551: result: yes
configure:13563: checking whether byte ordering is bigendian
configure:13578: gcc -c -O2 -I/home/shizhai/new_zhongwang/trunk/staging_dir/host/include -I/home/shizhai/new_zhongwang/trunk/staging_dir/host/include conftest.c >&5
conftest.c:44:9: error: unknown type name 'not'
conftest.c:44:15: error: expected '=', ',', ';', 'asm' or '__attribute__' before 'universal'
conftest.c:44:15: error: unknown type name 'universal'
configure:13578: $? = 1
configure: failed program was:
| /* confdefs.h */
| #define PACKAGE_NAME "opkg"
| #define PACKAGE_TARNAME "opkg"
| #define PACKAGE_VERSION "0.1.8"
| #define PACKAGE_STRING "opkg 0.1.8"
| #define PACKAGE_BUGREPORT ""
| #define PACKAGE_URL ""
| #define PACKAGE "opkg"
| #define VERSION "0.1.8"
| #define STDC_HEADERS 1
| #define HAVE_SYS_TYPES_H 1
| #define HAVE_SYS_STAT_H 1
| #define HAVE_STDLIB_H 1
| #define HAVE_STRING_H 1
| #define HAVE_MEMORY_H 1
| #define HAVE_STRINGS_H 1
| #define HAVE_INTTYPES_H 1
| #define HAVE_STDINT_H 1
| #define HAVE_UNISTD_H 1
| #define __EXTENSIONS__ 1
| #define _ALL_SOURCE 1
| #define _GNU_SOURCE 1
| #define _POSIX_PTHREAD_SEMANTICS 1
| #define _TANDEM_SOURCE 1
| #define _FILE_OFFSET_BITS 64
| #define HAVE_DLFCN_H 1
| #define LT_OBJDIR ".libs/"
| #define HAVE_DIRENT_H 1
| #define STDC_HEADERS 1
| #define HAVE_SYS_WAIT_H 1
| #define HAVE_ERRNO_H 1
| #define HAVE_FCNTL_H 1
| #define HAVE_MEMORY_H 1
| #define HAVE_REGEX_H 1
| #define HAVE_STDDEF_H 1
| #define HAVE_STDLIB_H 1
| #define HAVE_STRING_H 1
| #define HAVE_STRINGS_H 1
| #define HAVE_UNISTD_H 1
| #define HAVE_UTIME_H 1
| #define HAVE_STRUCT_STAT_ST_RDEV 1
| /* end confdefs.h.  */
| #ifndef __APPLE_CC__
| 	       not a universal capable compiler
| 	     #endif
| 	     typedef int dummy;
| 
configure:13623: gcc -c -O2 -I/home/shizhai/new_zhongwang/trunk/staging_dir/host/include -I/home/shizhai/new_zhongwang/trunk/staging_dir/host/include conftest.c >&5
configure:13623: $? = 0
configure:13641: gcc -c -O2 -I/home/shizhai/new_zhongwang/trunk/staging_dir/host/include -I/home/shizhai/new_zhongwang/trunk/staging_dir/host/include conftest.c >&5
conftest.c: In function 'main':
conftest.c:50:4: error: unknown type name 'not'
conftest.c:50:12: error: expected '=', ',', ';', 'asm' or '__attribute__' before 'endian'
configure:13641: $? = 1
configure: failed program was:
| /* confdefs.h */
| #define PACKAGE_NAME "opkg"
| #define PACKAGE_TARNAME "opkg"
| #define PACKAGE_VERSION "0.1.8"
| #define PACKAGE_STRING "opkg 0.1.8"
| #define PACKAGE_BUGREPORT ""
| #define PACKAGE_URL ""
| #define PACKAGE "opkg"
| #define VERSION "0.1.8"
| #define STDC_HEADERS 1
| #define HAVE_SYS_TYPES_H 1
| #define HAVE_SYS_STAT_H 1
| #define HAVE_STDLIB_H 1
| #define HAVE_STRING_H 1
| #define HAVE_MEMORY_H 1
| #define HAVE_STRINGS_H 1
| #define HAVE_INTTYPES_H 1
| #define HAVE_STDINT_H 1
| #define HAVE_UNISTD_H 1
| #define __EXTENSIONS__ 1
| #define _ALL_SOURCE 1
| #define _GNU_SOURCE 1
| #define _POSIX_PTHREAD_SEMANTICS 1
| #define _TANDEM_SOURCE 1
| #define _FILE_OFFSET_BITS 64
| #define HAVE_DLFCN_H 1
| #define LT_OBJDIR ".libs/"
| #define HAVE_DIRENT_H 1
| #define STDC_HEADERS 1
| #define HAVE_SYS_WAIT_H 1
| #define HAVE_ERRNO_H 1
| #define HAVE_FCNTL_H 1
| #define HAVE_MEMORY_H 1
| #define HAVE_REGEX_H 1
| #define HAVE_STDDEF_H 1
| #define HAVE_STDLIB_H 1
| #define HAVE_STRING_H 1
| #define HAVE_STRINGS_H 1
| #define HAVE_UNISTD_H 1
| #define HAVE_UTIME_H 1
| #define HAVE_STRUCT_STAT_ST_RDEV 1
| /* end confdefs.h.  */
| #include <sys/types.h>
| 		#include <sys/param.h>
| 
| int
| main ()
| {
| #if BYTE_ORDER != BIG_ENDIAN
| 		 not big endian
| 		#endif
| 
|   ;
|   return 0;
| }
configure:13769: result: no
configure:13797: checking for unistd.h
configure:13797: result: yes
configure:13807: checking for working chown
configure:13840: gcc -o conftest -O2 -I/home/shizhai/new_zhongwang/trunk/staging_dir/host/include -I/home/shizhai/new_zhongwang/trunk/staging_dir/host/include -L/home/shizhai/new_zhongwang/trunk/staging_dir/host/lib conftest.c  >&5
configure:13840: $? = 0
configure:13840: ./conftest
configure:13840: $? = 0
configure:13852: result: yes
configure:13862: checking vfork.h usability
configure:13862: gcc -c -O2 -I/home/shizhai/new_zhongwang/trunk/staging_dir/host/include -I/home/shizhai/new_zhongwang/trunk/staging_dir/host/include conftest.c >&5
conftest.c:78:19: fatal error: vfork.h: No such file or directory
compilation terminated.
configure:13862: $? = 1
configure: failed program was:
| /* confdefs.h */
| #define PACKAGE_NAME "opkg"
| #define PACKAGE_TARNAME "opkg"
| #define PACKAGE_VERSION "0.1.8"
| #define PACKAGE_STRING "opkg 0.1.8"
| #define PACKAGE_BUGREPORT ""
| #define PACKAGE_URL ""
| #define PACKAGE "opkg"
| #define VERSION "0.1.8"
| #define STDC_HEADERS 1
| #define HAVE_SYS_TYPES_H 1
| #define HAVE_SYS_STAT_H 1
| #define HAVE_STDLIB_H 1
| #define HAVE_STRING_H 1
| #define HAVE_MEMORY_H 1
| #define HAVE_STRINGS_H 1
| #define HAVE_INTTYPES_H 1
| #define HAVE_STDINT_H 1
| #define HAVE_UNISTD_H 1
| #define __EXTENSIONS__ 1
| #define _ALL_SOURCE 1
| #define _GNU_SOURCE 1
| #define _POSIX_PTHREAD_SEMANTICS 1
| #define _TANDEM_SOURCE 1
| #define _FILE_OFFSET_BITS 64
| #define HAVE_DLFCN_H 1
| #define LT_OBJDIR ".libs/"
| #define HAVE_DIRENT_H 1
| #define STDC_HEADERS 1
| #define HAVE_SYS_WAIT_H 1
| #define HAVE_ERRNO_H 1
| #define HAVE_FCNTL_H 1
| #define HAVE_MEMORY_H 1
| #define HAVE_REGEX_H 1
| #define HAVE_STDDEF_H 1
| #define HAVE_STDLIB_H 1
| #define HAVE_STRING_H 1
| #define HAVE_STRINGS_H 1
| #define HAVE_UNISTD_H 1
| #define HAVE_UTIME_H 1
| #define HAVE_STRUCT_STAT_ST_RDEV 1
| #define HAVE_UNISTD_H 1
| #define HAVE_CHOWN 1
| /* end confdefs.h.  */
| #include <stdio.h>
| #ifdef HAVE_SYS_TYPES_H
| # include <sys/types.h>
| #endif
| #ifdef HAVE_SYS_STAT_H
| # include <sys/stat.h>
| #endif
| #ifdef STDC_HEADERS
| # include <stdlib.h>
| # include <stddef.h>
| #else
| # ifdef HAVE_STDLIB_H
| #  include <stdlib.h>
| # endif
| #endif
| #ifdef HAVE_STRING_H
| # if !defined STDC_HEADERS && defined HAVE_MEMORY_H
| #  include <memory.h>
| # endif
| # include <string.h>
| #endif
| #ifdef HAVE_STRINGS_H
| # include <strings.h>
| #endif
| #ifdef HAVE_INTTYPES_H
| # include <inttypes.h>
| #endif
| #ifdef HAVE_STDINT_H
| # include <stdint.h>
| #endif
| #ifdef HAVE_UNISTD_H
| # include <unistd.h>
| #endif
| #include <vfork.h>
configure:13862: result: no
configure:13862: checking vfork.h presence
configure:13862: gcc -E -I/home/shizhai/new_zhongwang/trunk/staging_dir/host/include conftest.c
conftest.c:45:19: fatal error: vfork.h: No such file or directory
compilation terminated.
configure:13862: $? = 1
configure: failed program was:
| /* confdefs.h */
| #define PACKAGE_NAME "opkg"
| #define PACKAGE_TARNAME "opkg"
| #define PACKAGE_VERSION "0.1.8"
| #define PACKAGE_STRING "opkg 0.1.8"
| #define PACKAGE_BUGREPORT ""
| #define PACKAGE_URL ""
| #define PACKAGE "opkg"
| #define VERSION "0.1.8"
| #define STDC_HEADERS 1
| #define HAVE_SYS_TYPES_H 1
| #define HAVE_SYS_STAT_H 1
| #define HAVE_STDLIB_H 1
| #define HAVE_STRING_H 1
| #define HAVE_MEMORY_H 1
| #define HAVE_STRINGS_H 1
| #define HAVE_INTTYPES_H 1
| #define HAVE_STDINT_H 1
| #define HAVE_UNISTD_H 1
| #define __EXTENSIONS__ 1
| #define _ALL_SOURCE 1
| #define _GNU_SOURCE 1
| #define _POSIX_PTHREAD_SEMANTICS 1
| #define _TANDEM_SOURCE 1
| #define _FILE_OFFSET_BITS 64
| #define HAVE_DLFCN_H 1
| #define LT_OBJDIR ".libs/"
| #define HAVE_DIRENT_H 1
| #define STDC_HEADERS 1
| #define HAVE_SYS_WAIT_H 1
| #define HAVE_ERRNO_H 1
| #define HAVE_FCNTL_H 1
| #define HAVE_MEMORY_H 1
| #define HAVE_REGEX_H 1
| #define HAVE_STDDEF_H 1
| #define HAVE_STDLIB_H 1
| #define HAVE_STRING_H 1
| #define HAVE_STRINGS_H 1
| #define HAVE_UNISTD_H 1
| #define HAVE_UTIME_H 1
| #define HAVE_STRUCT_STAT_ST_RDEV 1
| #define HAVE_UNISTD_H 1
| #define HAVE_CHOWN 1
| /* end confdefs.h.  */
| #include <vfork.h>
configure:13862: result: no
configure:13862: checking for vfork.h
configure:13862: result: no
configure:13875: checking for fork
configure:13875: gcc -o conftest -O2 -I/home/shizhai/new_zhongwang/trunk/staging_dir/host/include -I/home/shizhai/new_zhongwang/trunk/staging_dir/host/include -L/home/shizhai/new_zhongwang/trunk/staging_dir/host/lib conftest.c  >&5
conftest.c:68:6: warning: conflicting types for built-in function 'fork' [enabled by default]
configure:13875: $? = 0
configure:13875: result: yes
configure:13875: checking for vfork
configure:13875: gcc -o conftest -O2 -I/home/shizhai/new_zhongwang/trunk/staging_dir/host/include -I/home/shizhai/new_zhongwang/trunk/staging_dir/host/include -L/home/shizhai/new_zhongwang/trunk/staging_dir/host/lib conftest.c  >&5
configure:13875: $? = 0
configure:13875: result: yes
configure:13885: checking for working fork
configure:13907: gcc -o conftest -O2 -I/home/shizhai/new_zhongwang/trunk/staging_dir/host/include -I/home/shizhai/new_zhongwang/trunk/staging_dir/host/include -L/home/shizhai/new_zhongwang/trunk/staging_dir/host/lib conftest.c  >&5
configure:13907: $? = 0
configure:13907: ./conftest
configure:13907: $? = 0
configure:13917: result: yes
configure:13938: checking for working vfork
configure:14048: result: yes
configure:14073: checking return type of signal handlers
configure:14091: gcc -c -O2 -I/home/shizhai/new_zhongwang/trunk/staging_dir/host/include -I/home/shizhai/new_zhongwang/trunk/staging_dir/host/include conftest.c >&5
conftest.c: In function 'main':
conftest.c:55:1: error: void value not ignored as it ought to be
configure:14091: $? = 1
configure: failed program was:
| /* confdefs.h */
| #define PACKAGE_NAME "opkg"
| #define PACKAGE_TARNAME "opkg"
| #define PACKAGE_VERSION "0.1.8"
| #define PACKAGE_STRING "opkg 0.1.8"
| #define PACKAGE_BUGREPORT ""
| #define PACKAGE_URL ""
| #define PACKAGE "opkg"
| #define VERSION "0.1.8"
| #define STDC_HEADERS 1
| #define HAVE_SYS_TYPES_H 1
| #define HAVE_SYS_STAT_H 1
| #define HAVE_STDLIB_H 1
| #define HAVE_STRING_H 1
| #define HAVE_MEMORY_H 1
| #define HAVE_STRINGS_H 1
| #define HAVE_INTTYPES_H 1
| #define HAVE_STDINT_H 1
| #define HAVE_UNISTD_H 1
| #define __EXTENSIONS__ 1
| #define _ALL_SOURCE 1
| #define _GNU_SOURCE 1
| #define _POSIX_PTHREAD_SEMANTICS 1
| #define _TANDEM_SOURCE 1
| #define _FILE_OFFSET_BITS 64
| #define HAVE_DLFCN_H 1
| #define LT_OBJDIR ".libs/"
| #define HAVE_DIRENT_H 1
| #define STDC_HEADERS 1
| #define HAVE_SYS_WAIT_H 1
| #define HAVE_ERRNO_H 1
| #define HAVE_FCNTL_H 1
| #define HAVE_MEMORY_H 1
| #define HAVE_REGEX_H 1
| #define HAVE_STDDEF_H 1
| #define HAVE_STDLIB_H 1
| #define HAVE_STRING_H 1
| #define HAVE_STRINGS_H 1
| #define HAVE_UNISTD_H 1
| #define HAVE_UTIME_H 1
| #define HAVE_STRUCT_STAT_ST_RDEV 1
| #define HAVE_UNISTD_H 1
| #define HAVE_CHOWN 1
| #define HAVE_FORK 1
| #define HAVE_VFORK 1
| #define HAVE_WORKING_VFORK 1
| #define HAVE_WORKING_FORK 1
| /* end confdefs.h.  */
| #include <sys/types.h>
| #include <signal.h>
| 
| int
| main ()
| {
| return *(signal (0, 0)) (0) == 1;
|   ;
|   return 0;
| }
configure:14098: result: void
configure:14112: checking for utime.h
configure:14112: result: yes
configure:14126: checking whether utime accepts a null argument
configure:14155: gcc -o conftest -O2 -I/home/shizhai/new_zhongwang/trunk/staging_dir/host/include -I/home/shizhai/new_zhongwang/trunk/staging_dir/host/include -L/home/shizhai/new_zhongwang/trunk/staging_dir/host/lib conftest.c  >&5
configure:14155: $? = 0
configure:14155: ./conftest
configure:14155: $? = 0
configure:14165: result: yes
configure:14177: checking for vprintf
configure:14177: gcc -o conftest -O2 -I/home/shizhai/new_zhongwang/trunk/staging_dir/host/include -I/home/shizhai/new_zhongwang/trunk/staging_dir/host/include -L/home/shizhai/new_zhongwang/trunk/staging_dir/host/lib conftest.c  >&5
conftest.c:75:6: warning: conflicting types for built-in function 'vprintf' [enabled by default]
configure:14177: $? = 0
configure:14177: result: yes
configure:14183: checking for _doprnt
configure:14183: gcc -o conftest -O2 -I/home/shizhai/new_zhongwang/trunk/staging_dir/host/include -I/home/shizhai/new_zhongwang/trunk/staging_dir/host/include -L/home/shizhai/new_zhongwang/trunk/staging_dir/host/lib conftest.c  >&5
/tmp/cc79OY45.o: In function `main':
conftest.c:(.text.startup+0x7): undefined reference to `_doprnt'
collect2: ld returned 1 exit status
configure:14183: $? = 1
configure: failed program was:
| /* confdefs.h */
| #define PACKAGE_NAME "opkg"
| #define PACKAGE_TARNAME "opkg"
| #define PACKAGE_VERSION "0.1.8"
| #define PACKAGE_STRING "opkg 0.1.8"
| #define PACKAGE_BUGREPORT ""
| #define PACKAGE_URL ""
| #define PACKAGE "opkg"
| #define VERSION "0.1.8"
| #define STDC_HEADERS 1
| #define HAVE_SYS_TYPES_H 1
| #define HAVE_SYS_STAT_H 1
| #define HAVE_STDLIB_H 1
| #define HAVE_STRING_H 1
| #define HAVE_MEMORY_H 1
| #define HAVE_STRINGS_H 1
| #define HAVE_INTTYPES_H 1
| #define HAVE_STDINT_H 1
| #define HAVE_UNISTD_H 1
| #define __EXTENSIONS__ 1
| #define _ALL_SOURCE 1
| #define _GNU_SOURCE 1
| #define _POSIX_PTHREAD_SEMANTICS 1
| #define _TANDEM_SOURCE 1
| #define _FILE_OFFSET_BITS 64
| #define HAVE_DLFCN_H 1
| #define LT_OBJDIR ".libs/"
| #define HAVE_DIRENT_H 1
| #define STDC_HEADERS 1
| #define HAVE_SYS_WAIT_H 1
| #define HAVE_ERRNO_H 1
| #define HAVE_FCNTL_H 1
| #define HAVE_MEMORY_H 1
| #define HAVE_REGEX_H 1
| #define HAVE_STDDEF_H 1
| #define HAVE_STDLIB_H 1
| #define HAVE_STRING_H 1
| #define HAVE_STRINGS_H 1
| #define HAVE_UNISTD_H 1
| #define HAVE_UTIME_H 1
| #define HAVE_STRUCT_STAT_ST_RDEV 1
| #define HAVE_UNISTD_H 1
| #define HAVE_CHOWN 1
| #define HAVE_FORK 1
| #define HAVE_VFORK 1
| #define HAVE_WORKING_VFORK 1
| #define HAVE_WORKING_FORK 1
| #define RETSIGTYPE void
| #define HAVE_UTIME_H 1
| #define HAVE_UTIME_NULL 1
| #define HAVE_VPRINTF 1
| /* end confdefs.h.  */
| /* Define _doprnt to an innocuous variant, in case <limits.h> declares _doprnt.
|    For example, HP-UX 11i <limits.h> declares gettimeofday.  */
| #define _doprnt innocuous__doprnt
| 
| /* System header to define __stub macros and hopefully few prototypes,
|     which can conflict with char _doprnt (); below.
|     Prefer <limits.h> to <assert.h> if __STDC__ is defined, since
|     <limits.h> exists even on freestanding compilers.  */
| 
| #ifdef __STDC__
| # include <limits.h>
| #else
| # include <assert.h>
| #endif
| 
| #undef _doprnt
| 
| /* Override any GCC internal prototype to avoid an error.
|    Use char because int might match the return type of a GCC
|    builtin and then its argument prototype would still apply.  */
| #ifdef __cplusplus
| extern "C"
| #endif
| char _doprnt ();
| /* The GNU C library defines this for functions which it implements
|     to always fail with ENOSYS.  Some functions are actually named
|     something starting with __ and the normal name is an alias.  */
| #if defined __stub__doprnt || defined __stub____doprnt
| choke me
| #endif
| 
| int
| main ()
| {
| return _doprnt ();
|   ;
|   return 0;
| }
configure:14183: result: no
configure:14197: checking for memmove
configure:14197: gcc -o conftest -O2 -I/home/shizhai/new_zhongwang/trunk/staging_dir/host/include -I/home/shizhai/new_zhongwang/trunk/staging_dir/host/include -L/home/shizhai/new_zhongwang/trunk/staging_dir/host/lib conftest.c  >&5
conftest.c:76:6: warning: conflicting types for built-in function 'memmove' [enabled by default]
configure:14197: $? = 0
configure:14197: result: yes
configure:14197: checking for memset
configure:14197: gcc -o conftest -O2 -I/home/shizhai/new_zhongwang/trunk/staging_dir/host/include -I/home/shizhai/new_zhongwang/trunk/staging_dir/host/include -L/home/shizhai/new_zhongwang/trunk/staging_dir/host/lib conftest.c  >&5
conftest.c:77:6: warning: conflicting types for built-in function 'memset' [enabled by default]
configure:14197: $? = 0
configure:14197: result: yes
configure:14197: checking for mkdir
configure:14197: gcc -o conftest -O2 -I/home/shizhai/new_zhongwang/trunk/staging_dir/host/include -I/home/shizhai/new_zhongwang/trunk/staging_dir/host/include -L/home/shizhai/new_zhongwang/trunk/staging_dir/host/lib conftest.c  >&5
configure:14197: $? = 0
configure:14197: result: yes
configure:14197: checking for regcomp
configure:14197: gcc -o conftest -O2 -I/home/shizhai/new_zhongwang/trunk/staging_dir/host/include -I/home/shizhai/new_zhongwang/trunk/staging_dir/host/include -L/home/shizhai/new_zhongwang/trunk/staging_dir/host/lib conftest.c  >&5
configure:14197: $? = 0
configure:14197: result: yes
configure:14197: checking for strchr
configure:14197: gcc -o conftest -O2 -I/home/shizhai/new_zhongwang/trunk/staging_dir/host/include -I/home/shizhai/new_zhongwang/trunk/staging_dir/host/include -L/home/shizhai/new_zhongwang/trunk/staging_dir/host/lib conftest.c  >&5
conftest.c:80:6: warning: conflicting types for built-in function 'strchr' [enabled by default]
configure:14197: $? = 0
configure:14197: result: yes
configure:14197: checking for strcspn
configure:14197: gcc -o conftest -O2 -I/home/shizhai/new_zhongwang/trunk/staging_dir/host/include -I/home/shizhai/new_zhongwang/trunk/staging_dir/host/include -L/home/shizhai/new_zhongwang/trunk/staging_dir/host/lib conftest.c  >&5
conftest.c:81:6: warning: conflicting types for built-in function 'strcspn' [enabled by default]
configure:14197: $? = 0
configure:14197: result: yes
configure:14197: checking for strdup
configure:14197: gcc -o conftest -O2 -I/home/shizhai/new_zhongwang/trunk/staging_dir/host/include -I/home/shizhai/new_zhongwang/trunk/staging_dir/host/include -L/home/shizhai/new_zhongwang/trunk/staging_dir/host/lib conftest.c  >&5
conftest.c:82:6: warning: conflicting types for built-in function 'strdup' [enabled by default]
configure:14197: $? = 0
configure:14197: result: yes
configure:14197: checking for strerror
configure:14197: gcc -o conftest -O2 -I/home/shizhai/new_zhongwang/trunk/staging_dir/host/include -I/home/shizhai/new_zhongwang/trunk/staging_dir/host/include -L/home/shizhai/new_zhongwang/trunk/staging_dir/host/lib conftest.c  >&5
configure:14197: $? = 0
configure:14197: result: yes
configure:14197: checking for strndup
configure:14197: gcc -o conftest -O2 -I/home/shizhai/new_zhongwang/trunk/staging_dir/host/include -I/home/shizhai/new_zhongwang/trunk/staging_dir/host/include -L/home/shizhai/new_zhongwang/trunk/staging_dir/host/lib conftest.c  >&5
conftest.c:84:6: warning: conflicting types for built-in function 'strndup' [enabled by default]
configure:14197: $? = 0
configure:14197: result: yes
configure:14197: checking for strrchr
configure:14197: gcc -o conftest -O2 -I/home/shizhai/new_zhongwang/trunk/staging_dir/host/include -I/home/shizhai/new_zhongwang/trunk/staging_dir/host/include -L/home/shizhai/new_zhongwang/trunk/staging_dir/host/lib conftest.c  >&5
conftest.c:85:6: warning: conflicting types for built-in function 'strrchr' [enabled by default]
configure:14197: $? = 0
configure:14197: result: yes
configure:14197: checking for strstr
configure:14197: gcc -o conftest -O2 -I/home/shizhai/new_zhongwang/trunk/staging_dir/host/include -I/home/shizhai/new_zhongwang/trunk/staging_dir/host/include -L/home/shizhai/new_zhongwang/trunk/staging_dir/host/lib conftest.c  >&5
conftest.c:86:6: warning: conflicting types for built-in function 'strstr' [enabled by default]
configure:14197: $? = 0
configure:14197: result: yes
configure:14197: checking for strtol
configure:14197: gcc -o conftest -O2 -I/home/shizhai/new_zhongwang/trunk/staging_dir/host/include -I/home/shizhai/new_zhongwang/trunk/staging_dir/host/include -L/home/shizhai/new_zhongwang/trunk/staging_dir/host/lib conftest.c  >&5
configure:14197: $? = 0
configure:14197: result: yes
configure:14197: checking for strtoul
configure:14197: gcc -o conftest -O2 -I/home/shizhai/new_zhongwang/trunk/staging_dir/host/include -I/home/shizhai/new_zhongwang/trunk/staging_dir/host/include -L/home/shizhai/new_zhongwang/trunk/staging_dir/host/lib conftest.c  >&5
configure:14197: $? = 0
configure:14197: result: yes
configure:14197: checking for sysinfo
configure:14197: gcc -o conftest -O2 -I/home/shizhai/new_zhongwang/trunk/staging_dir/host/include -I/home/shizhai/new_zhongwang/trunk/staging_dir/host/include -L/home/shizhai/new_zhongwang/trunk/staging_dir/host/lib conftest.c  >&5
configure:14197: $? = 0
configure:14197: result: yes
configure:14197: checking for utime
configure:14197: gcc -o conftest -O2 -I/home/shizhai/new_zhongwang/trunk/staging_dir/host/include -I/home/shizhai/new_zhongwang/trunk/staging_dir/host/include -L/home/shizhai/new_zhongwang/trunk/staging_dir/host/lib conftest.c  >&5
configure:14197: $? = 0
configure:14197: result: yes
configure:14419: creating ./config.status

## ---------------------- ##
## Running config.status. ##
## ---------------------- ##

This file was extended by opkg config.status 0.1.8, which was
generated by GNU Autoconf 2.68.  Invocation command line was

  CONFIG_FILES    = 
  CONFIG_HEADERS  = 
  CONFIG_LINKS    = 
  CONFIG_COMMANDS = 
  $ ./config.status 

on shizhai-Founder-PC

config.status:1164: creating Makefile
config.status:1164: creating libopkg/Makefile
config.status:1164: creating tests/Makefile
config.status:1164: creating src/Makefile
config.status:1164: creating libbb/Makefile
config.status:1164: creating utils/Makefile
config.status:1164: creating utils/update-alternatives
config.status:1164: creating libopkg.pc
config.status:1164: creating man/Makefile
config.status:1164: creating man/opkg-cl.1
config.status:1164: creating man/opkg-key.1
config.status:1164: creating libopkg/config.h
config.status:1393: executing depfiles commands
config.status:1393: executing libtool commands

## ---------------- ##
## Cache variables. ##
## ---------------- ##

ac_cv_build=i686-pc-linux-gnu
ac_cv_c_bigendian=no
ac_cv_c_compiler_gnu=yes
ac_cv_c_const=yes
ac_cv_env_CC_set=set
ac_cv_env_CC_value=gcc
ac_cv_env_CFLAGS_set=set
ac_cv_env_CFLAGS_value='-O2 -I/home/shizhai/new_zhongwang/trunk/staging_dir/host/include'
ac_cv_env_CPPFLAGS_set=set
ac_cv_env_CPPFLAGS_value=-I/home/shizhai/new_zhongwang/trunk/staging_dir/host/include
ac_cv_env_CPP_set=
ac_cv_env_CPP_value=
ac_cv_env_CURL_CFLAGS_set=
ac_cv_env_CURL_CFLAGS_value=
ac_cv_env_CURL_LIBS_set=
ac_cv_env_CURL_LIBS_value=
ac_cv_env_LDFLAGS_set=set
ac_cv_env_LDFLAGS_value=-L/home/shizhai/new_zhongwang/trunk/staging_dir/host/lib
ac_cv_env_LIBS_set=
ac_cv_env_LIBS_value=
ac_cv_env_OPENSSL_CFLAGS_set=
ac_cv_env_OPENSSL_CFLAGS_value=
ac_cv_env_OPENSSL_LIBS_set=
ac_cv_env_OPENSSL_LIBS_value=
ac_cv_env_PATHFINDER_CFLAGS_set=
ac_cv_env_PATHFINDER_CFLAGS_value=
ac_cv_env_PATHFINDER_LIBS_set=
ac_cv_env_PATHFINDER_LIBS_value=
ac_cv_env_PKG_CONFIG_LIBDIR_set=set
ac_cv_env_PKG_CONFIG_LIBDIR_value=/home/shizhai/new_zhongwang/trunk/staging_dir/host/lib/pkgconfig
ac_cv_env_PKG_CONFIG_PATH_set=set
ac_cv_env_PKG_CONFIG_PATH_value=/home/shizhai/new_zhongwang/trunk/staging_dir/host/lib/pkgconfig
ac_cv_env_PKG_CONFIG_set=set
ac_cv_env_PKG_CONFIG_value=/home/shizhai/new_zhongwang/trunk/staging_dir/host/bin/pkg-config
ac_cv_env_build_alias_set=set
ac_cv_env_build_alias_value=i686-linux-gnu
ac_cv_env_host_alias_set=set
ac_cv_env_host_alias_value=i686-linux-gnu
ac_cv_env_target_alias_set=set
ac_cv_env_target_alias_value=i686-linux-gnu
ac_cv_func__doprnt=no
ac_cv_func_chown_works=yes
ac_cv_func_fork=yes
ac_cv_func_fork_works=yes
ac_cv_func_memmove=yes
ac_cv_func_memset=yes
ac_cv_func_mkdir=yes
ac_cv_func_regcomp=yes
ac_cv_func_strchr=yes
ac_cv_func_strcspn=yes
ac_cv_func_strdup=yes
ac_cv_func_strerror=yes
ac_cv_func_strndup=yes
ac_cv_func_strrchr=yes
ac_cv_func_strstr=yes
ac_cv_func_strtol=yes
ac_cv_func_strtoul=yes
ac_cv_func_sysinfo=yes
ac_cv_func_utime=yes
ac_cv_func_utime_null=yes
ac_cv_func_vfork=yes
ac_cv_func_vfork_works=yes
ac_cv_func_vprintf=yes
ac_cv_header_dirent_dirent_h=yes
ac_cv_header_dlfcn_h=yes
ac_cv_header_errno_h=yes
ac_cv_header_fcntl_h=yes
ac_cv_header_inttypes_h=yes
ac_cv_header_memory_h=yes
ac_cv_header_minix_config_h=no
ac_cv_header_regex_h=yes
ac_cv_header_stdc=yes
ac_cv_header_stddef_h=yes
ac_cv_header_stdint_h=yes
ac_cv_header_stdlib_h=yes
ac_cv_header_string_h=yes
ac_cv_header_strings_h=yes
ac_cv_header_sys_stat_h=yes
ac_cv_header_sys_types_h=yes
ac_cv_header_sys_wait_h=yes
ac_cv_header_unistd_h=yes
ac_cv_header_utime_h=yes
ac_cv_header_vfork_h=no
ac_cv_host=i686-pc-linux-gnu
ac_cv_member_struct_stat_st_rdev=yes
ac_cv_objext=o
ac_cv_path_EGREP='/home/shizhai/new_zhongwang/trunk/staging_dir/host/bin/grep -E'
ac_cv_path_FGREP='/home/shizhai/new_zhongwang/trunk/staging_dir/host/bin/grep -F'
ac_cv_path_GREP=/home/shizhai/new_zhongwang/trunk/staging_dir/host/bin/grep
ac_cv_path_SED=/home/shizhai/new_zhongwang/trunk/staging_dir/host/bin/sed
ac_cv_path_install='/usr/bin/install -c'
ac_cv_path_mkdir=/bin/mkdir
ac_cv_prog_AWK=gawk
ac_cv_prog_CC=gcc
ac_cv_prog_CPP='gcc -E'
ac_cv_prog_ac_ct_AR=ar
ac_cv_prog_ac_ct_MANIFEST_TOOL=mt
ac_cv_prog_ac_ct_OBJDUMP=objdump
ac_cv_prog_ac_ct_RANLIB=ranlib
ac_cv_prog_ac_ct_STRIP=strip
ac_cv_prog_cc_c89=
ac_cv_prog_cc_g=yes
ac_cv_prog_make_make_set=yes
ac_cv_safe_to_define___extensions__=yes
ac_cv_search_opendir='none required'
ac_cv_sys_file_offset_bits=64
ac_cv_sys_largefile_CC=no
ac_cv_type_mode_t=yes
ac_cv_type_off_t=yes
ac_cv_type_pid_t=yes
ac_cv_type_signal=void
ac_cv_type_size_t=yes
ac_cv_type_uid_t=yes
am_cv_CC_dependencies_compiler_type=gcc3
lt_cv_ar_at_file=@
lt_cv_archive_cmds_need_lc=no
lt_cv_deplibs_check_method=pass_all
lt_cv_file_magic_cmd='$MAGIC_CMD'
lt_cv_file_magic_test_file=
lt_cv_ld_reload_flag=-r
lt_cv_nm_interface='BSD nm'
lt_cv_objdir=.libs
lt_cv_path_LD=/usr/bin/ld
lt_cv_path_NM='/usr/bin/nm -B'
lt_cv_path_mainfest_tool=no
lt_cv_prog_compiler_c_o=yes
lt_cv_prog_compiler_pic='-fPIC -DPIC'
lt_cv_prog_compiler_pic_works=yes
lt_cv_prog_compiler_rtti_exceptions=no
lt_cv_prog_compiler_static_works=yes
lt_cv_prog_gnu_ld=yes
lt_cv_sharedlib_from_linklib_cmd='printf %s\n'
lt_cv_shlibpath_overrides_runpath=no
lt_cv_sys_global_symbol_pipe='sed -n -e '\''s/^.*[	 ]\([ABCDGIRSTW][ABCDGIRSTW]*\)[	 ][	 ]*\([_A-Za-z][_A-Za-z0-9]*\)$/\1 \2 \2/p'\'' | sed '\''/ __gnu_lto/d'\'''
lt_cv_sys_global_symbol_to_c_name_address='sed -n -e '\''s/^: \([^ ]*\)[ ]*$/  {\"\1\", (void *) 0},/p'\'' -e '\''s/^[ABCDGIRSTW]* \([^ ]*\) \([^ ]*\)$/  {"\2", (void *) \&\2},/p'\'''
lt_cv_sys_global_symbol_to_c_name_address_lib_prefix='sed -n -e '\''s/^: \([^ ]*\)[ ]*$/  {\"\1\", (void *) 0},/p'\'' -e '\''s/^[ABCDGIRSTW]* \([^ ]*\) \(lib[^ ]*\)$/  {"\2", (void *) \&\2},/p'\'' -e '\''s/^[ABCDGIRSTW]* \([^ ]*\) \([^ ]*\)$/  {"lib\2", (void *) \&\2},/p'\'''
lt_cv_sys_global_symbol_to_cdecl='sed -n -e '\''s/^T .* \(.*\)$/extern int \1();/p'\'' -e '\''s/^[ABCDGIRSTW]* .* \(.*\)$/extern char \1;/p'\'''
lt_cv_sys_max_cmd_len=805306365
lt_cv_to_host_file_cmd=func_convert_file_noop
lt_cv_to_tool_file_cmd=func_convert_file_noop

## ----------------- ##
## Output variables. ##
## ----------------- ##

ACLOCAL='${SHELL} /home/shizhai/new_zhongwang/trunk/build_dir/host/opkg-618/conf/missing --run aclocal-1.11'
AMDEPBACKSLASH='\'
AMDEP_FALSE='#'
AMDEP_TRUE=''
AMTAR='$${TAR-tar}'
AR='ar'
AUTOCONF='${SHELL} /home/shizhai/new_zhongwang/trunk/build_dir/host/opkg-618/conf/missing --run autoconf'
AUTOHEADER='${SHELL} /home/shizhai/new_zhongwang/trunk/build_dir/host/opkg-618/conf/missing --run autoheader'
AUTOMAKE='${SHELL} /home/shizhai/new_zhongwang/trunk/build_dir/host/opkg-618/conf/missing --run automake-1.11'
AWK='gawk'
BIGENDIAN_CFLAGS=''
CC='gcc'
CCDEPMODE='depmode=gcc3'
CFLAGS='-O2 -I/home/shizhai/new_zhongwang/trunk/staging_dir/host/include'
CLEAN_DATE='August 2014'
CPP='gcc -E'
CPPFLAGS='-I/home/shizhai/new_zhongwang/trunk/staging_dir/host/include'
CURL_CFLAGS=''
CURL_LIBS=''
CYGPATH_W='echo'
DEFS='-DHAVE_CONFIG_H'
DEPDIR='.deps'
DLLTOOL='false'
DSYMUTIL=''
DUMPBIN=''
ECHO_C=''
ECHO_N='-n'
ECHO_T=''
EGREP='/home/shizhai/new_zhongwang/trunk/staging_dir/host/bin/grep -E'
EXEEXT=''
FGREP='/home/shizhai/new_zhongwang/trunk/staging_dir/host/bin/grep -F'
GPGME_CFLAGS=''
GPGME_CONFIG=''
GPGME_LIBS=''
GREP='/home/shizhai/new_zhongwang/trunk/staging_dir/host/bin/grep'
HAVE_PATHFINDER_FALSE=''
HAVE_PATHFINDER_TRUE='#'
HAVE_SHA256_FALSE=''
HAVE_SHA256_TRUE='#'
INSTALL_DATA='${INSTALL} -m 644'
INSTALL_PROGRAM='${INSTALL}'
INSTALL_SCRIPT='${INSTALL}'
INSTALL_STRIP_PROGRAM='$(install_sh) -c -s'
LD='/usr/bin/ld'
LDFLAGS='-L/home/shizhai/new_zhongwang/trunk/staging_dir/host/lib'
LIBOBJS=''
LIBS=''
LIBTOOL='$(SHELL) $(top_builddir)/libtool'
LIPO=''
LN_S='ln -s'
LTLIBOBJS=''
MAKEINFO='${SHELL} /home/shizhai/new_zhongwang/trunk/build_dir/host/opkg-618/conf/missing --run makeinfo'
MANIFEST_TOOL=':'
MKDIR_P='/bin/mkdir -p'
NM='/usr/bin/nm -B'
NMEDIT=''
OBJDUMP='objdump'
OBJEXT='o'
OPENSSL_CFLAGS=''
OPENSSL_LIBS=''
OTOOL64=''
OTOOL=''
PACKAGE='opkg'
PACKAGE_BUGREPORT=''
PACKAGE_NAME='opkg'
PACKAGE_STRING='opkg 0.1.8'
PACKAGE_TARNAME='opkg'
PACKAGE_URL=''
PACKAGE_VERSION='0.1.8'
PATHFINDER_CFLAGS=''
PATHFINDER_LIBS=''
PATH_SEPARATOR=':'
PKG_CONFIG='/home/shizhai/new_zhongwang/trunk/staging_dir/host/bin/pkg-config'
PKG_CONFIG_LIBDIR='/home/shizhai/new_zhongwang/trunk/staging_dir/host/lib/pkgconfig'
PKG_CONFIG_PATH='/home/shizhai/new_zhongwang/trunk/staging_dir/host/lib/pkgconfig'
RANLIB='ranlib'
SED='/home/shizhai/new_zhongwang/trunk/staging_dir/host/bin/sed'
SET_MAKE=''
SHELL='/bin/bash'
STRIP='strip'
VERSION='0.1.8'
ac_ct_AR='ar'
ac_ct_CC=''
ac_ct_DUMPBIN=''
am__EXEEXT_FALSE=''
am__EXEEXT_TRUE='#'
am__fastdepCC_FALSE='#'
am__fastdepCC_TRUE=''
am__include='include'
am__isrc=''
am__leading_dot='.'
am__nodep='_no'
am__quote=''
am__tar='$${TAR-tar} chof - "$$tardir"'
am__untar='$${TAR-tar} xf -'
bindir='${exec_prefix}/bin'
build='i686-pc-linux-gnu'
build_alias='i686-linux-gnu'
build_cpu='i686'
build_os='linux-gnu'
build_vendor='pc'
datadir='${datarootdir}'
datarootdir='${prefix}/share'
docdir='${datarootdir}/doc/${PACKAGE_TARNAME}'
dvidir='${docdir}'
exec_prefix='/home/shizhai/new_zhongwang/trunk/staging_dir/host'
host='i686-pc-linux-gnu'
host_alias='i686-linux-gnu'
host_cpu='i686'
host_os='linux-gnu'
host_vendor='pc'
htmldir='${docdir}'
includedir='${prefix}/include'
infodir='${datarootdir}/info'
install_sh='${SHELL} /home/shizhai/new_zhongwang/trunk/build_dir/host/opkg-618/conf/install-sh'
libdir='${exec_prefix}/lib'
libexecdir='${exec_prefix}/libexec'
localedir='${datarootdir}/locale'
localstatedir='/home/shizhai/new_zhongwang/trunk/staging_dir/host/var'
mandir='${datarootdir}/man'
mkdir_p='/bin/mkdir -p'
oldincludedir='/usr/include'
opkgetcdir='/etc'
opkglibdir='/usr/lib'
opkglockfile='/tmp/opkg.lock'
pdfdir='${docdir}'
prefix='/home/shizhai/new_zhongwang/trunk/staging_dir/host'
program_transform_name='s&$$&&;s&^&&'
psdir='${docdir}'
sbindir='/home/shizhai/new_zhongwang/trunk/staging_dir/host/bin'
sharedstatedir='${prefix}/com'
sysconfdir='/home/shizhai/new_zhongwang/trunk/staging_dir/host/etc'
target_alias='i686-linux-gnu'

## ----------- ##
## confdefs.h. ##
## ----------- ##

/* confdefs.h */
#define PACKAGE_NAME "opkg"
#define PACKAGE_TARNAME "opkg"
#define PACKAGE_VERSION "0.1.8"
#define PACKAGE_STRING "opkg 0.1.8"
#define PACKAGE_BUGREPORT ""
#define PACKAGE_URL ""
#define PACKAGE "opkg"
#define VERSION "0.1.8"
#define STDC_HEADERS 1
#define HAVE_SYS_TYPES_H 1
#define HAVE_SYS_STAT_H 1
#define HAVE_STDLIB_H 1
#define HAVE_STRING_H 1
#define HAVE_MEMORY_H 1
#define HAVE_STRINGS_H 1
#define HAVE_INTTYPES_H 1
#define HAVE_STDINT_H 1
#define HAVE_UNISTD_H 1
#define __EXTENSIONS__ 1
#define _ALL_SOURCE 1
#define _GNU_SOURCE 1
#define _POSIX_PTHREAD_SEMANTICS 1
#define _TANDEM_SOURCE 1
#define _FILE_OFFSET_BITS 64
#define HAVE_DLFCN_H 1
#define LT_OBJDIR ".libs/"
#define HAVE_DIRENT_H 1
#define STDC_HEADERS 1
#define HAVE_SYS_WAIT_H 1
#define HAVE_ERRNO_H 1
#define HAVE_FCNTL_H 1
#define HAVE_MEMORY_H 1
#define HAVE_REGEX_H 1
#define HAVE_STDDEF_H 1
#define HAVE_STDLIB_H 1
#define HAVE_STRING_H 1
#define HAVE_STRINGS_H 1
#define HAVE_UNISTD_H 1
#define HAVE_UTIME_H 1
#define HAVE_STRUCT_STAT_ST_RDEV 1
#define HAVE_UNISTD_H 1
#define HAVE_CHOWN 1
#define HAVE_FORK 1
#define HAVE_VFORK 1
#define HAVE_WORKING_VFORK 1
#define HAVE_WORKING_FORK 1
#define RETSIGTYPE void
#define HAVE_UTIME_H 1
#define HAVE_UTIME_NULL 1
#define HAVE_VPRINTF 1
#define HAVE_MEMMOVE 1
#define HAVE_MEMSET 1
#define HAVE_MKDIR 1
#define HAVE_REGCOMP 1
#define HAVE_STRCHR 1
#define HAVE_STRCSPN 1
#define HAVE_STRDUP 1
#define HAVE_STRERROR 1
#define HAVE_STRNDUP 1
#define HAVE_STRRCHR 1
#define HAVE_STRSTR 1
#define HAVE_STRTOL 1
#define HAVE_STRTOUL 1
#define HAVE_SYSINFO 1
#define HAVE_UTIME 1

configure: exit 0
